ARM GAS  /tmp/cc2Y1OgG.s 			page 1


   1              		.cpu cortex-m0
   2              		.eabi_attribute 20, 1
   3              		.eabi_attribute 21, 1
   4              		.eabi_attribute 23, 3
   5              		.eabi_attribute 24, 1
   6              		.eabi_attribute 25, 1
   7              		.eabi_attribute 26, 1
   8              		.eabi_attribute 30, 6
   9              		.eabi_attribute 34, 0
  10              		.eabi_attribute 18, 4
  11              		.file	"stm32f0xx_hal_pwr_ex.c"
  12              		.text
  13              	.Ltext0:
  14              		.cfi_sections	.debug_frame
  15              		.section	.text.HAL_PWR_ConfigPVD,"ax",%progbits
  16              		.align	1
  17              		.global	HAL_PWR_ConfigPVD
  18              		.syntax unified
  19              		.code	16
  20              		.thumb_func
  21              		.fpu softvfp
  23              	HAL_PWR_ConfigPVD:
  24              	.LFB35:
  25              		.file 1 "Drivers/STM32F0xx_HAL_Driver/Src/stm32f0xx_hal_pwr_ex.c"
   1:Drivers/STM32F0xx_HAL_Driver/Src/stm32f0xx_hal_pwr_ex.c **** /**
   2:Drivers/STM32F0xx_HAL_Driver/Src/stm32f0xx_hal_pwr_ex.c ****   ******************************************************************************
   3:Drivers/STM32F0xx_HAL_Driver/Src/stm32f0xx_hal_pwr_ex.c ****   * @file    stm32f0xx_hal_pwr_ex.c
   4:Drivers/STM32F0xx_HAL_Driver/Src/stm32f0xx_hal_pwr_ex.c ****   * @author  MCD Application Team
   5:Drivers/STM32F0xx_HAL_Driver/Src/stm32f0xx_hal_pwr_ex.c ****   * @version V1.4.0
   6:Drivers/STM32F0xx_HAL_Driver/Src/stm32f0xx_hal_pwr_ex.c ****   * @date    27-May-2016
   7:Drivers/STM32F0xx_HAL_Driver/Src/stm32f0xx_hal_pwr_ex.c ****   * @brief   Extended PWR HAL module driver.
   8:Drivers/STM32F0xx_HAL_Driver/Src/stm32f0xx_hal_pwr_ex.c ****   *          This file provides firmware functions to manage the following
   9:Drivers/STM32F0xx_HAL_Driver/Src/stm32f0xx_hal_pwr_ex.c ****   *          functionalities of the Power Controller (PWR) peripheral:
  10:Drivers/STM32F0xx_HAL_Driver/Src/stm32f0xx_hal_pwr_ex.c ****   *           + Extended Initialization and de-initialization functions
  11:Drivers/STM32F0xx_HAL_Driver/Src/stm32f0xx_hal_pwr_ex.c ****   *           + Extended Peripheral Control functions
  12:Drivers/STM32F0xx_HAL_Driver/Src/stm32f0xx_hal_pwr_ex.c ****   *         
  13:Drivers/STM32F0xx_HAL_Driver/Src/stm32f0xx_hal_pwr_ex.c ****   ******************************************************************************
  14:Drivers/STM32F0xx_HAL_Driver/Src/stm32f0xx_hal_pwr_ex.c ****   * @attention
  15:Drivers/STM32F0xx_HAL_Driver/Src/stm32f0xx_hal_pwr_ex.c ****   *
  16:Drivers/STM32F0xx_HAL_Driver/Src/stm32f0xx_hal_pwr_ex.c ****   * <h2><center>&copy; COPYRIGHT(c) 2016 STMicroelectronics</center></h2>
  17:Drivers/STM32F0xx_HAL_Driver/Src/stm32f0xx_hal_pwr_ex.c ****   *
  18:Drivers/STM32F0xx_HAL_Driver/Src/stm32f0xx_hal_pwr_ex.c ****   * Redistribution and use in source and binary forms, with or without modification,
  19:Drivers/STM32F0xx_HAL_Driver/Src/stm32f0xx_hal_pwr_ex.c ****   * are permitted provided that the following conditions are met:
  20:Drivers/STM32F0xx_HAL_Driver/Src/stm32f0xx_hal_pwr_ex.c ****   *   1. Redistributions of source code must retain the above copyright notice,
  21:Drivers/STM32F0xx_HAL_Driver/Src/stm32f0xx_hal_pwr_ex.c ****   *      this list of conditions and the following disclaimer.
  22:Drivers/STM32F0xx_HAL_Driver/Src/stm32f0xx_hal_pwr_ex.c ****   *   2. Redistributions in binary form must reproduce the above copyright notice,
  23:Drivers/STM32F0xx_HAL_Driver/Src/stm32f0xx_hal_pwr_ex.c ****   *      this list of conditions and the following disclaimer in the documentation
  24:Drivers/STM32F0xx_HAL_Driver/Src/stm32f0xx_hal_pwr_ex.c ****   *      and/or other materials provided with the distribution.
  25:Drivers/STM32F0xx_HAL_Driver/Src/stm32f0xx_hal_pwr_ex.c ****   *   3. Neither the name of STMicroelectronics nor the names of its contributors
  26:Drivers/STM32F0xx_HAL_Driver/Src/stm32f0xx_hal_pwr_ex.c ****   *      may be used to endorse or promote products derived from this software
  27:Drivers/STM32F0xx_HAL_Driver/Src/stm32f0xx_hal_pwr_ex.c ****   *      without specific prior written permission.
  28:Drivers/STM32F0xx_HAL_Driver/Src/stm32f0xx_hal_pwr_ex.c ****   *
  29:Drivers/STM32F0xx_HAL_Driver/Src/stm32f0xx_hal_pwr_ex.c ****   * THIS SOFTWARE IS PROVIDED BY THE COPYRIGHT HOLDERS AND CONTRIBUTORS "AS IS"
  30:Drivers/STM32F0xx_HAL_Driver/Src/stm32f0xx_hal_pwr_ex.c ****   * AND ANY EXPRESS OR IMPLIED WARRANTIES, INCLUDING, BUT NOT LIMITED TO, THE
  31:Drivers/STM32F0xx_HAL_Driver/Src/stm32f0xx_hal_pwr_ex.c ****   * IMPLIED WARRANTIES OF MERCHANTABILITY AND FITNESS FOR A PARTICULAR PURPOSE ARE
  32:Drivers/STM32F0xx_HAL_Driver/Src/stm32f0xx_hal_pwr_ex.c ****   * DISCLAIMED. IN NO EVENT SHALL THE COPYRIGHT HOLDER OR CONTRIBUTORS BE LIABLE
  33:Drivers/STM32F0xx_HAL_Driver/Src/stm32f0xx_hal_pwr_ex.c ****   * FOR ANY DIRECT, INDIRECT, INCIDENTAL, SPECIAL, EXEMPLARY, OR CONSEQUENTIAL
ARM GAS  /tmp/cc2Y1OgG.s 			page 2


  34:Drivers/STM32F0xx_HAL_Driver/Src/stm32f0xx_hal_pwr_ex.c ****   * DAMAGES (INCLUDING, BUT NOT LIMITED TO, PROCUREMENT OF SUBSTITUTE GOODS OR
  35:Drivers/STM32F0xx_HAL_Driver/Src/stm32f0xx_hal_pwr_ex.c ****   * SERVICES; LOSS OF USE, DATA, OR PROFITS; OR BUSINESS INTERRUPTION) HOWEVER
  36:Drivers/STM32F0xx_HAL_Driver/Src/stm32f0xx_hal_pwr_ex.c ****   * CAUSED AND ON ANY THEORY OF LIABILITY, WHETHER IN CONTRACT, STRICT LIABILITY,
  37:Drivers/STM32F0xx_HAL_Driver/Src/stm32f0xx_hal_pwr_ex.c ****   * OR TORT (INCLUDING NEGLIGENCE OR OTHERWISE) ARISING IN ANY WAY OUT OF THE USE
  38:Drivers/STM32F0xx_HAL_Driver/Src/stm32f0xx_hal_pwr_ex.c ****   * OF THIS SOFTWARE, EVEN IF ADVISED OF THE POSSIBILITY OF SUCH DAMAGE.
  39:Drivers/STM32F0xx_HAL_Driver/Src/stm32f0xx_hal_pwr_ex.c ****   *
  40:Drivers/STM32F0xx_HAL_Driver/Src/stm32f0xx_hal_pwr_ex.c ****   ******************************************************************************  
  41:Drivers/STM32F0xx_HAL_Driver/Src/stm32f0xx_hal_pwr_ex.c ****   */
  42:Drivers/STM32F0xx_HAL_Driver/Src/stm32f0xx_hal_pwr_ex.c **** 
  43:Drivers/STM32F0xx_HAL_Driver/Src/stm32f0xx_hal_pwr_ex.c **** /* Includes ------------------------------------------------------------------*/
  44:Drivers/STM32F0xx_HAL_Driver/Src/stm32f0xx_hal_pwr_ex.c **** #include "stm32f0xx_hal.h"
  45:Drivers/STM32F0xx_HAL_Driver/Src/stm32f0xx_hal_pwr_ex.c **** 
  46:Drivers/STM32F0xx_HAL_Driver/Src/stm32f0xx_hal_pwr_ex.c **** /** @addtogroup STM32F0xx_HAL_Driver
  47:Drivers/STM32F0xx_HAL_Driver/Src/stm32f0xx_hal_pwr_ex.c ****   * @{
  48:Drivers/STM32F0xx_HAL_Driver/Src/stm32f0xx_hal_pwr_ex.c ****   */
  49:Drivers/STM32F0xx_HAL_Driver/Src/stm32f0xx_hal_pwr_ex.c **** 
  50:Drivers/STM32F0xx_HAL_Driver/Src/stm32f0xx_hal_pwr_ex.c **** /** @defgroup PWREx PWREx
  51:Drivers/STM32F0xx_HAL_Driver/Src/stm32f0xx_hal_pwr_ex.c ****   * @brief    PWREx HAL module driver
  52:Drivers/STM32F0xx_HAL_Driver/Src/stm32f0xx_hal_pwr_ex.c ****   * @{
  53:Drivers/STM32F0xx_HAL_Driver/Src/stm32f0xx_hal_pwr_ex.c ****   */
  54:Drivers/STM32F0xx_HAL_Driver/Src/stm32f0xx_hal_pwr_ex.c **** 
  55:Drivers/STM32F0xx_HAL_Driver/Src/stm32f0xx_hal_pwr_ex.c **** #ifdef HAL_PWR_MODULE_ENABLED
  56:Drivers/STM32F0xx_HAL_Driver/Src/stm32f0xx_hal_pwr_ex.c **** 
  57:Drivers/STM32F0xx_HAL_Driver/Src/stm32f0xx_hal_pwr_ex.c **** /* Private typedef -----------------------------------------------------------*/
  58:Drivers/STM32F0xx_HAL_Driver/Src/stm32f0xx_hal_pwr_ex.c **** /* Private define ------------------------------------------------------------*/
  59:Drivers/STM32F0xx_HAL_Driver/Src/stm32f0xx_hal_pwr_ex.c **** /** @defgroup PWREx_Private_Constants PWREx Private Constants
  60:Drivers/STM32F0xx_HAL_Driver/Src/stm32f0xx_hal_pwr_ex.c ****   * @{
  61:Drivers/STM32F0xx_HAL_Driver/Src/stm32f0xx_hal_pwr_ex.c ****   */
  62:Drivers/STM32F0xx_HAL_Driver/Src/stm32f0xx_hal_pwr_ex.c **** #define PVD_MODE_IT               ((uint32_t)0x00010000)
  63:Drivers/STM32F0xx_HAL_Driver/Src/stm32f0xx_hal_pwr_ex.c **** #define PVD_MODE_EVT              ((uint32_t)0x00020000)
  64:Drivers/STM32F0xx_HAL_Driver/Src/stm32f0xx_hal_pwr_ex.c **** #define PVD_RISING_EDGE           ((uint32_t)0x00000001)
  65:Drivers/STM32F0xx_HAL_Driver/Src/stm32f0xx_hal_pwr_ex.c **** #define PVD_FALLING_EDGE          ((uint32_t)0x00000002)
  66:Drivers/STM32F0xx_HAL_Driver/Src/stm32f0xx_hal_pwr_ex.c **** /**
  67:Drivers/STM32F0xx_HAL_Driver/Src/stm32f0xx_hal_pwr_ex.c ****   * @}
  68:Drivers/STM32F0xx_HAL_Driver/Src/stm32f0xx_hal_pwr_ex.c ****   */
  69:Drivers/STM32F0xx_HAL_Driver/Src/stm32f0xx_hal_pwr_ex.c ****  
  70:Drivers/STM32F0xx_HAL_Driver/Src/stm32f0xx_hal_pwr_ex.c **** /* Private macro -------------------------------------------------------------*/
  71:Drivers/STM32F0xx_HAL_Driver/Src/stm32f0xx_hal_pwr_ex.c **** /* Private variables ---------------------------------------------------------*/
  72:Drivers/STM32F0xx_HAL_Driver/Src/stm32f0xx_hal_pwr_ex.c **** /* Private function prototypes -----------------------------------------------*/
  73:Drivers/STM32F0xx_HAL_Driver/Src/stm32f0xx_hal_pwr_ex.c **** /* Exported functions ---------------------------------------------------------*/
  74:Drivers/STM32F0xx_HAL_Driver/Src/stm32f0xx_hal_pwr_ex.c **** 
  75:Drivers/STM32F0xx_HAL_Driver/Src/stm32f0xx_hal_pwr_ex.c **** /** @defgroup PWREx_Exported_Functions PWREx Exported Functions
  76:Drivers/STM32F0xx_HAL_Driver/Src/stm32f0xx_hal_pwr_ex.c ****   * @{
  77:Drivers/STM32F0xx_HAL_Driver/Src/stm32f0xx_hal_pwr_ex.c ****   */
  78:Drivers/STM32F0xx_HAL_Driver/Src/stm32f0xx_hal_pwr_ex.c **** 
  79:Drivers/STM32F0xx_HAL_Driver/Src/stm32f0xx_hal_pwr_ex.c **** /** @defgroup PWREx_Exported_Functions_Group1 Peripheral Extended Control Functions
  80:Drivers/STM32F0xx_HAL_Driver/Src/stm32f0xx_hal_pwr_ex.c ****   *  @brief   Extended Peripheral Control functions
  81:Drivers/STM32F0xx_HAL_Driver/Src/stm32f0xx_hal_pwr_ex.c ****   *
  82:Drivers/STM32F0xx_HAL_Driver/Src/stm32f0xx_hal_pwr_ex.c **** @verbatim
  83:Drivers/STM32F0xx_HAL_Driver/Src/stm32f0xx_hal_pwr_ex.c **** 
  84:Drivers/STM32F0xx_HAL_Driver/Src/stm32f0xx_hal_pwr_ex.c ****  ===============================================================================
  85:Drivers/STM32F0xx_HAL_Driver/Src/stm32f0xx_hal_pwr_ex.c ****                  ##### Peripheral extended control functions #####
  86:Drivers/STM32F0xx_HAL_Driver/Src/stm32f0xx_hal_pwr_ex.c ****  ===============================================================================
  87:Drivers/STM32F0xx_HAL_Driver/Src/stm32f0xx_hal_pwr_ex.c ****     
  88:Drivers/STM32F0xx_HAL_Driver/Src/stm32f0xx_hal_pwr_ex.c ****     *** PVD configuration ***
  89:Drivers/STM32F0xx_HAL_Driver/Src/stm32f0xx_hal_pwr_ex.c ****     =========================
  90:Drivers/STM32F0xx_HAL_Driver/Src/stm32f0xx_hal_pwr_ex.c ****     [..]
ARM GAS  /tmp/cc2Y1OgG.s 			page 3


  91:Drivers/STM32F0xx_HAL_Driver/Src/stm32f0xx_hal_pwr_ex.c ****       (+) The PVD is used to monitor the VDD power supply by comparing it to a
  92:Drivers/STM32F0xx_HAL_Driver/Src/stm32f0xx_hal_pwr_ex.c ****           threshold selected by the PVD Level (PLS[2:0] bits in the PWR_CR).
  93:Drivers/STM32F0xx_HAL_Driver/Src/stm32f0xx_hal_pwr_ex.c ****       (+) A PVDO flag is available to indicate if VDD/VDDA is higher or lower
  94:Drivers/STM32F0xx_HAL_Driver/Src/stm32f0xx_hal_pwr_ex.c ****           than the PVD threshold. This event is internally connected to the EXTI
  95:Drivers/STM32F0xx_HAL_Driver/Src/stm32f0xx_hal_pwr_ex.c ****           line16 and can generate an interrupt if enabled. This is done through
  96:Drivers/STM32F0xx_HAL_Driver/Src/stm32f0xx_hal_pwr_ex.c ****           HAL_PWR_ConfigPVD(), HAL_PWR_EnablePVD() functions.
  97:Drivers/STM32F0xx_HAL_Driver/Src/stm32f0xx_hal_pwr_ex.c ****       (+) The PVD is stopped in Standby mode.
  98:Drivers/STM32F0xx_HAL_Driver/Src/stm32f0xx_hal_pwr_ex.c ****       -@- PVD is not available on STM32F030x4/x6/x8
  99:Drivers/STM32F0xx_HAL_Driver/Src/stm32f0xx_hal_pwr_ex.c **** 
 100:Drivers/STM32F0xx_HAL_Driver/Src/stm32f0xx_hal_pwr_ex.c ****     *** VDDIO2 Monitor Configuration ***
 101:Drivers/STM32F0xx_HAL_Driver/Src/stm32f0xx_hal_pwr_ex.c ****     ====================================
 102:Drivers/STM32F0xx_HAL_Driver/Src/stm32f0xx_hal_pwr_ex.c ****     [..]
 103:Drivers/STM32F0xx_HAL_Driver/Src/stm32f0xx_hal_pwr_ex.c ****       (+) VDDIO2 monitor is used to monitor the VDDIO2 power supply by comparing it 
 104:Drivers/STM32F0xx_HAL_Driver/Src/stm32f0xx_hal_pwr_ex.c ****           to VREFInt Voltage
 105:Drivers/STM32F0xx_HAL_Driver/Src/stm32f0xx_hal_pwr_ex.c ****       (+) This monitor is internally connected to the EXTI line31
 106:Drivers/STM32F0xx_HAL_Driver/Src/stm32f0xx_hal_pwr_ex.c ****           and can generate an interrupt if enabled. This is done through
 107:Drivers/STM32F0xx_HAL_Driver/Src/stm32f0xx_hal_pwr_ex.c ****           HAL_PWREx_EnableVddio2Monitor() function.
 108:Drivers/STM32F0xx_HAL_Driver/Src/stm32f0xx_hal_pwr_ex.c ****       -@- VDDIO2 is available on STM32F07x/09x/04x
 109:Drivers/STM32F0xx_HAL_Driver/Src/stm32f0xx_hal_pwr_ex.c ****                     
 110:Drivers/STM32F0xx_HAL_Driver/Src/stm32f0xx_hal_pwr_ex.c **** @endverbatim
 111:Drivers/STM32F0xx_HAL_Driver/Src/stm32f0xx_hal_pwr_ex.c ****   * @{
 112:Drivers/STM32F0xx_HAL_Driver/Src/stm32f0xx_hal_pwr_ex.c ****   */
 113:Drivers/STM32F0xx_HAL_Driver/Src/stm32f0xx_hal_pwr_ex.c **** 
 114:Drivers/STM32F0xx_HAL_Driver/Src/stm32f0xx_hal_pwr_ex.c **** #if defined (STM32F031x6) || defined (STM32F051x8) || \
 115:Drivers/STM32F0xx_HAL_Driver/Src/stm32f0xx_hal_pwr_ex.c ****     defined (STM32F071xB) || defined (STM32F091xC) || \
 116:Drivers/STM32F0xx_HAL_Driver/Src/stm32f0xx_hal_pwr_ex.c ****     defined (STM32F042x6) || defined (STM32F072xB)
 117:Drivers/STM32F0xx_HAL_Driver/Src/stm32f0xx_hal_pwr_ex.c **** /**
 118:Drivers/STM32F0xx_HAL_Driver/Src/stm32f0xx_hal_pwr_ex.c ****   * @brief Configures the voltage threshold detected by the Power Voltage Detector(PVD).
 119:Drivers/STM32F0xx_HAL_Driver/Src/stm32f0xx_hal_pwr_ex.c ****   * @param sConfigPVD: pointer to an PWR_PVDTypeDef structure that contains the configuration
 120:Drivers/STM32F0xx_HAL_Driver/Src/stm32f0xx_hal_pwr_ex.c ****   *        information for the PVD.
 121:Drivers/STM32F0xx_HAL_Driver/Src/stm32f0xx_hal_pwr_ex.c ****   * @note Refer to the electrical characteristics of your device datasheet for
 122:Drivers/STM32F0xx_HAL_Driver/Src/stm32f0xx_hal_pwr_ex.c ****   *         more details about the voltage threshold corresponding to each
 123:Drivers/STM32F0xx_HAL_Driver/Src/stm32f0xx_hal_pwr_ex.c ****   *         detection level.
 124:Drivers/STM32F0xx_HAL_Driver/Src/stm32f0xx_hal_pwr_ex.c ****   * @retval None
 125:Drivers/STM32F0xx_HAL_Driver/Src/stm32f0xx_hal_pwr_ex.c ****   */
 126:Drivers/STM32F0xx_HAL_Driver/Src/stm32f0xx_hal_pwr_ex.c **** void HAL_PWR_ConfigPVD(PWR_PVDTypeDef *sConfigPVD)
 127:Drivers/STM32F0xx_HAL_Driver/Src/stm32f0xx_hal_pwr_ex.c **** {
  26              		.loc 1 127 0
  27              		.cfi_startproc
  28 0000 80B5     		push	{r7, lr}
  29              	.LCFI0:
  30              		.cfi_def_cfa_offset 8
  31              		.cfi_offset 7, -8
  32              		.cfi_offset 14, -4
  33 0002 82B0     		sub	sp, sp, #8
  34              	.LCFI1:
  35              		.cfi_def_cfa_offset 16
  36 0004 00AF     		add	r7, sp, #0
  37              	.LCFI2:
  38              		.cfi_def_cfa_register 7
  39 0006 7860     		str	r0, [r7, #4]
 128:Drivers/STM32F0xx_HAL_Driver/Src/stm32f0xx_hal_pwr_ex.c ****   /* Check the parameters */
 129:Drivers/STM32F0xx_HAL_Driver/Src/stm32f0xx_hal_pwr_ex.c ****   assert_param(IS_PWR_PVD_LEVEL(sConfigPVD->PVDLevel));
 130:Drivers/STM32F0xx_HAL_Driver/Src/stm32f0xx_hal_pwr_ex.c ****   assert_param(IS_PWR_PVD_MODE(sConfigPVD->Mode));
 131:Drivers/STM32F0xx_HAL_Driver/Src/stm32f0xx_hal_pwr_ex.c **** 
 132:Drivers/STM32F0xx_HAL_Driver/Src/stm32f0xx_hal_pwr_ex.c ****   /* Set PLS[7:5] bits according to PVDLevel value */
 133:Drivers/STM32F0xx_HAL_Driver/Src/stm32f0xx_hal_pwr_ex.c ****   MODIFY_REG(PWR->CR, PWR_CR_PLS, sConfigPVD->PVDLevel);
ARM GAS  /tmp/cc2Y1OgG.s 			page 4


  40              		.loc 1 133 0
  41 0008 2B4A     		ldr	r2, .L7
  42 000a 2B4B     		ldr	r3, .L7
  43 000c 1B68     		ldr	r3, [r3]
  44 000e E021     		movs	r1, #224
  45 0010 8B43     		bics	r3, r1
  46 0012 1900     		movs	r1, r3
  47 0014 7B68     		ldr	r3, [r7, #4]
  48 0016 1B68     		ldr	r3, [r3]
  49 0018 0B43     		orrs	r3, r1
  50 001a 1360     		str	r3, [r2]
 134:Drivers/STM32F0xx_HAL_Driver/Src/stm32f0xx_hal_pwr_ex.c ****   
 135:Drivers/STM32F0xx_HAL_Driver/Src/stm32f0xx_hal_pwr_ex.c ****   /* Clear any previous config. Keep it clear if no event or IT mode is selected */
 136:Drivers/STM32F0xx_HAL_Driver/Src/stm32f0xx_hal_pwr_ex.c ****   __HAL_PWR_PVD_EXTI_DISABLE_EVENT();
  51              		.loc 1 136 0
  52 001c 274B     		ldr	r3, .L7+4
  53 001e 274A     		ldr	r2, .L7+4
  54 0020 5268     		ldr	r2, [r2, #4]
  55 0022 2749     		ldr	r1, .L7+8
  56 0024 0A40     		ands	r2, r1
  57 0026 5A60     		str	r2, [r3, #4]
 137:Drivers/STM32F0xx_HAL_Driver/Src/stm32f0xx_hal_pwr_ex.c ****   __HAL_PWR_PVD_EXTI_DISABLE_IT();
  58              		.loc 1 137 0
  59 0028 244B     		ldr	r3, .L7+4
  60 002a 244A     		ldr	r2, .L7+4
  61 002c 1268     		ldr	r2, [r2]
  62 002e 2449     		ldr	r1, .L7+8
  63 0030 0A40     		ands	r2, r1
  64 0032 1A60     		str	r2, [r3]
 138:Drivers/STM32F0xx_HAL_Driver/Src/stm32f0xx_hal_pwr_ex.c ****   __HAL_PWR_PVD_EXTI_DISABLE_RISING_EDGE();__HAL_PWR_PVD_EXTI_DISABLE_FALLING_EDGE();
  65              		.loc 1 138 0
  66 0034 214B     		ldr	r3, .L7+4
  67 0036 214A     		ldr	r2, .L7+4
  68 0038 9268     		ldr	r2, [r2, #8]
  69 003a 2149     		ldr	r1, .L7+8
  70 003c 0A40     		ands	r2, r1
  71 003e 9A60     		str	r2, [r3, #8]
  72 0040 1E4B     		ldr	r3, .L7+4
  73 0042 1E4A     		ldr	r2, .L7+4
  74 0044 D268     		ldr	r2, [r2, #12]
  75 0046 1E49     		ldr	r1, .L7+8
  76 0048 0A40     		ands	r2, r1
  77 004a DA60     		str	r2, [r3, #12]
 139:Drivers/STM32F0xx_HAL_Driver/Src/stm32f0xx_hal_pwr_ex.c **** 
 140:Drivers/STM32F0xx_HAL_Driver/Src/stm32f0xx_hal_pwr_ex.c ****   /* Configure interrupt mode */
 141:Drivers/STM32F0xx_HAL_Driver/Src/stm32f0xx_hal_pwr_ex.c ****   if((sConfigPVD->Mode & PVD_MODE_IT) == PVD_MODE_IT)
  78              		.loc 1 141 0
  79 004c 7B68     		ldr	r3, [r7, #4]
  80 004e 5A68     		ldr	r2, [r3, #4]
  81 0050 8023     		movs	r3, #128
  82 0052 5B02     		lsls	r3, r3, #9
  83 0054 1340     		ands	r3, r2
  84 0056 06D0     		beq	.L2
 142:Drivers/STM32F0xx_HAL_Driver/Src/stm32f0xx_hal_pwr_ex.c ****   {
 143:Drivers/STM32F0xx_HAL_Driver/Src/stm32f0xx_hal_pwr_ex.c ****     __HAL_PWR_PVD_EXTI_ENABLE_IT();
  85              		.loc 1 143 0
  86 0058 184B     		ldr	r3, .L7+4
ARM GAS  /tmp/cc2Y1OgG.s 			page 5


  87 005a 184A     		ldr	r2, .L7+4
  88 005c 1268     		ldr	r2, [r2]
  89 005e 8021     		movs	r1, #128
  90 0060 4902     		lsls	r1, r1, #9
  91 0062 0A43     		orrs	r2, r1
  92 0064 1A60     		str	r2, [r3]
  93              	.L2:
 144:Drivers/STM32F0xx_HAL_Driver/Src/stm32f0xx_hal_pwr_ex.c ****   }
 145:Drivers/STM32F0xx_HAL_Driver/Src/stm32f0xx_hal_pwr_ex.c ****   
 146:Drivers/STM32F0xx_HAL_Driver/Src/stm32f0xx_hal_pwr_ex.c ****   /* Configure event mode */
 147:Drivers/STM32F0xx_HAL_Driver/Src/stm32f0xx_hal_pwr_ex.c ****   if((sConfigPVD->Mode & PVD_MODE_EVT) == PVD_MODE_EVT)
  94              		.loc 1 147 0
  95 0066 7B68     		ldr	r3, [r7, #4]
  96 0068 5A68     		ldr	r2, [r3, #4]
  97 006a 8023     		movs	r3, #128
  98 006c 9B02     		lsls	r3, r3, #10
  99 006e 1340     		ands	r3, r2
 100 0070 06D0     		beq	.L3
 148:Drivers/STM32F0xx_HAL_Driver/Src/stm32f0xx_hal_pwr_ex.c ****   {
 149:Drivers/STM32F0xx_HAL_Driver/Src/stm32f0xx_hal_pwr_ex.c ****     __HAL_PWR_PVD_EXTI_ENABLE_EVENT();
 101              		.loc 1 149 0
 102 0072 124B     		ldr	r3, .L7+4
 103 0074 114A     		ldr	r2, .L7+4
 104 0076 5268     		ldr	r2, [r2, #4]
 105 0078 8021     		movs	r1, #128
 106 007a 4902     		lsls	r1, r1, #9
 107 007c 0A43     		orrs	r2, r1
 108 007e 5A60     		str	r2, [r3, #4]
 109              	.L3:
 150:Drivers/STM32F0xx_HAL_Driver/Src/stm32f0xx_hal_pwr_ex.c ****   }
 151:Drivers/STM32F0xx_HAL_Driver/Src/stm32f0xx_hal_pwr_ex.c ****   
 152:Drivers/STM32F0xx_HAL_Driver/Src/stm32f0xx_hal_pwr_ex.c ****   /* Configure the edge */
 153:Drivers/STM32F0xx_HAL_Driver/Src/stm32f0xx_hal_pwr_ex.c ****   if((sConfigPVD->Mode & PVD_RISING_EDGE) == PVD_RISING_EDGE)
 110              		.loc 1 153 0
 111 0080 7B68     		ldr	r3, [r7, #4]
 112 0082 5B68     		ldr	r3, [r3, #4]
 113 0084 0122     		movs	r2, #1
 114 0086 1340     		ands	r3, r2
 115 0088 06D0     		beq	.L4
 154:Drivers/STM32F0xx_HAL_Driver/Src/stm32f0xx_hal_pwr_ex.c ****   {
 155:Drivers/STM32F0xx_HAL_Driver/Src/stm32f0xx_hal_pwr_ex.c ****     __HAL_PWR_PVD_EXTI_ENABLE_RISING_EDGE();
 116              		.loc 1 155 0
 117 008a 0C4B     		ldr	r3, .L7+4
 118 008c 0B4A     		ldr	r2, .L7+4
 119 008e 9268     		ldr	r2, [r2, #8]
 120 0090 8021     		movs	r1, #128
 121 0092 4902     		lsls	r1, r1, #9
 122 0094 0A43     		orrs	r2, r1
 123 0096 9A60     		str	r2, [r3, #8]
 124              	.L4:
 156:Drivers/STM32F0xx_HAL_Driver/Src/stm32f0xx_hal_pwr_ex.c ****   }
 157:Drivers/STM32F0xx_HAL_Driver/Src/stm32f0xx_hal_pwr_ex.c ****   
 158:Drivers/STM32F0xx_HAL_Driver/Src/stm32f0xx_hal_pwr_ex.c ****   if((sConfigPVD->Mode & PVD_FALLING_EDGE) == PVD_FALLING_EDGE)
 125              		.loc 1 158 0
 126 0098 7B68     		ldr	r3, [r7, #4]
 127 009a 5B68     		ldr	r3, [r3, #4]
 128 009c 0222     		movs	r2, #2
ARM GAS  /tmp/cc2Y1OgG.s 			page 6


 129 009e 1340     		ands	r3, r2
 130 00a0 06D0     		beq	.L6
 159:Drivers/STM32F0xx_HAL_Driver/Src/stm32f0xx_hal_pwr_ex.c ****   {
 160:Drivers/STM32F0xx_HAL_Driver/Src/stm32f0xx_hal_pwr_ex.c ****     __HAL_PWR_PVD_EXTI_ENABLE_FALLING_EDGE();
 131              		.loc 1 160 0
 132 00a2 064B     		ldr	r3, .L7+4
 133 00a4 054A     		ldr	r2, .L7+4
 134 00a6 D268     		ldr	r2, [r2, #12]
 135 00a8 8021     		movs	r1, #128
 136 00aa 4902     		lsls	r1, r1, #9
 137 00ac 0A43     		orrs	r2, r1
 138 00ae DA60     		str	r2, [r3, #12]
 139              	.L6:
 161:Drivers/STM32F0xx_HAL_Driver/Src/stm32f0xx_hal_pwr_ex.c ****   }
 162:Drivers/STM32F0xx_HAL_Driver/Src/stm32f0xx_hal_pwr_ex.c **** }
 140              		.loc 1 162 0
 141 00b0 C046     		nop
 142 00b2 BD46     		mov	sp, r7
 143 00b4 02B0     		add	sp, sp, #8
 144              		@ sp needed
 145 00b6 80BD     		pop	{r7, pc}
 146              	.L8:
 147              		.align	2
 148              	.L7:
 149 00b8 00700040 		.word	1073770496
 150 00bc 00040140 		.word	1073808384
 151 00c0 FFFFFEFF 		.word	-65537
 152              		.cfi_endproc
 153              	.LFE35:
 155              		.section	.text.HAL_PWR_EnablePVD,"ax",%progbits
 156              		.align	1
 157              		.global	HAL_PWR_EnablePVD
 158              		.syntax unified
 159              		.code	16
 160              		.thumb_func
 161              		.fpu softvfp
 163              	HAL_PWR_EnablePVD:
 164              	.LFB36:
 163:Drivers/STM32F0xx_HAL_Driver/Src/stm32f0xx_hal_pwr_ex.c **** 
 164:Drivers/STM32F0xx_HAL_Driver/Src/stm32f0xx_hal_pwr_ex.c **** /**
 165:Drivers/STM32F0xx_HAL_Driver/Src/stm32f0xx_hal_pwr_ex.c ****   * @brief Enables the Power Voltage Detector(PVD).
 166:Drivers/STM32F0xx_HAL_Driver/Src/stm32f0xx_hal_pwr_ex.c ****   * @retval None
 167:Drivers/STM32F0xx_HAL_Driver/Src/stm32f0xx_hal_pwr_ex.c ****   */
 168:Drivers/STM32F0xx_HAL_Driver/Src/stm32f0xx_hal_pwr_ex.c **** void HAL_PWR_EnablePVD(void)
 169:Drivers/STM32F0xx_HAL_Driver/Src/stm32f0xx_hal_pwr_ex.c **** {
 165              		.loc 1 169 0
 166              		.cfi_startproc
 167 0000 80B5     		push	{r7, lr}
 168              	.LCFI3:
 169              		.cfi_def_cfa_offset 8
 170              		.cfi_offset 7, -8
 171              		.cfi_offset 14, -4
 172 0002 00AF     		add	r7, sp, #0
 173              	.LCFI4:
 174              		.cfi_def_cfa_register 7
 170:Drivers/STM32F0xx_HAL_Driver/Src/stm32f0xx_hal_pwr_ex.c ****   PWR->CR |= (uint32_t)PWR_CR_PVDE;
 175              		.loc 1 170 0
ARM GAS  /tmp/cc2Y1OgG.s 			page 7


 176 0004 044B     		ldr	r3, .L10
 177 0006 044A     		ldr	r2, .L10
 178 0008 1268     		ldr	r2, [r2]
 179 000a 1021     		movs	r1, #16
 180 000c 0A43     		orrs	r2, r1
 181 000e 1A60     		str	r2, [r3]
 171:Drivers/STM32F0xx_HAL_Driver/Src/stm32f0xx_hal_pwr_ex.c **** }
 182              		.loc 1 171 0
 183 0010 C046     		nop
 184 0012 BD46     		mov	sp, r7
 185              		@ sp needed
 186 0014 80BD     		pop	{r7, pc}
 187              	.L11:
 188 0016 C046     		.align	2
 189              	.L10:
 190 0018 00700040 		.word	1073770496
 191              		.cfi_endproc
 192              	.LFE36:
 194              		.section	.text.HAL_PWR_DisablePVD,"ax",%progbits
 195              		.align	1
 196              		.global	HAL_PWR_DisablePVD
 197              		.syntax unified
 198              		.code	16
 199              		.thumb_func
 200              		.fpu softvfp
 202              	HAL_PWR_DisablePVD:
 203              	.LFB37:
 172:Drivers/STM32F0xx_HAL_Driver/Src/stm32f0xx_hal_pwr_ex.c **** 
 173:Drivers/STM32F0xx_HAL_Driver/Src/stm32f0xx_hal_pwr_ex.c **** /**
 174:Drivers/STM32F0xx_HAL_Driver/Src/stm32f0xx_hal_pwr_ex.c ****   * @brief Disables the Power Voltage Detector(PVD).
 175:Drivers/STM32F0xx_HAL_Driver/Src/stm32f0xx_hal_pwr_ex.c ****   * @retval None
 176:Drivers/STM32F0xx_HAL_Driver/Src/stm32f0xx_hal_pwr_ex.c ****   */
 177:Drivers/STM32F0xx_HAL_Driver/Src/stm32f0xx_hal_pwr_ex.c **** void HAL_PWR_DisablePVD(void)
 178:Drivers/STM32F0xx_HAL_Driver/Src/stm32f0xx_hal_pwr_ex.c **** {
 204              		.loc 1 178 0
 205              		.cfi_startproc
 206 0000 80B5     		push	{r7, lr}
 207              	.LCFI5:
 208              		.cfi_def_cfa_offset 8
 209              		.cfi_offset 7, -8
 210              		.cfi_offset 14, -4
 211 0002 00AF     		add	r7, sp, #0
 212              	.LCFI6:
 213              		.cfi_def_cfa_register 7
 179:Drivers/STM32F0xx_HAL_Driver/Src/stm32f0xx_hal_pwr_ex.c ****   PWR->CR &= ~((uint32_t)PWR_CR_PVDE);
 214              		.loc 1 179 0
 215 0004 044B     		ldr	r3, .L13
 216 0006 044A     		ldr	r2, .L13
 217 0008 1268     		ldr	r2, [r2]
 218 000a 1021     		movs	r1, #16
 219 000c 8A43     		bics	r2, r1
 220 000e 1A60     		str	r2, [r3]
 180:Drivers/STM32F0xx_HAL_Driver/Src/stm32f0xx_hal_pwr_ex.c **** }
 221              		.loc 1 180 0
 222 0010 C046     		nop
 223 0012 BD46     		mov	sp, r7
 224              		@ sp needed
ARM GAS  /tmp/cc2Y1OgG.s 			page 8


 225 0014 80BD     		pop	{r7, pc}
 226              	.L14:
 227 0016 C046     		.align	2
 228              	.L13:
 229 0018 00700040 		.word	1073770496
 230              		.cfi_endproc
 231              	.LFE37:
 233              		.section	.text.HAL_PWR_PVD_IRQHandler,"ax",%progbits
 234              		.align	1
 235              		.global	HAL_PWR_PVD_IRQHandler
 236              		.syntax unified
 237              		.code	16
 238              		.thumb_func
 239              		.fpu softvfp
 241              	HAL_PWR_PVD_IRQHandler:
 242              	.LFB38:
 181:Drivers/STM32F0xx_HAL_Driver/Src/stm32f0xx_hal_pwr_ex.c **** 
 182:Drivers/STM32F0xx_HAL_Driver/Src/stm32f0xx_hal_pwr_ex.c **** /**
 183:Drivers/STM32F0xx_HAL_Driver/Src/stm32f0xx_hal_pwr_ex.c ****   * @brief This function handles the PWR PVD interrupt request.
 184:Drivers/STM32F0xx_HAL_Driver/Src/stm32f0xx_hal_pwr_ex.c ****   * @note This API should be called under the  PVD_IRQHandler() or PVD_VDDIO2_IRQHandler().
 185:Drivers/STM32F0xx_HAL_Driver/Src/stm32f0xx_hal_pwr_ex.c ****   * @retval None
 186:Drivers/STM32F0xx_HAL_Driver/Src/stm32f0xx_hal_pwr_ex.c ****   */
 187:Drivers/STM32F0xx_HAL_Driver/Src/stm32f0xx_hal_pwr_ex.c **** void HAL_PWR_PVD_IRQHandler(void)
 188:Drivers/STM32F0xx_HAL_Driver/Src/stm32f0xx_hal_pwr_ex.c **** {
 243              		.loc 1 188 0
 244              		.cfi_startproc
 245 0000 80B5     		push	{r7, lr}
 246              	.LCFI7:
 247              		.cfi_def_cfa_offset 8
 248              		.cfi_offset 7, -8
 249              		.cfi_offset 14, -4
 250 0002 00AF     		add	r7, sp, #0
 251              	.LCFI8:
 252              		.cfi_def_cfa_register 7
 189:Drivers/STM32F0xx_HAL_Driver/Src/stm32f0xx_hal_pwr_ex.c ****   /* Check PWR exti flag */
 190:Drivers/STM32F0xx_HAL_Driver/Src/stm32f0xx_hal_pwr_ex.c ****   if(__HAL_PWR_PVD_EXTI_GET_FLAG() != RESET)
 253              		.loc 1 190 0
 254 0004 074B     		ldr	r3, .L18
 255 0006 5A69     		ldr	r2, [r3, #20]
 256 0008 8023     		movs	r3, #128
 257 000a 5B02     		lsls	r3, r3, #9
 258 000c 1340     		ands	r3, r2
 259 000e 05D0     		beq	.L17
 191:Drivers/STM32F0xx_HAL_Driver/Src/stm32f0xx_hal_pwr_ex.c ****   {
 192:Drivers/STM32F0xx_HAL_Driver/Src/stm32f0xx_hal_pwr_ex.c ****     /* PWR PVD interrupt user callback */
 193:Drivers/STM32F0xx_HAL_Driver/Src/stm32f0xx_hal_pwr_ex.c ****     HAL_PWR_PVDCallback();
 260              		.loc 1 193 0
 261 0010 FFF7FEFF 		bl	HAL_PWR_PVDCallback
 194:Drivers/STM32F0xx_HAL_Driver/Src/stm32f0xx_hal_pwr_ex.c **** 
 195:Drivers/STM32F0xx_HAL_Driver/Src/stm32f0xx_hal_pwr_ex.c ****     /* Clear PWR Exti pending bit */
 196:Drivers/STM32F0xx_HAL_Driver/Src/stm32f0xx_hal_pwr_ex.c ****     __HAL_PWR_PVD_EXTI_CLEAR_FLAG();
 262              		.loc 1 196 0
 263 0014 034B     		ldr	r3, .L18
 264 0016 8022     		movs	r2, #128
 265 0018 5202     		lsls	r2, r2, #9
 266 001a 5A61     		str	r2, [r3, #20]
 267              	.L17:
ARM GAS  /tmp/cc2Y1OgG.s 			page 9


 197:Drivers/STM32F0xx_HAL_Driver/Src/stm32f0xx_hal_pwr_ex.c ****   }
 198:Drivers/STM32F0xx_HAL_Driver/Src/stm32f0xx_hal_pwr_ex.c **** }
 268              		.loc 1 198 0
 269 001c C046     		nop
 270 001e BD46     		mov	sp, r7
 271              		@ sp needed
 272 0020 80BD     		pop	{r7, pc}
 273              	.L19:
 274 0022 C046     		.align	2
 275              	.L18:
 276 0024 00040140 		.word	1073808384
 277              		.cfi_endproc
 278              	.LFE38:
 280              		.section	.text.HAL_PWR_PVDCallback,"ax",%progbits
 281              		.align	1
 282              		.weak	HAL_PWR_PVDCallback
 283              		.syntax unified
 284              		.code	16
 285              		.thumb_func
 286              		.fpu softvfp
 288              	HAL_PWR_PVDCallback:
 289              	.LFB39:
 199:Drivers/STM32F0xx_HAL_Driver/Src/stm32f0xx_hal_pwr_ex.c **** 
 200:Drivers/STM32F0xx_HAL_Driver/Src/stm32f0xx_hal_pwr_ex.c **** /**
 201:Drivers/STM32F0xx_HAL_Driver/Src/stm32f0xx_hal_pwr_ex.c ****   * @brief PWR PVD interrupt callback
 202:Drivers/STM32F0xx_HAL_Driver/Src/stm32f0xx_hal_pwr_ex.c ****   * @retval None
 203:Drivers/STM32F0xx_HAL_Driver/Src/stm32f0xx_hal_pwr_ex.c ****   */
 204:Drivers/STM32F0xx_HAL_Driver/Src/stm32f0xx_hal_pwr_ex.c **** __weak void HAL_PWR_PVDCallback(void)
 205:Drivers/STM32F0xx_HAL_Driver/Src/stm32f0xx_hal_pwr_ex.c **** {
 290              		.loc 1 205 0
 291              		.cfi_startproc
 292 0000 80B5     		push	{r7, lr}
 293              	.LCFI9:
 294              		.cfi_def_cfa_offset 8
 295              		.cfi_offset 7, -8
 296              		.cfi_offset 14, -4
 297 0002 00AF     		add	r7, sp, #0
 298              	.LCFI10:
 299              		.cfi_def_cfa_register 7
 206:Drivers/STM32F0xx_HAL_Driver/Src/stm32f0xx_hal_pwr_ex.c ****   /* NOTE : This function Should not be modified, when the callback is needed,
 207:Drivers/STM32F0xx_HAL_Driver/Src/stm32f0xx_hal_pwr_ex.c ****             the HAL_PWR_PVDCallback could be implemented in the user file
 208:Drivers/STM32F0xx_HAL_Driver/Src/stm32f0xx_hal_pwr_ex.c ****    */
 209:Drivers/STM32F0xx_HAL_Driver/Src/stm32f0xx_hal_pwr_ex.c **** }
 300              		.loc 1 209 0
 301 0004 C046     		nop
 302 0006 BD46     		mov	sp, r7
 303              		@ sp needed
 304 0008 80BD     		pop	{r7, pc}
 305              		.cfi_endproc
 306              	.LFE39:
 308              		.section	.text.HAL_PWREx_EnableVddio2Monitor,"ax",%progbits
 309              		.align	1
 310              		.global	HAL_PWREx_EnableVddio2Monitor
 311              		.syntax unified
 312              		.code	16
 313              		.thumb_func
 314              		.fpu softvfp
ARM GAS  /tmp/cc2Y1OgG.s 			page 10


 316              	HAL_PWREx_EnableVddio2Monitor:
 317              	.LFB40:
 210:Drivers/STM32F0xx_HAL_Driver/Src/stm32f0xx_hal_pwr_ex.c **** 
 211:Drivers/STM32F0xx_HAL_Driver/Src/stm32f0xx_hal_pwr_ex.c **** #endif /* defined (STM32F031x6) || defined (STM32F051x8) || */
 212:Drivers/STM32F0xx_HAL_Driver/Src/stm32f0xx_hal_pwr_ex.c ****        /* defined (STM32F071xB) || defined (STM32F091xC) || */
 213:Drivers/STM32F0xx_HAL_Driver/Src/stm32f0xx_hal_pwr_ex.c ****        /* defined (STM32F042x6) || defined (STM32F072xB)    */
 214:Drivers/STM32F0xx_HAL_Driver/Src/stm32f0xx_hal_pwr_ex.c **** 
 215:Drivers/STM32F0xx_HAL_Driver/Src/stm32f0xx_hal_pwr_ex.c **** #if defined (STM32F042x6) || defined (STM32F048xx) || \
 216:Drivers/STM32F0xx_HAL_Driver/Src/stm32f0xx_hal_pwr_ex.c ****     defined (STM32F071xB) || defined (STM32F072xB) || defined (STM32F078xx) || \
 217:Drivers/STM32F0xx_HAL_Driver/Src/stm32f0xx_hal_pwr_ex.c ****     defined (STM32F091xC) || defined (STM32F098xx)
 218:Drivers/STM32F0xx_HAL_Driver/Src/stm32f0xx_hal_pwr_ex.c **** /**
 219:Drivers/STM32F0xx_HAL_Driver/Src/stm32f0xx_hal_pwr_ex.c ****   * @brief Enable VDDIO2 monitor: enable Exti 31 and falling edge detection.
 220:Drivers/STM32F0xx_HAL_Driver/Src/stm32f0xx_hal_pwr_ex.c ****   * @note If Exti 31 is enable correlty and VDDIO2 voltage goes below Vrefint,
 221:Drivers/STM32F0xx_HAL_Driver/Src/stm32f0xx_hal_pwr_ex.c ****           an interrupt is generated Irq line 1.
 222:Drivers/STM32F0xx_HAL_Driver/Src/stm32f0xx_hal_pwr_ex.c ****           NVIS has to be enable by user.
 223:Drivers/STM32F0xx_HAL_Driver/Src/stm32f0xx_hal_pwr_ex.c ****   * @retval None
 224:Drivers/STM32F0xx_HAL_Driver/Src/stm32f0xx_hal_pwr_ex.c ****   */
 225:Drivers/STM32F0xx_HAL_Driver/Src/stm32f0xx_hal_pwr_ex.c **** void HAL_PWREx_EnableVddio2Monitor(void)
 226:Drivers/STM32F0xx_HAL_Driver/Src/stm32f0xx_hal_pwr_ex.c **** {
 318              		.loc 1 226 0
 319              		.cfi_startproc
 320 0000 80B5     		push	{r7, lr}
 321              	.LCFI11:
 322              		.cfi_def_cfa_offset 8
 323              		.cfi_offset 7, -8
 324              		.cfi_offset 14, -4
 325 0002 00AF     		add	r7, sp, #0
 326              	.LCFI12:
 327              		.cfi_def_cfa_register 7
 227:Drivers/STM32F0xx_HAL_Driver/Src/stm32f0xx_hal_pwr_ex.c ****   __HAL_PWR_VDDIO2_EXTI_ENABLE_IT();
 328              		.loc 1 227 0
 329 0004 084B     		ldr	r3, .L22
 330 0006 084A     		ldr	r2, .L22
 331 0008 1268     		ldr	r2, [r2]
 332 000a 8021     		movs	r1, #128
 333 000c 0906     		lsls	r1, r1, #24
 334 000e 0A43     		orrs	r2, r1
 335 0010 1A60     		str	r2, [r3]
 228:Drivers/STM32F0xx_HAL_Driver/Src/stm32f0xx_hal_pwr_ex.c ****   __HAL_PWR_VDDIO2_EXTI_ENABLE_FALLING_EDGE();
 336              		.loc 1 228 0
 337 0012 054B     		ldr	r3, .L22
 338 0014 044A     		ldr	r2, .L22
 339 0016 D268     		ldr	r2, [r2, #12]
 340 0018 8021     		movs	r1, #128
 341 001a 0906     		lsls	r1, r1, #24
 342 001c 0A43     		orrs	r2, r1
 343 001e DA60     		str	r2, [r3, #12]
 229:Drivers/STM32F0xx_HAL_Driver/Src/stm32f0xx_hal_pwr_ex.c **** }
 344              		.loc 1 229 0
 345 0020 C046     		nop
 346 0022 BD46     		mov	sp, r7
 347              		@ sp needed
 348 0024 80BD     		pop	{r7, pc}
 349              	.L23:
 350 0026 C046     		.align	2
 351              	.L22:
 352 0028 00040140 		.word	1073808384
ARM GAS  /tmp/cc2Y1OgG.s 			page 11


 353              		.cfi_endproc
 354              	.LFE40:
 356              		.section	.text.HAL_PWREx_DisableVddio2Monitor,"ax",%progbits
 357              		.align	1
 358              		.global	HAL_PWREx_DisableVddio2Monitor
 359              		.syntax unified
 360              		.code	16
 361              		.thumb_func
 362              		.fpu softvfp
 364              	HAL_PWREx_DisableVddio2Monitor:
 365              	.LFB41:
 230:Drivers/STM32F0xx_HAL_Driver/Src/stm32f0xx_hal_pwr_ex.c **** 
 231:Drivers/STM32F0xx_HAL_Driver/Src/stm32f0xx_hal_pwr_ex.c **** /**
 232:Drivers/STM32F0xx_HAL_Driver/Src/stm32f0xx_hal_pwr_ex.c ****   * @brief Disable the Vddio2 Monitor.
 233:Drivers/STM32F0xx_HAL_Driver/Src/stm32f0xx_hal_pwr_ex.c ****   * @retval None
 234:Drivers/STM32F0xx_HAL_Driver/Src/stm32f0xx_hal_pwr_ex.c ****   */
 235:Drivers/STM32F0xx_HAL_Driver/Src/stm32f0xx_hal_pwr_ex.c **** void HAL_PWREx_DisableVddio2Monitor(void)
 236:Drivers/STM32F0xx_HAL_Driver/Src/stm32f0xx_hal_pwr_ex.c **** {
 366              		.loc 1 236 0
 367              		.cfi_startproc
 368 0000 80B5     		push	{r7, lr}
 369              	.LCFI13:
 370              		.cfi_def_cfa_offset 8
 371              		.cfi_offset 7, -8
 372              		.cfi_offset 14, -4
 373 0002 00AF     		add	r7, sp, #0
 374              	.LCFI14:
 375              		.cfi_def_cfa_register 7
 237:Drivers/STM32F0xx_HAL_Driver/Src/stm32f0xx_hal_pwr_ex.c ****   __HAL_PWR_VDDIO2_EXTI_DISABLE_IT();
 376              		.loc 1 237 0
 377 0004 0A4B     		ldr	r3, .L25
 378 0006 0A4A     		ldr	r2, .L25
 379 0008 1268     		ldr	r2, [r2]
 380 000a 5200     		lsls	r2, r2, #1
 381 000c 5208     		lsrs	r2, r2, #1
 382 000e 1A60     		str	r2, [r3]
 238:Drivers/STM32F0xx_HAL_Driver/Src/stm32f0xx_hal_pwr_ex.c ****   __HAL_PWR_VDDIO2_EXTI_DISABLE_FALLING_EDGE();
 383              		.loc 1 238 0
 384 0010 074B     		ldr	r3, .L25
 385 0012 074A     		ldr	r2, .L25
 386 0014 D268     		ldr	r2, [r2, #12]
 387 0016 5200     		lsls	r2, r2, #1
 388 0018 5208     		lsrs	r2, r2, #1
 389 001a DA60     		str	r2, [r3, #12]
 390 001c 044B     		ldr	r3, .L25
 391 001e 044A     		ldr	r2, .L25
 392 0020 9268     		ldr	r2, [r2, #8]
 393 0022 5200     		lsls	r2, r2, #1
 394 0024 5208     		lsrs	r2, r2, #1
 395 0026 9A60     		str	r2, [r3, #8]
 239:Drivers/STM32F0xx_HAL_Driver/Src/stm32f0xx_hal_pwr_ex.c **** 
 240:Drivers/STM32F0xx_HAL_Driver/Src/stm32f0xx_hal_pwr_ex.c **** }
 396              		.loc 1 240 0
 397 0028 C046     		nop
 398 002a BD46     		mov	sp, r7
 399              		@ sp needed
 400 002c 80BD     		pop	{r7, pc}
ARM GAS  /tmp/cc2Y1OgG.s 			page 12


 401              	.L26:
 402 002e C046     		.align	2
 403              	.L25:
 404 0030 00040140 		.word	1073808384
 405              		.cfi_endproc
 406              	.LFE41:
 408              		.section	.text.HAL_PWREx_Vddio2Monitor_IRQHandler,"ax",%progbits
 409              		.align	1
 410              		.global	HAL_PWREx_Vddio2Monitor_IRQHandler
 411              		.syntax unified
 412              		.code	16
 413              		.thumb_func
 414              		.fpu softvfp
 416              	HAL_PWREx_Vddio2Monitor_IRQHandler:
 417              	.LFB42:
 241:Drivers/STM32F0xx_HAL_Driver/Src/stm32f0xx_hal_pwr_ex.c **** 
 242:Drivers/STM32F0xx_HAL_Driver/Src/stm32f0xx_hal_pwr_ex.c **** /**
 243:Drivers/STM32F0xx_HAL_Driver/Src/stm32f0xx_hal_pwr_ex.c ****   * @brief This function handles the PWR Vddio2 monitor interrupt request.
 244:Drivers/STM32F0xx_HAL_Driver/Src/stm32f0xx_hal_pwr_ex.c ****   * @note This API should be called under the VDDIO2_IRQHandler() PVD_VDDIO2_IRQHandler().
 245:Drivers/STM32F0xx_HAL_Driver/Src/stm32f0xx_hal_pwr_ex.c ****   * @retval None
 246:Drivers/STM32F0xx_HAL_Driver/Src/stm32f0xx_hal_pwr_ex.c ****   */
 247:Drivers/STM32F0xx_HAL_Driver/Src/stm32f0xx_hal_pwr_ex.c **** void HAL_PWREx_Vddio2Monitor_IRQHandler(void)
 248:Drivers/STM32F0xx_HAL_Driver/Src/stm32f0xx_hal_pwr_ex.c **** {
 418              		.loc 1 248 0
 419              		.cfi_startproc
 420 0000 80B5     		push	{r7, lr}
 421              	.LCFI15:
 422              		.cfi_def_cfa_offset 8
 423              		.cfi_offset 7, -8
 424              		.cfi_offset 14, -4
 425 0002 00AF     		add	r7, sp, #0
 426              	.LCFI16:
 427              		.cfi_def_cfa_register 7
 249:Drivers/STM32F0xx_HAL_Driver/Src/stm32f0xx_hal_pwr_ex.c ****   /* Check PWR exti flag */
 250:Drivers/STM32F0xx_HAL_Driver/Src/stm32f0xx_hal_pwr_ex.c ****   if(__HAL_PWR_VDDIO2_EXTI_GET_FLAG() != RESET)
 428              		.loc 1 250 0
 429 0004 064B     		ldr	r3, .L30
 430 0006 5B69     		ldr	r3, [r3, #20]
 431 0008 002B     		cmp	r3, #0
 432 000a 05DA     		bge	.L29
 251:Drivers/STM32F0xx_HAL_Driver/Src/stm32f0xx_hal_pwr_ex.c ****   {
 252:Drivers/STM32F0xx_HAL_Driver/Src/stm32f0xx_hal_pwr_ex.c ****     /* PWR Vddio2 monitor interrupt user callback */
 253:Drivers/STM32F0xx_HAL_Driver/Src/stm32f0xx_hal_pwr_ex.c ****     HAL_PWREx_Vddio2MonitorCallback();
 433              		.loc 1 253 0
 434 000c FFF7FEFF 		bl	HAL_PWREx_Vddio2MonitorCallback
 254:Drivers/STM32F0xx_HAL_Driver/Src/stm32f0xx_hal_pwr_ex.c **** 
 255:Drivers/STM32F0xx_HAL_Driver/Src/stm32f0xx_hal_pwr_ex.c ****     /* Clear PWR Exti pending bit */
 256:Drivers/STM32F0xx_HAL_Driver/Src/stm32f0xx_hal_pwr_ex.c ****     __HAL_PWR_VDDIO2_EXTI_CLEAR_FLAG();
 435              		.loc 1 256 0
 436 0010 034B     		ldr	r3, .L30
 437 0012 8022     		movs	r2, #128
 438 0014 1206     		lsls	r2, r2, #24
 439 0016 5A61     		str	r2, [r3, #20]
 440              	.L29:
 257:Drivers/STM32F0xx_HAL_Driver/Src/stm32f0xx_hal_pwr_ex.c ****   }
 258:Drivers/STM32F0xx_HAL_Driver/Src/stm32f0xx_hal_pwr_ex.c **** }
 441              		.loc 1 258 0
ARM GAS  /tmp/cc2Y1OgG.s 			page 13


 442 0018 C046     		nop
 443 001a BD46     		mov	sp, r7
 444              		@ sp needed
 445 001c 80BD     		pop	{r7, pc}
 446              	.L31:
 447 001e C046     		.align	2
 448              	.L30:
 449 0020 00040140 		.word	1073808384
 450              		.cfi_endproc
 451              	.LFE42:
 453              		.section	.text.HAL_PWREx_Vddio2MonitorCallback,"ax",%progbits
 454              		.align	1
 455              		.weak	HAL_PWREx_Vddio2MonitorCallback
 456              		.syntax unified
 457              		.code	16
 458              		.thumb_func
 459              		.fpu softvfp
 461              	HAL_PWREx_Vddio2MonitorCallback:
 462              	.LFB43:
 259:Drivers/STM32F0xx_HAL_Driver/Src/stm32f0xx_hal_pwr_ex.c **** 
 260:Drivers/STM32F0xx_HAL_Driver/Src/stm32f0xx_hal_pwr_ex.c **** /**
 261:Drivers/STM32F0xx_HAL_Driver/Src/stm32f0xx_hal_pwr_ex.c ****   * @brief PWR Vddio2 Monitor interrupt callback
 262:Drivers/STM32F0xx_HAL_Driver/Src/stm32f0xx_hal_pwr_ex.c ****   * @retval None
 263:Drivers/STM32F0xx_HAL_Driver/Src/stm32f0xx_hal_pwr_ex.c ****   */
 264:Drivers/STM32F0xx_HAL_Driver/Src/stm32f0xx_hal_pwr_ex.c **** __weak void HAL_PWREx_Vddio2MonitorCallback(void)
 265:Drivers/STM32F0xx_HAL_Driver/Src/stm32f0xx_hal_pwr_ex.c **** {
 463              		.loc 1 265 0
 464              		.cfi_startproc
 465 0000 80B5     		push	{r7, lr}
 466              	.LCFI17:
 467              		.cfi_def_cfa_offset 8
 468              		.cfi_offset 7, -8
 469              		.cfi_offset 14, -4
 470 0002 00AF     		add	r7, sp, #0
 471              	.LCFI18:
 472              		.cfi_def_cfa_register 7
 266:Drivers/STM32F0xx_HAL_Driver/Src/stm32f0xx_hal_pwr_ex.c ****   /* NOTE : This function Should not be modified, when the callback is needed,
 267:Drivers/STM32F0xx_HAL_Driver/Src/stm32f0xx_hal_pwr_ex.c ****             the HAL_PWREx_Vddio2MonitorCallback could be implemented in the user file
 268:Drivers/STM32F0xx_HAL_Driver/Src/stm32f0xx_hal_pwr_ex.c ****    */
 269:Drivers/STM32F0xx_HAL_Driver/Src/stm32f0xx_hal_pwr_ex.c **** }
 473              		.loc 1 269 0
 474 0004 C046     		nop
 475 0006 BD46     		mov	sp, r7
 476              		@ sp needed
 477 0008 80BD     		pop	{r7, pc}
 478              		.cfi_endproc
 479              	.LFE43:
 481              		.text
 482              	.Letext0:
 483              		.file 2 "/usr/arm-none-eabi/include/machine/_default_types.h"
 484              		.file 3 "/usr/arm-none-eabi/include/sys/_stdint.h"
 485              		.file 4 "Drivers/CMSIS/Device/ST/STM32F0xx/Include/system_stm32f0xx.h"
 486              		.file 5 "Drivers/CMSIS/Device/ST/STM32F0xx/Include/stm32f072xb.h"
 487              		.file 6 "/usr/arm-none-eabi/include/sys/lock.h"
 488              		.file 7 "/usr/arm-none-eabi/include/sys/_types.h"
 489              		.file 8 "/usr/lib/gcc/arm-none-eabi/6.2.0/include/stddef.h"
 490              		.file 9 "/usr/arm-none-eabi/include/sys/reent.h"
ARM GAS  /tmp/cc2Y1OgG.s 			page 14


 491              		.file 10 "Drivers/STM32F0xx_HAL_Driver/Inc/stm32f0xx_hal_pwr_ex.h"
 492              		.file 11 "Drivers/CMSIS/Device/ST/STM32F0xx/Include/stm32f0xx.h"
ARM GAS  /tmp/cc2Y1OgG.s 			page 15


DEFINED SYMBOLS
                            *ABS*:0000000000000000 stm32f0xx_hal_pwr_ex.c
     /tmp/cc2Y1OgG.s:16     .text.HAL_PWR_ConfigPVD:0000000000000000 $t
     /tmp/cc2Y1OgG.s:23     .text.HAL_PWR_ConfigPVD:0000000000000000 HAL_PWR_ConfigPVD
     /tmp/cc2Y1OgG.s:149    .text.HAL_PWR_ConfigPVD:00000000000000b8 $d
     /tmp/cc2Y1OgG.s:156    .text.HAL_PWR_EnablePVD:0000000000000000 $t
     /tmp/cc2Y1OgG.s:163    .text.HAL_PWR_EnablePVD:0000000000000000 HAL_PWR_EnablePVD
     /tmp/cc2Y1OgG.s:190    .text.HAL_PWR_EnablePVD:0000000000000018 $d
     /tmp/cc2Y1OgG.s:195    .text.HAL_PWR_DisablePVD:0000000000000000 $t
     /tmp/cc2Y1OgG.s:202    .text.HAL_PWR_DisablePVD:0000000000000000 HAL_PWR_DisablePVD
     /tmp/cc2Y1OgG.s:229    .text.HAL_PWR_DisablePVD:0000000000000018 $d
     /tmp/cc2Y1OgG.s:234    .text.HAL_PWR_PVD_IRQHandler:0000000000000000 $t
     /tmp/cc2Y1OgG.s:241    .text.HAL_PWR_PVD_IRQHandler:0000000000000000 HAL_PWR_PVD_IRQHandler
     /tmp/cc2Y1OgG.s:288    .text.HAL_PWR_PVDCallback:0000000000000000 HAL_PWR_PVDCallback
     /tmp/cc2Y1OgG.s:276    .text.HAL_PWR_PVD_IRQHandler:0000000000000024 $d
     /tmp/cc2Y1OgG.s:281    .text.HAL_PWR_PVDCallback:0000000000000000 $t
     /tmp/cc2Y1OgG.s:309    .text.HAL_PWREx_EnableVddio2Monitor:0000000000000000 $t
     /tmp/cc2Y1OgG.s:316    .text.HAL_PWREx_EnableVddio2Monitor:0000000000000000 HAL_PWREx_EnableVddio2Monitor
     /tmp/cc2Y1OgG.s:352    .text.HAL_PWREx_EnableVddio2Monitor:0000000000000028 $d
     /tmp/cc2Y1OgG.s:357    .text.HAL_PWREx_DisableVddio2Monitor:0000000000000000 $t
     /tmp/cc2Y1OgG.s:364    .text.HAL_PWREx_DisableVddio2Monitor:0000000000000000 HAL_PWREx_DisableVddio2Monitor
     /tmp/cc2Y1OgG.s:404    .text.HAL_PWREx_DisableVddio2Monitor:0000000000000030 $d
     /tmp/cc2Y1OgG.s:409    .text.HAL_PWREx_Vddio2Monitor_IRQHandler:0000000000000000 $t
     /tmp/cc2Y1OgG.s:416    .text.HAL_PWREx_Vddio2Monitor_IRQHandler:0000000000000000 HAL_PWREx_Vddio2Monitor_IRQHandler
     /tmp/cc2Y1OgG.s:461    .text.HAL_PWREx_Vddio2MonitorCallback:0000000000000000 HAL_PWREx_Vddio2MonitorCallback
     /tmp/cc2Y1OgG.s:449    .text.HAL_PWREx_Vddio2Monitor_IRQHandler:0000000000000020 $d
     /tmp/cc2Y1OgG.s:454    .text.HAL_PWREx_Vddio2MonitorCallback:0000000000000000 $t
                     .debug_frame:0000000000000010 $d

NO UNDEFINED SYMBOLS
