ARM GAS  /tmp/ccUROfRd.s 			page 1


   1              		.cpu cortex-m0
   2              		.eabi_attribute 20, 1
   3              		.eabi_attribute 21, 1
   4              		.eabi_attribute 23, 3
   5              		.eabi_attribute 24, 1
   6              		.eabi_attribute 25, 1
   7              		.eabi_attribute 26, 1
   8              		.eabi_attribute 30, 6
   9              		.eabi_attribute 34, 0
  10              		.eabi_attribute 18, 4
  11              		.file	"stm32f0xx_hal_msp.c"
  12              		.text
  13              	.Ltext0:
  14              		.cfi_sections	.debug_frame
  15              		.section	.text.HAL_MspInit,"ax",%progbits
  16              		.align	1
  17              		.global	HAL_MspInit
  18              		.syntax unified
  19              		.code	16
  20              		.thumb_func
  21              		.fpu softvfp
  23              	HAL_MspInit:
  24              	.LFB35:
  25              		.file 1 "Src/stm32f0xx_hal_msp.c"
   1:Src/stm32f0xx_hal_msp.c **** /**
   2:Src/stm32f0xx_hal_msp.c ****   ******************************************************************************
   3:Src/stm32f0xx_hal_msp.c ****   * File Name          : stm32f0xx_hal_msp.c
   4:Src/stm32f0xx_hal_msp.c ****   * Description        : This file provides code for the MSP Initialization 
   5:Src/stm32f0xx_hal_msp.c ****   *                      and de-Initialization codes.
   6:Src/stm32f0xx_hal_msp.c ****   ******************************************************************************
   7:Src/stm32f0xx_hal_msp.c ****   *
   8:Src/stm32f0xx_hal_msp.c ****   * Copyright (c) 2016 STMicroelectronics International N.V. 
   9:Src/stm32f0xx_hal_msp.c ****   * All rights reserved.
  10:Src/stm32f0xx_hal_msp.c ****   *
  11:Src/stm32f0xx_hal_msp.c ****   * Redistribution and use in source and binary forms, with or without 
  12:Src/stm32f0xx_hal_msp.c ****   * modification, are permitted, provided that the following conditions are met:
  13:Src/stm32f0xx_hal_msp.c ****   *
  14:Src/stm32f0xx_hal_msp.c ****   * 1. Redistribution of source code must retain the above copyright notice, 
  15:Src/stm32f0xx_hal_msp.c ****   *    this list of conditions and the following disclaimer.
  16:Src/stm32f0xx_hal_msp.c ****   * 2. Redistributions in binary form must reproduce the above copyright notice,
  17:Src/stm32f0xx_hal_msp.c ****   *    this list of conditions and the following disclaimer in the documentation
  18:Src/stm32f0xx_hal_msp.c ****   *    and/or other materials provided with the distribution.
  19:Src/stm32f0xx_hal_msp.c ****   * 3. Neither the name of STMicroelectronics nor the names of other 
  20:Src/stm32f0xx_hal_msp.c ****   *    contributors to this software may be used to endorse or promote products 
  21:Src/stm32f0xx_hal_msp.c ****   *    derived from this software without specific written permission.
  22:Src/stm32f0xx_hal_msp.c ****   * 4. This software, including modifications and/or derivative works of this 
  23:Src/stm32f0xx_hal_msp.c ****   *    software, must execute solely and exclusively on microcontroller or
  24:Src/stm32f0xx_hal_msp.c ****   *    microprocessor devices manufactured by or for STMicroelectronics.
  25:Src/stm32f0xx_hal_msp.c ****   * 5. Redistribution and use of this software other than as permitted under 
  26:Src/stm32f0xx_hal_msp.c ****   *    this license is void and will automatically terminate your rights under 
  27:Src/stm32f0xx_hal_msp.c ****   *    this license. 
  28:Src/stm32f0xx_hal_msp.c ****   *
  29:Src/stm32f0xx_hal_msp.c ****   * THIS SOFTWARE IS PROVIDED BY STMICROELECTRONICS AND CONTRIBUTORS "AS IS" 
  30:Src/stm32f0xx_hal_msp.c ****   * AND ANY EXPRESS, IMPLIED OR STATUTORY WARRANTIES, INCLUDING, BUT NOT 
  31:Src/stm32f0xx_hal_msp.c ****   * LIMITED TO, THE IMPLIED WARRANTIES OF MERCHANTABILITY, FITNESS FOR A 
  32:Src/stm32f0xx_hal_msp.c ****   * PARTICULAR PURPOSE AND NON-INFRINGEMENT OF THIRD PARTY INTELLECTUAL PROPERTY
  33:Src/stm32f0xx_hal_msp.c ****   * RIGHTS ARE DISCLAIMED TO THE FULLEST EXTENT PERMITTED BY LAW. IN NO EVENT 
ARM GAS  /tmp/ccUROfRd.s 			page 2


  34:Src/stm32f0xx_hal_msp.c ****   * SHALL STMICROELECTRONICS OR CONTRIBUTORS BE LIABLE FOR ANY DIRECT, INDIRECT,
  35:Src/stm32f0xx_hal_msp.c ****   * INCIDENTAL, SPECIAL, EXEMPLARY, OR CONSEQUENTIAL DAMAGES (INCLUDING, BUT NOT
  36:Src/stm32f0xx_hal_msp.c ****   * LIMITED TO, PROCUREMENT OF SUBSTITUTE GOODS OR SERVICES; LOSS OF USE, DATA, 
  37:Src/stm32f0xx_hal_msp.c ****   * OR PROFITS; OR BUSINESS INTERRUPTION) HOWEVER CAUSED AND ON ANY THEORY OF 
  38:Src/stm32f0xx_hal_msp.c ****   * LIABILITY, WHETHER IN CONTRACT, STRICT LIABILITY, OR TORT (INCLUDING 
  39:Src/stm32f0xx_hal_msp.c ****   * NEGLIGENCE OR OTHERWISE) ARISING IN ANY WAY OUT OF THE USE OF THIS SOFTWARE,
  40:Src/stm32f0xx_hal_msp.c ****   * EVEN IF ADVISED OF THE POSSIBILITY OF SUCH DAMAGE.
  41:Src/stm32f0xx_hal_msp.c ****   *
  42:Src/stm32f0xx_hal_msp.c ****   ******************************************************************************
  43:Src/stm32f0xx_hal_msp.c ****   */
  44:Src/stm32f0xx_hal_msp.c **** /* Includes ------------------------------------------------------------------*/
  45:Src/stm32f0xx_hal_msp.c **** #include "stm32f0xx_hal.h"
  46:Src/stm32f0xx_hal_msp.c **** 
  47:Src/stm32f0xx_hal_msp.c **** extern void Error_Handler(void);
  48:Src/stm32f0xx_hal_msp.c **** /* USER CODE BEGIN 0 */
  49:Src/stm32f0xx_hal_msp.c **** 
  50:Src/stm32f0xx_hal_msp.c **** /* USER CODE END 0 */
  51:Src/stm32f0xx_hal_msp.c **** /**
  52:Src/stm32f0xx_hal_msp.c ****   * Initializes the Global MSP.
  53:Src/stm32f0xx_hal_msp.c ****   */
  54:Src/stm32f0xx_hal_msp.c **** void HAL_MspInit(void)
  55:Src/stm32f0xx_hal_msp.c **** {
  26              		.loc 1 55 0
  27              		.cfi_startproc
  28 0000 80B5     		push	{r7, lr}
  29              	.LCFI0:
  30              		.cfi_def_cfa_offset 8
  31              		.cfi_offset 7, -8
  32              		.cfi_offset 14, -4
  33 0002 82B0     		sub	sp, sp, #8
  34              	.LCFI1:
  35              		.cfi_def_cfa_offset 16
  36 0004 00AF     		add	r7, sp, #0
  37              	.LCFI2:
  38              		.cfi_def_cfa_register 7
  39              	.LBB2:
  56:Src/stm32f0xx_hal_msp.c ****   /* USER CODE BEGIN MspInit 0 */
  57:Src/stm32f0xx_hal_msp.c **** 
  58:Src/stm32f0xx_hal_msp.c ****   /* USER CODE END MspInit 0 */
  59:Src/stm32f0xx_hal_msp.c **** 
  60:Src/stm32f0xx_hal_msp.c ****   __HAL_RCC_SYSCFG_CLK_ENABLE();
  40              		.loc 1 60 0
  41 0006 124B     		ldr	r3, .L2
  42 0008 114A     		ldr	r2, .L2
  43 000a 9269     		ldr	r2, [r2, #24]
  44 000c 0121     		movs	r1, #1
  45 000e 0A43     		orrs	r2, r1
  46 0010 9A61     		str	r2, [r3, #24]
  47 0012 0F4B     		ldr	r3, .L2
  48 0014 9B69     		ldr	r3, [r3, #24]
  49 0016 0122     		movs	r2, #1
  50 0018 1340     		ands	r3, r2
  51 001a 7B60     		str	r3, [r7, #4]
  52 001c 7B68     		ldr	r3, [r7, #4]
  53              	.LBE2:
  61:Src/stm32f0xx_hal_msp.c **** 
  62:Src/stm32f0xx_hal_msp.c ****   /* System interrupt init*/
ARM GAS  /tmp/ccUROfRd.s 			page 3


  63:Src/stm32f0xx_hal_msp.c ****   /* SVC_IRQn interrupt configuration */
  64:Src/stm32f0xx_hal_msp.c ****   HAL_NVIC_SetPriority(SVC_IRQn, 0, 0);
  54              		.loc 1 64 0
  55 001e 0523     		movs	r3, #5
  56 0020 5B42     		rsbs	r3, r3, #0
  57 0022 0022     		movs	r2, #0
  58 0024 0021     		movs	r1, #0
  59 0026 1800     		movs	r0, r3
  60 0028 FFF7FEFF 		bl	HAL_NVIC_SetPriority
  65:Src/stm32f0xx_hal_msp.c ****   /* PendSV_IRQn interrupt configuration */
  66:Src/stm32f0xx_hal_msp.c ****   HAL_NVIC_SetPriority(PendSV_IRQn, 0, 0);
  61              		.loc 1 66 0
  62 002c 0223     		movs	r3, #2
  63 002e 5B42     		rsbs	r3, r3, #0
  64 0030 0022     		movs	r2, #0
  65 0032 0021     		movs	r1, #0
  66 0034 1800     		movs	r0, r3
  67 0036 FFF7FEFF 		bl	HAL_NVIC_SetPriority
  67:Src/stm32f0xx_hal_msp.c ****   /* SysTick_IRQn interrupt configuration */
  68:Src/stm32f0xx_hal_msp.c ****   HAL_NVIC_SetPriority(SysTick_IRQn, 0, 0);
  68              		.loc 1 68 0
  69 003a 0123     		movs	r3, #1
  70 003c 5B42     		rsbs	r3, r3, #0
  71 003e 0022     		movs	r2, #0
  72 0040 0021     		movs	r1, #0
  73 0042 1800     		movs	r0, r3
  74 0044 FFF7FEFF 		bl	HAL_NVIC_SetPriority
  69:Src/stm32f0xx_hal_msp.c **** 
  70:Src/stm32f0xx_hal_msp.c ****   /* USER CODE BEGIN MspInit 1 */
  71:Src/stm32f0xx_hal_msp.c **** 
  72:Src/stm32f0xx_hal_msp.c ****   /* USER CODE END MspInit 1 */
  73:Src/stm32f0xx_hal_msp.c **** }
  75              		.loc 1 73 0
  76 0048 C046     		nop
  77 004a BD46     		mov	sp, r7
  78 004c 02B0     		add	sp, sp, #8
  79              		@ sp needed
  80 004e 80BD     		pop	{r7, pc}
  81              	.L3:
  82              		.align	2
  83              	.L2:
  84 0050 00100240 		.word	1073876992
  85              		.cfi_endproc
  86              	.LFE35:
  88              		.section	.text.HAL_I2C_MspInit,"ax",%progbits
  89              		.align	1
  90              		.global	HAL_I2C_MspInit
  91              		.syntax unified
  92              		.code	16
  93              		.thumb_func
  94              		.fpu softvfp
  96              	HAL_I2C_MspInit:
  97              	.LFB36:
  74:Src/stm32f0xx_hal_msp.c **** 
  75:Src/stm32f0xx_hal_msp.c **** void HAL_I2C_MspInit(I2C_HandleTypeDef* hi2c)
  76:Src/stm32f0xx_hal_msp.c **** {
  98              		.loc 1 76 0
ARM GAS  /tmp/ccUROfRd.s 			page 4


  99              		.cfi_startproc
 100 0000 80B5     		push	{r7, lr}
 101              	.LCFI3:
 102              		.cfi_def_cfa_offset 8
 103              		.cfi_offset 7, -8
 104              		.cfi_offset 14, -4
 105 0002 88B0     		sub	sp, sp, #32
 106              	.LCFI4:
 107              		.cfi_def_cfa_offset 40
 108 0004 00AF     		add	r7, sp, #0
 109              	.LCFI5:
 110              		.cfi_def_cfa_register 7
 111 0006 7860     		str	r0, [r7, #4]
  77:Src/stm32f0xx_hal_msp.c **** 
  78:Src/stm32f0xx_hal_msp.c ****   GPIO_InitTypeDef GPIO_InitStruct;
  79:Src/stm32f0xx_hal_msp.c ****   if(hi2c->Instance==I2C1)
 112              		.loc 1 79 0
 113 0008 7B68     		ldr	r3, [r7, #4]
 114 000a 1B68     		ldr	r3, [r3]
 115 000c 1D4A     		ldr	r2, .L7
 116 000e 9342     		cmp	r3, r2
 117 0010 33D1     		bne	.L6
  80:Src/stm32f0xx_hal_msp.c ****   {
  81:Src/stm32f0xx_hal_msp.c ****   /* USER CODE BEGIN I2C1_MspInit 0 */
  82:Src/stm32f0xx_hal_msp.c **** 
  83:Src/stm32f0xx_hal_msp.c ****   /* USER CODE END I2C1_MspInit 0 */
  84:Src/stm32f0xx_hal_msp.c ****   
  85:Src/stm32f0xx_hal_msp.c ****     /**I2C1 GPIO Configuration    
  86:Src/stm32f0xx_hal_msp.c ****     PB8     ------> I2C1_SCL
  87:Src/stm32f0xx_hal_msp.c ****     PB9     ------> I2C1_SDA 
  88:Src/stm32f0xx_hal_msp.c ****     */
  89:Src/stm32f0xx_hal_msp.c ****     GPIO_InitStruct.Pin = GPIO_PIN_8|GPIO_PIN_9;
 118              		.loc 1 89 0
 119 0012 0C23     		movs	r3, #12
 120 0014 FB18     		adds	r3, r7, r3
 121 0016 C022     		movs	r2, #192
 122 0018 9200     		lsls	r2, r2, #2
 123 001a 1A60     		str	r2, [r3]
  90:Src/stm32f0xx_hal_msp.c ****     GPIO_InitStruct.Mode = GPIO_MODE_AF_OD;
 124              		.loc 1 90 0
 125 001c 0C23     		movs	r3, #12
 126 001e FB18     		adds	r3, r7, r3
 127 0020 1222     		movs	r2, #18
 128 0022 5A60     		str	r2, [r3, #4]
  91:Src/stm32f0xx_hal_msp.c ****     GPIO_InitStruct.Pull = GPIO_PULLUP;
 129              		.loc 1 91 0
 130 0024 0C23     		movs	r3, #12
 131 0026 FB18     		adds	r3, r7, r3
 132 0028 0122     		movs	r2, #1
 133 002a 9A60     		str	r2, [r3, #8]
  92:Src/stm32f0xx_hal_msp.c ****     GPIO_InitStruct.Speed = GPIO_SPEED_FREQ_HIGH;
 134              		.loc 1 92 0
 135 002c 0C23     		movs	r3, #12
 136 002e FB18     		adds	r3, r7, r3
 137 0030 0322     		movs	r2, #3
 138 0032 DA60     		str	r2, [r3, #12]
  93:Src/stm32f0xx_hal_msp.c ****     GPIO_InitStruct.Alternate = GPIO_AF1_I2C1;
ARM GAS  /tmp/ccUROfRd.s 			page 5


 139              		.loc 1 93 0
 140 0034 0C23     		movs	r3, #12
 141 0036 FB18     		adds	r3, r7, r3
 142 0038 0122     		movs	r2, #1
 143 003a 1A61     		str	r2, [r3, #16]
  94:Src/stm32f0xx_hal_msp.c ****     HAL_GPIO_Init(GPIOB, &GPIO_InitStruct);
 144              		.loc 1 94 0
 145 003c 0C23     		movs	r3, #12
 146 003e FB18     		adds	r3, r7, r3
 147 0040 114A     		ldr	r2, .L7+4
 148 0042 1900     		movs	r1, r3
 149 0044 1000     		movs	r0, r2
 150 0046 FFF7FEFF 		bl	HAL_GPIO_Init
  95:Src/stm32f0xx_hal_msp.c **** 
  96:Src/stm32f0xx_hal_msp.c ****     HAL_I2CEx_EnableFastModePlus(SYSCFG_CFGR1_I2C_FMP_PB8);
 151              		.loc 1 96 0
 152 004a 8023     		movs	r3, #128
 153 004c DB02     		lsls	r3, r3, #11
 154 004e 1800     		movs	r0, r3
 155 0050 FFF7FEFF 		bl	HAL_I2CEx_EnableFastModePlus
  97:Src/stm32f0xx_hal_msp.c **** 
  98:Src/stm32f0xx_hal_msp.c ****     HAL_I2CEx_EnableFastModePlus(SYSCFG_CFGR1_I2C_FMP_PB9);
 156              		.loc 1 98 0
 157 0054 8023     		movs	r3, #128
 158 0056 1B03     		lsls	r3, r3, #12
 159 0058 1800     		movs	r0, r3
 160 005a FFF7FEFF 		bl	HAL_I2CEx_EnableFastModePlus
 161              	.LBB3:
  99:Src/stm32f0xx_hal_msp.c **** 
 100:Src/stm32f0xx_hal_msp.c ****     /* Peripheral clock enable */
 101:Src/stm32f0xx_hal_msp.c ****     __HAL_RCC_I2C1_CLK_ENABLE();
 162              		.loc 1 101 0
 163 005e 0B4B     		ldr	r3, .L7+8
 164 0060 0A4A     		ldr	r2, .L7+8
 165 0062 D269     		ldr	r2, [r2, #28]
 166 0064 8021     		movs	r1, #128
 167 0066 8903     		lsls	r1, r1, #14
 168 0068 0A43     		orrs	r2, r1
 169 006a DA61     		str	r2, [r3, #28]
 170 006c 074B     		ldr	r3, .L7+8
 171 006e DA69     		ldr	r2, [r3, #28]
 172 0070 8023     		movs	r3, #128
 173 0072 9B03     		lsls	r3, r3, #14
 174 0074 1340     		ands	r3, r2
 175 0076 BB60     		str	r3, [r7, #8]
 176 0078 BB68     		ldr	r3, [r7, #8]
 177              	.L6:
 178              	.LBE3:
 102:Src/stm32f0xx_hal_msp.c ****   /* USER CODE BEGIN I2C1_MspInit 1 */
 103:Src/stm32f0xx_hal_msp.c **** 
 104:Src/stm32f0xx_hal_msp.c ****   /* USER CODE END I2C1_MspInit 1 */
 105:Src/stm32f0xx_hal_msp.c ****   }
 106:Src/stm32f0xx_hal_msp.c **** 
 107:Src/stm32f0xx_hal_msp.c **** }
 179              		.loc 1 107 0
 180 007a C046     		nop
 181 007c BD46     		mov	sp, r7
ARM GAS  /tmp/ccUROfRd.s 			page 6


 182 007e 08B0     		add	sp, sp, #32
 183              		@ sp needed
 184 0080 80BD     		pop	{r7, pc}
 185              	.L8:
 186 0082 C046     		.align	2
 187              	.L7:
 188 0084 00540040 		.word	1073763328
 189 0088 00040048 		.word	1207960576
 190 008c 00100240 		.word	1073876992
 191              		.cfi_endproc
 192              	.LFE36:
 194              		.section	.text.HAL_I2C_MspDeInit,"ax",%progbits
 195              		.align	1
 196              		.global	HAL_I2C_MspDeInit
 197              		.syntax unified
 198              		.code	16
 199              		.thumb_func
 200              		.fpu softvfp
 202              	HAL_I2C_MspDeInit:
 203              	.LFB37:
 108:Src/stm32f0xx_hal_msp.c **** 
 109:Src/stm32f0xx_hal_msp.c **** void HAL_I2C_MspDeInit(I2C_HandleTypeDef* hi2c)
 110:Src/stm32f0xx_hal_msp.c **** {
 204              		.loc 1 110 0
 205              		.cfi_startproc
 206 0000 80B5     		push	{r7, lr}
 207              	.LCFI6:
 208              		.cfi_def_cfa_offset 8
 209              		.cfi_offset 7, -8
 210              		.cfi_offset 14, -4
 211 0002 82B0     		sub	sp, sp, #8
 212              	.LCFI7:
 213              		.cfi_def_cfa_offset 16
 214 0004 00AF     		add	r7, sp, #0
 215              	.LCFI8:
 216              		.cfi_def_cfa_register 7
 217 0006 7860     		str	r0, [r7, #4]
 111:Src/stm32f0xx_hal_msp.c **** 
 112:Src/stm32f0xx_hal_msp.c ****   if(hi2c->Instance==I2C1)
 218              		.loc 1 112 0
 219 0008 7B68     		ldr	r3, [r7, #4]
 220 000a 1B68     		ldr	r3, [r3]
 221 000c 094A     		ldr	r2, .L12
 222 000e 9342     		cmp	r3, r2
 223 0010 0CD1     		bne	.L11
 113:Src/stm32f0xx_hal_msp.c ****   {
 114:Src/stm32f0xx_hal_msp.c ****   /* USER CODE BEGIN I2C1_MspDeInit 0 */
 115:Src/stm32f0xx_hal_msp.c **** 
 116:Src/stm32f0xx_hal_msp.c ****   /* USER CODE END I2C1_MspDeInit 0 */
 117:Src/stm32f0xx_hal_msp.c ****     /* Peripheral clock disable */
 118:Src/stm32f0xx_hal_msp.c ****     __HAL_RCC_I2C1_CLK_DISABLE();
 224              		.loc 1 118 0
 225 0012 094B     		ldr	r3, .L12+4
 226 0014 084A     		ldr	r2, .L12+4
 227 0016 D269     		ldr	r2, [r2, #28]
 228 0018 0849     		ldr	r1, .L12+8
 229 001a 0A40     		ands	r2, r1
ARM GAS  /tmp/ccUROfRd.s 			page 7


 230 001c DA61     		str	r2, [r3, #28]
 119:Src/stm32f0xx_hal_msp.c ****   
 120:Src/stm32f0xx_hal_msp.c ****     /**I2C1 GPIO Configuration    
 121:Src/stm32f0xx_hal_msp.c ****     PB8     ------> I2C1_SCL
 122:Src/stm32f0xx_hal_msp.c ****     PB9     ------> I2C1_SDA 
 123:Src/stm32f0xx_hal_msp.c ****     */
 124:Src/stm32f0xx_hal_msp.c ****     HAL_GPIO_DeInit(GPIOB, GPIO_PIN_8|GPIO_PIN_9);
 231              		.loc 1 124 0
 232 001e C023     		movs	r3, #192
 233 0020 9B00     		lsls	r3, r3, #2
 234 0022 074A     		ldr	r2, .L12+12
 235 0024 1900     		movs	r1, r3
 236 0026 1000     		movs	r0, r2
 237 0028 FFF7FEFF 		bl	HAL_GPIO_DeInit
 238              	.L11:
 125:Src/stm32f0xx_hal_msp.c **** 
 126:Src/stm32f0xx_hal_msp.c ****   }
 127:Src/stm32f0xx_hal_msp.c ****   /* USER CODE BEGIN I2C1_MspDeInit 1 */
 128:Src/stm32f0xx_hal_msp.c **** 
 129:Src/stm32f0xx_hal_msp.c ****   /* USER CODE END I2C1_MspDeInit 1 */
 130:Src/stm32f0xx_hal_msp.c **** 
 131:Src/stm32f0xx_hal_msp.c **** }
 239              		.loc 1 131 0
 240 002c C046     		nop
 241 002e BD46     		mov	sp, r7
 242 0030 02B0     		add	sp, sp, #8
 243              		@ sp needed
 244 0032 80BD     		pop	{r7, pc}
 245              	.L13:
 246              		.align	2
 247              	.L12:
 248 0034 00540040 		.word	1073763328
 249 0038 00100240 		.word	1073876992
 250 003c FFFFDFFF 		.word	-2097153
 251 0040 00040048 		.word	1207960576
 252              		.cfi_endproc
 253              	.LFE37:
 255              		.section	.text.HAL_USART_MspInit,"ax",%progbits
 256              		.align	1
 257              		.global	HAL_USART_MspInit
 258              		.syntax unified
 259              		.code	16
 260              		.thumb_func
 261              		.fpu softvfp
 263              	HAL_USART_MspInit:
 264              	.LFB38:
 132:Src/stm32f0xx_hal_msp.c **** 
 133:Src/stm32f0xx_hal_msp.c **** void HAL_USART_MspInit(USART_HandleTypeDef* husart)
 134:Src/stm32f0xx_hal_msp.c **** {
 265              		.loc 1 134 0
 266              		.cfi_startproc
 267 0000 80B5     		push	{r7, lr}
 268              	.LCFI9:
 269              		.cfi_def_cfa_offset 8
 270              		.cfi_offset 7, -8
 271              		.cfi_offset 14, -4
 272 0002 88B0     		sub	sp, sp, #32
ARM GAS  /tmp/ccUROfRd.s 			page 8


 273              	.LCFI10:
 274              		.cfi_def_cfa_offset 40
 275 0004 00AF     		add	r7, sp, #0
 276              	.LCFI11:
 277              		.cfi_def_cfa_register 7
 278 0006 7860     		str	r0, [r7, #4]
 135:Src/stm32f0xx_hal_msp.c **** 
 136:Src/stm32f0xx_hal_msp.c ****   GPIO_InitTypeDef GPIO_InitStruct;
 137:Src/stm32f0xx_hal_msp.c ****   if(husart->Instance==USART1)
 279              		.loc 1 137 0
 280 0008 7B68     		ldr	r3, [r7, #4]
 281 000a 1B68     		ldr	r3, [r3]
 282 000c 264A     		ldr	r2, .L17
 283 000e 9342     		cmp	r3, r2
 284 0010 45D1     		bne	.L16
 285              	.LBB4:
 138:Src/stm32f0xx_hal_msp.c ****   {
 139:Src/stm32f0xx_hal_msp.c ****   /* USER CODE BEGIN USART1_MspInit 0 */
 140:Src/stm32f0xx_hal_msp.c **** 
 141:Src/stm32f0xx_hal_msp.c ****   /* USER CODE END USART1_MspInit 0 */
 142:Src/stm32f0xx_hal_msp.c ****     /* Peripheral clock enable */
 143:Src/stm32f0xx_hal_msp.c ****     __HAL_RCC_USART1_CLK_ENABLE();
 286              		.loc 1 143 0
 287 0012 264B     		ldr	r3, .L17+4
 288 0014 254A     		ldr	r2, .L17+4
 289 0016 9269     		ldr	r2, [r2, #24]
 290 0018 8021     		movs	r1, #128
 291 001a C901     		lsls	r1, r1, #7
 292 001c 0A43     		orrs	r2, r1
 293 001e 9A61     		str	r2, [r3, #24]
 294 0020 224B     		ldr	r3, .L17+4
 295 0022 9A69     		ldr	r2, [r3, #24]
 296 0024 8023     		movs	r3, #128
 297 0026 DB01     		lsls	r3, r3, #7
 298 0028 1340     		ands	r3, r2
 299 002a BB60     		str	r3, [r7, #8]
 300 002c BB68     		ldr	r3, [r7, #8]
 301              	.LBE4:
 144:Src/stm32f0xx_hal_msp.c ****   
 145:Src/stm32f0xx_hal_msp.c ****     /**USART1 GPIO Configuration    
 146:Src/stm32f0xx_hal_msp.c ****     PA8     ------> USART1_CK
 147:Src/stm32f0xx_hal_msp.c ****     PB6     ------> USART1_TX
 148:Src/stm32f0xx_hal_msp.c ****     PB7     ------> USART1_RX 
 149:Src/stm32f0xx_hal_msp.c ****     */
 150:Src/stm32f0xx_hal_msp.c ****     GPIO_InitStruct.Pin = GPIO_PIN_8;
 302              		.loc 1 150 0
 303 002e 0C23     		movs	r3, #12
 304 0030 FB18     		adds	r3, r7, r3
 305 0032 8022     		movs	r2, #128
 306 0034 5200     		lsls	r2, r2, #1
 307 0036 1A60     		str	r2, [r3]
 151:Src/stm32f0xx_hal_msp.c ****     GPIO_InitStruct.Mode = GPIO_MODE_AF_PP;
 308              		.loc 1 151 0
 309 0038 0C23     		movs	r3, #12
 310 003a FB18     		adds	r3, r7, r3
 311 003c 0222     		movs	r2, #2
 312 003e 5A60     		str	r2, [r3, #4]
ARM GAS  /tmp/ccUROfRd.s 			page 9


 152:Src/stm32f0xx_hal_msp.c ****     GPIO_InitStruct.Pull = GPIO_NOPULL;
 313              		.loc 1 152 0
 314 0040 0C23     		movs	r3, #12
 315 0042 FB18     		adds	r3, r7, r3
 316 0044 0022     		movs	r2, #0
 317 0046 9A60     		str	r2, [r3, #8]
 153:Src/stm32f0xx_hal_msp.c ****     GPIO_InitStruct.Speed = GPIO_SPEED_FREQ_HIGH;
 318              		.loc 1 153 0
 319 0048 0C23     		movs	r3, #12
 320 004a FB18     		adds	r3, r7, r3
 321 004c 0322     		movs	r2, #3
 322 004e DA60     		str	r2, [r3, #12]
 154:Src/stm32f0xx_hal_msp.c ****     GPIO_InitStruct.Alternate = GPIO_AF1_USART1;
 323              		.loc 1 154 0
 324 0050 0C23     		movs	r3, #12
 325 0052 FB18     		adds	r3, r7, r3
 326 0054 0122     		movs	r2, #1
 327 0056 1A61     		str	r2, [r3, #16]
 155:Src/stm32f0xx_hal_msp.c ****     HAL_GPIO_Init(GPIOA, &GPIO_InitStruct);
 328              		.loc 1 155 0
 329 0058 0C23     		movs	r3, #12
 330 005a FA18     		adds	r2, r7, r3
 331 005c 9023     		movs	r3, #144
 332 005e DB05     		lsls	r3, r3, #23
 333 0060 1100     		movs	r1, r2
 334 0062 1800     		movs	r0, r3
 335 0064 FFF7FEFF 		bl	HAL_GPIO_Init
 156:Src/stm32f0xx_hal_msp.c **** 
 157:Src/stm32f0xx_hal_msp.c ****     GPIO_InitStruct.Pin = GPIO_PIN_6|GPIO_PIN_7;
 336              		.loc 1 157 0
 337 0068 0C23     		movs	r3, #12
 338 006a FB18     		adds	r3, r7, r3
 339 006c C022     		movs	r2, #192
 340 006e 1A60     		str	r2, [r3]
 158:Src/stm32f0xx_hal_msp.c ****     GPIO_InitStruct.Mode = GPIO_MODE_AF_PP;
 341              		.loc 1 158 0
 342 0070 0C23     		movs	r3, #12
 343 0072 FB18     		adds	r3, r7, r3
 344 0074 0222     		movs	r2, #2
 345 0076 5A60     		str	r2, [r3, #4]
 159:Src/stm32f0xx_hal_msp.c ****     GPIO_InitStruct.Pull = GPIO_NOPULL;
 346              		.loc 1 159 0
 347 0078 0C23     		movs	r3, #12
 348 007a FB18     		adds	r3, r7, r3
 349 007c 0022     		movs	r2, #0
 350 007e 9A60     		str	r2, [r3, #8]
 160:Src/stm32f0xx_hal_msp.c ****     GPIO_InitStruct.Speed = GPIO_SPEED_FREQ_HIGH;
 351              		.loc 1 160 0
 352 0080 0C23     		movs	r3, #12
 353 0082 FB18     		adds	r3, r7, r3
 354 0084 0322     		movs	r2, #3
 355 0086 DA60     		str	r2, [r3, #12]
 161:Src/stm32f0xx_hal_msp.c ****     GPIO_InitStruct.Alternate = GPIO_AF0_USART1;
 356              		.loc 1 161 0
 357 0088 0C23     		movs	r3, #12
 358 008a FB18     		adds	r3, r7, r3
 359 008c 0022     		movs	r2, #0
ARM GAS  /tmp/ccUROfRd.s 			page 10


 360 008e 1A61     		str	r2, [r3, #16]
 162:Src/stm32f0xx_hal_msp.c ****     HAL_GPIO_Init(GPIOB, &GPIO_InitStruct);
 361              		.loc 1 162 0
 362 0090 0C23     		movs	r3, #12
 363 0092 FB18     		adds	r3, r7, r3
 364 0094 064A     		ldr	r2, .L17+8
 365 0096 1900     		movs	r1, r3
 366 0098 1000     		movs	r0, r2
 367 009a FFF7FEFF 		bl	HAL_GPIO_Init
 368              	.L16:
 163:Src/stm32f0xx_hal_msp.c **** 
 164:Src/stm32f0xx_hal_msp.c ****   /* USER CODE BEGIN USART1_MspInit 1 */
 165:Src/stm32f0xx_hal_msp.c **** 
 166:Src/stm32f0xx_hal_msp.c ****   /* USER CODE END USART1_MspInit 1 */
 167:Src/stm32f0xx_hal_msp.c ****   }
 168:Src/stm32f0xx_hal_msp.c **** 
 169:Src/stm32f0xx_hal_msp.c **** }
 369              		.loc 1 169 0
 370 009e C046     		nop
 371 00a0 BD46     		mov	sp, r7
 372 00a2 08B0     		add	sp, sp, #32
 373              		@ sp needed
 374 00a4 80BD     		pop	{r7, pc}
 375              	.L18:
 376 00a6 C046     		.align	2
 377              	.L17:
 378 00a8 00380140 		.word	1073821696
 379 00ac 00100240 		.word	1073876992
 380 00b0 00040048 		.word	1207960576
 381              		.cfi_endproc
 382              	.LFE38:
 384              		.section	.text.HAL_USART_MspDeInit,"ax",%progbits
 385              		.align	1
 386              		.global	HAL_USART_MspDeInit
 387              		.syntax unified
 388              		.code	16
 389              		.thumb_func
 390              		.fpu softvfp
 392              	HAL_USART_MspDeInit:
 393              	.LFB39:
 170:Src/stm32f0xx_hal_msp.c **** 
 171:Src/stm32f0xx_hal_msp.c **** void HAL_USART_MspDeInit(USART_HandleTypeDef* husart)
 172:Src/stm32f0xx_hal_msp.c **** {
 394              		.loc 1 172 0
 395              		.cfi_startproc
 396 0000 80B5     		push	{r7, lr}
 397              	.LCFI12:
 398              		.cfi_def_cfa_offset 8
 399              		.cfi_offset 7, -8
 400              		.cfi_offset 14, -4
 401 0002 82B0     		sub	sp, sp, #8
 402              	.LCFI13:
 403              		.cfi_def_cfa_offset 16
 404 0004 00AF     		add	r7, sp, #0
 405              	.LCFI14:
 406              		.cfi_def_cfa_register 7
 407 0006 7860     		str	r0, [r7, #4]
ARM GAS  /tmp/ccUROfRd.s 			page 11


 173:Src/stm32f0xx_hal_msp.c **** 
 174:Src/stm32f0xx_hal_msp.c ****   if(husart->Instance==USART1)
 408              		.loc 1 174 0
 409 0008 7B68     		ldr	r3, [r7, #4]
 410 000a 1B68     		ldr	r3, [r3]
 411 000c 0C4A     		ldr	r2, .L22
 412 000e 9342     		cmp	r3, r2
 413 0010 12D1     		bne	.L21
 175:Src/stm32f0xx_hal_msp.c ****   {
 176:Src/stm32f0xx_hal_msp.c ****   /* USER CODE BEGIN USART1_MspDeInit 0 */
 177:Src/stm32f0xx_hal_msp.c **** 
 178:Src/stm32f0xx_hal_msp.c ****   /* USER CODE END USART1_MspDeInit 0 */
 179:Src/stm32f0xx_hal_msp.c ****     /* Peripheral clock disable */
 180:Src/stm32f0xx_hal_msp.c ****     __HAL_RCC_USART1_CLK_DISABLE();
 414              		.loc 1 180 0
 415 0012 0C4B     		ldr	r3, .L22+4
 416 0014 0B4A     		ldr	r2, .L22+4
 417 0016 9269     		ldr	r2, [r2, #24]
 418 0018 0B49     		ldr	r1, .L22+8
 419 001a 0A40     		ands	r2, r1
 420 001c 9A61     		str	r2, [r3, #24]
 181:Src/stm32f0xx_hal_msp.c ****   
 182:Src/stm32f0xx_hal_msp.c ****     /**USART1 GPIO Configuration    
 183:Src/stm32f0xx_hal_msp.c ****     PA8     ------> USART1_CK
 184:Src/stm32f0xx_hal_msp.c ****     PB6     ------> USART1_TX
 185:Src/stm32f0xx_hal_msp.c ****     PB7     ------> USART1_RX 
 186:Src/stm32f0xx_hal_msp.c ****     */
 187:Src/stm32f0xx_hal_msp.c ****     HAL_GPIO_DeInit(GPIOA, GPIO_PIN_8);
 421              		.loc 1 187 0
 422 001e 8023     		movs	r3, #128
 423 0020 5A00     		lsls	r2, r3, #1
 424 0022 9023     		movs	r3, #144
 425 0024 DB05     		lsls	r3, r3, #23
 426 0026 1100     		movs	r1, r2
 427 0028 1800     		movs	r0, r3
 428 002a FFF7FEFF 		bl	HAL_GPIO_DeInit
 188:Src/stm32f0xx_hal_msp.c **** 
 189:Src/stm32f0xx_hal_msp.c ****     HAL_GPIO_DeInit(GPIOB, GPIO_PIN_6|GPIO_PIN_7);
 429              		.loc 1 189 0
 430 002e 074B     		ldr	r3, .L22+12
 431 0030 C021     		movs	r1, #192
 432 0032 1800     		movs	r0, r3
 433 0034 FFF7FEFF 		bl	HAL_GPIO_DeInit
 434              	.L21:
 190:Src/stm32f0xx_hal_msp.c **** 
 191:Src/stm32f0xx_hal_msp.c ****   }
 192:Src/stm32f0xx_hal_msp.c ****   /* USER CODE BEGIN USART1_MspDeInit 1 */
 193:Src/stm32f0xx_hal_msp.c **** 
 194:Src/stm32f0xx_hal_msp.c ****   /* USER CODE END USART1_MspDeInit 1 */
 195:Src/stm32f0xx_hal_msp.c **** 
 196:Src/stm32f0xx_hal_msp.c **** }
 435              		.loc 1 196 0
 436 0038 C046     		nop
 437 003a BD46     		mov	sp, r7
 438 003c 02B0     		add	sp, sp, #8
 439              		@ sp needed
 440 003e 80BD     		pop	{r7, pc}
ARM GAS  /tmp/ccUROfRd.s 			page 12


 441              	.L23:
 442              		.align	2
 443              	.L22:
 444 0040 00380140 		.word	1073821696
 445 0044 00100240 		.word	1073876992
 446 0048 FFBFFFFF 		.word	-16385
 447 004c 00040048 		.word	1207960576
 448              		.cfi_endproc
 449              	.LFE39:
 451              		.text
 452              	.Letext0:
 453              		.file 2 "/usr/arm-none-eabi/include/machine/_default_types.h"
 454              		.file 3 "/usr/arm-none-eabi/include/sys/_stdint.h"
 455              		.file 4 "Drivers/CMSIS/Device/ST/STM32F0xx/Include/system_stm32f0xx.h"
 456              		.file 5 "Drivers/CMSIS/Device/ST/STM32F0xx/Include/stm32f072xb.h"
 457              		.file 6 "/usr/arm-none-eabi/include/sys/lock.h"
 458              		.file 7 "/usr/arm-none-eabi/include/sys/_types.h"
 459              		.file 8 "/usr/lib/gcc/arm-none-eabi/6.2.0/include/stddef.h"
 460              		.file 9 "/usr/arm-none-eabi/include/sys/reent.h"
 461              		.file 10 "Drivers/STM32F0xx_HAL_Driver/Inc/stm32f0xx_hal_def.h"
 462              		.file 11 "Drivers/STM32F0xx_HAL_Driver/Inc/stm32f0xx_hal_gpio.h"
 463              		.file 12 "Drivers/STM32F0xx_HAL_Driver/Inc/stm32f0xx_hal_dma.h"
 464              		.file 13 "Drivers/STM32F0xx_HAL_Driver/Inc/stm32f0xx_hal_i2c.h"
 465              		.file 14 "Drivers/STM32F0xx_HAL_Driver/Inc/stm32f0xx_hal_usart.h"
ARM GAS  /tmp/ccUROfRd.s 			page 13


DEFINED SYMBOLS
                            *ABS*:0000000000000000 stm32f0xx_hal_msp.c
     /tmp/ccUROfRd.s:16     .text.HAL_MspInit:0000000000000000 $t
     /tmp/ccUROfRd.s:23     .text.HAL_MspInit:0000000000000000 HAL_MspInit
     /tmp/ccUROfRd.s:84     .text.HAL_MspInit:0000000000000050 $d
     /tmp/ccUROfRd.s:89     .text.HAL_I2C_MspInit:0000000000000000 $t
     /tmp/ccUROfRd.s:96     .text.HAL_I2C_MspInit:0000000000000000 HAL_I2C_MspInit
     /tmp/ccUROfRd.s:188    .text.HAL_I2C_MspInit:0000000000000084 $d
     /tmp/ccUROfRd.s:195    .text.HAL_I2C_MspDeInit:0000000000000000 $t
     /tmp/ccUROfRd.s:202    .text.HAL_I2C_MspDeInit:0000000000000000 HAL_I2C_MspDeInit
     /tmp/ccUROfRd.s:248    .text.HAL_I2C_MspDeInit:0000000000000034 $d
     /tmp/ccUROfRd.s:256    .text.HAL_USART_MspInit:0000000000000000 $t
     /tmp/ccUROfRd.s:263    .text.HAL_USART_MspInit:0000000000000000 HAL_USART_MspInit
     /tmp/ccUROfRd.s:378    .text.HAL_USART_MspInit:00000000000000a8 $d
     /tmp/ccUROfRd.s:385    .text.HAL_USART_MspDeInit:0000000000000000 $t
     /tmp/ccUROfRd.s:392    .text.HAL_USART_MspDeInit:0000000000000000 HAL_USART_MspDeInit
     /tmp/ccUROfRd.s:444    .text.HAL_USART_MspDeInit:0000000000000040 $d
                     .debug_frame:0000000000000010 $d

UNDEFINED SYMBOLS
HAL_NVIC_SetPriority
HAL_GPIO_Init
HAL_I2CEx_EnableFastModePlus
HAL_GPIO_DeInit
