ARM GAS  /tmp/cc1leGI8.s 			page 1


   1              		.cpu cortex-m0
   2              		.eabi_attribute 20, 1
   3              		.eabi_attribute 21, 1
   4              		.eabi_attribute 23, 3
   5              		.eabi_attribute 24, 1
   6              		.eabi_attribute 25, 1
   7              		.eabi_attribute 26, 1
   8              		.eabi_attribute 30, 6
   9              		.eabi_attribute 34, 0
  10              		.eabi_attribute 18, 4
  11              		.file	"stm32f0xx_it.c"
  12              		.text
  13              	.Ltext0:
  14              		.cfi_sections	.debug_frame
  15              		.section	.text.NMI_Handler,"ax",%progbits
  16              		.align	1
  17              		.global	NMI_Handler
  18              		.syntax unified
  19              		.code	16
  20              		.thumb_func
  21              		.fpu softvfp
  23              	NMI_Handler:
  24              	.LFB35:
  25              		.file 1 "Src/stm32f0xx_it.c"
   1:Src/stm32f0xx_it.c **** /**
   2:Src/stm32f0xx_it.c ****   ******************************************************************************
   3:Src/stm32f0xx_it.c ****   * @file    stm32f0xx_it.c
   4:Src/stm32f0xx_it.c ****   * @brief   Interrupt Service Routines.
   5:Src/stm32f0xx_it.c ****   ******************************************************************************
   6:Src/stm32f0xx_it.c ****   *
   7:Src/stm32f0xx_it.c ****   * COPYRIGHT(c) 2016 STMicroelectronics
   8:Src/stm32f0xx_it.c ****   *
   9:Src/stm32f0xx_it.c ****   * Redistribution and use in source and binary forms, with or without modification,
  10:Src/stm32f0xx_it.c ****   * are permitted provided that the following conditions are met:
  11:Src/stm32f0xx_it.c ****   *   1. Redistributions of source code must retain the above copyright notice,
  12:Src/stm32f0xx_it.c ****   *      this list of conditions and the following disclaimer.
  13:Src/stm32f0xx_it.c ****   *   2. Redistributions in binary form must reproduce the above copyright notice,
  14:Src/stm32f0xx_it.c ****   *      this list of conditions and the following disclaimer in the documentation
  15:Src/stm32f0xx_it.c ****   *      and/or other materials provided with the distribution.
  16:Src/stm32f0xx_it.c ****   *   3. Neither the name of STMicroelectronics nor the names of its contributors
  17:Src/stm32f0xx_it.c ****   *      may be used to endorse or promote products derived from this software
  18:Src/stm32f0xx_it.c ****   *      without specific prior written permission.
  19:Src/stm32f0xx_it.c ****   *
  20:Src/stm32f0xx_it.c ****   * THIS SOFTWARE IS PROVIDED BY THE COPYRIGHT HOLDERS AND CONTRIBUTORS "AS IS"
  21:Src/stm32f0xx_it.c ****   * AND ANY EXPRESS OR IMPLIED WARRANTIES, INCLUDING, BUT NOT LIMITED TO, THE
  22:Src/stm32f0xx_it.c ****   * IMPLIED WARRANTIES OF MERCHANTABILITY AND FITNESS FOR A PARTICULAR PURPOSE ARE
  23:Src/stm32f0xx_it.c ****   * DISCLAIMED. IN NO EVENT SHALL THE COPYRIGHT HOLDER OR CONTRIBUTORS BE LIABLE
  24:Src/stm32f0xx_it.c ****   * FOR ANY DIRECT, INDIRECT, INCIDENTAL, SPECIAL, EXEMPLARY, OR CONSEQUENTIAL
  25:Src/stm32f0xx_it.c ****   * DAMAGES (INCLUDING, BUT NOT LIMITED TO, PROCUREMENT OF SUBSTITUTE GOODS OR
  26:Src/stm32f0xx_it.c ****   * SERVICES; LOSS OF USE, DATA, OR PROFITS; OR BUSINESS INTERRUPTION) HOWEVER
  27:Src/stm32f0xx_it.c ****   * CAUSED AND ON ANY THEORY OF LIABILITY, WHETHER IN CONTRACT, STRICT LIABILITY,
  28:Src/stm32f0xx_it.c ****   * OR TORT (INCLUDING NEGLIGENCE OR OTHERWISE) ARISING IN ANY WAY OUT OF THE USE
  29:Src/stm32f0xx_it.c ****   * OF THIS SOFTWARE, EVEN IF ADVISED OF THE POSSIBILITY OF SUCH DAMAGE.
  30:Src/stm32f0xx_it.c ****   *
  31:Src/stm32f0xx_it.c ****   ******************************************************************************
  32:Src/stm32f0xx_it.c ****   */
  33:Src/stm32f0xx_it.c **** /* Includes ------------------------------------------------------------------*/
ARM GAS  /tmp/cc1leGI8.s 			page 2


  34:Src/stm32f0xx_it.c **** #include "stm32f0xx_hal.h"
  35:Src/stm32f0xx_it.c **** #include "stm32f0xx.h"
  36:Src/stm32f0xx_it.c **** #include "stm32f0xx_it.h"
  37:Src/stm32f0xx_it.c **** 
  38:Src/stm32f0xx_it.c **** /* USER CODE BEGIN 0 */
  39:Src/stm32f0xx_it.c **** 
  40:Src/stm32f0xx_it.c **** /* USER CODE END 0 */
  41:Src/stm32f0xx_it.c **** 
  42:Src/stm32f0xx_it.c **** /* External variables --------------------------------------------------------*/
  43:Src/stm32f0xx_it.c **** extern PCD_HandleTypeDef hpcd_USB_FS;
  44:Src/stm32f0xx_it.c **** 
  45:Src/stm32f0xx_it.c **** /******************************************************************************/
  46:Src/stm32f0xx_it.c **** /*            Cortex-M0 Processor Interruption and Exception Handlers         */ 
  47:Src/stm32f0xx_it.c **** /******************************************************************************/
  48:Src/stm32f0xx_it.c **** 
  49:Src/stm32f0xx_it.c **** /**
  50:Src/stm32f0xx_it.c **** * @brief This function handles Non maskable interrupt.
  51:Src/stm32f0xx_it.c **** */
  52:Src/stm32f0xx_it.c **** void NMI_Handler(void)
  53:Src/stm32f0xx_it.c **** {
  26              		.loc 1 53 0
  27              		.cfi_startproc
  28 0000 80B5     		push	{r7, lr}
  29              	.LCFI0:
  30              		.cfi_def_cfa_offset 8
  31              		.cfi_offset 7, -8
  32              		.cfi_offset 14, -4
  33 0002 00AF     		add	r7, sp, #0
  34              	.LCFI1:
  35              		.cfi_def_cfa_register 7
  54:Src/stm32f0xx_it.c ****   /* USER CODE BEGIN NonMaskableInt_IRQn 0 */
  55:Src/stm32f0xx_it.c **** 
  56:Src/stm32f0xx_it.c ****   /* USER CODE END NonMaskableInt_IRQn 0 */
  57:Src/stm32f0xx_it.c ****   /* USER CODE BEGIN NonMaskableInt_IRQn 1 */
  58:Src/stm32f0xx_it.c **** 
  59:Src/stm32f0xx_it.c ****   /* USER CODE END NonMaskableInt_IRQn 1 */
  60:Src/stm32f0xx_it.c **** }
  36              		.loc 1 60 0
  37 0004 C046     		nop
  38 0006 BD46     		mov	sp, r7
  39              		@ sp needed
  40 0008 80BD     		pop	{r7, pc}
  41              		.cfi_endproc
  42              	.LFE35:
  44              		.section	.text.HardFault_Handler,"ax",%progbits
  45              		.align	1
  46              		.global	HardFault_Handler
  47              		.syntax unified
  48              		.code	16
  49              		.thumb_func
  50              		.fpu softvfp
  52              	HardFault_Handler:
  53              	.LFB36:
  61:Src/stm32f0xx_it.c **** 
  62:Src/stm32f0xx_it.c **** /**
  63:Src/stm32f0xx_it.c **** * @brief This function handles Hard fault interrupt.
  64:Src/stm32f0xx_it.c **** */
ARM GAS  /tmp/cc1leGI8.s 			page 3


  65:Src/stm32f0xx_it.c **** void HardFault_Handler(void)
  66:Src/stm32f0xx_it.c **** {
  54              		.loc 1 66 0
  55              		.cfi_startproc
  56 0000 80B5     		push	{r7, lr}
  57              	.LCFI2:
  58              		.cfi_def_cfa_offset 8
  59              		.cfi_offset 7, -8
  60              		.cfi_offset 14, -4
  61 0002 00AF     		add	r7, sp, #0
  62              	.LCFI3:
  63              		.cfi_def_cfa_register 7
  64              	.L3:
  67:Src/stm32f0xx_it.c ****   /* USER CODE BEGIN HardFault_IRQn 0 */
  68:Src/stm32f0xx_it.c **** 
  69:Src/stm32f0xx_it.c ****   /* USER CODE END HardFault_IRQn 0 */
  70:Src/stm32f0xx_it.c ****   while (1)
  65              		.loc 1 70 0 discriminator 1
  66 0004 FEE7     		b	.L3
  67              		.cfi_endproc
  68              	.LFE36:
  70              		.section	.text.SVC_Handler,"ax",%progbits
  71              		.align	1
  72              		.global	SVC_Handler
  73              		.syntax unified
  74              		.code	16
  75              		.thumb_func
  76              		.fpu softvfp
  78              	SVC_Handler:
  79              	.LFB37:
  71:Src/stm32f0xx_it.c ****   {
  72:Src/stm32f0xx_it.c ****   }
  73:Src/stm32f0xx_it.c ****   /* USER CODE BEGIN HardFault_IRQn 1 */
  74:Src/stm32f0xx_it.c **** 
  75:Src/stm32f0xx_it.c ****   /* USER CODE END HardFault_IRQn 1 */
  76:Src/stm32f0xx_it.c **** }
  77:Src/stm32f0xx_it.c **** 
  78:Src/stm32f0xx_it.c **** /**
  79:Src/stm32f0xx_it.c **** * @brief This function handles System service call via SWI instruction.
  80:Src/stm32f0xx_it.c **** */
  81:Src/stm32f0xx_it.c **** void SVC_Handler(void)
  82:Src/stm32f0xx_it.c **** {
  80              		.loc 1 82 0
  81              		.cfi_startproc
  82 0000 80B5     		push	{r7, lr}
  83              	.LCFI4:
  84              		.cfi_def_cfa_offset 8
  85              		.cfi_offset 7, -8
  86              		.cfi_offset 14, -4
  87 0002 00AF     		add	r7, sp, #0
  88              	.LCFI5:
  89              		.cfi_def_cfa_register 7
  83:Src/stm32f0xx_it.c ****   /* USER CODE BEGIN SVC_IRQn 0 */
  84:Src/stm32f0xx_it.c **** 
  85:Src/stm32f0xx_it.c ****   /* USER CODE END SVC_IRQn 0 */
  86:Src/stm32f0xx_it.c ****   /* USER CODE BEGIN SVC_IRQn 1 */
  87:Src/stm32f0xx_it.c **** 
ARM GAS  /tmp/cc1leGI8.s 			page 4


  88:Src/stm32f0xx_it.c ****   /* USER CODE END SVC_IRQn 1 */
  89:Src/stm32f0xx_it.c **** }
  90              		.loc 1 89 0
  91 0004 C046     		nop
  92 0006 BD46     		mov	sp, r7
  93              		@ sp needed
  94 0008 80BD     		pop	{r7, pc}
  95              		.cfi_endproc
  96              	.LFE37:
  98              		.section	.text.PendSV_Handler,"ax",%progbits
  99              		.align	1
 100              		.global	PendSV_Handler
 101              		.syntax unified
 102              		.code	16
 103              		.thumb_func
 104              		.fpu softvfp
 106              	PendSV_Handler:
 107              	.LFB38:
  90:Src/stm32f0xx_it.c **** 
  91:Src/stm32f0xx_it.c **** /**
  92:Src/stm32f0xx_it.c **** * @brief This function handles Pendable request for system service.
  93:Src/stm32f0xx_it.c **** */
  94:Src/stm32f0xx_it.c **** void PendSV_Handler(void)
  95:Src/stm32f0xx_it.c **** {
 108              		.loc 1 95 0
 109              		.cfi_startproc
 110 0000 80B5     		push	{r7, lr}
 111              	.LCFI6:
 112              		.cfi_def_cfa_offset 8
 113              		.cfi_offset 7, -8
 114              		.cfi_offset 14, -4
 115 0002 00AF     		add	r7, sp, #0
 116              	.LCFI7:
 117              		.cfi_def_cfa_register 7
  96:Src/stm32f0xx_it.c ****   /* USER CODE BEGIN PendSV_IRQn 0 */
  97:Src/stm32f0xx_it.c **** 
  98:Src/stm32f0xx_it.c ****   /* USER CODE END PendSV_IRQn 0 */
  99:Src/stm32f0xx_it.c ****   /* USER CODE BEGIN PendSV_IRQn 1 */
 100:Src/stm32f0xx_it.c **** 
 101:Src/stm32f0xx_it.c ****   /* USER CODE END PendSV_IRQn 1 */
 102:Src/stm32f0xx_it.c **** }
 118              		.loc 1 102 0
 119 0004 C046     		nop
 120 0006 BD46     		mov	sp, r7
 121              		@ sp needed
 122 0008 80BD     		pop	{r7, pc}
 123              		.cfi_endproc
 124              	.LFE38:
 126              		.section	.text.SysTick_Handler,"ax",%progbits
 127              		.align	1
 128              		.global	SysTick_Handler
 129              		.syntax unified
 130              		.code	16
 131              		.thumb_func
 132              		.fpu softvfp
 134              	SysTick_Handler:
 135              	.LFB39:
ARM GAS  /tmp/cc1leGI8.s 			page 5


 103:Src/stm32f0xx_it.c **** 
 104:Src/stm32f0xx_it.c **** /**
 105:Src/stm32f0xx_it.c **** * @brief This function handles System tick timer.
 106:Src/stm32f0xx_it.c **** */
 107:Src/stm32f0xx_it.c **** void SysTick_Handler(void)
 108:Src/stm32f0xx_it.c **** {
 136              		.loc 1 108 0
 137              		.cfi_startproc
 138 0000 80B5     		push	{r7, lr}
 139              	.LCFI8:
 140              		.cfi_def_cfa_offset 8
 141              		.cfi_offset 7, -8
 142              		.cfi_offset 14, -4
 143 0002 00AF     		add	r7, sp, #0
 144              	.LCFI9:
 145              		.cfi_def_cfa_register 7
 109:Src/stm32f0xx_it.c ****   /* USER CODE BEGIN SysTick_IRQn 0 */
 110:Src/stm32f0xx_it.c **** 
 111:Src/stm32f0xx_it.c ****   /* USER CODE END SysTick_IRQn 0 */
 112:Src/stm32f0xx_it.c ****   HAL_IncTick();
 146              		.loc 1 112 0
 147 0004 FFF7FEFF 		bl	HAL_IncTick
 113:Src/stm32f0xx_it.c ****   HAL_SYSTICK_IRQHandler();
 148              		.loc 1 113 0
 149 0008 FFF7FEFF 		bl	HAL_SYSTICK_IRQHandler
 114:Src/stm32f0xx_it.c ****   /* USER CODE BEGIN SysTick_IRQn 1 */
 115:Src/stm32f0xx_it.c **** 
 116:Src/stm32f0xx_it.c ****   /* USER CODE END SysTick_IRQn 1 */
 117:Src/stm32f0xx_it.c **** }
 150              		.loc 1 117 0
 151 000c C046     		nop
 152 000e BD46     		mov	sp, r7
 153              		@ sp needed
 154 0010 80BD     		pop	{r7, pc}
 155              		.cfi_endproc
 156              	.LFE39:
 158              		.section	.text.USB_IRQHandler,"ax",%progbits
 159              		.align	1
 160              		.global	USB_IRQHandler
 161              		.syntax unified
 162              		.code	16
 163              		.thumb_func
 164              		.fpu softvfp
 166              	USB_IRQHandler:
 167              	.LFB40:
 118:Src/stm32f0xx_it.c **** 
 119:Src/stm32f0xx_it.c **** /******************************************************************************/
 120:Src/stm32f0xx_it.c **** /* STM32F0xx Peripheral Interrupt Handlers                                    */
 121:Src/stm32f0xx_it.c **** /* Add here the Interrupt Handlers for the used peripherals.                  */
 122:Src/stm32f0xx_it.c **** /* For the available peripheral interrupt handler names,                      */
 123:Src/stm32f0xx_it.c **** /* please refer to the startup file (startup_stm32f0xx.s).                    */
 124:Src/stm32f0xx_it.c **** /******************************************************************************/
 125:Src/stm32f0xx_it.c **** 
 126:Src/stm32f0xx_it.c **** /**
 127:Src/stm32f0xx_it.c **** * @brief This function handles USB global interrupt / USB wake-up interrupt through EXTI line 18.
 128:Src/stm32f0xx_it.c **** */
 129:Src/stm32f0xx_it.c **** void USB_IRQHandler(void)
ARM GAS  /tmp/cc1leGI8.s 			page 6


 130:Src/stm32f0xx_it.c **** {
 168              		.loc 1 130 0
 169              		.cfi_startproc
 170 0000 80B5     		push	{r7, lr}
 171              	.LCFI10:
 172              		.cfi_def_cfa_offset 8
 173              		.cfi_offset 7, -8
 174              		.cfi_offset 14, -4
 175 0002 00AF     		add	r7, sp, #0
 176              	.LCFI11:
 177              		.cfi_def_cfa_register 7
 131:Src/stm32f0xx_it.c ****   /* USER CODE BEGIN USB_IRQn 0 */
 132:Src/stm32f0xx_it.c **** 
 133:Src/stm32f0xx_it.c ****   /* USER CODE END USB_IRQn 0 */
 134:Src/stm32f0xx_it.c ****   HAL_PCD_IRQHandler(&hpcd_USB_FS);
 178              		.loc 1 134 0
 179 0004 034B     		ldr	r3, .L8
 180 0006 1800     		movs	r0, r3
 181 0008 FFF7FEFF 		bl	HAL_PCD_IRQHandler
 135:Src/stm32f0xx_it.c ****   /* USER CODE BEGIN USB_IRQn 1 */
 136:Src/stm32f0xx_it.c **** 
 137:Src/stm32f0xx_it.c ****   /* USER CODE END USB_IRQn 1 */
 138:Src/stm32f0xx_it.c **** }
 182              		.loc 1 138 0
 183 000c C046     		nop
 184 000e BD46     		mov	sp, r7
 185              		@ sp needed
 186 0010 80BD     		pop	{r7, pc}
 187              	.L9:
 188 0012 C046     		.align	2
 189              	.L8:
 190 0014 00000000 		.word	hpcd_USB_FS
 191              		.cfi_endproc
 192              	.LFE40:
 194              		.text
 195              	.Letext0:
 196              		.file 2 "/usr/arm-none-eabi/include/machine/_default_types.h"
 197              		.file 3 "/usr/arm-none-eabi/include/sys/_stdint.h"
 198              		.file 4 "Drivers/CMSIS/Device/ST/STM32F0xx/Include/system_stm32f0xx.h"
 199              		.file 5 "Drivers/CMSIS/Device/ST/STM32F0xx/Include/stm32f072xb.h"
 200              		.file 6 "/usr/arm-none-eabi/include/sys/lock.h"
 201              		.file 7 "/usr/arm-none-eabi/include/sys/_types.h"
 202              		.file 8 "/usr/lib/gcc/arm-none-eabi/6.2.0/include/stddef.h"
 203              		.file 9 "/usr/arm-none-eabi/include/sys/reent.h"
 204              		.file 10 "Drivers/STM32F0xx_HAL_Driver/Inc/stm32f0xx_hal_def.h"
 205              		.file 11 "Drivers/STM32F0xx_HAL_Driver/Inc/stm32f0xx_hal_pcd.h"
ARM GAS  /tmp/cc1leGI8.s 			page 7


DEFINED SYMBOLS
                            *ABS*:0000000000000000 stm32f0xx_it.c
     /tmp/cc1leGI8.s:16     .text.NMI_Handler:0000000000000000 $t
     /tmp/cc1leGI8.s:23     .text.NMI_Handler:0000000000000000 NMI_Handler
     /tmp/cc1leGI8.s:45     .text.HardFault_Handler:0000000000000000 $t
     /tmp/cc1leGI8.s:52     .text.HardFault_Handler:0000000000000000 HardFault_Handler
     /tmp/cc1leGI8.s:71     .text.SVC_Handler:0000000000000000 $t
     /tmp/cc1leGI8.s:78     .text.SVC_Handler:0000000000000000 SVC_Handler
     /tmp/cc1leGI8.s:99     .text.PendSV_Handler:0000000000000000 $t
     /tmp/cc1leGI8.s:106    .text.PendSV_Handler:0000000000000000 PendSV_Handler
     /tmp/cc1leGI8.s:127    .text.SysTick_Handler:0000000000000000 $t
     /tmp/cc1leGI8.s:134    .text.SysTick_Handler:0000000000000000 SysTick_Handler
     /tmp/cc1leGI8.s:159    .text.USB_IRQHandler:0000000000000000 $t
     /tmp/cc1leGI8.s:166    .text.USB_IRQHandler:0000000000000000 USB_IRQHandler
     /tmp/cc1leGI8.s:190    .text.USB_IRQHandler:0000000000000014 $d
                     .debug_frame:0000000000000010 $d

UNDEFINED SYMBOLS
HAL_IncTick
HAL_SYSTICK_IRQHandler
HAL_PCD_IRQHandler
hpcd_USB_FS
