ARM GAS  /tmp/ccz6TYFx.s 			page 1


   1              		.cpu cortex-m0
   2              		.eabi_attribute 20, 1
   3              		.eabi_attribute 21, 1
   4              		.eabi_attribute 23, 3
   5              		.eabi_attribute 24, 1
   6              		.eabi_attribute 25, 1
   7              		.eabi_attribute 26, 1
   8              		.eabi_attribute 30, 6
   9              		.eabi_attribute 34, 0
  10              		.eabi_attribute 18, 4
  11              		.file	"u8g_scale.c"
  12              		.text
  13              	.Ltext0:
  14              		.cfi_sections	.debug_frame
  15              		.global	u8g_dev_scale
  16              		.section	.data.u8g_dev_scale,"aw",%progbits
  17              		.align	2
  20              	u8g_dev_scale:
  21 0000 00000000 		.word	u8g_dev_scale_2x2_fn
  22 0004 00000000 		.word	0
  23 0008 00000000 		.word	0
  24              		.section	.text.u8g_UndoScale,"ax",%progbits
  25              		.align	1
  26              		.global	u8g_UndoScale
  27              		.syntax unified
  28              		.code	16
  29              		.thumb_func
  30              		.fpu softvfp
  32              	u8g_UndoScale:
  33              	.LFB0:
  34              		.file 1 "Drivers/u8glib/src/u8g_scale.c"
   1:Drivers/u8glib/src/u8g_scale.c **** /*
   2:Drivers/u8glib/src/u8g_scale.c **** 
   3:Drivers/u8glib/src/u8g_scale.c ****   u8g_scale.c
   4:Drivers/u8glib/src/u8g_scale.c **** 
   5:Drivers/u8glib/src/u8g_scale.c ****   Universal 8bit Graphics Library
   6:Drivers/u8glib/src/u8g_scale.c ****   
   7:Drivers/u8glib/src/u8g_scale.c ****   Copyright (c) 2012, olikraus@gmail.com
   8:Drivers/u8glib/src/u8g_scale.c ****   All rights reserved.
   9:Drivers/u8glib/src/u8g_scale.c **** 
  10:Drivers/u8glib/src/u8g_scale.c ****   Redistribution and use in source and binary forms, with or without modification, 
  11:Drivers/u8glib/src/u8g_scale.c ****   are permitted provided that the following conditions are met:
  12:Drivers/u8glib/src/u8g_scale.c **** 
  13:Drivers/u8glib/src/u8g_scale.c ****   * Redistributions of source code must retain the above copyright notice, this list 
  14:Drivers/u8glib/src/u8g_scale.c ****     of conditions and the following disclaimer.
  15:Drivers/u8glib/src/u8g_scale.c ****     
  16:Drivers/u8glib/src/u8g_scale.c ****   * Redistributions in binary form must reproduce the above copyright notice, this 
  17:Drivers/u8glib/src/u8g_scale.c ****     list of conditions and the following disclaimer in the documentation and/or other 
  18:Drivers/u8glib/src/u8g_scale.c ****     materials provided with the distribution.
  19:Drivers/u8glib/src/u8g_scale.c **** 
  20:Drivers/u8glib/src/u8g_scale.c ****   THIS SOFTWARE IS PROVIDED BY THE COPYRIGHT HOLDERS AND 
  21:Drivers/u8glib/src/u8g_scale.c ****   CONTRIBUTORS "AS IS" AND ANY EXPRESS OR IMPLIED WARRANTIES, 
  22:Drivers/u8glib/src/u8g_scale.c ****   INCLUDING, BUT NOT LIMITED TO, THE IMPLIED WARRANTIES OF 
  23:Drivers/u8glib/src/u8g_scale.c ****   MERCHANTABILITY AND FITNESS FOR A PARTICULAR PURPOSE ARE 
  24:Drivers/u8glib/src/u8g_scale.c ****   DISCLAIMED. IN NO EVENT SHALL THE COPYRIGHT HOLDER OR 
  25:Drivers/u8glib/src/u8g_scale.c ****   CONTRIBUTORS BE LIABLE FOR ANY DIRECT, INDIRECT, INCIDENTAL, 
  26:Drivers/u8glib/src/u8g_scale.c ****   SPECIAL, EXEMPLARY, OR CONSEQUENTIAL DAMAGES (INCLUDING, BUT 
ARM GAS  /tmp/ccz6TYFx.s 			page 2


  27:Drivers/u8glib/src/u8g_scale.c ****   NOT LIMITED TO, PROCUREMENT OF SUBSTITUTE GOODS OR SERVICES; 
  28:Drivers/u8glib/src/u8g_scale.c ****   LOSS OF USE, DATA, OR PROFITS; OR BUSINESS INTERRUPTION) HOWEVER 
  29:Drivers/u8glib/src/u8g_scale.c ****   CAUSED AND ON ANY THEORY OF LIABILITY, WHETHER IN CONTRACT, 
  30:Drivers/u8glib/src/u8g_scale.c ****   STRICT LIABILITY, OR TORT (INCLUDING NEGLIGENCE OR OTHERWISE) 
  31:Drivers/u8glib/src/u8g_scale.c ****   ARISING IN ANY WAY OUT OF THE USE OF THIS SOFTWARE, EVEN IF 
  32:Drivers/u8glib/src/u8g_scale.c ****   ADVISED OF THE POSSIBILITY OF SUCH DAMAGE.  
  33:Drivers/u8glib/src/u8g_scale.c **** 
  34:Drivers/u8glib/src/u8g_scale.c ****   Scale screen by some constant factors. Usefull for making bigger fonts wiht less
  35:Drivers/u8glib/src/u8g_scale.c ****   memory consumption
  36:Drivers/u8glib/src/u8g_scale.c ****     
  37:Drivers/u8glib/src/u8g_scale.c **** */
  38:Drivers/u8glib/src/u8g_scale.c **** 
  39:Drivers/u8glib/src/u8g_scale.c **** #include "u8g.h"
  40:Drivers/u8glib/src/u8g_scale.c **** 
  41:Drivers/u8glib/src/u8g_scale.c **** uint8_t u8g_dev_scale_2x2_fn(u8g_t *u8g, u8g_dev_t *dev, uint8_t msg, void *arg);
  42:Drivers/u8glib/src/u8g_scale.c **** 
  43:Drivers/u8glib/src/u8g_scale.c **** 
  44:Drivers/u8glib/src/u8g_scale.c **** u8g_dev_t u8g_dev_scale = { u8g_dev_scale_2x2_fn, NULL, NULL };
  45:Drivers/u8glib/src/u8g_scale.c **** 
  46:Drivers/u8glib/src/u8g_scale.c **** void u8g_UndoScale(u8g_t *u8g)
  47:Drivers/u8glib/src/u8g_scale.c **** {
  35              		.loc 1 47 0
  36              		.cfi_startproc
  37 0000 80B5     		push	{r7, lr}
  38              	.LCFI0:
  39              		.cfi_def_cfa_offset 8
  40              		.cfi_offset 7, -8
  41              		.cfi_offset 14, -4
  42 0002 82B0     		sub	sp, sp, #8
  43              	.LCFI1:
  44              		.cfi_def_cfa_offset 16
  45 0004 00AF     		add	r7, sp, #0
  46              	.LCFI2:
  47              		.cfi_def_cfa_register 7
  48 0006 7860     		str	r0, [r7, #4]
  48:Drivers/u8glib/src/u8g_scale.c ****   if ( u8g->dev != &u8g_dev_scale )
  49              		.loc 1 48 0
  50 0008 7B68     		ldr	r3, [r7, #4]
  51 000a 5A68     		ldr	r2, [r3, #4]
  52 000c 074B     		ldr	r3, .L5
  53 000e 9A42     		cmp	r2, r3
  54 0010 08D1     		bne	.L4
  49:Drivers/u8glib/src/u8g_scale.c ****     return;
  50:Drivers/u8glib/src/u8g_scale.c ****   u8g->dev = u8g_dev_scale.dev_mem;
  55              		.loc 1 50 0
  56 0012 064B     		ldr	r3, .L5
  57 0014 5A68     		ldr	r2, [r3, #4]
  58 0016 7B68     		ldr	r3, [r7, #4]
  59 0018 5A60     		str	r2, [r3, #4]
  51:Drivers/u8glib/src/u8g_scale.c ****   u8g_UpdateDimension(u8g);
  60              		.loc 1 51 0
  61 001a 7B68     		ldr	r3, [r7, #4]
  62 001c 1800     		movs	r0, r3
  63 001e FFF7FEFF 		bl	u8g_UpdateDimension
  64 0022 00E0     		b	.L1
  65              	.L4:
  49:Drivers/u8glib/src/u8g_scale.c ****     return;
ARM GAS  /tmp/ccz6TYFx.s 			page 3


  66              		.loc 1 49 0
  67 0024 C046     		nop
  68              	.L1:
  52:Drivers/u8glib/src/u8g_scale.c **** }
  69              		.loc 1 52 0
  70 0026 BD46     		mov	sp, r7
  71 0028 02B0     		add	sp, sp, #8
  72              		@ sp needed
  73 002a 80BD     		pop	{r7, pc}
  74              	.L6:
  75              		.align	2
  76              	.L5:
  77 002c 00000000 		.word	u8g_dev_scale
  78              		.cfi_endproc
  79              	.LFE0:
  81              		.section	.text.u8g_SetScale2x2,"ax",%progbits
  82              		.align	1
  83              		.global	u8g_SetScale2x2
  84              		.syntax unified
  85              		.code	16
  86              		.thumb_func
  87              		.fpu softvfp
  89              	u8g_SetScale2x2:
  90              	.LFB1:
  53:Drivers/u8glib/src/u8g_scale.c **** 
  54:Drivers/u8glib/src/u8g_scale.c **** void u8g_SetScale2x2(u8g_t *u8g)
  55:Drivers/u8glib/src/u8g_scale.c **** {
  91              		.loc 1 55 0
  92              		.cfi_startproc
  93 0000 80B5     		push	{r7, lr}
  94              	.LCFI3:
  95              		.cfi_def_cfa_offset 8
  96              		.cfi_offset 7, -8
  97              		.cfi_offset 14, -4
  98 0002 82B0     		sub	sp, sp, #8
  99              	.LCFI4:
 100              		.cfi_def_cfa_offset 16
 101 0004 00AF     		add	r7, sp, #0
 102              	.LCFI5:
 103              		.cfi_def_cfa_register 7
 104 0006 7860     		str	r0, [r7, #4]
  56:Drivers/u8glib/src/u8g_scale.c ****   if ( u8g->dev != &u8g_dev_scale )
 105              		.loc 1 56 0
 106 0008 7B68     		ldr	r3, [r7, #4]
 107 000a 5A68     		ldr	r2, [r3, #4]
 108 000c 0A4B     		ldr	r3, .L9
 109 000e 9A42     		cmp	r2, r3
 110 0010 06D0     		beq	.L8
  57:Drivers/u8glib/src/u8g_scale.c ****   {
  58:Drivers/u8glib/src/u8g_scale.c ****     u8g_dev_scale.dev_mem = u8g->dev;
 111              		.loc 1 58 0
 112 0012 7B68     		ldr	r3, [r7, #4]
 113 0014 5A68     		ldr	r2, [r3, #4]
 114 0016 084B     		ldr	r3, .L9
 115 0018 5A60     		str	r2, [r3, #4]
  59:Drivers/u8glib/src/u8g_scale.c ****     u8g->dev = &u8g_dev_scale;
 116              		.loc 1 59 0
ARM GAS  /tmp/ccz6TYFx.s 			page 4


 117 001a 7B68     		ldr	r3, [r7, #4]
 118 001c 064A     		ldr	r2, .L9
 119 001e 5A60     		str	r2, [r3, #4]
 120              	.L8:
  60:Drivers/u8glib/src/u8g_scale.c ****   }
  61:Drivers/u8glib/src/u8g_scale.c ****   u8g_dev_scale.dev_fn = u8g_dev_scale_2x2_fn;
 121              		.loc 1 61 0
 122 0020 054B     		ldr	r3, .L9
 123 0022 064A     		ldr	r2, .L9+4
 124 0024 1A60     		str	r2, [r3]
  62:Drivers/u8glib/src/u8g_scale.c ****   u8g_UpdateDimension(u8g);
 125              		.loc 1 62 0
 126 0026 7B68     		ldr	r3, [r7, #4]
 127 0028 1800     		movs	r0, r3
 128 002a FFF7FEFF 		bl	u8g_UpdateDimension
  63:Drivers/u8glib/src/u8g_scale.c **** }
 129              		.loc 1 63 0
 130 002e C046     		nop
 131 0030 BD46     		mov	sp, r7
 132 0032 02B0     		add	sp, sp, #8
 133              		@ sp needed
 134 0034 80BD     		pop	{r7, pc}
 135              	.L10:
 136 0036 C046     		.align	2
 137              	.L9:
 138 0038 00000000 		.word	u8g_dev_scale
 139 003c 00000000 		.word	u8g_dev_scale_2x2_fn
 140              		.cfi_endproc
 141              	.LFE1:
 143              		.section	.text.u8g_dev_scale_2x2_fn,"ax",%progbits
 144              		.align	1
 145              		.global	u8g_dev_scale_2x2_fn
 146              		.syntax unified
 147              		.code	16
 148              		.thumb_func
 149              		.fpu softvfp
 151              	u8g_dev_scale_2x2_fn:
 152              	.LFB2:
  64:Drivers/u8glib/src/u8g_scale.c **** 
  65:Drivers/u8glib/src/u8g_scale.c **** 
  66:Drivers/u8glib/src/u8g_scale.c **** uint8_t u8g_dev_scale_2x2_fn(u8g_t *u8g, u8g_dev_t *dev, uint8_t msg, void *arg)
  67:Drivers/u8glib/src/u8g_scale.c **** {
 153              		.loc 1 67 0
 154              		.cfi_startproc
 155 0000 90B5     		push	{r4, r7, lr}
 156              	.LCFI6:
 157              		.cfi_def_cfa_offset 12
 158              		.cfi_offset 4, -12
 159              		.cfi_offset 7, -8
 160              		.cfi_offset 14, -4
 161 0002 8BB0     		sub	sp, sp, #44
 162              	.LCFI7:
 163              		.cfi_def_cfa_offset 56
 164 0004 00AF     		add	r7, sp, #0
 165              	.LCFI8:
 166              		.cfi_def_cfa_register 7
 167 0006 F860     		str	r0, [r7, #12]
ARM GAS  /tmp/ccz6TYFx.s 			page 5


 168 0008 B960     		str	r1, [r7, #8]
 169 000a 3B60     		str	r3, [r7]
 170 000c FB1D     		adds	r3, r7, #7
 171 000e 1A70     		strb	r2, [r3]
  68:Drivers/u8glib/src/u8g_scale.c ****   u8g_dev_t *chain = (u8g_dev_t *)(dev->dev_mem);
 172              		.loc 1 68 0
 173 0010 BB68     		ldr	r3, [r7, #8]
 174 0012 5B68     		ldr	r3, [r3, #4]
 175 0014 BB61     		str	r3, [r7, #24]
  69:Drivers/u8glib/src/u8g_scale.c ****   uint8_t pixel;
  70:Drivers/u8glib/src/u8g_scale.c ****   uint16_t scaled_pixel;
  71:Drivers/u8glib/src/u8g_scale.c ****   uint8_t i;
  72:Drivers/u8glib/src/u8g_scale.c ****   uint8_t dir;
  73:Drivers/u8glib/src/u8g_scale.c ****   u8g_uint_t x, y, xx,yy;
  74:Drivers/u8glib/src/u8g_scale.c ****   
  75:Drivers/u8glib/src/u8g_scale.c ****   switch(msg)
 176              		.loc 1 75 0
 177 0016 FB1D     		adds	r3, r7, #7
 178 0018 1B78     		ldrb	r3, [r3]
 179 001a 173B     		subs	r3, r3, #23
 180 001c 302B     		cmp	r3, #48
 181 001e 04D8     		bhi	.L12
 182 0020 9A00     		lsls	r2, r3, #2
 183 0022 D44B     		ldr	r3, .L32
 184 0024 D318     		adds	r3, r2, r3
 185 0026 1B68     		ldr	r3, [r3]
 186 0028 9F46     		mov	pc, r3
 187              		.section	.rodata.u8g_dev_scale_2x2_fn,"a",%progbits
 188              		.align	2
 189              	.L14:
 190 0000 6E000000 		.word	.L13
 191 0004 2A000000 		.word	.L12
 192 0008 2A000000 		.word	.L12
 193 000c 2A000000 		.word	.L12
 194 0010 2A000000 		.word	.L12
 195 0014 2A000000 		.word	.L12
 196 0018 2A000000 		.word	.L12
 197 001c 2A000000 		.word	.L12
 198 0020 2A000000 		.word	.L12
 199 0024 2A000000 		.word	.L12
 200 0028 2A000000 		.word	.L12
 201 002c 2A000000 		.word	.L12
 202 0030 2A000000 		.word	.L12
 203 0034 2A000000 		.word	.L12
 204 0038 2A000000 		.word	.L12
 205 003c 2A000000 		.word	.L12
 206 0040 2A000000 		.word	.L12
 207 0044 2A000000 		.word	.L12
 208 0048 2A000000 		.word	.L12
 209 004c 2A000000 		.word	.L12
 210 0050 2A000000 		.word	.L12
 211 0054 2A000000 		.word	.L12
 212 0058 2A000000 		.word	.L12
 213 005c 2A000000 		.word	.L12
 214 0060 2A000000 		.word	.L12
 215 0064 2A000000 		.word	.L12
 216 0068 2A000000 		.word	.L12
ARM GAS  /tmp/ccz6TYFx.s 			page 6


 217 006c B2000000 		.word	.L15
 218 0070 2A000000 		.word	.L12
 219 0074 2A000000 		.word	.L12
 220 0078 2A000000 		.word	.L12
 221 007c 2A000000 		.word	.L12
 222 0080 2A000000 		.word	.L12
 223 0084 2A000000 		.word	.L12
 224 0088 2A000000 		.word	.L12
 225 008c 2A000000 		.word	.L12
 226 0090 9E010000 		.word	.L16
 227 0094 2A000000 		.word	.L12
 228 0098 2A000000 		.word	.L12
 229 009c 2A000000 		.word	.L12
 230 00a0 2A000000 		.word	.L12
 231 00a4 2A000000 		.word	.L12
 232 00a8 2A000000 		.word	.L12
 233 00ac 2A000000 		.word	.L12
 234 00b0 2A000000 		.word	.L12
 235 00b4 2A000000 		.word	.L12
 236 00b8 2A000000 		.word	.L12
 237 00bc 3E000000 		.word	.L17
 238 00c0 56000000 		.word	.L18
 239              		.section	.text.u8g_dev_scale_2x2_fn
 240              	.L12:
  76:Drivers/u8glib/src/u8g_scale.c ****   {
  77:Drivers/u8glib/src/u8g_scale.c ****     default:
  78:Drivers/u8glib/src/u8g_scale.c ****       return u8g_call_dev_fn(u8g, chain, msg, arg);
 241              		.loc 1 78 0
 242 002a 3C68     		ldr	r4, [r7]
 243 002c FB1D     		adds	r3, r7, #7
 244 002e 1A78     		ldrb	r2, [r3]
 245 0030 B969     		ldr	r1, [r7, #24]
 246 0032 F868     		ldr	r0, [r7, #12]
 247 0034 2300     		movs	r3, r4
 248 0036 FFF7FEFF 		bl	u8g_call_dev_fn
 249 003a 0300     		movs	r3, r0
 250 003c DBE1     		b	.L19
 251              	.L17:
  79:Drivers/u8glib/src/u8g_scale.c ****     case U8G_DEV_MSG_GET_WIDTH:
  80:Drivers/u8glib/src/u8g_scale.c ****       *((u8g_uint_t *)arg) = u8g_GetWidthLL(u8g, chain) / 2;
 252              		.loc 1 80 0
 253 003e BA69     		ldr	r2, [r7, #24]
 254 0040 FB68     		ldr	r3, [r7, #12]
 255 0042 1100     		movs	r1, r2
 256 0044 1800     		movs	r0, r3
 257 0046 FFF7FEFF 		bl	u8g_GetWidthLL
 258 004a 0300     		movs	r3, r0
 259 004c 5B08     		lsrs	r3, r3, #1
 260 004e DAB2     		uxtb	r2, r3
 261 0050 3B68     		ldr	r3, [r7]
 262 0052 1A70     		strb	r2, [r3]
  81:Drivers/u8glib/src/u8g_scale.c ****       break;
 263              		.loc 1 81 0
 264 0054 CEE1     		b	.L20
 265              	.L18:
  82:Drivers/u8glib/src/u8g_scale.c ****     case U8G_DEV_MSG_GET_HEIGHT:
  83:Drivers/u8glib/src/u8g_scale.c ****       *((u8g_uint_t *)arg) = u8g_GetHeightLL(u8g, chain) / 2;
ARM GAS  /tmp/ccz6TYFx.s 			page 7


 266              		.loc 1 83 0
 267 0056 BA69     		ldr	r2, [r7, #24]
 268 0058 FB68     		ldr	r3, [r7, #12]
 269 005a 1100     		movs	r1, r2
 270 005c 1800     		movs	r0, r3
 271 005e FFF7FEFF 		bl	u8g_GetHeightLL
 272 0062 0300     		movs	r3, r0
 273 0064 5B08     		lsrs	r3, r3, #1
 274 0066 DAB2     		uxtb	r2, r3
 275 0068 3B68     		ldr	r3, [r7]
 276 006a 1A70     		strb	r2, [r3]
  84:Drivers/u8glib/src/u8g_scale.c ****       break;
 277              		.loc 1 84 0
 278 006c C2E1     		b	.L20
 279              	.L13:
  85:Drivers/u8glib/src/u8g_scale.c ****     case U8G_DEV_MSG_GET_PAGE_BOX:
  86:Drivers/u8glib/src/u8g_scale.c ****       /* get page size from next device in the chain */
  87:Drivers/u8glib/src/u8g_scale.c ****       u8g_call_dev_fn(u8g, chain, msg, arg);
 280              		.loc 1 87 0
 281 006e 3C68     		ldr	r4, [r7]
 282 0070 FB1D     		adds	r3, r7, #7
 283 0072 1A78     		ldrb	r2, [r3]
 284 0074 B969     		ldr	r1, [r7, #24]
 285 0076 F868     		ldr	r0, [r7, #12]
 286 0078 2300     		movs	r3, r4
 287 007a FFF7FEFF 		bl	u8g_call_dev_fn
  88:Drivers/u8glib/src/u8g_scale.c ****       ((u8g_box_t *)arg)->x0 /= 2;
 288              		.loc 1 88 0
 289 007e 3B68     		ldr	r3, [r7]
 290 0080 1B78     		ldrb	r3, [r3]
 291 0082 5B08     		lsrs	r3, r3, #1
 292 0084 DAB2     		uxtb	r2, r3
 293 0086 3B68     		ldr	r3, [r7]
 294 0088 1A70     		strb	r2, [r3]
  89:Drivers/u8glib/src/u8g_scale.c ****       ((u8g_box_t *)arg)->x1 /= 2;
 295              		.loc 1 89 0
 296 008a 3B68     		ldr	r3, [r7]
 297 008c 9B78     		ldrb	r3, [r3, #2]
 298 008e 5B08     		lsrs	r3, r3, #1
 299 0090 DAB2     		uxtb	r2, r3
 300 0092 3B68     		ldr	r3, [r7]
 301 0094 9A70     		strb	r2, [r3, #2]
  90:Drivers/u8glib/src/u8g_scale.c ****       ((u8g_box_t *)arg)->y0 /= 2;
 302              		.loc 1 90 0
 303 0096 3B68     		ldr	r3, [r7]
 304 0098 5B78     		ldrb	r3, [r3, #1]
 305 009a 5B08     		lsrs	r3, r3, #1
 306 009c DAB2     		uxtb	r2, r3
 307 009e 3B68     		ldr	r3, [r7]
 308 00a0 5A70     		strb	r2, [r3, #1]
  91:Drivers/u8glib/src/u8g_scale.c ****       ((u8g_box_t *)arg)->y1 /= 2;
 309              		.loc 1 91 0
 310 00a2 3B68     		ldr	r3, [r7]
 311 00a4 DB78     		ldrb	r3, [r3, #3]
 312 00a6 5B08     		lsrs	r3, r3, #1
 313 00a8 DAB2     		uxtb	r2, r3
 314 00aa 3B68     		ldr	r3, [r7]
ARM GAS  /tmp/ccz6TYFx.s 			page 8


 315 00ac DA70     		strb	r2, [r3, #3]
  92:Drivers/u8glib/src/u8g_scale.c ****       return 1;
 316              		.loc 1 92 0
 317 00ae 0123     		movs	r3, #1
 318 00b0 A1E1     		b	.L19
 319              	.L15:
  93:Drivers/u8glib/src/u8g_scale.c ****     case U8G_DEV_MSG_SET_PIXEL:
  94:Drivers/u8glib/src/u8g_scale.c ****       x = ((u8g_dev_arg_pixel_t *)arg)->x;
 320              		.loc 1 94 0
 321 00b2 2223     		movs	r3, #34
 322 00b4 FB18     		adds	r3, r7, r3
 323 00b6 3A68     		ldr	r2, [r7]
 324 00b8 1278     		ldrb	r2, [r2]
 325 00ba 1A70     		strb	r2, [r3]
  95:Drivers/u8glib/src/u8g_scale.c ****       x *= 2;
 326              		.loc 1 95 0
 327 00bc 2223     		movs	r3, #34
 328 00be FA18     		adds	r2, r7, r3
 329 00c0 2223     		movs	r3, #34
 330 00c2 FB18     		adds	r3, r7, r3
 331 00c4 1B78     		ldrb	r3, [r3]
 332 00c6 DB18     		adds	r3, r3, r3
 333 00c8 1370     		strb	r3, [r2]
  96:Drivers/u8glib/src/u8g_scale.c ****       y = ((u8g_dev_arg_pixel_t *)arg)->y;
 334              		.loc 1 96 0
 335 00ca 2123     		movs	r3, #33
 336 00cc FB18     		adds	r3, r7, r3
 337 00ce 3A68     		ldr	r2, [r7]
 338 00d0 5278     		ldrb	r2, [r2, #1]
 339 00d2 1A70     		strb	r2, [r3]
  97:Drivers/u8glib/src/u8g_scale.c ****       y *= 2;
 340              		.loc 1 97 0
 341 00d4 2123     		movs	r3, #33
 342 00d6 FA18     		adds	r2, r7, r3
 343 00d8 2123     		movs	r3, #33
 344 00da FB18     		adds	r3, r7, r3
 345 00dc 1B78     		ldrb	r3, [r3]
 346 00de DB18     		adds	r3, r3, r3
 347 00e0 1370     		strb	r3, [r2]
  98:Drivers/u8glib/src/u8g_scale.c ****       ((u8g_dev_arg_pixel_t *)arg)->x = x;
 348              		.loc 1 98 0
 349 00e2 3B68     		ldr	r3, [r7]
 350 00e4 2222     		movs	r2, #34
 351 00e6 BA18     		adds	r2, r7, r2
 352 00e8 1278     		ldrb	r2, [r2]
 353 00ea 1A70     		strb	r2, [r3]
  99:Drivers/u8glib/src/u8g_scale.c ****       ((u8g_dev_arg_pixel_t *)arg)->y = y;
 354              		.loc 1 99 0
 355 00ec 3B68     		ldr	r3, [r7]
 356 00ee 2122     		movs	r2, #33
 357 00f0 BA18     		adds	r2, r7, r2
 358 00f2 1278     		ldrb	r2, [r2]
 359 00f4 5A70     		strb	r2, [r3, #1]
 100:Drivers/u8glib/src/u8g_scale.c ****       u8g_call_dev_fn(u8g, chain, msg, arg);
 360              		.loc 1 100 0
 361 00f6 3C68     		ldr	r4, [r7]
 362 00f8 FB1D     		adds	r3, r7, #7
ARM GAS  /tmp/ccz6TYFx.s 			page 9


 363 00fa 1A78     		ldrb	r2, [r3]
 364 00fc B969     		ldr	r1, [r7, #24]
 365 00fe F868     		ldr	r0, [r7, #12]
 366 0100 2300     		movs	r3, r4
 367 0102 FFF7FEFF 		bl	u8g_call_dev_fn
 101:Drivers/u8glib/src/u8g_scale.c ****       x++;
 368              		.loc 1 101 0
 369 0106 2223     		movs	r3, #34
 370 0108 FB18     		adds	r3, r7, r3
 371 010a 1A78     		ldrb	r2, [r3]
 372 010c 2223     		movs	r3, #34
 373 010e FB18     		adds	r3, r7, r3
 374 0110 0132     		adds	r2, r2, #1
 375 0112 1A70     		strb	r2, [r3]
 102:Drivers/u8glib/src/u8g_scale.c ****       ((u8g_dev_arg_pixel_t *)arg)->x = x;
 376              		.loc 1 102 0
 377 0114 3B68     		ldr	r3, [r7]
 378 0116 2222     		movs	r2, #34
 379 0118 BA18     		adds	r2, r7, r2
 380 011a 1278     		ldrb	r2, [r2]
 381 011c 1A70     		strb	r2, [r3]
 103:Drivers/u8glib/src/u8g_scale.c ****       ((u8g_dev_arg_pixel_t *)arg)->y = y;
 382              		.loc 1 103 0
 383 011e 3B68     		ldr	r3, [r7]
 384 0120 2122     		movs	r2, #33
 385 0122 BA18     		adds	r2, r7, r2
 386 0124 1278     		ldrb	r2, [r2]
 387 0126 5A70     		strb	r2, [r3, #1]
 104:Drivers/u8glib/src/u8g_scale.c ****       u8g_call_dev_fn(u8g, chain, msg, arg);
 388              		.loc 1 104 0
 389 0128 3C68     		ldr	r4, [r7]
 390 012a FB1D     		adds	r3, r7, #7
 391 012c 1A78     		ldrb	r2, [r3]
 392 012e B969     		ldr	r1, [r7, #24]
 393 0130 F868     		ldr	r0, [r7, #12]
 394 0132 2300     		movs	r3, r4
 395 0134 FFF7FEFF 		bl	u8g_call_dev_fn
 105:Drivers/u8glib/src/u8g_scale.c ****       y++;
 396              		.loc 1 105 0
 397 0138 2123     		movs	r3, #33
 398 013a FB18     		adds	r3, r7, r3
 399 013c 1A78     		ldrb	r2, [r3]
 400 013e 2123     		movs	r3, #33
 401 0140 FB18     		adds	r3, r7, r3
 402 0142 0132     		adds	r2, r2, #1
 403 0144 1A70     		strb	r2, [r3]
 106:Drivers/u8glib/src/u8g_scale.c ****       ((u8g_dev_arg_pixel_t *)arg)->x = x;
 404              		.loc 1 106 0
 405 0146 3B68     		ldr	r3, [r7]
 406 0148 2222     		movs	r2, #34
 407 014a BA18     		adds	r2, r7, r2
 408 014c 1278     		ldrb	r2, [r2]
 409 014e 1A70     		strb	r2, [r3]
 107:Drivers/u8glib/src/u8g_scale.c ****       ((u8g_dev_arg_pixel_t *)arg)->y = y;
 410              		.loc 1 107 0
 411 0150 3B68     		ldr	r3, [r7]
 412 0152 2122     		movs	r2, #33
ARM GAS  /tmp/ccz6TYFx.s 			page 10


 413 0154 BA18     		adds	r2, r7, r2
 414 0156 1278     		ldrb	r2, [r2]
 415 0158 5A70     		strb	r2, [r3, #1]
 108:Drivers/u8glib/src/u8g_scale.c ****       u8g_call_dev_fn(u8g, chain, msg, arg);
 416              		.loc 1 108 0
 417 015a 3C68     		ldr	r4, [r7]
 418 015c FB1D     		adds	r3, r7, #7
 419 015e 1A78     		ldrb	r2, [r3]
 420 0160 B969     		ldr	r1, [r7, #24]
 421 0162 F868     		ldr	r0, [r7, #12]
 422 0164 2300     		movs	r3, r4
 423 0166 FFF7FEFF 		bl	u8g_call_dev_fn
 109:Drivers/u8glib/src/u8g_scale.c ****       x--;
 424              		.loc 1 109 0
 425 016a 2223     		movs	r3, #34
 426 016c FB18     		adds	r3, r7, r3
 427 016e 1A78     		ldrb	r2, [r3]
 428 0170 2223     		movs	r3, #34
 429 0172 FB18     		adds	r3, r7, r3
 430 0174 013A     		subs	r2, r2, #1
 431 0176 1A70     		strb	r2, [r3]
 110:Drivers/u8glib/src/u8g_scale.c ****       ((u8g_dev_arg_pixel_t *)arg)->x = x;
 432              		.loc 1 110 0
 433 0178 3B68     		ldr	r3, [r7]
 434 017a 2222     		movs	r2, #34
 435 017c BA18     		adds	r2, r7, r2
 436 017e 1278     		ldrb	r2, [r2]
 437 0180 1A70     		strb	r2, [r3]
 111:Drivers/u8glib/src/u8g_scale.c ****       ((u8g_dev_arg_pixel_t *)arg)->y = y;
 438              		.loc 1 111 0
 439 0182 3B68     		ldr	r3, [r7]
 440 0184 2122     		movs	r2, #33
 441 0186 BA18     		adds	r2, r7, r2
 442 0188 1278     		ldrb	r2, [r2]
 443 018a 5A70     		strb	r2, [r3, #1]
 112:Drivers/u8glib/src/u8g_scale.c ****       u8g_call_dev_fn(u8g, chain, msg, arg);    
 444              		.loc 1 112 0
 445 018c 3C68     		ldr	r4, [r7]
 446 018e FB1D     		adds	r3, r7, #7
 447 0190 1A78     		ldrb	r2, [r3]
 448 0192 B969     		ldr	r1, [r7, #24]
 449 0194 F868     		ldr	r0, [r7, #12]
 450 0196 2300     		movs	r3, r4
 451 0198 FFF7FEFF 		bl	u8g_call_dev_fn
 113:Drivers/u8glib/src/u8g_scale.c ****       break;
 452              		.loc 1 113 0
 453 019c 2AE1     		b	.L20
 454              	.L16:
 114:Drivers/u8glib/src/u8g_scale.c ****     case U8G_DEV_MSG_SET_8PIXEL:
 115:Drivers/u8glib/src/u8g_scale.c ****       pixel = ((u8g_dev_arg_pixel_t *)arg)->pixel;
 455              		.loc 1 115 0
 456 019e 2723     		movs	r3, #39
 457 01a0 FB18     		adds	r3, r7, r3
 458 01a2 3A68     		ldr	r2, [r7]
 459 01a4 9278     		ldrb	r2, [r2, #2]
 460 01a6 1A70     		strb	r2, [r3]
 116:Drivers/u8glib/src/u8g_scale.c ****       dir = ((u8g_dev_arg_pixel_t *)arg)->dir;
ARM GAS  /tmp/ccz6TYFx.s 			page 11


 461              		.loc 1 116 0
 462 01a8 1723     		movs	r3, #23
 463 01aa FB18     		adds	r3, r7, r3
 464 01ac 3A68     		ldr	r2, [r7]
 465 01ae D278     		ldrb	r2, [r2, #3]
 466 01b0 1A70     		strb	r2, [r3]
 117:Drivers/u8glib/src/u8g_scale.c ****       scaled_pixel = 0;
 467              		.loc 1 117 0
 468 01b2 2423     		movs	r3, #36
 469 01b4 FB18     		adds	r3, r7, r3
 470 01b6 0022     		movs	r2, #0
 471 01b8 1A80     		strh	r2, [r3]
 118:Drivers/u8glib/src/u8g_scale.c ****       for( i = 0; i < 8; i++ )
 472              		.loc 1 118 0
 473 01ba 2323     		movs	r3, #35
 474 01bc FB18     		adds	r3, r7, r3
 475 01be 0022     		movs	r2, #0
 476 01c0 1A70     		strb	r2, [r3]
 477 01c2 22E0     		b	.L21
 478              	.L23:
 119:Drivers/u8glib/src/u8g_scale.c ****       {
 120:Drivers/u8glib/src/u8g_scale.c **** 	scaled_pixel<<=2;
 479              		.loc 1 120 0
 480 01c4 2423     		movs	r3, #36
 481 01c6 FB18     		adds	r3, r7, r3
 482 01c8 2422     		movs	r2, #36
 483 01ca BA18     		adds	r2, r7, r2
 484 01cc 1288     		ldrh	r2, [r2]
 485 01ce 9200     		lsls	r2, r2, #2
 486 01d0 1A80     		strh	r2, [r3]
 121:Drivers/u8glib/src/u8g_scale.c **** 	if ( pixel & 128 )
 487              		.loc 1 121 0
 488 01d2 2723     		movs	r3, #39
 489 01d4 FB18     		adds	r3, r7, r3
 490 01d6 1B78     		ldrb	r3, [r3]
 491 01d8 5BB2     		sxtb	r3, r3
 492 01da 002B     		cmp	r3, #0
 493 01dc 07DA     		bge	.L22
 122:Drivers/u8glib/src/u8g_scale.c **** 	{
 123:Drivers/u8glib/src/u8g_scale.c **** 	  scaled_pixel |= 3;
 494              		.loc 1 123 0
 495 01de 2423     		movs	r3, #36
 496 01e0 FB18     		adds	r3, r7, r3
 497 01e2 2422     		movs	r2, #36
 498 01e4 BA18     		adds	r2, r7, r2
 499 01e6 1288     		ldrh	r2, [r2]
 500 01e8 0321     		movs	r1, #3
 501 01ea 0A43     		orrs	r2, r1
 502 01ec 1A80     		strh	r2, [r3]
 503              	.L22:
 124:Drivers/u8glib/src/u8g_scale.c **** 	}
 125:Drivers/u8glib/src/u8g_scale.c **** 	pixel<<=1;
 504              		.loc 1 125 0 discriminator 2
 505 01ee 2723     		movs	r3, #39
 506 01f0 FA18     		adds	r2, r7, r3
 507 01f2 2723     		movs	r3, #39
 508 01f4 FB18     		adds	r3, r7, r3
ARM GAS  /tmp/ccz6TYFx.s 			page 12


 509 01f6 1B78     		ldrb	r3, [r3]
 510 01f8 DB18     		adds	r3, r3, r3
 511 01fa 1370     		strb	r3, [r2]
 118:Drivers/u8glib/src/u8g_scale.c ****       {
 512              		.loc 1 118 0 discriminator 2
 513 01fc 2323     		movs	r3, #35
 514 01fe FB18     		adds	r3, r7, r3
 515 0200 1A78     		ldrb	r2, [r3]
 516 0202 2323     		movs	r3, #35
 517 0204 FB18     		adds	r3, r7, r3
 518 0206 0132     		adds	r2, r2, #1
 519 0208 1A70     		strb	r2, [r3]
 520              	.L21:
 118:Drivers/u8glib/src/u8g_scale.c ****       {
 521              		.loc 1 118 0 is_stmt 0 discriminator 1
 522 020a 2323     		movs	r3, #35
 523 020c FB18     		adds	r3, r7, r3
 524 020e 1B78     		ldrb	r3, [r3]
 525 0210 072B     		cmp	r3, #7
 526 0212 D7D9     		bls	.L23
 126:Drivers/u8glib/src/u8g_scale.c ****       }
 127:Drivers/u8glib/src/u8g_scale.c ****       x = ((u8g_dev_arg_pixel_t *)arg)->x;
 527              		.loc 1 127 0 is_stmt 1
 528 0214 2223     		movs	r3, #34
 529 0216 FB18     		adds	r3, r7, r3
 530 0218 3A68     		ldr	r2, [r7]
 531 021a 1278     		ldrb	r2, [r2]
 532 021c 1A70     		strb	r2, [r3]
 128:Drivers/u8glib/src/u8g_scale.c ****       x *= 2;
 533              		.loc 1 128 0
 534 021e 2223     		movs	r3, #34
 535 0220 FA18     		adds	r2, r7, r3
 536 0222 2223     		movs	r3, #34
 537 0224 FB18     		adds	r3, r7, r3
 538 0226 1B78     		ldrb	r3, [r3]
 539 0228 DB18     		adds	r3, r3, r3
 540 022a 1370     		strb	r3, [r2]
 129:Drivers/u8glib/src/u8g_scale.c ****       xx = x;
 541              		.loc 1 129 0
 542 022c 2023     		movs	r3, #32
 543 022e FB18     		adds	r3, r7, r3
 544 0230 2222     		movs	r2, #34
 545 0232 BA18     		adds	r2, r7, r2
 546 0234 1278     		ldrb	r2, [r2]
 547 0236 1A70     		strb	r2, [r3]
 130:Drivers/u8glib/src/u8g_scale.c ****       y = ((u8g_dev_arg_pixel_t *)arg)->y;
 548              		.loc 1 130 0
 549 0238 2123     		movs	r3, #33
 550 023a FB18     		adds	r3, r7, r3
 551 023c 3A68     		ldr	r2, [r7]
 552 023e 5278     		ldrb	r2, [r2, #1]
 553 0240 1A70     		strb	r2, [r3]
 131:Drivers/u8glib/src/u8g_scale.c ****       y *= 2;
 554              		.loc 1 131 0
 555 0242 2123     		movs	r3, #33
 556 0244 FA18     		adds	r2, r7, r3
 557 0246 2123     		movs	r3, #33
ARM GAS  /tmp/ccz6TYFx.s 			page 13


 558 0248 FB18     		adds	r3, r7, r3
 559 024a 1B78     		ldrb	r3, [r3]
 560 024c DB18     		adds	r3, r3, r3
 561 024e 1370     		strb	r3, [r2]
 132:Drivers/u8glib/src/u8g_scale.c ****       yy = y;
 562              		.loc 1 132 0
 563 0250 1F23     		movs	r3, #31
 564 0252 FB18     		adds	r3, r7, r3
 565 0254 2122     		movs	r2, #33
 566 0256 BA18     		adds	r2, r7, r2
 567 0258 1278     		ldrb	r2, [r2]
 568 025a 1A70     		strb	r2, [r3]
 133:Drivers/u8glib/src/u8g_scale.c ****       if ( ((u8g_dev_arg_pixel_t *)arg)->dir & 1 )
 569              		.loc 1 133 0
 570 025c 3B68     		ldr	r3, [r7]
 571 025e DB78     		ldrb	r3, [r3, #3]
 572 0260 1A00     		movs	r2, r3
 573 0262 0123     		movs	r3, #1
 574 0264 1340     		ands	r3, r2
 575 0266 07D0     		beq	.L24
 134:Drivers/u8glib/src/u8g_scale.c ****       {
 135:Drivers/u8glib/src/u8g_scale.c **** 	xx++;
 576              		.loc 1 135 0
 577 0268 2023     		movs	r3, #32
 578 026a FB18     		adds	r3, r7, r3
 579 026c 1A78     		ldrb	r2, [r3]
 580 026e 2023     		movs	r3, #32
 581 0270 FB18     		adds	r3, r7, r3
 582 0272 0132     		adds	r2, r2, #1
 583 0274 1A70     		strb	r2, [r3]
 584 0276 06E0     		b	.L25
 585              	.L24:
 136:Drivers/u8glib/src/u8g_scale.c ****       }
 137:Drivers/u8glib/src/u8g_scale.c ****       else
 138:Drivers/u8glib/src/u8g_scale.c ****       {
 139:Drivers/u8glib/src/u8g_scale.c **** 	yy++;
 586              		.loc 1 139 0
 587 0278 1F23     		movs	r3, #31
 588 027a FB18     		adds	r3, r7, r3
 589 027c 1A78     		ldrb	r2, [r3]
 590 027e 1F23     		movs	r3, #31
 591 0280 FB18     		adds	r3, r7, r3
 592 0282 0132     		adds	r2, r2, #1
 593 0284 1A70     		strb	r2, [r3]
 594              	.L25:
 140:Drivers/u8glib/src/u8g_scale.c ****       }
 141:Drivers/u8glib/src/u8g_scale.c ****       
 142:Drivers/u8glib/src/u8g_scale.c ****       ((u8g_dev_arg_pixel_t *)arg)->pixel = scaled_pixel>>8;      
 595              		.loc 1 142 0
 596 0286 2423     		movs	r3, #36
 597 0288 FB18     		adds	r3, r7, r3
 598 028a 1B88     		ldrh	r3, [r3]
 599 028c 1B0A     		lsrs	r3, r3, #8
 600 028e 9BB2     		uxth	r3, r3
 601 0290 DAB2     		uxtb	r2, r3
 602 0292 3B68     		ldr	r3, [r7]
 603 0294 9A70     		strb	r2, [r3, #2]
ARM GAS  /tmp/ccz6TYFx.s 			page 14


 143:Drivers/u8glib/src/u8g_scale.c ****       ((u8g_dev_arg_pixel_t *)arg)->x = x;
 604              		.loc 1 143 0
 605 0296 3B68     		ldr	r3, [r7]
 606 0298 2222     		movs	r2, #34
 607 029a BA18     		adds	r2, r7, r2
 608 029c 1278     		ldrb	r2, [r2]
 609 029e 1A70     		strb	r2, [r3]
 144:Drivers/u8glib/src/u8g_scale.c ****       ((u8g_dev_arg_pixel_t *)arg)->y = y;
 610              		.loc 1 144 0
 611 02a0 3B68     		ldr	r3, [r7]
 612 02a2 2122     		movs	r2, #33
 613 02a4 BA18     		adds	r2, r7, r2
 614 02a6 1278     		ldrb	r2, [r2]
 615 02a8 5A70     		strb	r2, [r3, #1]
 145:Drivers/u8glib/src/u8g_scale.c ****       ((u8g_dev_arg_pixel_t *)arg)->dir = dir;
 616              		.loc 1 145 0
 617 02aa 3B68     		ldr	r3, [r7]
 618 02ac 1722     		movs	r2, #23
 619 02ae BA18     		adds	r2, r7, r2
 620 02b0 1278     		ldrb	r2, [r2]
 621 02b2 DA70     		strb	r2, [r3, #3]
 146:Drivers/u8glib/src/u8g_scale.c ****       u8g_call_dev_fn(u8g, chain, msg, arg);    
 622              		.loc 1 146 0
 623 02b4 3C68     		ldr	r4, [r7]
 624 02b6 FB1D     		adds	r3, r7, #7
 625 02b8 1A78     		ldrb	r2, [r3]
 626 02ba B969     		ldr	r1, [r7, #24]
 627 02bc F868     		ldr	r0, [r7, #12]
 628 02be 2300     		movs	r3, r4
 629 02c0 FFF7FEFF 		bl	u8g_call_dev_fn
 147:Drivers/u8glib/src/u8g_scale.c **** 
 148:Drivers/u8glib/src/u8g_scale.c ****       
 149:Drivers/u8glib/src/u8g_scale.c ****       ((u8g_dev_arg_pixel_t *)arg)->x = xx;
 630              		.loc 1 149 0
 631 02c4 3B68     		ldr	r3, [r7]
 632 02c6 2022     		movs	r2, #32
 633 02c8 BA18     		adds	r2, r7, r2
 634 02ca 1278     		ldrb	r2, [r2]
 635 02cc 1A70     		strb	r2, [r3]
 150:Drivers/u8glib/src/u8g_scale.c ****       ((u8g_dev_arg_pixel_t *)arg)->y = yy;
 636              		.loc 1 150 0
 637 02ce 3B68     		ldr	r3, [r7]
 638 02d0 1F22     		movs	r2, #31
 639 02d2 BA18     		adds	r2, r7, r2
 640 02d4 1278     		ldrb	r2, [r2]
 641 02d6 5A70     		strb	r2, [r3, #1]
 151:Drivers/u8glib/src/u8g_scale.c ****       ((u8g_dev_arg_pixel_t *)arg)->dir = dir;
 642              		.loc 1 151 0
 643 02d8 3B68     		ldr	r3, [r7]
 644 02da 1722     		movs	r2, #23
 645 02dc BA18     		adds	r2, r7, r2
 646 02de 1278     		ldrb	r2, [r2]
 647 02e0 DA70     		strb	r2, [r3, #3]
 152:Drivers/u8glib/src/u8g_scale.c ****       u8g_call_dev_fn(u8g, chain, msg, arg);    
 648              		.loc 1 152 0
 649 02e2 3C68     		ldr	r4, [r7]
 650 02e4 FB1D     		adds	r3, r7, #7
ARM GAS  /tmp/ccz6TYFx.s 			page 15


 651 02e6 1A78     		ldrb	r2, [r3]
 652 02e8 B969     		ldr	r1, [r7, #24]
 653 02ea F868     		ldr	r0, [r7, #12]
 654 02ec 2300     		movs	r3, r4
 655 02ee FFF7FEFF 		bl	u8g_call_dev_fn
 153:Drivers/u8glib/src/u8g_scale.c ****       
 154:Drivers/u8glib/src/u8g_scale.c ****       ((u8g_dev_arg_pixel_t *)arg)->pixel = scaled_pixel&255;
 656              		.loc 1 154 0
 657 02f2 2423     		movs	r3, #36
 658 02f4 FB18     		adds	r3, r7, r3
 659 02f6 1B88     		ldrh	r3, [r3]
 660 02f8 DAB2     		uxtb	r2, r3
 661 02fa 3B68     		ldr	r3, [r7]
 662 02fc 9A70     		strb	r2, [r3, #2]
 155:Drivers/u8glib/src/u8g_scale.c ****       //((u8g_dev_arg_pixel_t *)arg)->pixel = 0x00;
 156:Drivers/u8glib/src/u8g_scale.c ****       switch(dir)
 663              		.loc 1 156 0
 664 02fe 1723     		movs	r3, #23
 665 0300 FB18     		adds	r3, r7, r3
 666 0302 1B78     		ldrb	r3, [r3]
 667 0304 012B     		cmp	r3, #1
 668 0306 17D0     		beq	.L27
 669 0308 02DC     		bgt	.L28
 670 030a 002B     		cmp	r3, #0
 671 030c 05D0     		beq	.L29
 672 030e 42E0     		b	.L26
 673              	.L28:
 674 0310 022B     		cmp	r3, #2
 675 0312 20D0     		beq	.L30
 676 0314 032B     		cmp	r3, #3
 677 0316 2FD0     		beq	.L31
 678 0318 3DE0     		b	.L26
 679              	.L29:
 157:Drivers/u8glib/src/u8g_scale.c ****       {
 158:Drivers/u8glib/src/u8g_scale.c **** 	case 0:
 159:Drivers/u8glib/src/u8g_scale.c ****  	  x+=8;
 680              		.loc 1 159 0
 681 031a 2223     		movs	r3, #34
 682 031c FB18     		adds	r3, r7, r3
 683 031e 2222     		movs	r2, #34
 684 0320 BA18     		adds	r2, r7, r2
 685 0322 1278     		ldrb	r2, [r2]
 686 0324 0832     		adds	r2, r2, #8
 687 0326 1A70     		strb	r2, [r3]
 160:Drivers/u8glib/src/u8g_scale.c **** 	  xx+=8;
 688              		.loc 1 160 0
 689 0328 2023     		movs	r3, #32
 690 032a FB18     		adds	r3, r7, r3
 691 032c 2022     		movs	r2, #32
 692 032e BA18     		adds	r2, r7, r2
 693 0330 1278     		ldrb	r2, [r2]
 694 0332 0832     		adds	r2, r2, #8
 695 0334 1A70     		strb	r2, [r3]
 161:Drivers/u8glib/src/u8g_scale.c **** 	  break;
 696              		.loc 1 161 0
 697 0336 2EE0     		b	.L26
 698              	.L27:
ARM GAS  /tmp/ccz6TYFx.s 			page 16


 162:Drivers/u8glib/src/u8g_scale.c **** 	case 1:
 163:Drivers/u8glib/src/u8g_scale.c **** 	  y+=8;
 699              		.loc 1 163 0
 700 0338 2123     		movs	r3, #33
 701 033a FB18     		adds	r3, r7, r3
 702 033c 2122     		movs	r2, #33
 703 033e BA18     		adds	r2, r7, r2
 704 0340 1278     		ldrb	r2, [r2]
 705 0342 0832     		adds	r2, r2, #8
 706 0344 1A70     		strb	r2, [r3]
 164:Drivers/u8glib/src/u8g_scale.c **** 	  yy+=8;
 707              		.loc 1 164 0
 708 0346 1F23     		movs	r3, #31
 709 0348 FB18     		adds	r3, r7, r3
 710 034a 1F22     		movs	r2, #31
 711 034c BA18     		adds	r2, r7, r2
 712 034e 1278     		ldrb	r2, [r2]
 713 0350 0832     		adds	r2, r2, #8
 714 0352 1A70     		strb	r2, [r3]
 165:Drivers/u8glib/src/u8g_scale.c **** 	  break;
 715              		.loc 1 165 0
 716 0354 1FE0     		b	.L26
 717              	.L30:
 166:Drivers/u8glib/src/u8g_scale.c **** 	case 2:
 167:Drivers/u8glib/src/u8g_scale.c **** 	  x-=8;
 718              		.loc 1 167 0
 719 0356 2223     		movs	r3, #34
 720 0358 FB18     		adds	r3, r7, r3
 721 035a 2222     		movs	r2, #34
 722 035c BA18     		adds	r2, r7, r2
 723 035e 1278     		ldrb	r2, [r2]
 724 0360 083A     		subs	r2, r2, #8
 725 0362 1A70     		strb	r2, [r3]
 168:Drivers/u8glib/src/u8g_scale.c **** 	  xx-=8;
 726              		.loc 1 168 0
 727 0364 2023     		movs	r3, #32
 728 0366 FB18     		adds	r3, r7, r3
 729 0368 2022     		movs	r2, #32
 730 036a BA18     		adds	r2, r7, r2
 731 036c 1278     		ldrb	r2, [r2]
 732 036e 083A     		subs	r2, r2, #8
 733 0370 1A70     		strb	r2, [r3]
 169:Drivers/u8glib/src/u8g_scale.c **** 	  break;
 734              		.loc 1 169 0
 735 0372 10E0     		b	.L26
 736              	.L33:
 737              		.align	2
 738              	.L32:
 739 0374 00000000 		.word	.L14
 740              	.L31:
 170:Drivers/u8glib/src/u8g_scale.c **** 	case 3:
 171:Drivers/u8glib/src/u8g_scale.c **** 	  y-=8;
 741              		.loc 1 171 0
 742 0378 2123     		movs	r3, #33
 743 037a FB18     		adds	r3, r7, r3
 744 037c 2122     		movs	r2, #33
 745 037e BA18     		adds	r2, r7, r2
ARM GAS  /tmp/ccz6TYFx.s 			page 17


 746 0380 1278     		ldrb	r2, [r2]
 747 0382 083A     		subs	r2, r2, #8
 748 0384 1A70     		strb	r2, [r3]
 172:Drivers/u8glib/src/u8g_scale.c **** 	  yy-=8;
 749              		.loc 1 172 0
 750 0386 1F23     		movs	r3, #31
 751 0388 FB18     		adds	r3, r7, r3
 752 038a 1F22     		movs	r2, #31
 753 038c BA18     		adds	r2, r7, r2
 754 038e 1278     		ldrb	r2, [r2]
 755 0390 083A     		subs	r2, r2, #8
 756 0392 1A70     		strb	r2, [r3]
 173:Drivers/u8glib/src/u8g_scale.c **** 	  break;
 757              		.loc 1 173 0
 758 0394 C046     		nop
 759              	.L26:
 174:Drivers/u8glib/src/u8g_scale.c ****       }
 175:Drivers/u8glib/src/u8g_scale.c ****       ((u8g_dev_arg_pixel_t *)arg)->x = x;
 760              		.loc 1 175 0
 761 0396 3B68     		ldr	r3, [r7]
 762 0398 2222     		movs	r2, #34
 763 039a BA18     		adds	r2, r7, r2
 764 039c 1278     		ldrb	r2, [r2]
 765 039e 1A70     		strb	r2, [r3]
 176:Drivers/u8glib/src/u8g_scale.c ****       ((u8g_dev_arg_pixel_t *)arg)->y = y;
 766              		.loc 1 176 0
 767 03a0 3B68     		ldr	r3, [r7]
 768 03a2 2122     		movs	r2, #33
 769 03a4 BA18     		adds	r2, r7, r2
 770 03a6 1278     		ldrb	r2, [r2]
 771 03a8 5A70     		strb	r2, [r3, #1]
 177:Drivers/u8glib/src/u8g_scale.c ****       ((u8g_dev_arg_pixel_t *)arg)->dir = dir;
 772              		.loc 1 177 0
 773 03aa 3B68     		ldr	r3, [r7]
 774 03ac 1722     		movs	r2, #23
 775 03ae BA18     		adds	r2, r7, r2
 776 03b0 1278     		ldrb	r2, [r2]
 777 03b2 DA70     		strb	r2, [r3, #3]
 178:Drivers/u8glib/src/u8g_scale.c ****       u8g_call_dev_fn(u8g, chain, msg, arg);    
 778              		.loc 1 178 0
 779 03b4 3C68     		ldr	r4, [r7]
 780 03b6 FB1D     		adds	r3, r7, #7
 781 03b8 1A78     		ldrb	r2, [r3]
 782 03ba B969     		ldr	r1, [r7, #24]
 783 03bc F868     		ldr	r0, [r7, #12]
 784 03be 2300     		movs	r3, r4
 785 03c0 FFF7FEFF 		bl	u8g_call_dev_fn
 179:Drivers/u8glib/src/u8g_scale.c ****       
 180:Drivers/u8glib/src/u8g_scale.c ****       ((u8g_dev_arg_pixel_t *)arg)->x = xx;
 786              		.loc 1 180 0
 787 03c4 3B68     		ldr	r3, [r7]
 788 03c6 2022     		movs	r2, #32
 789 03c8 BA18     		adds	r2, r7, r2
 790 03ca 1278     		ldrb	r2, [r2]
 791 03cc 1A70     		strb	r2, [r3]
 181:Drivers/u8glib/src/u8g_scale.c ****       ((u8g_dev_arg_pixel_t *)arg)->y = yy;
 792              		.loc 1 181 0
ARM GAS  /tmp/ccz6TYFx.s 			page 18


 793 03ce 3B68     		ldr	r3, [r7]
 794 03d0 1F22     		movs	r2, #31
 795 03d2 BA18     		adds	r2, r7, r2
 796 03d4 1278     		ldrb	r2, [r2]
 797 03d6 5A70     		strb	r2, [r3, #1]
 182:Drivers/u8glib/src/u8g_scale.c ****       ((u8g_dev_arg_pixel_t *)arg)->dir = dir;
 798              		.loc 1 182 0
 799 03d8 3B68     		ldr	r3, [r7]
 800 03da 1722     		movs	r2, #23
 801 03dc BA18     		adds	r2, r7, r2
 802 03de 1278     		ldrb	r2, [r2]
 803 03e0 DA70     		strb	r2, [r3, #3]
 183:Drivers/u8glib/src/u8g_scale.c ****       u8g_call_dev_fn(u8g, chain, msg, arg);    
 804              		.loc 1 183 0
 805 03e2 3C68     		ldr	r4, [r7]
 806 03e4 FB1D     		adds	r3, r7, #7
 807 03e6 1A78     		ldrb	r2, [r3]
 808 03e8 B969     		ldr	r1, [r7, #24]
 809 03ea F868     		ldr	r0, [r7, #12]
 810 03ec 2300     		movs	r3, r4
 811 03ee FFF7FEFF 		bl	u8g_call_dev_fn
 184:Drivers/u8glib/src/u8g_scale.c ****       break;
 812              		.loc 1 184 0
 813 03f2 C046     		nop
 814              	.L20:
 185:Drivers/u8glib/src/u8g_scale.c ****   }
 186:Drivers/u8glib/src/u8g_scale.c ****   return 1;
 815              		.loc 1 186 0
 816 03f4 0123     		movs	r3, #1
 817              	.L19:
 187:Drivers/u8glib/src/u8g_scale.c **** }
 818              		.loc 1 187 0
 819 03f6 1800     		movs	r0, r3
 820 03f8 BD46     		mov	sp, r7
 821 03fa 0BB0     		add	sp, sp, #44
 822              		@ sp needed
 823 03fc 90BD     		pop	{r4, r7, pc}
 824              		.cfi_endproc
 825              	.LFE2:
 827 03fe C046     		.text
 828              	.Letext0:
 829              		.file 2 "/usr/arm-none-eabi/include/machine/_default_types.h"
 830              		.file 3 "/usr/arm-none-eabi/include/sys/_stdint.h"
 831              		.file 4 "Drivers/u8glib/inc/u8g.h"
ARM GAS  /tmp/ccz6TYFx.s 			page 19


DEFINED SYMBOLS
                            *ABS*:0000000000000000 u8g_scale.c
     /tmp/ccz6TYFx.s:20     .data.u8g_dev_scale:0000000000000000 u8g_dev_scale
     /tmp/ccz6TYFx.s:17     .data.u8g_dev_scale:0000000000000000 $d
     /tmp/ccz6TYFx.s:151    .text.u8g_dev_scale_2x2_fn:0000000000000000 u8g_dev_scale_2x2_fn
     /tmp/ccz6TYFx.s:25     .text.u8g_UndoScale:0000000000000000 $t
     /tmp/ccz6TYFx.s:32     .text.u8g_UndoScale:0000000000000000 u8g_UndoScale
     /tmp/ccz6TYFx.s:77     .text.u8g_UndoScale:000000000000002c $d
     /tmp/ccz6TYFx.s:82     .text.u8g_SetScale2x2:0000000000000000 $t
     /tmp/ccz6TYFx.s:89     .text.u8g_SetScale2x2:0000000000000000 u8g_SetScale2x2
     /tmp/ccz6TYFx.s:138    .text.u8g_SetScale2x2:0000000000000038 $d
     /tmp/ccz6TYFx.s:144    .text.u8g_dev_scale_2x2_fn:0000000000000000 $t
     /tmp/ccz6TYFx.s:188    .rodata.u8g_dev_scale_2x2_fn:0000000000000000 $d
     /tmp/ccz6TYFx.s:739    .text.u8g_dev_scale_2x2_fn:0000000000000374 $d
     /tmp/ccz6TYFx.s:742    .text.u8g_dev_scale_2x2_fn:0000000000000378 $t
                     .debug_frame:0000000000000010 $d

UNDEFINED SYMBOLS
u8g_UpdateDimension
u8g_call_dev_fn
u8g_GetWidthLL
u8g_GetHeightLL
