ARM GAS  /tmp/ccKNCUSi.s 			page 1


   1              		.cpu cortex-m0
   2              		.eabi_attribute 20, 1
   3              		.eabi_attribute 21, 1
   4              		.eabi_attribute 23, 3
   5              		.eabi_attribute 24, 1
   6              		.eabi_attribute 25, 1
   7              		.eabi_attribute 26, 1
   8              		.eabi_attribute 30, 6
   9              		.eabi_attribute 34, 0
  10              		.eabi_attribute 18, 4
  11              		.file	"u8g_line.c"
  12              		.text
  13              	.Ltext0:
  14              		.cfi_sections	.debug_frame
  15              		.section	.text.u8g_DrawLine,"ax",%progbits
  16              		.align	1
  17              		.global	u8g_DrawLine
  18              		.syntax unified
  19              		.code	16
  20              		.thumb_func
  21              		.fpu softvfp
  23              	u8g_DrawLine:
  24              	.LFB0:
  25              		.file 1 "Drivers/u8glib/src/u8g_line.c"
   1:Drivers/u8glib/src/u8g_line.c **** /*
   2:Drivers/u8glib/src/u8g_line.c **** 
   3:Drivers/u8glib/src/u8g_line.c ****   u8g_line.c
   4:Drivers/u8glib/src/u8g_line.c ****   
   5:Drivers/u8glib/src/u8g_line.c ****   Universal 8bit Graphics Library
   6:Drivers/u8glib/src/u8g_line.c ****   
   7:Drivers/u8glib/src/u8g_line.c ****   Copyright (c) 2012, olikraus@gmail.com
   8:Drivers/u8glib/src/u8g_line.c ****   All rights reserved.
   9:Drivers/u8glib/src/u8g_line.c **** 
  10:Drivers/u8glib/src/u8g_line.c ****   Redistribution and use in source and binary forms, with or without modification, 
  11:Drivers/u8glib/src/u8g_line.c ****   are permitted provided that the following conditions are met:
  12:Drivers/u8glib/src/u8g_line.c **** 
  13:Drivers/u8glib/src/u8g_line.c ****   * Redistributions of source code must retain the above copyright notice, this list 
  14:Drivers/u8glib/src/u8g_line.c ****     of conditions and the following disclaimer.
  15:Drivers/u8glib/src/u8g_line.c ****     
  16:Drivers/u8glib/src/u8g_line.c ****   * Redistributions in binary form must reproduce the above copyright notice, this 
  17:Drivers/u8glib/src/u8g_line.c ****     list of conditions and the following disclaimer in the documentation and/or other 
  18:Drivers/u8glib/src/u8g_line.c ****     materials provided with the distribution.
  19:Drivers/u8glib/src/u8g_line.c **** 
  20:Drivers/u8glib/src/u8g_line.c ****   THIS SOFTWARE IS PROVIDED BY THE COPYRIGHT HOLDERS AND 
  21:Drivers/u8glib/src/u8g_line.c ****   CONTRIBUTORS "AS IS" AND ANY EXPRESS OR IMPLIED WARRANTIES, 
  22:Drivers/u8glib/src/u8g_line.c ****   INCLUDING, BUT NOT LIMITED TO, THE IMPLIED WARRANTIES OF 
  23:Drivers/u8glib/src/u8g_line.c ****   MERCHANTABILITY AND FITNESS FOR A PARTICULAR PURPOSE ARE 
  24:Drivers/u8glib/src/u8g_line.c ****   DISCLAIMED. IN NO EVENT SHALL THE COPYRIGHT HOLDER OR 
  25:Drivers/u8glib/src/u8g_line.c ****   CONTRIBUTORS BE LIABLE FOR ANY DIRECT, INDIRECT, INCIDENTAL, 
  26:Drivers/u8glib/src/u8g_line.c ****   SPECIAL, EXEMPLARY, OR CONSEQUENTIAL DAMAGES (INCLUDING, BUT 
  27:Drivers/u8glib/src/u8g_line.c ****   NOT LIMITED TO, PROCUREMENT OF SUBSTITUTE GOODS OR SERVICES; 
  28:Drivers/u8glib/src/u8g_line.c ****   LOSS OF USE, DATA, OR PROFITS; OR BUSINESS INTERRUPTION) HOWEVER 
  29:Drivers/u8glib/src/u8g_line.c ****   CAUSED AND ON ANY THEORY OF LIABILITY, WHETHER IN CONTRACT, 
  30:Drivers/u8glib/src/u8g_line.c ****   STRICT LIABILITY, OR TORT (INCLUDING NEGLIGENCE OR OTHERWISE) 
  31:Drivers/u8glib/src/u8g_line.c ****   ARISING IN ANY WAY OUT OF THE USE OF THIS SOFTWARE, EVEN IF 
  32:Drivers/u8glib/src/u8g_line.c ****   ADVISED OF THE POSSIBILITY OF SUCH DAMAGE.  
  33:Drivers/u8glib/src/u8g_line.c ****   
ARM GAS  /tmp/ccKNCUSi.s 			page 2


  34:Drivers/u8glib/src/u8g_line.c **** */
  35:Drivers/u8glib/src/u8g_line.c **** 
  36:Drivers/u8glib/src/u8g_line.c **** #include "u8g.h"
  37:Drivers/u8glib/src/u8g_line.c **** 
  38:Drivers/u8glib/src/u8g_line.c **** void u8g_DrawLine(u8g_t *u8g, u8g_uint_t x1, u8g_uint_t y1, u8g_uint_t x2, u8g_uint_t y2)
  39:Drivers/u8glib/src/u8g_line.c **** {
  26              		.loc 1 39 0
  27              		.cfi_startproc
  28 0000 90B5     		push	{r4, r7, lr}
  29              	.LCFI0:
  30              		.cfi_def_cfa_offset 12
  31              		.cfi_offset 4, -12
  32              		.cfi_offset 7, -8
  33              		.cfi_offset 14, -4
  34 0002 85B0     		sub	sp, sp, #20
  35              	.LCFI1:
  36              		.cfi_def_cfa_offset 32
  37 0004 00AF     		add	r7, sp, #0
  38              	.LCFI2:
  39              		.cfi_def_cfa_register 7
  40 0006 7860     		str	r0, [r7, #4]
  41 0008 0C00     		movs	r4, r1
  42 000a 1000     		movs	r0, r2
  43 000c 1900     		movs	r1, r3
  44 000e FB1C     		adds	r3, r7, #3
  45 0010 221C     		adds	r2, r4, #0
  46 0012 1A70     		strb	r2, [r3]
  47 0014 BB1C     		adds	r3, r7, #2
  48 0016 021C     		adds	r2, r0, #0
  49 0018 1A70     		strb	r2, [r3]
  50 001a 7B1C     		adds	r3, r7, #1
  51 001c 0A1C     		adds	r2, r1, #0
  52 001e 1A70     		strb	r2, [r3]
  40:Drivers/u8glib/src/u8g_line.c ****   u8g_uint_t tmp;
  41:Drivers/u8glib/src/u8g_line.c ****   u8g_uint_t x,y;
  42:Drivers/u8glib/src/u8g_line.c ****   u8g_uint_t dx, dy;
  43:Drivers/u8glib/src/u8g_line.c ****   u8g_int_t err;
  44:Drivers/u8glib/src/u8g_line.c ****   u8g_int_t ystep;
  45:Drivers/u8glib/src/u8g_line.c **** 
  46:Drivers/u8glib/src/u8g_line.c ****   uint8_t swapxy = 0;
  53              		.loc 1 46 0
  54 0020 0923     		movs	r3, #9
  55 0022 FB18     		adds	r3, r7, r3
  56 0024 0022     		movs	r2, #0
  57 0026 1A70     		strb	r2, [r3]
  47:Drivers/u8glib/src/u8g_line.c ****   
  48:Drivers/u8glib/src/u8g_line.c ****   /* no BBX intersection check at the moment, should be added... */
  49:Drivers/u8glib/src/u8g_line.c **** 
  50:Drivers/u8glib/src/u8g_line.c ****   if ( x1 > x2 ) dx = x1-x2; else dx = x2-x1;
  58              		.loc 1 50 0
  59 0028 FA1C     		adds	r2, r7, #3
  60 002a 7B1C     		adds	r3, r7, #1
  61 002c 1278     		ldrb	r2, [r2]
  62 002e 1B78     		ldrb	r3, [r3]
  63 0030 9A42     		cmp	r2, r3
  64 0032 08D9     		bls	.L2
  65              		.loc 1 50 0 is_stmt 0 discriminator 1
ARM GAS  /tmp/ccKNCUSi.s 			page 3


  66 0034 0D23     		movs	r3, #13
  67 0036 FB18     		adds	r3, r7, r3
  68 0038 F91C     		adds	r1, r7, #3
  69 003a 7A1C     		adds	r2, r7, #1
  70 003c 0978     		ldrb	r1, [r1]
  71 003e 1278     		ldrb	r2, [r2]
  72 0040 8A1A     		subs	r2, r1, r2
  73 0042 1A70     		strb	r2, [r3]
  74 0044 07E0     		b	.L3
  75              	.L2:
  76              		.loc 1 50 0 discriminator 2
  77 0046 0D23     		movs	r3, #13
  78 0048 FB18     		adds	r3, r7, r3
  79 004a 791C     		adds	r1, r7, #1
  80 004c FA1C     		adds	r2, r7, #3
  81 004e 0978     		ldrb	r1, [r1]
  82 0050 1278     		ldrb	r2, [r2]
  83 0052 8A1A     		subs	r2, r1, r2
  84 0054 1A70     		strb	r2, [r3]
  85              	.L3:
  51:Drivers/u8glib/src/u8g_line.c ****   if ( y1 > y2 ) dy = y1-y2; else dy = y2-y1;
  86              		.loc 1 51 0 is_stmt 1
  87 0056 BB1C     		adds	r3, r7, #2
  88 0058 2022     		movs	r2, #32
  89 005a B918     		adds	r1, r7, r2
  90 005c 1A78     		ldrb	r2, [r3]
  91 005e 0B78     		ldrb	r3, [r1]
  92 0060 9A42     		cmp	r2, r3
  93 0062 09D9     		bls	.L4
  94              		.loc 1 51 0 is_stmt 0 discriminator 1
  95 0064 0C23     		movs	r3, #12
  96 0066 FB18     		adds	r3, r7, r3
  97 0068 BA1C     		adds	r2, r7, #2
  98 006a 2021     		movs	r1, #32
  99 006c 7818     		adds	r0, r7, r1
 100 006e 1178     		ldrb	r1, [r2]
 101 0070 0278     		ldrb	r2, [r0]
 102 0072 8A1A     		subs	r2, r1, r2
 103 0074 1A70     		strb	r2, [r3]
 104 0076 08E0     		b	.L5
 105              	.L4:
 106              		.loc 1 51 0 discriminator 2
 107 0078 0C23     		movs	r3, #12
 108 007a FB18     		adds	r3, r7, r3
 109 007c 2022     		movs	r2, #32
 110 007e B918     		adds	r1, r7, r2
 111 0080 BA1C     		adds	r2, r7, #2
 112 0082 0978     		ldrb	r1, [r1]
 113 0084 1278     		ldrb	r2, [r2]
 114 0086 8A1A     		subs	r2, r1, r2
 115 0088 1A70     		strb	r2, [r3]
 116              	.L5:
  52:Drivers/u8glib/src/u8g_line.c **** 
  53:Drivers/u8glib/src/u8g_line.c ****   if ( dy > dx ) 
 117              		.loc 1 53 0 is_stmt 1
 118 008a 0C23     		movs	r3, #12
 119 008c FA18     		adds	r2, r7, r3
ARM GAS  /tmp/ccKNCUSi.s 			page 4


 120 008e 0D23     		movs	r3, #13
 121 0090 FB18     		adds	r3, r7, r3
 122 0092 1278     		ldrb	r2, [r2]
 123 0094 1B78     		ldrb	r3, [r3]
 124 0096 9A42     		cmp	r2, r3
 125 0098 33D9     		bls	.L6
  54:Drivers/u8glib/src/u8g_line.c ****   {
  55:Drivers/u8glib/src/u8g_line.c ****     swapxy = 1;
 126              		.loc 1 55 0
 127 009a 0923     		movs	r3, #9
 128 009c FB18     		adds	r3, r7, r3
 129 009e 0122     		movs	r2, #1
 130 00a0 1A70     		strb	r2, [r3]
  56:Drivers/u8glib/src/u8g_line.c ****     tmp = dx; dx =dy; dy = tmp;
 131              		.loc 1 56 0
 132 00a2 0823     		movs	r3, #8
 133 00a4 FB18     		adds	r3, r7, r3
 134 00a6 0D22     		movs	r2, #13
 135 00a8 BA18     		adds	r2, r7, r2
 136 00aa 1278     		ldrb	r2, [r2]
 137 00ac 1A70     		strb	r2, [r3]
 138 00ae 0D23     		movs	r3, #13
 139 00b0 FB18     		adds	r3, r7, r3
 140 00b2 0C22     		movs	r2, #12
 141 00b4 BA18     		adds	r2, r7, r2
 142 00b6 1278     		ldrb	r2, [r2]
 143 00b8 1A70     		strb	r2, [r3]
 144 00ba 0C23     		movs	r3, #12
 145 00bc FB18     		adds	r3, r7, r3
 146 00be 0822     		movs	r2, #8
 147 00c0 BA18     		adds	r2, r7, r2
 148 00c2 1278     		ldrb	r2, [r2]
 149 00c4 1A70     		strb	r2, [r3]
  57:Drivers/u8glib/src/u8g_line.c ****     tmp = x1; x1 =y1; y1 = tmp;
 150              		.loc 1 57 0
 151 00c6 0823     		movs	r3, #8
 152 00c8 FB18     		adds	r3, r7, r3
 153 00ca FA1C     		adds	r2, r7, #3
 154 00cc 1278     		ldrb	r2, [r2]
 155 00ce 1A70     		strb	r2, [r3]
 156 00d0 FB1C     		adds	r3, r7, #3
 157 00d2 BA1C     		adds	r2, r7, #2
 158 00d4 1278     		ldrb	r2, [r2]
 159 00d6 1A70     		strb	r2, [r3]
 160 00d8 BB1C     		adds	r3, r7, #2
 161 00da 0822     		movs	r2, #8
 162 00dc BA18     		adds	r2, r7, r2
 163 00de 1278     		ldrb	r2, [r2]
 164 00e0 1A70     		strb	r2, [r3]
  58:Drivers/u8glib/src/u8g_line.c ****     tmp = x2; x2 =y2; y2 = tmp;
 165              		.loc 1 58 0
 166 00e2 0823     		movs	r3, #8
 167 00e4 FB18     		adds	r3, r7, r3
 168 00e6 7A1C     		adds	r2, r7, #1
 169 00e8 1278     		ldrb	r2, [r2]
 170 00ea 1A70     		strb	r2, [r3]
 171 00ec 7B1C     		adds	r3, r7, #1
ARM GAS  /tmp/ccKNCUSi.s 			page 5


 172 00ee 2022     		movs	r2, #32
 173 00f0 BA18     		adds	r2, r7, r2
 174 00f2 1278     		ldrb	r2, [r2]
 175 00f4 1A70     		strb	r2, [r3]
 176 00f6 2023     		movs	r3, #32
 177 00f8 FA18     		adds	r2, r7, r3
 178 00fa 0823     		movs	r3, #8
 179 00fc FB18     		adds	r3, r7, r3
 180 00fe 1B78     		ldrb	r3, [r3]
 181 0100 1370     		strb	r3, [r2]
 182              	.L6:
  59:Drivers/u8glib/src/u8g_line.c ****   }
  60:Drivers/u8glib/src/u8g_line.c ****   if ( x1 > x2 ) 
 183              		.loc 1 60 0
 184 0102 FA1C     		adds	r2, r7, #3
 185 0104 7B1C     		adds	r3, r7, #1
 186 0106 1278     		ldrb	r2, [r2]
 187 0108 1B78     		ldrb	r3, [r3]
 188 010a 9A42     		cmp	r2, r3
 189 010c 1DD9     		bls	.L7
  61:Drivers/u8glib/src/u8g_line.c ****   {
  62:Drivers/u8glib/src/u8g_line.c ****     tmp = x1; x1 =x2; x2 = tmp;
 190              		.loc 1 62 0
 191 010e 0823     		movs	r3, #8
 192 0110 FB18     		adds	r3, r7, r3
 193 0112 FA1C     		adds	r2, r7, #3
 194 0114 1278     		ldrb	r2, [r2]
 195 0116 1A70     		strb	r2, [r3]
 196 0118 FB1C     		adds	r3, r7, #3
 197 011a 7A1C     		adds	r2, r7, #1
 198 011c 1278     		ldrb	r2, [r2]
 199 011e 1A70     		strb	r2, [r3]
 200 0120 7B1C     		adds	r3, r7, #1
 201 0122 0822     		movs	r2, #8
 202 0124 BA18     		adds	r2, r7, r2
 203 0126 1278     		ldrb	r2, [r2]
 204 0128 1A70     		strb	r2, [r3]
  63:Drivers/u8glib/src/u8g_line.c ****     tmp = y1; y1 =y2; y2 = tmp;
 205              		.loc 1 63 0
 206 012a 0823     		movs	r3, #8
 207 012c FB18     		adds	r3, r7, r3
 208 012e BA1C     		adds	r2, r7, #2
 209 0130 1278     		ldrb	r2, [r2]
 210 0132 1A70     		strb	r2, [r3]
 211 0134 BB1C     		adds	r3, r7, #2
 212 0136 2022     		movs	r2, #32
 213 0138 BA18     		adds	r2, r7, r2
 214 013a 1278     		ldrb	r2, [r2]
 215 013c 1A70     		strb	r2, [r3]
 216 013e 2023     		movs	r3, #32
 217 0140 FA18     		adds	r2, r7, r3
 218 0142 0823     		movs	r3, #8
 219 0144 FB18     		adds	r3, r7, r3
 220 0146 1B78     		ldrb	r3, [r3]
 221 0148 1370     		strb	r3, [r2]
 222              	.L7:
  64:Drivers/u8glib/src/u8g_line.c ****   }
ARM GAS  /tmp/ccKNCUSi.s 			page 6


  65:Drivers/u8glib/src/u8g_line.c ****   err = dx >> 1;
 223              		.loc 1 65 0
 224 014a 0D23     		movs	r3, #13
 225 014c FB18     		adds	r3, r7, r3
 226 014e 1B78     		ldrb	r3, [r3]
 227 0150 5B08     		lsrs	r3, r3, #1
 228 0152 DAB2     		uxtb	r2, r3
 229 0154 0B23     		movs	r3, #11
 230 0156 FB18     		adds	r3, r7, r3
 231 0158 1A70     		strb	r2, [r3]
  66:Drivers/u8glib/src/u8g_line.c ****   if ( y2 > y1 ) ystep = 1; else ystep = -1;
 232              		.loc 1 66 0
 233 015a 2023     		movs	r3, #32
 234 015c FA18     		adds	r2, r7, r3
 235 015e BB1C     		adds	r3, r7, #2
 236 0160 1278     		ldrb	r2, [r2]
 237 0162 1B78     		ldrb	r3, [r3]
 238 0164 9A42     		cmp	r2, r3
 239 0166 04D9     		bls	.L8
 240              		.loc 1 66 0 is_stmt 0 discriminator 1
 241 0168 0A23     		movs	r3, #10
 242 016a FB18     		adds	r3, r7, r3
 243 016c 0122     		movs	r2, #1
 244 016e 1A70     		strb	r2, [r3]
 245 0170 03E0     		b	.L9
 246              	.L8:
 247              		.loc 1 66 0 discriminator 2
 248 0172 0A23     		movs	r3, #10
 249 0174 FB18     		adds	r3, r7, r3
 250 0176 FF22     		movs	r2, #255
 251 0178 1A70     		strb	r2, [r3]
 252              	.L9:
  67:Drivers/u8glib/src/u8g_line.c ****   y = y1;
 253              		.loc 1 67 0 is_stmt 1
 254 017a 0E23     		movs	r3, #14
 255 017c FB18     		adds	r3, r7, r3
 256 017e BA1C     		adds	r2, r7, #2
 257 0180 1278     		ldrb	r2, [r2]
 258 0182 1A70     		strb	r2, [r3]
  68:Drivers/u8glib/src/u8g_line.c **** 
  69:Drivers/u8glib/src/u8g_line.c **** #ifndef  U8G_16BIT
  70:Drivers/u8glib/src/u8g_line.c ****   if ( x2 == 255 )
 259              		.loc 1 70 0
 260 0184 7B1C     		adds	r3, r7, #1
 261 0186 1B78     		ldrb	r3, [r3]
 262 0188 FF2B     		cmp	r3, #255
 263 018a 04D1     		bne	.L10
  71:Drivers/u8glib/src/u8g_line.c ****     x2--;
 264              		.loc 1 71 0
 265 018c 7B1C     		adds	r3, r7, #1
 266 018e 1A78     		ldrb	r2, [r3]
 267 0190 7B1C     		adds	r3, r7, #1
 268 0192 013A     		subs	r2, r2, #1
 269 0194 1A70     		strb	r2, [r3]
 270              	.L10:
  72:Drivers/u8glib/src/u8g_line.c **** #else
  73:Drivers/u8glib/src/u8g_line.c ****   if ( x2 == 0xffff )
ARM GAS  /tmp/ccKNCUSi.s 			page 7


  74:Drivers/u8glib/src/u8g_line.c ****     x2--;
  75:Drivers/u8glib/src/u8g_line.c **** #endif
  76:Drivers/u8glib/src/u8g_line.c **** 
  77:Drivers/u8glib/src/u8g_line.c ****   for( x = x1; x <= x2; x++ )
 271              		.loc 1 77 0
 272 0196 0F23     		movs	r3, #15
 273 0198 FB18     		adds	r3, r7, r3
 274 019a FA1C     		adds	r2, r7, #3
 275 019c 1278     		ldrb	r2, [r2]
 276 019e 1A70     		strb	r2, [r3]
 277 01a0 45E0     		b	.L11
 278              	.L15:
  78:Drivers/u8glib/src/u8g_line.c ****   {
  79:Drivers/u8glib/src/u8g_line.c ****     if ( swapxy == 0 ) 
 279              		.loc 1 79 0
 280 01a2 0923     		movs	r3, #9
 281 01a4 FB18     		adds	r3, r7, r3
 282 01a6 1B78     		ldrb	r3, [r3]
 283 01a8 002B     		cmp	r3, #0
 284 01aa 0AD1     		bne	.L12
  80:Drivers/u8glib/src/u8g_line.c ****       u8g_DrawPixel(u8g, x, y); 
 285              		.loc 1 80 0
 286 01ac 0E23     		movs	r3, #14
 287 01ae FB18     		adds	r3, r7, r3
 288 01b0 1A78     		ldrb	r2, [r3]
 289 01b2 0F23     		movs	r3, #15
 290 01b4 FB18     		adds	r3, r7, r3
 291 01b6 1978     		ldrb	r1, [r3]
 292 01b8 7B68     		ldr	r3, [r7, #4]
 293 01ba 1800     		movs	r0, r3
 294 01bc FFF7FEFF 		bl	u8g_DrawPixel
 295 01c0 09E0     		b	.L13
 296              	.L12:
  81:Drivers/u8glib/src/u8g_line.c ****     else 
  82:Drivers/u8glib/src/u8g_line.c ****       u8g_DrawPixel(u8g, y, x); 
 297              		.loc 1 82 0
 298 01c2 0F23     		movs	r3, #15
 299 01c4 FB18     		adds	r3, r7, r3
 300 01c6 1A78     		ldrb	r2, [r3]
 301 01c8 0E23     		movs	r3, #14
 302 01ca FB18     		adds	r3, r7, r3
 303 01cc 1978     		ldrb	r1, [r3]
 304 01ce 7B68     		ldr	r3, [r7, #4]
 305 01d0 1800     		movs	r0, r3
 306 01d2 FFF7FEFF 		bl	u8g_DrawPixel
 307              	.L13:
  83:Drivers/u8glib/src/u8g_line.c ****     err -= (uint8_t)dy;
 308              		.loc 1 83 0
 309 01d6 0B23     		movs	r3, #11
 310 01d8 FB18     		adds	r3, r7, r3
 311 01da 1A78     		ldrb	r2, [r3]
 312 01dc 0C23     		movs	r3, #12
 313 01de FB18     		adds	r3, r7, r3
 314 01e0 1B78     		ldrb	r3, [r3]
 315 01e2 D31A     		subs	r3, r2, r3
 316 01e4 DAB2     		uxtb	r2, r3
 317 01e6 0B23     		movs	r3, #11
ARM GAS  /tmp/ccKNCUSi.s 			page 8


 318 01e8 FB18     		adds	r3, r7, r3
 319 01ea 1A70     		strb	r2, [r3]
  84:Drivers/u8glib/src/u8g_line.c ****     if ( err < 0 ) 
 320              		.loc 1 84 0
 321 01ec 0B23     		movs	r3, #11
 322 01ee FB18     		adds	r3, r7, r3
 323 01f0 1B78     		ldrb	r3, [r3]
 324 01f2 7F2B     		cmp	r3, #127
 325 01f4 14D9     		bls	.L14
  85:Drivers/u8glib/src/u8g_line.c ****     {
  86:Drivers/u8glib/src/u8g_line.c ****       y += (u8g_uint_t)ystep;
 326              		.loc 1 86 0
 327 01f6 0A23     		movs	r3, #10
 328 01f8 FB18     		adds	r3, r7, r3
 329 01fa 1978     		ldrb	r1, [r3]
 330 01fc 0E23     		movs	r3, #14
 331 01fe FB18     		adds	r3, r7, r3
 332 0200 0E22     		movs	r2, #14
 333 0202 BA18     		adds	r2, r7, r2
 334 0204 1278     		ldrb	r2, [r2]
 335 0206 8A18     		adds	r2, r1, r2
 336 0208 1A70     		strb	r2, [r3]
  87:Drivers/u8glib/src/u8g_line.c ****       err += (u8g_uint_t)dx;
 337              		.loc 1 87 0
 338 020a 0B23     		movs	r3, #11
 339 020c FB18     		adds	r3, r7, r3
 340 020e 1A78     		ldrb	r2, [r3]
 341 0210 0D23     		movs	r3, #13
 342 0212 FB18     		adds	r3, r7, r3
 343 0214 1B78     		ldrb	r3, [r3]
 344 0216 D318     		adds	r3, r2, r3
 345 0218 DAB2     		uxtb	r2, r3
 346 021a 0B23     		movs	r3, #11
 347 021c FB18     		adds	r3, r7, r3
 348 021e 1A70     		strb	r2, [r3]
 349              	.L14:
  77:Drivers/u8glib/src/u8g_line.c ****   {
 350              		.loc 1 77 0 discriminator 2
 351 0220 0F23     		movs	r3, #15
 352 0222 FB18     		adds	r3, r7, r3
 353 0224 1A78     		ldrb	r2, [r3]
 354 0226 0F23     		movs	r3, #15
 355 0228 FB18     		adds	r3, r7, r3
 356 022a 0132     		adds	r2, r2, #1
 357 022c 1A70     		strb	r2, [r3]
 358              	.L11:
  77:Drivers/u8glib/src/u8g_line.c ****   {
 359              		.loc 1 77 0 is_stmt 0 discriminator 1
 360 022e 0F23     		movs	r3, #15
 361 0230 FA18     		adds	r2, r7, r3
 362 0232 7B1C     		adds	r3, r7, #1
 363 0234 1278     		ldrb	r2, [r2]
 364 0236 1B78     		ldrb	r3, [r3]
 365 0238 9A42     		cmp	r2, r3
 366 023a B2D9     		bls	.L15
  88:Drivers/u8glib/src/u8g_line.c ****     }
  89:Drivers/u8glib/src/u8g_line.c ****   }
ARM GAS  /tmp/ccKNCUSi.s 			page 9


  90:Drivers/u8glib/src/u8g_line.c **** }
 367              		.loc 1 90 0 is_stmt 1
 368 023c C046     		nop
 369 023e BD46     		mov	sp, r7
 370 0240 05B0     		add	sp, sp, #20
 371              		@ sp needed
 372 0242 90BD     		pop	{r4, r7, pc}
 373              		.cfi_endproc
 374              	.LFE0:
 376              		.text
 377              	.Letext0:
 378              		.file 2 "/usr/arm-none-eabi/include/machine/_default_types.h"
 379              		.file 3 "/usr/arm-none-eabi/include/sys/_stdint.h"
 380              		.file 4 "Drivers/u8glib/inc/u8g.h"
ARM GAS  /tmp/ccKNCUSi.s 			page 10


DEFINED SYMBOLS
                            *ABS*:0000000000000000 u8g_line.c
     /tmp/ccKNCUSi.s:16     .text.u8g_DrawLine:0000000000000000 $t
     /tmp/ccKNCUSi.s:23     .text.u8g_DrawLine:0000000000000000 u8g_DrawLine
                     .debug_frame:0000000000000010 $d

UNDEFINED SYMBOLS
u8g_DrawPixel
