ARM GAS  /tmp/ccfR7B62.s 			page 1


   1              		.cpu cortex-m0
   2              		.eabi_attribute 20, 1
   3              		.eabi_attribute 21, 1
   4              		.eabi_attribute 23, 3
   5              		.eabi_attribute 24, 1
   6              		.eabi_attribute 25, 1
   7              		.eabi_attribute 26, 1
   8              		.eabi_attribute 30, 6
   9              		.eabi_attribute 34, 0
  10              		.eabi_attribute 18, 4
  11              		.file	"u8g_arm.c"
  12              		.text
  13              	.Ltext0:
  14              		.cfi_sections	.debug_frame
  15              		.section	.bss.control,"aw",%nobits
  18              	control:
  19 0000 00       		.space	1
  20              		.section	.text.u8g_Delay,"ax",%progbits
  21              		.align	1
  22              		.global	u8g_Delay
  23              		.syntax unified
  24              		.code	16
  25              		.thumb_func
  26              		.fpu softvfp
  28              	u8g_Delay:
  29              	.LFB35:
  30              		.file 1 "Drivers/u8glib/src/u8g_arm.c"
   1:Drivers/u8glib/src/u8g_arm.c **** #include "u8g_arm.h"
   2:Drivers/u8glib/src/u8g_arm.c **** 
   3:Drivers/u8glib/src/u8g_arm.c **** static uint8_t control = 0;
   4:Drivers/u8glib/src/u8g_arm.c **** void u8g_Delay(uint16_t val)
   5:Drivers/u8glib/src/u8g_arm.c **** {
  31              		.loc 1 5 0
  32              		.cfi_startproc
  33 0000 80B5     		push	{r7, lr}
  34              	.LCFI0:
  35              		.cfi_def_cfa_offset 8
  36              		.cfi_offset 7, -8
  37              		.cfi_offset 14, -4
  38 0002 82B0     		sub	sp, sp, #8
  39              	.LCFI1:
  40              		.cfi_def_cfa_offset 16
  41 0004 00AF     		add	r7, sp, #0
  42              	.LCFI2:
  43              		.cfi_def_cfa_register 7
  44 0006 0200     		movs	r2, r0
  45 0008 BB1D     		adds	r3, r7, #6
  46 000a 1A80     		strh	r2, [r3]
   6:Drivers/u8glib/src/u8g_arm.c **** 
   7:Drivers/u8glib/src/u8g_arm.c ****   HAL_Delay(val);
  47              		.loc 1 7 0
  48 000c BB1D     		adds	r3, r7, #6
  49 000e 1B88     		ldrh	r3, [r3]
  50 0010 1800     		movs	r0, r3
  51 0012 FFF7FEFF 		bl	HAL_Delay
   8:Drivers/u8glib/src/u8g_arm.c **** }
  52              		.loc 1 8 0
ARM GAS  /tmp/ccfR7B62.s 			page 2


  53 0016 C046     		nop
  54 0018 BD46     		mov	sp, r7
  55 001a 02B0     		add	sp, sp, #8
  56              		@ sp needed
  57 001c 80BD     		pop	{r7, pc}
  58              		.cfi_endproc
  59              	.LFE35:
  61              		.section	.text.u8g_MicroDelay,"ax",%progbits
  62              		.align	1
  63              		.global	u8g_MicroDelay
  64              		.syntax unified
  65              		.code	16
  66              		.thumb_func
  67              		.fpu softvfp
  69              	u8g_MicroDelay:
  70              	.LFB36:
   9:Drivers/u8glib/src/u8g_arm.c **** 
  10:Drivers/u8glib/src/u8g_arm.c **** void u8g_MicroDelay(void)
  11:Drivers/u8glib/src/u8g_arm.c **** {
  71              		.loc 1 11 0
  72              		.cfi_startproc
  73 0000 80B5     		push	{r7, lr}
  74              	.LCFI3:
  75              		.cfi_def_cfa_offset 8
  76              		.cfi_offset 7, -8
  77              		.cfi_offset 14, -4
  78 0002 82B0     		sub	sp, sp, #8
  79              	.LCFI4:
  80              		.cfi_def_cfa_offset 16
  81 0004 00AF     		add	r7, sp, #0
  82              	.LCFI5:
  83              		.cfi_def_cfa_register 7
  12:Drivers/u8glib/src/u8g_arm.c ****   int i;
  13:Drivers/u8glib/src/u8g_arm.c ****   for (i = 0; i < 1000; i++);
  84              		.loc 1 13 0
  85 0006 0023     		movs	r3, #0
  86 0008 7B60     		str	r3, [r7, #4]
  87 000a 02E0     		b	.L3
  88              	.L4:
  89              		.loc 1 13 0 is_stmt 0 discriminator 3
  90 000c 7B68     		ldr	r3, [r7, #4]
  91 000e 0133     		adds	r3, r3, #1
  92 0010 7B60     		str	r3, [r7, #4]
  93              	.L3:
  94              		.loc 1 13 0 discriminator 1
  95 0012 7B68     		ldr	r3, [r7, #4]
  96 0014 034A     		ldr	r2, .L5
  97 0016 9342     		cmp	r3, r2
  98 0018 F8DD     		ble	.L4
  14:Drivers/u8glib/src/u8g_arm.c **** }
  99              		.loc 1 14 0 is_stmt 1
 100 001a C046     		nop
 101 001c BD46     		mov	sp, r7
 102 001e 02B0     		add	sp, sp, #8
 103              		@ sp needed
 104 0020 80BD     		pop	{r7, pc}
 105              	.L6:
ARM GAS  /tmp/ccfR7B62.s 			page 3


 106 0022 C046     		.align	2
 107              	.L5:
 108 0024 E7030000 		.word	999
 109              		.cfi_endproc
 110              	.LFE36:
 112              		.section	.text.u8g_10MicroDelay,"ax",%progbits
 113              		.align	1
 114              		.global	u8g_10MicroDelay
 115              		.syntax unified
 116              		.code	16
 117              		.thumb_func
 118              		.fpu softvfp
 120              	u8g_10MicroDelay:
 121              	.LFB37:
  15:Drivers/u8glib/src/u8g_arm.c **** 
  16:Drivers/u8glib/src/u8g_arm.c **** void u8g_10MicroDelay(void)
  17:Drivers/u8glib/src/u8g_arm.c **** {
 122              		.loc 1 17 0
 123              		.cfi_startproc
 124 0000 80B5     		push	{r7, lr}
 125              	.LCFI6:
 126              		.cfi_def_cfa_offset 8
 127              		.cfi_offset 7, -8
 128              		.cfi_offset 14, -4
 129 0002 82B0     		sub	sp, sp, #8
 130              	.LCFI7:
 131              		.cfi_def_cfa_offset 16
 132 0004 00AF     		add	r7, sp, #0
 133              	.LCFI8:
 134              		.cfi_def_cfa_register 7
  18:Drivers/u8glib/src/u8g_arm.c **** 	int i;
  19:Drivers/u8glib/src/u8g_arm.c **** 	for (i = 0; i < 10000; i++);
 135              		.loc 1 19 0
 136 0006 0023     		movs	r3, #0
 137 0008 7B60     		str	r3, [r7, #4]
 138 000a 02E0     		b	.L8
 139              	.L9:
 140              		.loc 1 19 0 is_stmt 0 discriminator 3
 141 000c 7B68     		ldr	r3, [r7, #4]
 142 000e 0133     		adds	r3, r3, #1
 143 0010 7B60     		str	r3, [r7, #4]
 144              	.L8:
 145              		.loc 1 19 0 discriminator 1
 146 0012 7B68     		ldr	r3, [r7, #4]
 147 0014 034A     		ldr	r2, .L10
 148 0016 9342     		cmp	r3, r2
 149 0018 F8DD     		ble	.L9
  20:Drivers/u8glib/src/u8g_arm.c **** }
 150              		.loc 1 20 0 is_stmt 1
 151 001a C046     		nop
 152 001c BD46     		mov	sp, r7
 153 001e 02B0     		add	sp, sp, #8
 154              		@ sp needed
 155 0020 80BD     		pop	{r7, pc}
 156              	.L11:
 157 0022 C046     		.align	2
 158              	.L10:
ARM GAS  /tmp/ccfR7B62.s 			page 4


 159 0024 0F270000 		.word	9999
 160              		.cfi_endproc
 161              	.LFE37:
 163              		.section	.text.u8g_com_hw_i2c_fn,"ax",%progbits
 164              		.align	1
 165              		.global	u8g_com_hw_i2c_fn
 166              		.syntax unified
 167              		.code	16
 168              		.thumb_func
 169              		.fpu softvfp
 171              	u8g_com_hw_i2c_fn:
 172              	.LFB38:
  21:Drivers/u8glib/src/u8g_arm.c **** 
  22:Drivers/u8glib/src/u8g_arm.c **** 
  23:Drivers/u8glib/src/u8g_arm.c **** uint8_t u8g_com_hw_i2c_fn(u8g_t *u8g, uint8_t msg, uint8_t arg_val, void *arg_ptr)
  24:Drivers/u8glib/src/u8g_arm.c **** {
 173              		.loc 1 24 0
 174              		.cfi_startproc
 175 0000 80B5     		push	{r7, lr}
 176              	.LCFI9:
 177              		.cfi_def_cfa_offset 8
 178              		.cfi_offset 7, -8
 179              		.cfi_offset 14, -4
 180 0002 574F     		ldr	r7, .L25
 181 0004 BD44     		add	sp, sp, r7
 182              	.LCFI10:
 183              		.cfi_def_cfa_offset 1048
 184 0006 02AF     		add	r7, sp, #8
 185              	.LCFI11:
 186              		.cfi_def_cfa 7, 1040
 187 0008 F860     		str	r0, [r7, #12]
 188 000a 0800     		movs	r0, r1
 189 000c 1100     		movs	r1, r2
 190 000e 7B60     		str	r3, [r7, #4]
 191 0010 544B     		ldr	r3, .L25+4
 192 0012 8122     		movs	r2, #129
 193 0014 D200     		lsls	r2, r2, #3
 194 0016 9446     		mov	ip, r2
 195 0018 BC44     		add	ip, ip, r7
 196 001a 6344     		add	r3, r3, ip
 197 001c 021C     		adds	r2, r0, #0
 198 001e 1A70     		strb	r2, [r3]
 199 0020 514B     		ldr	r3, .L25+8
 200 0022 8122     		movs	r2, #129
 201 0024 D200     		lsls	r2, r2, #3
 202 0026 9446     		mov	ip, r2
 203 0028 BC44     		add	ip, ip, r7
 204 002a 6344     		add	r3, r3, ip
 205 002c 0A1C     		adds	r2, r1, #0
 206 002e 1A70     		strb	r2, [r3]
  25:Drivers/u8glib/src/u8g_arm.c ****   switch(msg)
 207              		.loc 1 25 0
 208 0030 4C4B     		ldr	r3, .L25+4
 209 0032 8122     		movs	r2, #129
 210 0034 D200     		lsls	r2, r2, #3
 211 0036 9446     		mov	ip, r2
 212 0038 BC44     		add	ip, ip, r7
ARM GAS  /tmp/ccfR7B62.s 			page 5


 213 003a 6344     		add	r3, r3, ip
 214 003c 1B78     		ldrb	r3, [r3]
 215 003e 072B     		cmp	r3, #7
 216 0040 00D9     		bls	.LCB170
 217 0042 85E0     		b	.L13	@long jump
 218              	.LCB170:
 219 0044 9A00     		lsls	r2, r3, #2
 220 0046 494B     		ldr	r3, .L25+12
 221 0048 D318     		adds	r3, r2, r3
 222 004a 1B68     		ldr	r3, [r3]
 223 004c 9F46     		mov	pc, r3
 224              		.section	.rodata.u8g_com_hw_i2c_fn,"a",%progbits
 225              		.align	2
 226              	.L15:
 227 0000 50010000 		.word	.L13
 228 0004 4E000000 		.word	.L16
 229 0008 54000000 		.word	.L17
 230 000c 50010000 		.word	.L13
 231 0010 50010000 		.word	.L13
 232 0014 7A000000 		.word	.L18
 233 0018 B2000000 		.word	.L19
 234 001c B2000000 		.word	.L19
 235              		.section	.text.u8g_com_hw_i2c_fn
 236              	.L16:
  26:Drivers/u8glib/src/u8g_arm.c ****   {
  27:Drivers/u8glib/src/u8g_arm.c ****     case U8G_COM_MSG_STOP:
  28:Drivers/u8glib/src/u8g_arm.c ****       break;
  29:Drivers/u8glib/src/u8g_arm.c **** 
  30:Drivers/u8glib/src/u8g_arm.c ****     case U8G_COM_MSG_INIT:
  31:Drivers/u8glib/src/u8g_arm.c ****       u8g_MicroDelay();
 237              		.loc 1 31 0
 238 004e FFF7FEFF 		bl	u8g_MicroDelay
  32:Drivers/u8glib/src/u8g_arm.c ****       break;
 239              		.loc 1 32 0
 240 0052 7DE0     		b	.L13
 241              	.L17:
  33:Drivers/u8glib/src/u8g_arm.c **** 
  34:Drivers/u8glib/src/u8g_arm.c ****     case U8G_COM_MSG_ADDRESS:                     /* define cmd (arg_val = 0) or data mode (arg_val
  35:Drivers/u8glib/src/u8g_arm.c ****       u8g_10MicroDelay();
 242              		.loc 1 35 0
 243 0054 FFF7FEFF 		bl	u8g_10MicroDelay
  36:Drivers/u8glib/src/u8g_arm.c ****       if (arg_val == 0)
 244              		.loc 1 36 0
 245 0058 434B     		ldr	r3, .L25+8
 246 005a 8122     		movs	r2, #129
 247 005c D200     		lsls	r2, r2, #3
 248 005e 9446     		mov	ip, r2
 249 0060 BC44     		add	ip, ip, r7
 250 0062 6344     		add	r3, r3, ip
 251 0064 1B78     		ldrb	r3, [r3]
 252 0066 002B     		cmp	r3, #0
 253 0068 03D1     		bne	.L20
  37:Drivers/u8glib/src/u8g_arm.c ****       {
  38:Drivers/u8glib/src/u8g_arm.c ****     	  control = 0;
 254              		.loc 1 38 0
 255 006a 414B     		ldr	r3, .L25+16
 256 006c 0022     		movs	r2, #0
ARM GAS  /tmp/ccfR7B62.s 			page 6


 257 006e 1A70     		strb	r2, [r3]
  39:Drivers/u8glib/src/u8g_arm.c ****       }
  40:Drivers/u8glib/src/u8g_arm.c ****       else
  41:Drivers/u8glib/src/u8g_arm.c ****       {
  42:Drivers/u8glib/src/u8g_arm.c ****     	  control = 0x40;
  43:Drivers/u8glib/src/u8g_arm.c ****       }
  44:Drivers/u8glib/src/u8g_arm.c ****      break;
 258              		.loc 1 44 0
 259 0070 6EE0     		b	.L13
 260              	.L20:
  42:Drivers/u8glib/src/u8g_arm.c ****       }
 261              		.loc 1 42 0
 262 0072 3F4B     		ldr	r3, .L25+16
 263 0074 4022     		movs	r2, #64
 264 0076 1A70     		strb	r2, [r3]
 265              		.loc 1 44 0
 266 0078 6AE0     		b	.L13
 267              	.L18:
 268              	.LBB2:
  45:Drivers/u8glib/src/u8g_arm.c **** 
  46:Drivers/u8glib/src/u8g_arm.c ****     case U8G_COM_MSG_WRITE_BYTE:
  47:Drivers/u8glib/src/u8g_arm.c ****     {
  48:Drivers/u8glib/src/u8g_arm.c ****     	uint8_t buffer[2];
  49:Drivers/u8glib/src/u8g_arm.c ****     	buffer[0] = control;
 269              		.loc 1 49 0
 270 007a 3D4B     		ldr	r3, .L25+16
 271 007c 1A78     		ldrb	r2, [r3]
 272 007e FF23     		movs	r3, #255
 273 0080 9B00     		lsls	r3, r3, #2
 274 0082 FB18     		adds	r3, r7, r3
 275 0084 1A70     		strb	r2, [r3]
  50:Drivers/u8glib/src/u8g_arm.c ****     	buffer[1] = arg_val;
 276              		.loc 1 50 0
 277 0086 FF23     		movs	r3, #255
 278 0088 9B00     		lsls	r3, r3, #2
 279 008a FB18     		adds	r3, r7, r3
 280 008c 364A     		ldr	r2, .L25+8
 281 008e 8121     		movs	r1, #129
 282 0090 C900     		lsls	r1, r1, #3
 283 0092 8C46     		mov	ip, r1
 284 0094 BC44     		add	ip, ip, r7
 285 0096 6244     		add	r2, r2, ip
 286 0098 1278     		ldrb	r2, [r2]
 287 009a 5A70     		strb	r2, [r3, #1]
  51:Drivers/u8glib/src/u8g_arm.c ****     	HAL_I2C_Master_Transmit(&I2C_HANDLER, DEVICE_ADDRESS, (uint8_t*) buffer, 2, I2C_TIMEOUT);
 288              		.loc 1 51 0
 289 009c FF23     		movs	r3, #255
 290 009e 9B00     		lsls	r3, r3, #2
 291 00a0 FA18     		adds	r2, r7, r3
 292 00a2 3448     		ldr	r0, .L25+20
 293 00a4 344B     		ldr	r3, .L25+24
 294 00a6 0093     		str	r3, [sp]
 295 00a8 0223     		movs	r3, #2
 296 00aa 7821     		movs	r1, #120
 297 00ac FFF7FEFF 		bl	HAL_I2C_Master_Transmit
 298              	.LBE2:
  52:Drivers/u8glib/src/u8g_arm.c ****     }
ARM GAS  /tmp/ccfR7B62.s 			page 7


  53:Drivers/u8glib/src/u8g_arm.c ****     	break;
 299              		.loc 1 53 0
 300 00b0 4EE0     		b	.L13
 301              	.L19:
 302              	.LBB3:
  54:Drivers/u8glib/src/u8g_arm.c **** 
  55:Drivers/u8glib/src/u8g_arm.c ****     case U8G_COM_MSG_WRITE_SEQ:
  56:Drivers/u8glib/src/u8g_arm.c ****     case U8G_COM_MSG_WRITE_SEQ_P:
  57:Drivers/u8glib/src/u8g_arm.c ****     {
  58:Drivers/u8glib/src/u8g_arm.c ****     	uint8_t buffer[DATA_BUFFER_SIZE];
  59:Drivers/u8glib/src/u8g_arm.c **** 		uint8_t *ptr = arg_ptr;
 303              		.loc 1 59 0
 304 00b2 7B68     		ldr	r3, [r7, #4]
 305 00b4 314A     		ldr	r2, .L25+28
 306 00b6 BA18     		adds	r2, r7, r2
 307 00b8 1360     		str	r3, [r2]
  60:Drivers/u8glib/src/u8g_arm.c **** 		buffer[0] = control;
 308              		.loc 1 60 0
 309 00ba 2D4B     		ldr	r3, .L25+16
 310 00bc 1A78     		ldrb	r2, [r3]
 311 00be 304B     		ldr	r3, .L25+32
 312 00c0 8121     		movs	r1, #129
 313 00c2 C900     		lsls	r1, r1, #3
 314 00c4 8C46     		mov	ip, r1
 315 00c6 BC44     		add	ip, ip, r7
 316 00c8 6344     		add	r3, r3, ip
 317 00ca 1A70     		strb	r2, [r3]
 318              	.LBB4:
  61:Drivers/u8glib/src/u8g_arm.c **** 		for (int i = 1; i <= arg_val; i++)
 319              		.loc 1 61 0
 320 00cc 0123     		movs	r3, #1
 321 00ce 8022     		movs	r2, #128
 322 00d0 D200     		lsls	r2, r2, #3
 323 00d2 BA18     		adds	r2, r7, r2
 324 00d4 1360     		str	r3, [r2]
 325 00d6 1CE0     		b	.L22
 326              	.L23:
  62:Drivers/u8glib/src/u8g_arm.c **** 		{
  63:Drivers/u8glib/src/u8g_arm.c **** 			buffer[i] = *(ptr++);
 327              		.loc 1 63 0 discriminator 3
 328 00d8 284B     		ldr	r3, .L25+28
 329 00da FB18     		adds	r3, r7, r3
 330 00dc 1B68     		ldr	r3, [r3]
 331 00de 5A1C     		adds	r2, r3, #1
 332 00e0 2649     		ldr	r1, .L25+28
 333 00e2 7918     		adds	r1, r7, r1
 334 00e4 0A60     		str	r2, [r1]
 335 00e6 1978     		ldrb	r1, [r3]
 336 00e8 254B     		ldr	r3, .L25+32
 337 00ea 8122     		movs	r2, #129
 338 00ec D200     		lsls	r2, r2, #3
 339 00ee BA18     		adds	r2, r7, r2
 340 00f0 D218     		adds	r2, r2, r3
 341 00f2 8023     		movs	r3, #128
 342 00f4 DB00     		lsls	r3, r3, #3
 343 00f6 FB18     		adds	r3, r7, r3
 344 00f8 1B68     		ldr	r3, [r3]
ARM GAS  /tmp/ccfR7B62.s 			page 8


 345 00fa D318     		adds	r3, r2, r3
 346 00fc 0A1C     		adds	r2, r1, #0
 347 00fe 1A70     		strb	r2, [r3]
  61:Drivers/u8glib/src/u8g_arm.c **** 		for (int i = 1; i <= arg_val; i++)
 348              		.loc 1 61 0 discriminator 3
 349 0100 8023     		movs	r3, #128
 350 0102 DB00     		lsls	r3, r3, #3
 351 0104 FB18     		adds	r3, r7, r3
 352 0106 1B68     		ldr	r3, [r3]
 353 0108 0133     		adds	r3, r3, #1
 354 010a 8022     		movs	r2, #128
 355 010c D200     		lsls	r2, r2, #3
 356 010e BA18     		adds	r2, r7, r2
 357 0110 1360     		str	r3, [r2]
 358              	.L22:
  61:Drivers/u8glib/src/u8g_arm.c **** 		for (int i = 1; i <= arg_val; i++)
 359              		.loc 1 61 0 is_stmt 0 discriminator 1
 360 0112 154B     		ldr	r3, .L25+8
 361 0114 8122     		movs	r2, #129
 362 0116 D200     		lsls	r2, r2, #3
 363 0118 9446     		mov	ip, r2
 364 011a BC44     		add	ip, ip, r7
 365 011c 6344     		add	r3, r3, ip
 366 011e 1A78     		ldrb	r2, [r3]
 367 0120 8023     		movs	r3, #128
 368 0122 DB00     		lsls	r3, r3, #3
 369 0124 FB18     		adds	r3, r7, r3
 370 0126 1B68     		ldr	r3, [r3]
 371 0128 9A42     		cmp	r2, r3
 372 012a D5DA     		bge	.L23
 373              	.LBE4:
  64:Drivers/u8glib/src/u8g_arm.c **** 		}
  65:Drivers/u8glib/src/u8g_arm.c **** 		HAL_I2C_Master_Transmit(&I2C_HANDLER, DEVICE_ADDRESS, (uint8_t *)buffer, arg_val, I2C_TIMEOUT);
 374              		.loc 1 65 0 is_stmt 1
 375 012c 0E4B     		ldr	r3, .L25+8
 376 012e 8122     		movs	r2, #129
 377 0130 D200     		lsls	r2, r2, #3
 378 0132 9446     		mov	ip, r2
 379 0134 BC44     		add	ip, ip, r7
 380 0136 6344     		add	r3, r3, ip
 381 0138 1B78     		ldrb	r3, [r3]
 382 013a 99B2     		uxth	r1, r3
 383 013c 1423     		movs	r3, #20
 384 013e FA18     		adds	r2, r7, r3
 385 0140 0C48     		ldr	r0, .L25+20
 386 0142 0D4B     		ldr	r3, .L25+24
 387 0144 0093     		str	r3, [sp]
 388 0146 0B00     		movs	r3, r1
 389 0148 7821     		movs	r1, #120
 390 014a FFF7FEFF 		bl	HAL_I2C_Master_Transmit
 391              	.LBE3:
  66:Drivers/u8glib/src/u8g_arm.c ****     }
  67:Drivers/u8glib/src/u8g_arm.c **** 
  68:Drivers/u8glib/src/u8g_arm.c ****       break;
 392              		.loc 1 68 0
 393 014e C046     		nop
 394              	.L13:
ARM GAS  /tmp/ccfR7B62.s 			page 9


  69:Drivers/u8glib/src/u8g_arm.c ****   }
  70:Drivers/u8glib/src/u8g_arm.c ****   return 1;
 395              		.loc 1 70 0
 396 0150 0123     		movs	r3, #1
  71:Drivers/u8glib/src/u8g_arm.c **** }
 397              		.loc 1 71 0
 398 0152 1800     		movs	r0, r3
 399 0154 BD46     		mov	sp, r7
 400 0156 8123     		movs	r3, #129
 401 0158 DB00     		lsls	r3, r3, #3
 402 015a 9D44     		add	sp, sp, r3
 403              		@ sp needed
 404 015c 80BD     		pop	{r7, pc}
 405              	.L26:
 406 015e C046     		.align	2
 407              	.L25:
 408 0160 F0FBFFFF 		.word	-1040
 409 0164 03FCFFFF 		.word	-1021
 410 0168 02FCFFFF 		.word	-1022
 411 016c 00000000 		.word	.L15
 412 0170 00000000 		.word	control
 413 0174 00000000 		.word	hi2c1
 414 0178 10270000 		.word	10000
 415 017c 04040000 		.word	1028
 416 0180 0CFCFFFF 		.word	-1012
 417              		.cfi_endproc
 418              	.LFE38:
 420              		.text
 421              	.Letext0:
 422              		.file 2 "/usr/arm-none-eabi/include/machine/_default_types.h"
 423              		.file 3 "/usr/arm-none-eabi/include/sys/_stdint.h"
 424              		.file 4 "Drivers/u8glib/inc/u8g.h"
 425              		.file 5 "Drivers/CMSIS/Device/ST/STM32F0xx/Include/system_stm32f0xx.h"
 426              		.file 6 "Drivers/CMSIS/Device/ST/STM32F0xx/Include/stm32f072xb.h"
 427              		.file 7 "/usr/arm-none-eabi/include/sys/lock.h"
 428              		.file 8 "/usr/arm-none-eabi/include/sys/_types.h"
 429              		.file 9 "/usr/lib/gcc/arm-none-eabi/6.2.0/include/stddef.h"
 430              		.file 10 "/usr/arm-none-eabi/include/sys/reent.h"
 431              		.file 11 "Drivers/STM32F0xx_HAL_Driver/Inc/stm32f0xx_hal_def.h"
 432              		.file 12 "Drivers/STM32F0xx_HAL_Driver/Inc/stm32f0xx_hal_dma.h"
 433              		.file 13 "Drivers/STM32F0xx_HAL_Driver/Inc/stm32f0xx_hal_i2c.h"
 434              		.file 14 "Drivers/u8glib/inc/u8g_arm.h"
ARM GAS  /tmp/ccfR7B62.s 			page 10


DEFINED SYMBOLS
                            *ABS*:0000000000000000 u8g_arm.c
     /tmp/ccfR7B62.s:18     .bss.control:0000000000000000 control
     /tmp/ccfR7B62.s:19     .bss.control:0000000000000000 $d
     /tmp/ccfR7B62.s:21     .text.u8g_Delay:0000000000000000 $t
     /tmp/ccfR7B62.s:28     .text.u8g_Delay:0000000000000000 u8g_Delay
     /tmp/ccfR7B62.s:62     .text.u8g_MicroDelay:0000000000000000 $t
     /tmp/ccfR7B62.s:69     .text.u8g_MicroDelay:0000000000000000 u8g_MicroDelay
     /tmp/ccfR7B62.s:108    .text.u8g_MicroDelay:0000000000000024 $d
     /tmp/ccfR7B62.s:113    .text.u8g_10MicroDelay:0000000000000000 $t
     /tmp/ccfR7B62.s:120    .text.u8g_10MicroDelay:0000000000000000 u8g_10MicroDelay
     /tmp/ccfR7B62.s:159    .text.u8g_10MicroDelay:0000000000000024 $d
     /tmp/ccfR7B62.s:164    .text.u8g_com_hw_i2c_fn:0000000000000000 $t
     /tmp/ccfR7B62.s:171    .text.u8g_com_hw_i2c_fn:0000000000000000 u8g_com_hw_i2c_fn
     /tmp/ccfR7B62.s:225    .rodata.u8g_com_hw_i2c_fn:0000000000000000 $d
     /tmp/ccfR7B62.s:408    .text.u8g_com_hw_i2c_fn:0000000000000160 $d
                     .debug_frame:0000000000000010 $d

UNDEFINED SYMBOLS
HAL_Delay
HAL_I2C_Master_Transmit
hi2c1
