ARM GAS  /tmp/cc3yBHxD.s 			page 1


   1              		.cpu cortex-m0
   2              		.eabi_attribute 20, 1
   3              		.eabi_attribute 21, 1
   4              		.eabi_attribute 23, 3
   5              		.eabi_attribute 24, 1
   6              		.eabi_attribute 25, 1
   7              		.eabi_attribute 26, 1
   8              		.eabi_attribute 30, 6
   9              		.eabi_attribute 34, 0
  10              		.eabi_attribute 18, 4
  11              		.file	"u8g_pb16h2.c"
  12              		.text
  13              	.Ltext0:
  14              		.cfi_sections	.debug_frame
  15              		.section	.text.u8g_pb16h2_Clear,"ax",%progbits
  16              		.align	1
  17              		.global	u8g_pb16h2_Clear
  18              		.syntax unified
  19              		.code	16
  20              		.thumb_func
  21              		.fpu softvfp
  23              	u8g_pb16h2_Clear:
  24              	.LFB0:
  25              		.file 1 "Drivers/u8glib/src/u8g_pb16h2.c"
   1:Drivers/u8glib/src/u8g_pb16h2.c **** /*
   2:Drivers/u8glib/src/u8g_pb16h2.c **** 
   3:Drivers/u8glib/src/u8g_pb16h2.c ****   u8g_pb16h2.c
   4:Drivers/u8glib/src/u8g_pb16h2.c ****   
   5:Drivers/u8glib/src/u8g_pb16h2.c ****   2 bit per pixel page buffer
   6:Drivers/u8glib/src/u8g_pb16h2.c ****   byte has horizontal orientation
   7:Drivers/u8glib/src/u8g_pb16h2.c **** 
   8:Drivers/u8glib/src/u8g_pb16h2.c ****   Universal 8bit Graphics Library
   9:Drivers/u8glib/src/u8g_pb16h2.c ****   
  10:Drivers/u8glib/src/u8g_pb16h2.c ****   Copyright (c) 2011, olikraus@gmail.com
  11:Drivers/u8glib/src/u8g_pb16h2.c ****   All rights reserved.
  12:Drivers/u8glib/src/u8g_pb16h2.c **** 
  13:Drivers/u8glib/src/u8g_pb16h2.c ****   Redistribution and use in source and binary forms, with or without modification, 
  14:Drivers/u8glib/src/u8g_pb16h2.c ****   are permitted provided that the following conditions are met:
  15:Drivers/u8glib/src/u8g_pb16h2.c **** 
  16:Drivers/u8glib/src/u8g_pb16h2.c ****   * Redistributions of source code must retain the above copyright notice, this list 
  17:Drivers/u8glib/src/u8g_pb16h2.c ****     of conditions and the following disclaimer.
  18:Drivers/u8glib/src/u8g_pb16h2.c ****     
  19:Drivers/u8glib/src/u8g_pb16h2.c ****   * Redistributions in binary form must reproduce the above copyright notice, this 
  20:Drivers/u8glib/src/u8g_pb16h2.c ****     list of conditions and the following disclaimer in the documentation and/or other 
  21:Drivers/u8glib/src/u8g_pb16h2.c ****     materials provided with the distribution.
  22:Drivers/u8glib/src/u8g_pb16h2.c **** 
  23:Drivers/u8glib/src/u8g_pb16h2.c ****   THIS SOFTWARE IS PROVIDED BY THE COPYRIGHT HOLDERS AND 
  24:Drivers/u8glib/src/u8g_pb16h2.c ****   CONTRIBUTORS "AS IS" AND ANY EXPRESS OR IMPLIED WARRANTIES, 
  25:Drivers/u8glib/src/u8g_pb16h2.c ****   INCLUDING, BUT NOT LIMITED TO, THE IMPLIED WARRANTIES OF 
  26:Drivers/u8glib/src/u8g_pb16h2.c ****   MERCHANTABILITY AND FITNESS FOR A PARTICULAR PURPOSE ARE 
  27:Drivers/u8glib/src/u8g_pb16h2.c ****   DISCLAIMED. IN NO EVENT SHALL THE COPYRIGHT HOLDER OR 
  28:Drivers/u8glib/src/u8g_pb16h2.c ****   CONTRIBUTORS BE LIABLE FOR ANY DIRECT, INDIRECT, INCIDENTAL, 
  29:Drivers/u8glib/src/u8g_pb16h2.c ****   SPECIAL, EXEMPLARY, OR CONSEQUENTIAL DAMAGES (INCLUDING, BUT 
  30:Drivers/u8glib/src/u8g_pb16h2.c ****   NOT LIMITED TO, PROCUREMENT OF SUBSTITUTE GOODS OR SERVICES; 
  31:Drivers/u8glib/src/u8g_pb16h2.c ****   LOSS OF USE, DATA, OR PROFITS; OR BUSINESS INTERRUPTION) HOWEVER 
  32:Drivers/u8glib/src/u8g_pb16h2.c ****   CAUSED AND ON ANY THEORY OF LIABILITY, WHETHER IN CONTRACT, 
  33:Drivers/u8glib/src/u8g_pb16h2.c ****   STRICT LIABILITY, OR TORT (INCLUDING NEGLIGENCE OR OTHERWISE) 
ARM GAS  /tmp/cc3yBHxD.s 			page 2


  34:Drivers/u8glib/src/u8g_pb16h2.c ****   ARISING IN ANY WAY OUT OF THE USE OF THIS SOFTWARE, EVEN IF 
  35:Drivers/u8glib/src/u8g_pb16h2.c ****   ADVISED OF THE POSSIBILITY OF SUCH DAMAGE.  
  36:Drivers/u8glib/src/u8g_pb16h2.c ****   
  37:Drivers/u8glib/src/u8g_pb16h2.c **** 
  38:Drivers/u8glib/src/u8g_pb16h2.c **** */
  39:Drivers/u8glib/src/u8g_pb16h2.c **** 
  40:Drivers/u8glib/src/u8g_pb16h2.c **** #include "u8g.h"
  41:Drivers/u8glib/src/u8g_pb16h2.c **** #include <string.h>
  42:Drivers/u8glib/src/u8g_pb16h2.c **** 
  43:Drivers/u8glib/src/u8g_pb16h2.c **** void u8g_pb16h2_Clear(u8g_pb_t *b)
  44:Drivers/u8glib/src/u8g_pb16h2.c **** {
  26              		.loc 1 44 0
  27              		.cfi_startproc
  28 0000 80B5     		push	{r7, lr}
  29              	.LCFI0:
  30              		.cfi_def_cfa_offset 8
  31              		.cfi_offset 7, -8
  32              		.cfi_offset 14, -4
  33 0002 84B0     		sub	sp, sp, #16
  34              	.LCFI1:
  35              		.cfi_def_cfa_offset 24
  36 0004 00AF     		add	r7, sp, #0
  37              	.LCFI2:
  38              		.cfi_def_cfa_register 7
  39 0006 7860     		str	r0, [r7, #4]
  45:Drivers/u8glib/src/u8g_pb16h2.c ****   uint8_t *ptr = (uint8_t *)b->buf;
  40              		.loc 1 45 0
  41 0008 7B68     		ldr	r3, [r7, #4]
  42 000a 9B68     		ldr	r3, [r3, #8]
  43 000c FB60     		str	r3, [r7, #12]
  46:Drivers/u8glib/src/u8g_pb16h2.c ****   uint8_t *end_ptr = ptr;
  44              		.loc 1 46 0
  45 000e FB68     		ldr	r3, [r7, #12]
  46 0010 BB60     		str	r3, [r7, #8]
  47:Drivers/u8glib/src/u8g_pb16h2.c ****   
  48:Drivers/u8glib/src/u8g_pb16h2.c ****   /* two bits per pixel, 16 bits height --> 8 pixel --> 4 pixel per byte */
  49:Drivers/u8glib/src/u8g_pb16h2.c ****   end_ptr += b->width;
  47              		.loc 1 49 0
  48 0012 7B68     		ldr	r3, [r7, #4]
  49 0014 5B79     		ldrb	r3, [r3, #5]
  50 0016 1A00     		movs	r2, r3
  51 0018 BB68     		ldr	r3, [r7, #8]
  52 001a 9B18     		adds	r3, r3, r2
  53 001c BB60     		str	r3, [r7, #8]
  50:Drivers/u8glib/src/u8g_pb16h2.c ****   end_ptr += b->width;
  54              		.loc 1 50 0
  55 001e 7B68     		ldr	r3, [r7, #4]
  56 0020 5B79     		ldrb	r3, [r3, #5]
  57 0022 1A00     		movs	r2, r3
  58 0024 BB68     		ldr	r3, [r7, #8]
  59 0026 9B18     		adds	r3, r3, r2
  60 0028 BB60     		str	r3, [r7, #8]
  61              	.L2:
  51:Drivers/u8glib/src/u8g_pb16h2.c ****   
  52:Drivers/u8glib/src/u8g_pb16h2.c ****   do
  53:Drivers/u8glib/src/u8g_pb16h2.c ****   {
  54:Drivers/u8glib/src/u8g_pb16h2.c ****     *ptr++ = 0;
ARM GAS  /tmp/cc3yBHxD.s 			page 3


  62              		.loc 1 54 0 discriminator 1
  63 002a FB68     		ldr	r3, [r7, #12]
  64 002c 5A1C     		adds	r2, r3, #1
  65 002e FA60     		str	r2, [r7, #12]
  66 0030 0022     		movs	r2, #0
  67 0032 1A70     		strb	r2, [r3]
  55:Drivers/u8glib/src/u8g_pb16h2.c ****   } while( ptr != end_ptr );
  68              		.loc 1 55 0 discriminator 1
  69 0034 FA68     		ldr	r2, [r7, #12]
  70 0036 BB68     		ldr	r3, [r7, #8]
  71 0038 9A42     		cmp	r2, r3
  72 003a F6D1     		bne	.L2
  56:Drivers/u8glib/src/u8g_pb16h2.c **** }
  73              		.loc 1 56 0
  74 003c C046     		nop
  75 003e BD46     		mov	sp, r7
  76 0040 04B0     		add	sp, sp, #16
  77              		@ sp needed
  78 0042 80BD     		pop	{r7, pc}
  79              		.cfi_endproc
  80              	.LFE0:
  82              		.section	.text.u8g_pb16h2_Init,"ax",%progbits
  83              		.align	1
  84              		.global	u8g_pb16h2_Init
  85              		.syntax unified
  86              		.code	16
  87              		.thumb_func
  88              		.fpu softvfp
  90              	u8g_pb16h2_Init:
  91              	.LFB1:
  57:Drivers/u8glib/src/u8g_pb16h2.c **** 
  58:Drivers/u8glib/src/u8g_pb16h2.c **** void u8g_pb16h2_Init(u8g_pb_t *b, void *buf, u8g_uint_t width)
  59:Drivers/u8glib/src/u8g_pb16h2.c **** {
  92              		.loc 1 59 0
  93              		.cfi_startproc
  94 0000 80B5     		push	{r7, lr}
  95              	.LCFI3:
  96              		.cfi_def_cfa_offset 8
  97              		.cfi_offset 7, -8
  98              		.cfi_offset 14, -4
  99 0002 84B0     		sub	sp, sp, #16
 100              	.LCFI4:
 101              		.cfi_def_cfa_offset 24
 102 0004 00AF     		add	r7, sp, #0
 103              	.LCFI5:
 104              		.cfi_def_cfa_register 7
 105 0006 F860     		str	r0, [r7, #12]
 106 0008 B960     		str	r1, [r7, #8]
 107 000a FB1D     		adds	r3, r7, #7
 108 000c 1A70     		strb	r2, [r3]
  60:Drivers/u8glib/src/u8g_pb16h2.c ****   b->buf = buf;
 109              		.loc 1 60 0
 110 000e FB68     		ldr	r3, [r7, #12]
 111 0010 BA68     		ldr	r2, [r7, #8]
 112 0012 9A60     		str	r2, [r3, #8]
  61:Drivers/u8glib/src/u8g_pb16h2.c ****   b->width = width;
 113              		.loc 1 61 0
ARM GAS  /tmp/cc3yBHxD.s 			page 4


 114 0014 FB68     		ldr	r3, [r7, #12]
 115 0016 FA1D     		adds	r2, r7, #7
 116 0018 1278     		ldrb	r2, [r2]
 117 001a 5A71     		strb	r2, [r3, #5]
  62:Drivers/u8glib/src/u8g_pb16h2.c ****   u8g_pb16h2_Clear(b);
 118              		.loc 1 62 0
 119 001c FB68     		ldr	r3, [r7, #12]
 120 001e 1800     		movs	r0, r3
 121 0020 FFF7FEFF 		bl	u8g_pb16h2_Clear
  63:Drivers/u8glib/src/u8g_pb16h2.c **** }
 122              		.loc 1 63 0
 123 0024 C046     		nop
 124 0026 BD46     		mov	sp, r7
 125 0028 04B0     		add	sp, sp, #16
 126              		@ sp needed
 127 002a 80BD     		pop	{r7, pc}
 128              		.cfi_endproc
 129              	.LFE1:
 131              		.section	.text.u8g_pb16h2_set_pixel,"ax",%progbits
 132              		.align	1
 133              		.syntax unified
 134              		.code	16
 135              		.thumb_func
 136              		.fpu softvfp
 138              	u8g_pb16h2_set_pixel:
 139              	.LFB2:
  64:Drivers/u8glib/src/u8g_pb16h2.c **** 
  65:Drivers/u8glib/src/u8g_pb16h2.c **** static void u8g_pb16h2_set_pixel(u8g_pb_t *b, u8g_uint_t x, u8g_uint_t y, uint8_t color_index, uint
  66:Drivers/u8glib/src/u8g_pb16h2.c **** static void u8g_pb16h2_set_pixel(u8g_pb_t *b, u8g_uint_t x, u8g_uint_t y, uint8_t color_index, uint
  67:Drivers/u8glib/src/u8g_pb16h2.c **** {
 140              		.loc 1 67 0
 141              		.cfi_startproc
 142 0000 B0B5     		push	{r4, r5, r7, lr}
 143              	.LCFI6:
 144              		.cfi_def_cfa_offset 16
 145              		.cfi_offset 4, -16
 146              		.cfi_offset 5, -12
 147              		.cfi_offset 7, -8
 148              		.cfi_offset 14, -4
 149 0002 84B0     		sub	sp, sp, #16
 150              	.LCFI7:
 151              		.cfi_def_cfa_offset 32
 152 0004 00AF     		add	r7, sp, #0
 153              	.LCFI8:
 154              		.cfi_def_cfa_register 7
 155 0006 7860     		str	r0, [r7, #4]
 156 0008 0C00     		movs	r4, r1
 157 000a 1000     		movs	r0, r2
 158 000c 1900     		movs	r1, r3
 159 000e FB1C     		adds	r3, r7, #3
 160 0010 221C     		adds	r2, r4, #0
 161 0012 1A70     		strb	r2, [r3]
 162 0014 BB1C     		adds	r3, r7, #2
 163 0016 021C     		adds	r2, r0, #0
 164 0018 1A70     		strb	r2, [r3]
 165 001a 7B1C     		adds	r3, r7, #1
 166 001c 0A1C     		adds	r2, r1, #0
ARM GAS  /tmp/cc3yBHxD.s 			page 5


 167 001e 1A70     		strb	r2, [r3]
  68:Drivers/u8glib/src/u8g_pb16h2.c ****   register uint8_t mask;
  69:Drivers/u8glib/src/u8g_pb16h2.c ****   register uint16_t tmp;
  70:Drivers/u8glib/src/u8g_pb16h2.c ****   
  71:Drivers/u8glib/src/u8g_pb16h2.c ****   uint8_t *ptr = b->buf;
 168              		.loc 1 71 0
 169 0020 7B68     		ldr	r3, [r7, #4]
 170 0022 9B68     		ldr	r3, [r3, #8]
 171 0024 FB60     		str	r3, [r7, #12]
  72:Drivers/u8glib/src/u8g_pb16h2.c ****   
  73:Drivers/u8glib/src/u8g_pb16h2.c ****   y -= b->p.page_y0;
 172              		.loc 1 73 0
 173 0026 7B68     		ldr	r3, [r7, #4]
 174 0028 9A78     		ldrb	r2, [r3, #2]
 175 002a BB1C     		adds	r3, r7, #2
 176 002c B91C     		adds	r1, r7, #2
 177 002e 0978     		ldrb	r1, [r1]
 178 0030 8A1A     		subs	r2, r1, r2
 179 0032 1A70     		strb	r2, [r3]
  74:Drivers/u8glib/src/u8g_pb16h2.c ****   
  75:Drivers/u8glib/src/u8g_pb16h2.c ****   tmp = b->width;
 180              		.loc 1 75 0
 181 0034 7B68     		ldr	r3, [r7, #4]
 182 0036 5B79     		ldrb	r3, [r3, #5]
 183 0038 9CB2     		uxth	r4, r3
  76:Drivers/u8glib/src/u8g_pb16h2.c ****   tmp >>= 2;
 184              		.loc 1 76 0
 185 003a A308     		lsrs	r3, r4, #2
 186 003c 9CB2     		uxth	r4, r3
  77:Drivers/u8glib/src/u8g_pb16h2.c ****   tmp *= (uint8_t)y;
 187              		.loc 1 77 0
 188 003e BB1C     		adds	r3, r7, #2
 189 0040 1B78     		ldrb	r3, [r3]
 190 0042 9BB2     		uxth	r3, r3
 191 0044 6343     		muls	r3, r4
 192 0046 9CB2     		uxth	r4, r3
  78:Drivers/u8glib/src/u8g_pb16h2.c ****   ptr += tmp;
 193              		.loc 1 78 0
 194 0048 2200     		movs	r2, r4
 195 004a FB68     		ldr	r3, [r7, #12]
 196 004c 9B18     		adds	r3, r3, r2
 197 004e FB60     		str	r3, [r7, #12]
  79:Drivers/u8glib/src/u8g_pb16h2.c ****   
  80:Drivers/u8glib/src/u8g_pb16h2.c ****   tmp = x;
 198              		.loc 1 80 0
 199 0050 FB1C     		adds	r3, r7, #3
 200 0052 1B78     		ldrb	r3, [r3]
 201 0054 9CB2     		uxth	r4, r3
  81:Drivers/u8glib/src/u8g_pb16h2.c ****   tmp >>= 2;
 202              		.loc 1 81 0
 203 0056 A308     		lsrs	r3, r4, #2
 204 0058 9CB2     		uxth	r4, r3
  82:Drivers/u8glib/src/u8g_pb16h2.c ****   ptr += tmp;
 205              		.loc 1 82 0
 206 005a 2200     		movs	r2, r4
 207 005c FB68     		ldr	r3, [r7, #12]
 208 005e 9B18     		adds	r3, r3, r2
ARM GAS  /tmp/cc3yBHxD.s 			page 6


 209 0060 FB60     		str	r3, [r7, #12]
  83:Drivers/u8glib/src/u8g_pb16h2.c ****   
  84:Drivers/u8glib/src/u8g_pb16h2.c ****   tmp = x;
 210              		.loc 1 84 0
 211 0062 FB1C     		adds	r3, r7, #3
 212 0064 1B78     		ldrb	r3, [r3]
 213 0066 9CB2     		uxth	r4, r3
  85:Drivers/u8glib/src/u8g_pb16h2.c ****   tmp &= 3;
 214              		.loc 1 85 0
 215 0068 0323     		movs	r3, #3
 216 006a 2340     		ands	r3, r4
 217 006c 9CB2     		uxth	r4, r3
  86:Drivers/u8glib/src/u8g_pb16h2.c ****   tmp <<= 1;
 218              		.loc 1 86 0
 219 006e 231C     		adds	r3, r4, #0
 220 0070 DB18     		adds	r3, r3, r3
 221 0072 9CB2     		uxth	r4, r3
  87:Drivers/u8glib/src/u8g_pb16h2.c ****   if ( is_or == 0 )
 222              		.loc 1 87 0
 223 0074 2023     		movs	r3, #32
 224 0076 FB18     		adds	r3, r7, r3
 225 0078 1B78     		ldrb	r3, [r3]
 226 007a 002B     		cmp	r3, #0
 227 007c 0DD1     		bne	.L5
  88:Drivers/u8glib/src/u8g_pb16h2.c ****   {
  89:Drivers/u8glib/src/u8g_pb16h2.c ****     mask = 3;
 228              		.loc 1 89 0
 229 007e 0325     		movs	r5, #3
  90:Drivers/u8glib/src/u8g_pb16h2.c ****     mask <<= tmp;
 230              		.loc 1 90 0
 231 0080 2A00     		movs	r2, r5
 232 0082 2300     		movs	r3, r4
 233 0084 9A40     		lsls	r2, r2, r3
 234 0086 1300     		movs	r3, r2
 235 0088 DDB2     		uxtb	r5, r3
  91:Drivers/u8glib/src/u8g_pb16h2.c ****     mask = ~mask;
 236              		.loc 1 91 0
 237 008a EB43     		mvns	r3, r5
 238 008c DDB2     		uxtb	r5, r3
  92:Drivers/u8glib/src/u8g_pb16h2.c ****     *ptr &= mask;
 239              		.loc 1 92 0
 240 008e FB68     		ldr	r3, [r7, #12]
 241 0090 1B78     		ldrb	r3, [r3]
 242 0092 2B40     		ands	r3, r5
 243 0094 DAB2     		uxtb	r2, r3
 244 0096 FB68     		ldr	r3, [r7, #12]
 245 0098 1A70     		strb	r2, [r3]
 246              	.L5:
  93:Drivers/u8glib/src/u8g_pb16h2.c ****   }
  94:Drivers/u8glib/src/u8g_pb16h2.c ****   color_index &= 3;
 247              		.loc 1 94 0
 248 009a 7B1C     		adds	r3, r7, #1
 249 009c 7A1C     		adds	r2, r7, #1
 250 009e 1278     		ldrb	r2, [r2]
 251 00a0 0321     		movs	r1, #3
 252 00a2 0A40     		ands	r2, r1
 253 00a4 1A70     		strb	r2, [r3]
ARM GAS  /tmp/cc3yBHxD.s 			page 7


  95:Drivers/u8glib/src/u8g_pb16h2.c ****   color_index <<= tmp;
 254              		.loc 1 95 0
 255 00a6 7B1C     		adds	r3, r7, #1
 256 00a8 1B78     		ldrb	r3, [r3]
 257 00aa 2200     		movs	r2, r4
 258 00ac 9340     		lsls	r3, r3, r2
 259 00ae 1A00     		movs	r2, r3
 260 00b0 7B1C     		adds	r3, r7, #1
 261 00b2 1A70     		strb	r2, [r3]
  96:Drivers/u8glib/src/u8g_pb16h2.c ****   *ptr |= color_index;
 262              		.loc 1 96 0
 263 00b4 FB68     		ldr	r3, [r7, #12]
 264 00b6 1A78     		ldrb	r2, [r3]
 265 00b8 7B1C     		adds	r3, r7, #1
 266 00ba 1B78     		ldrb	r3, [r3]
 267 00bc 1343     		orrs	r3, r2
 268 00be DAB2     		uxtb	r2, r3
 269 00c0 FB68     		ldr	r3, [r7, #12]
 270 00c2 1A70     		strb	r2, [r3]
  97:Drivers/u8glib/src/u8g_pb16h2.c **** }
 271              		.loc 1 97 0
 272 00c4 C046     		nop
 273 00c6 BD46     		mov	sp, r7
 274 00c8 04B0     		add	sp, sp, #16
 275              		@ sp needed
 276 00ca B0BD     		pop	{r4, r5, r7, pc}
 277              		.cfi_endproc
 278              	.LFE2:
 280              		.section	.text.u8g_pb16h2_SetPixel,"ax",%progbits
 281              		.align	1
 282              		.global	u8g_pb16h2_SetPixel
 283              		.syntax unified
 284              		.code	16
 285              		.thumb_func
 286              		.fpu softvfp
 288              	u8g_pb16h2_SetPixel:
 289              	.LFB3:
  98:Drivers/u8glib/src/u8g_pb16h2.c **** 
  99:Drivers/u8glib/src/u8g_pb16h2.c **** 
 100:Drivers/u8glib/src/u8g_pb16h2.c **** void u8g_pb16h2_SetPixel(u8g_pb_t *b, const u8g_dev_arg_pixel_t * const arg_pixel, uint8_t is_or)
 101:Drivers/u8glib/src/u8g_pb16h2.c **** {
 290              		.loc 1 101 0
 291              		.cfi_startproc
 292 0000 90B5     		push	{r4, r7, lr}
 293              	.LCFI9:
 294              		.cfi_def_cfa_offset 12
 295              		.cfi_offset 4, -12
 296              		.cfi_offset 7, -8
 297              		.cfi_offset 14, -4
 298 0002 87B0     		sub	sp, sp, #28
 299              	.LCFI10:
 300              		.cfi_def_cfa_offset 40
 301 0004 02AF     		add	r7, sp, #8
 302              	.LCFI11:
 303              		.cfi_def_cfa 7, 32
 304 0006 F860     		str	r0, [r7, #12]
 305 0008 B960     		str	r1, [r7, #8]
ARM GAS  /tmp/cc3yBHxD.s 			page 8


 306 000a FB1D     		adds	r3, r7, #7
 307 000c 1A70     		strb	r2, [r3]
 102:Drivers/u8glib/src/u8g_pb16h2.c ****   if ( arg_pixel->y < b->p.page_y0 )
 308              		.loc 1 102 0
 309 000e BB68     		ldr	r3, [r7, #8]
 310 0010 5A78     		ldrb	r2, [r3, #1]
 311 0012 FB68     		ldr	r3, [r7, #12]
 312 0014 9B78     		ldrb	r3, [r3, #2]
 313 0016 9A42     		cmp	r2, r3
 314 0018 19D3     		bcc	.L11
 103:Drivers/u8glib/src/u8g_pb16h2.c ****     return;
 104:Drivers/u8glib/src/u8g_pb16h2.c ****   if ( arg_pixel->y > b->p.page_y1 )
 315              		.loc 1 104 0
 316 001a BB68     		ldr	r3, [r7, #8]
 317 001c 5A78     		ldrb	r2, [r3, #1]
 318 001e FB68     		ldr	r3, [r7, #12]
 319 0020 DB78     		ldrb	r3, [r3, #3]
 320 0022 9A42     		cmp	r2, r3
 321 0024 15D8     		bhi	.L12
 105:Drivers/u8glib/src/u8g_pb16h2.c ****     return;
 106:Drivers/u8glib/src/u8g_pb16h2.c ****   if ( arg_pixel->x >= b->width )
 322              		.loc 1 106 0
 323 0026 BB68     		ldr	r3, [r7, #8]
 324 0028 1A78     		ldrb	r2, [r3]
 325 002a FB68     		ldr	r3, [r7, #12]
 326 002c 5B79     		ldrb	r3, [r3, #5]
 327 002e 9A42     		cmp	r2, r3
 328 0030 11D2     		bcs	.L13
 107:Drivers/u8glib/src/u8g_pb16h2.c ****     return;
 108:Drivers/u8glib/src/u8g_pb16h2.c ****   u8g_pb16h2_set_pixel(b, arg_pixel->x, arg_pixel->y, arg_pixel->color, is_or);
 329              		.loc 1 108 0
 330 0032 BB68     		ldr	r3, [r7, #8]
 331 0034 1978     		ldrb	r1, [r3]
 332 0036 BB68     		ldr	r3, [r7, #8]
 333 0038 5A78     		ldrb	r2, [r3, #1]
 334 003a BB68     		ldr	r3, [r7, #8]
 335 003c 1C79     		ldrb	r4, [r3, #4]
 336 003e F868     		ldr	r0, [r7, #12]
 337 0040 FB1D     		adds	r3, r7, #7
 338 0042 1B78     		ldrb	r3, [r3]
 339 0044 0093     		str	r3, [sp]
 340 0046 2300     		movs	r3, r4
 341 0048 FFF7FEFF 		bl	u8g_pb16h2_set_pixel
 342 004c 04E0     		b	.L6
 343              	.L11:
 103:Drivers/u8glib/src/u8g_pb16h2.c ****   if ( arg_pixel->y > b->p.page_y1 )
 344              		.loc 1 103 0
 345 004e C046     		nop
 346 0050 02E0     		b	.L6
 347              	.L12:
 105:Drivers/u8glib/src/u8g_pb16h2.c ****     return;
 348              		.loc 1 105 0
 349 0052 C046     		nop
 350 0054 00E0     		b	.L6
 351              	.L13:
 107:Drivers/u8glib/src/u8g_pb16h2.c ****     return;
 352              		.loc 1 107 0
ARM GAS  /tmp/cc3yBHxD.s 			page 9


 353 0056 C046     		nop
 354              	.L6:
 109:Drivers/u8glib/src/u8g_pb16h2.c **** }
 355              		.loc 1 109 0
 356 0058 BD46     		mov	sp, r7
 357 005a 05B0     		add	sp, sp, #20
 358              		@ sp needed
 359 005c 90BD     		pop	{r4, r7, pc}
 360              		.cfi_endproc
 361              	.LFE3:
 363              		.section	.text.u8g_pb16h2_Set8PixelStd,"ax",%progbits
 364              		.align	1
 365              		.global	u8g_pb16h2_Set8PixelStd
 366              		.syntax unified
 367              		.code	16
 368              		.thumb_func
 369              		.fpu softvfp
 371              	u8g_pb16h2_Set8PixelStd:
 372              	.LFB4:
 110:Drivers/u8glib/src/u8g_pb16h2.c **** 
 111:Drivers/u8glib/src/u8g_pb16h2.c **** 
 112:Drivers/u8glib/src/u8g_pb16h2.c **** void u8g_pb16h2_Set8PixelStd(u8g_pb_t *b, u8g_dev_arg_pixel_t *arg_pixel)
 113:Drivers/u8glib/src/u8g_pb16h2.c **** {
 373              		.loc 1 113 0
 374              		.cfi_startproc
 375 0000 90B5     		push	{r4, r7, lr}
 376              	.LCFI12:
 377              		.cfi_def_cfa_offset 12
 378              		.cfi_offset 4, -12
 379              		.cfi_offset 7, -8
 380              		.cfi_offset 14, -4
 381 0002 83B0     		sub	sp, sp, #12
 382              	.LCFI13:
 383              		.cfi_def_cfa_offset 24
 384 0004 00AF     		add	r7, sp, #0
 385              	.LCFI14:
 386              		.cfi_def_cfa_register 7
 387 0006 7860     		str	r0, [r7, #4]
 388 0008 3960     		str	r1, [r7]
 114:Drivers/u8glib/src/u8g_pb16h2.c ****   register uint8_t pixel = arg_pixel->pixel;
 389              		.loc 1 114 0
 390 000a 3B68     		ldr	r3, [r7]
 391 000c 9C78     		ldrb	r4, [r3, #2]
 392              	.L22:
 115:Drivers/u8glib/src/u8g_pb16h2.c ****   do
 116:Drivers/u8glib/src/u8g_pb16h2.c ****   {
 117:Drivers/u8glib/src/u8g_pb16h2.c ****     if ( pixel & 128 )
 393              		.loc 1 117 0
 394 000e 63B2     		sxtb	r3, r4
 395 0010 002B     		cmp	r3, #0
 396 0012 05DA     		bge	.L15
 118:Drivers/u8glib/src/u8g_pb16h2.c ****     {
 119:Drivers/u8glib/src/u8g_pb16h2.c ****       u8g_pb16h2_SetPixel(b, arg_pixel, 0);
 397              		.loc 1 119 0
 398 0014 3968     		ldr	r1, [r7]
 399 0016 7B68     		ldr	r3, [r7, #4]
 400 0018 0022     		movs	r2, #0
ARM GAS  /tmp/cc3yBHxD.s 			page 10


 401 001a 1800     		movs	r0, r3
 402 001c FFF7FEFF 		bl	u8g_pb16h2_SetPixel
 403              	.L15:
 120:Drivers/u8glib/src/u8g_pb16h2.c ****     }
 121:Drivers/u8glib/src/u8g_pb16h2.c ****     switch( arg_pixel->dir )
 404              		.loc 1 121 0
 405 0020 3B68     		ldr	r3, [r7]
 406 0022 DB78     		ldrb	r3, [r3, #3]
 407 0024 012B     		cmp	r3, #1
 408 0026 0FD0     		beq	.L17
 409 0028 02DC     		bgt	.L18
 410 002a 002B     		cmp	r3, #0
 411 002c 05D0     		beq	.L19
 412 002e 20E0     		b	.L16
 413              	.L18:
 414 0030 022B     		cmp	r3, #2
 415 0032 10D0     		beq	.L20
 416 0034 032B     		cmp	r3, #3
 417 0036 15D0     		beq	.L21
 418 0038 1BE0     		b	.L16
 419              	.L19:
 122:Drivers/u8glib/src/u8g_pb16h2.c ****     {
 123:Drivers/u8glib/src/u8g_pb16h2.c ****       case 0: arg_pixel->x++; break;
 420              		.loc 1 123 0
 421 003a 3B68     		ldr	r3, [r7]
 422 003c 1B78     		ldrb	r3, [r3]
 423 003e 0133     		adds	r3, r3, #1
 424 0040 DAB2     		uxtb	r2, r3
 425 0042 3B68     		ldr	r3, [r7]
 426 0044 1A70     		strb	r2, [r3]
 427 0046 14E0     		b	.L16
 428              	.L17:
 124:Drivers/u8glib/src/u8g_pb16h2.c ****       case 1: arg_pixel->y++; break;
 429              		.loc 1 124 0
 430 0048 3B68     		ldr	r3, [r7]
 431 004a 5B78     		ldrb	r3, [r3, #1]
 432 004c 0133     		adds	r3, r3, #1
 433 004e DAB2     		uxtb	r2, r3
 434 0050 3B68     		ldr	r3, [r7]
 435 0052 5A70     		strb	r2, [r3, #1]
 436 0054 0DE0     		b	.L16
 437              	.L20:
 125:Drivers/u8glib/src/u8g_pb16h2.c ****       case 2: arg_pixel->x--; break;
 438              		.loc 1 125 0
 439 0056 3B68     		ldr	r3, [r7]
 440 0058 1B78     		ldrb	r3, [r3]
 441 005a 013B     		subs	r3, r3, #1
 442 005c DAB2     		uxtb	r2, r3
 443 005e 3B68     		ldr	r3, [r7]
 444 0060 1A70     		strb	r2, [r3]
 445 0062 06E0     		b	.L16
 446              	.L21:
 126:Drivers/u8glib/src/u8g_pb16h2.c ****       case 3: arg_pixel->y--; break;
 447              		.loc 1 126 0
 448 0064 3B68     		ldr	r3, [r7]
 449 0066 5B78     		ldrb	r3, [r3, #1]
 450 0068 013B     		subs	r3, r3, #1
ARM GAS  /tmp/cc3yBHxD.s 			page 11


 451 006a DAB2     		uxtb	r2, r3
 452 006c 3B68     		ldr	r3, [r7]
 453 006e 5A70     		strb	r2, [r3, #1]
 454 0070 C046     		nop
 455              	.L16:
 127:Drivers/u8glib/src/u8g_pb16h2.c ****     }
 128:Drivers/u8glib/src/u8g_pb16h2.c ****     pixel <<= 1;
 456              		.loc 1 128 0
 457 0072 231C     		adds	r3, r4, #0
 458 0074 DB18     		adds	r3, r3, r3
 459 0076 DCB2     		uxtb	r4, r3
 129:Drivers/u8glib/src/u8g_pb16h2.c ****   } while( pixel != 0  );
 460              		.loc 1 129 0
 461 0078 002C     		cmp	r4, #0
 462 007a C8D1     		bne	.L22
 130:Drivers/u8glib/src/u8g_pb16h2.c **** }
 463              		.loc 1 130 0
 464 007c C046     		nop
 465 007e BD46     		mov	sp, r7
 466 0080 03B0     		add	sp, sp, #12
 467              		@ sp needed
 468 0082 90BD     		pop	{r4, r7, pc}
 469              		.cfi_endproc
 470              	.LFE4:
 472              		.section	.text.u8g_pb16h2_Or4PixelStd,"ax",%progbits
 473              		.align	1
 474              		.global	u8g_pb16h2_Or4PixelStd
 475              		.syntax unified
 476              		.code	16
 477              		.thumb_func
 478              		.fpu softvfp
 480              	u8g_pb16h2_Or4PixelStd:
 481              	.LFB5:
 131:Drivers/u8glib/src/u8g_pb16h2.c **** 
 132:Drivers/u8glib/src/u8g_pb16h2.c **** void u8g_pb16h2_Or4PixelStd(u8g_pb_t *b, u8g_dev_arg_pixel_t *arg_pixel)
 133:Drivers/u8glib/src/u8g_pb16h2.c **** {
 482              		.loc 1 133 0
 483              		.cfi_startproc
 484 0000 90B5     		push	{r4, r7, lr}
 485              	.LCFI15:
 486              		.cfi_def_cfa_offset 12
 487              		.cfi_offset 4, -12
 488              		.cfi_offset 7, -8
 489              		.cfi_offset 14, -4
 490 0002 83B0     		sub	sp, sp, #12
 491              	.LCFI16:
 492              		.cfi_def_cfa_offset 24
 493 0004 00AF     		add	r7, sp, #0
 494              	.LCFI17:
 495              		.cfi_def_cfa_register 7
 496 0006 7860     		str	r0, [r7, #4]
 497 0008 3960     		str	r1, [r7]
 134:Drivers/u8glib/src/u8g_pb16h2.c ****   register uint8_t pixel = arg_pixel->pixel;
 498              		.loc 1 134 0
 499 000a 3B68     		ldr	r3, [r7]
 500 000c 9C78     		ldrb	r4, [r3, #2]
 501              	.L30:
ARM GAS  /tmp/cc3yBHxD.s 			page 12


 135:Drivers/u8glib/src/u8g_pb16h2.c ****   do
 136:Drivers/u8glib/src/u8g_pb16h2.c ****   {
 137:Drivers/u8glib/src/u8g_pb16h2.c ****     arg_pixel->color = pixel & 0x0c0;
 502              		.loc 1 137 0
 503 000e 3F23     		movs	r3, #63
 504 0010 2200     		movs	r2, r4
 505 0012 9A43     		bics	r2, r3
 506 0014 1300     		movs	r3, r2
 507 0016 DAB2     		uxtb	r2, r3
 508 0018 3B68     		ldr	r3, [r7]
 509 001a 1A71     		strb	r2, [r3, #4]
 138:Drivers/u8glib/src/u8g_pb16h2.c ****     arg_pixel->color >>= 6;
 510              		.loc 1 138 0
 511 001c 3B68     		ldr	r3, [r7]
 512 001e 1B79     		ldrb	r3, [r3, #4]
 513 0020 9B09     		lsrs	r3, r3, #6
 514 0022 DAB2     		uxtb	r2, r3
 515 0024 3B68     		ldr	r3, [r7]
 516 0026 1A71     		strb	r2, [r3, #4]
 139:Drivers/u8glib/src/u8g_pb16h2.c ****     u8g_pb16h2_SetPixel(b, arg_pixel, 1);
 517              		.loc 1 139 0
 518 0028 3968     		ldr	r1, [r7]
 519 002a 7B68     		ldr	r3, [r7, #4]
 520 002c 0122     		movs	r2, #1
 521 002e 1800     		movs	r0, r3
 522 0030 FFF7FEFF 		bl	u8g_pb16h2_SetPixel
 140:Drivers/u8glib/src/u8g_pb16h2.c ****     switch( arg_pixel->dir )
 523              		.loc 1 140 0
 524 0034 3B68     		ldr	r3, [r7]
 525 0036 DB78     		ldrb	r3, [r3, #3]
 526 0038 012B     		cmp	r3, #1
 527 003a 0FD0     		beq	.L25
 528 003c 02DC     		bgt	.L26
 529 003e 002B     		cmp	r3, #0
 530 0040 05D0     		beq	.L27
 531 0042 20E0     		b	.L24
 532              	.L26:
 533 0044 022B     		cmp	r3, #2
 534 0046 10D0     		beq	.L28
 535 0048 032B     		cmp	r3, #3
 536 004a 15D0     		beq	.L29
 537 004c 1BE0     		b	.L24
 538              	.L27:
 141:Drivers/u8glib/src/u8g_pb16h2.c ****     {
 142:Drivers/u8glib/src/u8g_pb16h2.c ****       case 0: arg_pixel->x++; break;
 539              		.loc 1 142 0
 540 004e 3B68     		ldr	r3, [r7]
 541 0050 1B78     		ldrb	r3, [r3]
 542 0052 0133     		adds	r3, r3, #1
 543 0054 DAB2     		uxtb	r2, r3
 544 0056 3B68     		ldr	r3, [r7]
 545 0058 1A70     		strb	r2, [r3]
 546 005a 14E0     		b	.L24
 547              	.L25:
 143:Drivers/u8glib/src/u8g_pb16h2.c ****       case 1: arg_pixel->y++; break;
 548              		.loc 1 143 0
 549 005c 3B68     		ldr	r3, [r7]
ARM GAS  /tmp/cc3yBHxD.s 			page 13


 550 005e 5B78     		ldrb	r3, [r3, #1]
 551 0060 0133     		adds	r3, r3, #1
 552 0062 DAB2     		uxtb	r2, r3
 553 0064 3B68     		ldr	r3, [r7]
 554 0066 5A70     		strb	r2, [r3, #1]
 555 0068 0DE0     		b	.L24
 556              	.L28:
 144:Drivers/u8glib/src/u8g_pb16h2.c ****       case 2: arg_pixel->x--; break;
 557              		.loc 1 144 0
 558 006a 3B68     		ldr	r3, [r7]
 559 006c 1B78     		ldrb	r3, [r3]
 560 006e 013B     		subs	r3, r3, #1
 561 0070 DAB2     		uxtb	r2, r3
 562 0072 3B68     		ldr	r3, [r7]
 563 0074 1A70     		strb	r2, [r3]
 564 0076 06E0     		b	.L24
 565              	.L29:
 145:Drivers/u8glib/src/u8g_pb16h2.c ****       case 3: arg_pixel->y--; break;
 566              		.loc 1 145 0
 567 0078 3B68     		ldr	r3, [r7]
 568 007a 5B78     		ldrb	r3, [r3, #1]
 569 007c 013B     		subs	r3, r3, #1
 570 007e DAB2     		uxtb	r2, r3
 571 0080 3B68     		ldr	r3, [r7]
 572 0082 5A70     		strb	r2, [r3, #1]
 573 0084 C046     		nop
 574              	.L24:
 146:Drivers/u8glib/src/u8g_pb16h2.c ****     }
 147:Drivers/u8glib/src/u8g_pb16h2.c ****     pixel <<= 2;
 575              		.loc 1 147 0
 576 0086 A300     		lsls	r3, r4, #2
 577 0088 DCB2     		uxtb	r4, r3
 148:Drivers/u8glib/src/u8g_pb16h2.c ****   } while( pixel != 0  );
 578              		.loc 1 148 0
 579 008a 002C     		cmp	r4, #0
 580 008c BFD1     		bne	.L30
 149:Drivers/u8glib/src/u8g_pb16h2.c **** }
 581              		.loc 1 149 0
 582 008e C046     		nop
 583 0090 BD46     		mov	sp, r7
 584 0092 03B0     		add	sp, sp, #12
 585              		@ sp needed
 586 0094 90BD     		pop	{r4, r7, pc}
 587              		.cfi_endproc
 588              	.LFE5:
 590              		.section	.text.u8g_dev_pb16h2_base_fn,"ax",%progbits
 591              		.align	1
 592              		.global	u8g_dev_pb16h2_base_fn
 593              		.syntax unified
 594              		.code	16
 595              		.thumb_func
 596              		.fpu softvfp
 598              	u8g_dev_pb16h2_base_fn:
 599              	.LFB6:
 150:Drivers/u8glib/src/u8g_pb16h2.c **** 
 151:Drivers/u8glib/src/u8g_pb16h2.c **** 
 152:Drivers/u8glib/src/u8g_pb16h2.c **** uint8_t u8g_dev_pb16h2_base_fn(u8g_t *u8g, u8g_dev_t *dev, uint8_t msg, void *arg)
ARM GAS  /tmp/cc3yBHxD.s 			page 14


 153:Drivers/u8glib/src/u8g_pb16h2.c **** {
 600              		.loc 1 153 0
 601              		.cfi_startproc
 602 0000 80B5     		push	{r7, lr}
 603              	.LCFI18:
 604              		.cfi_def_cfa_offset 8
 605              		.cfi_offset 7, -8
 606              		.cfi_offset 14, -4
 607 0002 86B0     		sub	sp, sp, #24
 608              	.LCFI19:
 609              		.cfi_def_cfa_offset 32
 610 0004 00AF     		add	r7, sp, #0
 611              	.LCFI20:
 612              		.cfi_def_cfa_register 7
 613 0006 F860     		str	r0, [r7, #12]
 614 0008 B960     		str	r1, [r7, #8]
 615 000a 3B60     		str	r3, [r7]
 616 000c FB1D     		adds	r3, r7, #7
 617 000e 1A70     		strb	r2, [r3]
 154:Drivers/u8glib/src/u8g_pb16h2.c ****   u8g_pb_t *pb = (u8g_pb_t *)(dev->dev_mem);
 618              		.loc 1 154 0
 619 0010 BB68     		ldr	r3, [r7, #8]
 620 0012 5B68     		ldr	r3, [r3, #4]
 621 0014 7B61     		str	r3, [r7, #20]
 155:Drivers/u8glib/src/u8g_pb16h2.c ****   switch(msg)
 622              		.loc 1 155 0
 623 0016 FB1D     		adds	r3, r7, #7
 624 0018 1B78     		ldrb	r3, [r3]
 625 001a 0A3B     		subs	r3, r3, #10
 626 001c 3E2B     		cmp	r3, #62
 627 001e 52D8     		bhi	.L32
 628 0020 9A00     		lsls	r2, r3, #2
 629 0022 2B4B     		ldr	r3, .L52
 630 0024 D318     		adds	r3, r2, r3
 631 0026 1B68     		ldr	r3, [r3]
 632 0028 9F46     		mov	pc, r3
 633              		.section	.rodata.u8g_dev_pb16h2_base_fn,"a",%progbits
 634              		.align	2
 635              	.L34:
 636 0000 C6000000 		.word	.L32
 637 0004 C6000000 		.word	.L32
 638 0008 C6000000 		.word	.L32
 639 000c C6000000 		.word	.L32
 640 0010 C6000000 		.word	.L32
 641 0014 C6000000 		.word	.L32
 642 0018 C6000000 		.word	.L32
 643 001c C6000000 		.word	.L32
 644 0020 C6000000 		.word	.L32
 645 0024 C6000000 		.word	.L32
 646 0028 72000000 		.word	.L36
 647 002c 84000000 		.word	.L37
 648 0030 C6000000 		.word	.L32
 649 0034 9E000000 		.word	.L38
 650 0038 C6000000 		.word	.L32
 651 003c C6000000 		.word	.L32
 652 0040 C6000000 		.word	.L32
 653 0044 C6000000 		.word	.L32
ARM GAS  /tmp/cc3yBHxD.s 			page 15


 654 0048 C6000000 		.word	.L32
 655 004c C6000000 		.word	.L32
 656 0050 C6000000 		.word	.L32
 657 0054 C6000000 		.word	.L32
 658 0058 C6000000 		.word	.L32
 659 005c C6000000 		.word	.L32
 660 0060 C6000000 		.word	.L32
 661 0064 C6000000 		.word	.L32
 662 0068 C6000000 		.word	.L32
 663 006c C6000000 		.word	.L32
 664 0070 C6000000 		.word	.L32
 665 0074 C6000000 		.word	.L32
 666 0078 C6000000 		.word	.L32
 667 007c C6000000 		.word	.L32
 668 0080 C6000000 		.word	.L32
 669 0084 C6000000 		.word	.L32
 670 0088 64000000 		.word	.L39
 671 008c 56000000 		.word	.L40
 672 0090 C6000000 		.word	.L32
 673 0094 C6000000 		.word	.L32
 674 0098 C6000000 		.word	.L32
 675 009c C6000000 		.word	.L32
 676 00a0 48000000 		.word	.L41
 677 00a4 C6000000 		.word	.L32
 678 00a8 C6000000 		.word	.L32
 679 00ac C6000000 		.word	.L32
 680 00b0 C6000000 		.word	.L32
 681 00b4 C6000000 		.word	.L32
 682 00b8 C6000000 		.word	.L32
 683 00bc C6000000 		.word	.L32
 684 00c0 C6000000 		.word	.L32
 685 00c4 2A000000 		.word	.L42
 686 00c8 C6000000 		.word	.L32
 687 00cc C6000000 		.word	.L32
 688 00d0 C6000000 		.word	.L32
 689 00d4 C6000000 		.word	.L32
 690 00d8 C6000000 		.word	.L32
 691 00dc C6000000 		.word	.L32
 692 00e0 C6000000 		.word	.L32
 693 00e4 C6000000 		.word	.L32
 694 00e8 C6000000 		.word	.L32
 695 00ec C6000000 		.word	.L32
 696 00f0 AC000000 		.word	.L45
 697 00f4 B6000000 		.word	.L46
 698 00f8 C0000000 		.word	.L47
 699              		.section	.text.u8g_dev_pb16h2_base_fn
 700              	.L42:
 156:Drivers/u8glib/src/u8g_pb16h2.c ****   {
 157:Drivers/u8glib/src/u8g_pb16h2.c ****     case U8G_DEV_MSG_SET_8PIXEL:
 158:Drivers/u8glib/src/u8g_pb16h2.c ****       if ( u8g_pb_Is8PixelVisible(pb, (u8g_dev_arg_pixel_t *)arg) )
 701              		.loc 1 158 0
 702 002a 3A68     		ldr	r2, [r7]
 703 002c 7B69     		ldr	r3, [r7, #20]
 704 002e 1100     		movs	r1, r2
 705 0030 1800     		movs	r0, r3
 706 0032 FFF7FEFF 		bl	u8g_pb_Is8PixelVisible
 707 0036 031E     		subs	r3, r0, #0
ARM GAS  /tmp/cc3yBHxD.s 			page 16


 708 0038 44D0     		beq	.L51
 159:Drivers/u8glib/src/u8g_pb16h2.c ****       {
 160:Drivers/u8glib/src/u8g_pb16h2.c ****         u8g_pb16h2_Set8PixelStd(pb, (u8g_dev_arg_pixel_t *)arg);
 709              		.loc 1 160 0
 710 003a 3A68     		ldr	r2, [r7]
 711 003c 7B69     		ldr	r3, [r7, #20]
 712 003e 1100     		movs	r1, r2
 713 0040 1800     		movs	r0, r3
 714 0042 FFF7FEFF 		bl	u8g_pb16h2_Set8PixelStd
 161:Drivers/u8glib/src/u8g_pb16h2.c ****       }
 162:Drivers/u8glib/src/u8g_pb16h2.c ****       break;
 715              		.loc 1 162 0
 716 0046 3DE0     		b	.L51
 717              	.L41:
 163:Drivers/u8glib/src/u8g_pb16h2.c ****     case U8G_DEV_MSG_SET_PIXEL:
 164:Drivers/u8glib/src/u8g_pb16h2.c ****       u8g_pb16h2_SetPixel(pb, (u8g_dev_arg_pixel_t *)arg, 0);
 718              		.loc 1 164 0
 719 0048 3968     		ldr	r1, [r7]
 720 004a 7B69     		ldr	r3, [r7, #20]
 721 004c 0022     		movs	r2, #0
 722 004e 1800     		movs	r0, r3
 723 0050 FFF7FEFF 		bl	u8g_pb16h2_SetPixel
 165:Drivers/u8glib/src/u8g_pb16h2.c ****       break;
 724              		.loc 1 165 0
 725 0054 37E0     		b	.L32
 726              	.L40:
 166:Drivers/u8glib/src/u8g_pb16h2.c ****     case U8G_DEV_MSG_SET_4TPIXEL:
 167:Drivers/u8glib/src/u8g_pb16h2.c ****       u8g_pb16h2_Or4PixelStd(pb, (u8g_dev_arg_pixel_t *)arg);
 727              		.loc 1 167 0
 728 0056 3A68     		ldr	r2, [r7]
 729 0058 7B69     		ldr	r3, [r7, #20]
 730 005a 1100     		movs	r1, r2
 731 005c 1800     		movs	r0, r3
 732 005e FFF7FEFF 		bl	u8g_pb16h2_Or4PixelStd
 168:Drivers/u8glib/src/u8g_pb16h2.c ****       break;
 733              		.loc 1 168 0
 734 0062 30E0     		b	.L32
 735              	.L39:
 169:Drivers/u8glib/src/u8g_pb16h2.c ****     case U8G_DEV_MSG_SET_TPIXEL:
 170:Drivers/u8glib/src/u8g_pb16h2.c ****       u8g_pb16h2_SetPixel(pb, (u8g_dev_arg_pixel_t *)arg, 1);
 736              		.loc 1 170 0
 737 0064 3968     		ldr	r1, [r7]
 738 0066 7B69     		ldr	r3, [r7, #20]
 739 0068 0122     		movs	r2, #1
 740 006a 1800     		movs	r0, r3
 741 006c FFF7FEFF 		bl	u8g_pb16h2_SetPixel
 171:Drivers/u8glib/src/u8g_pb16h2.c ****       break;
 742              		.loc 1 171 0
 743 0070 29E0     		b	.L32
 744              	.L36:
 172:Drivers/u8glib/src/u8g_pb16h2.c ****     case U8G_DEV_MSG_INIT:
 173:Drivers/u8glib/src/u8g_pb16h2.c ****       break;
 174:Drivers/u8glib/src/u8g_pb16h2.c ****     case U8G_DEV_MSG_STOP:
 175:Drivers/u8glib/src/u8g_pb16h2.c ****       break;
 176:Drivers/u8glib/src/u8g_pb16h2.c ****     case U8G_DEV_MSG_PAGE_FIRST:
 177:Drivers/u8glib/src/u8g_pb16h2.c ****       u8g_page_First(&(pb->p));
 745              		.loc 1 177 0
ARM GAS  /tmp/cc3yBHxD.s 			page 17


 746 0072 7B69     		ldr	r3, [r7, #20]
 747 0074 1800     		movs	r0, r3
 748 0076 FFF7FEFF 		bl	u8g_page_First
 178:Drivers/u8glib/src/u8g_pb16h2.c ****       u8g_pb16h2_Clear(pb);
 749              		.loc 1 178 0
 750 007a 7B69     		ldr	r3, [r7, #20]
 751 007c 1800     		movs	r0, r3
 752 007e FFF7FEFF 		bl	u8g_pb16h2_Clear
 179:Drivers/u8glib/src/u8g_pb16h2.c ****       break;
 753              		.loc 1 179 0
 754 0082 20E0     		b	.L32
 755              	.L37:
 180:Drivers/u8glib/src/u8g_pb16h2.c ****     case U8G_DEV_MSG_PAGE_NEXT:
 181:Drivers/u8glib/src/u8g_pb16h2.c ****       if ( u8g_page_Next(&(pb->p)) == 0 )
 756              		.loc 1 181 0
 757 0084 7B69     		ldr	r3, [r7, #20]
 758 0086 1800     		movs	r0, r3
 759 0088 FFF7FEFF 		bl	u8g_page_Next
 760 008c 031E     		subs	r3, r0, #0
 761 008e 01D1     		bne	.L49
 182:Drivers/u8glib/src/u8g_pb16h2.c ****         return 0;
 762              		.loc 1 182 0
 763 0090 0023     		movs	r3, #0
 764 0092 19E0     		b	.L50
 765              	.L49:
 183:Drivers/u8glib/src/u8g_pb16h2.c ****       u8g_pb16h2_Clear(pb);
 766              		.loc 1 183 0
 767 0094 7B69     		ldr	r3, [r7, #20]
 768 0096 1800     		movs	r0, r3
 769 0098 FFF7FEFF 		bl	u8g_pb16h2_Clear
 184:Drivers/u8glib/src/u8g_pb16h2.c ****       break;
 770              		.loc 1 184 0
 771 009c 13E0     		b	.L32
 772              	.L38:
 185:Drivers/u8glib/src/u8g_pb16h2.c **** #ifdef U8G_DEV_MSG_IS_BBX_INTERSECTION
 186:Drivers/u8glib/src/u8g_pb16h2.c ****     case U8G_DEV_MSG_IS_BBX_INTERSECTION:
 187:Drivers/u8glib/src/u8g_pb16h2.c ****       return u8g_pb_IsIntersection(pb, (u8g_dev_arg_bbx_t *)arg);
 188:Drivers/u8glib/src/u8g_pb16h2.c **** #endif
 189:Drivers/u8glib/src/u8g_pb16h2.c ****     case U8G_DEV_MSG_GET_PAGE_BOX:
 190:Drivers/u8glib/src/u8g_pb16h2.c ****       u8g_pb_GetPageBox(pb, (u8g_box_t *)arg);
 773              		.loc 1 190 0
 774 009e 3A68     		ldr	r2, [r7]
 775 00a0 7B69     		ldr	r3, [r7, #20]
 776 00a2 1100     		movs	r1, r2
 777 00a4 1800     		movs	r0, r3
 778 00a6 FFF7FEFF 		bl	u8g_pb_GetPageBox
 191:Drivers/u8glib/src/u8g_pb16h2.c ****       break;
 779              		.loc 1 191 0
 780 00aa 0CE0     		b	.L32
 781              	.L45:
 192:Drivers/u8glib/src/u8g_pb16h2.c ****     case U8G_DEV_MSG_GET_WIDTH:
 193:Drivers/u8glib/src/u8g_pb16h2.c ****       *((u8g_uint_t *)arg) = pb->width;
 782              		.loc 1 193 0
 783 00ac 7B69     		ldr	r3, [r7, #20]
 784 00ae 5A79     		ldrb	r2, [r3, #5]
 785 00b0 3B68     		ldr	r3, [r7]
 786 00b2 1A70     		strb	r2, [r3]
ARM GAS  /tmp/cc3yBHxD.s 			page 18


 194:Drivers/u8glib/src/u8g_pb16h2.c ****       break;
 787              		.loc 1 194 0
 788 00b4 07E0     		b	.L32
 789              	.L46:
 195:Drivers/u8glib/src/u8g_pb16h2.c ****     case U8G_DEV_MSG_GET_HEIGHT:
 196:Drivers/u8glib/src/u8g_pb16h2.c ****       *((u8g_uint_t *)arg) = pb->p.total_height;
 790              		.loc 1 196 0
 791 00b6 7B69     		ldr	r3, [r7, #20]
 792 00b8 5A78     		ldrb	r2, [r3, #1]
 793 00ba 3B68     		ldr	r3, [r7]
 794 00bc 1A70     		strb	r2, [r3]
 197:Drivers/u8glib/src/u8g_pb16h2.c ****       break;
 795              		.loc 1 197 0
 796 00be 02E0     		b	.L32
 797              	.L47:
 198:Drivers/u8glib/src/u8g_pb16h2.c ****     case U8G_DEV_MSG_SET_COLOR_ENTRY:
 199:Drivers/u8glib/src/u8g_pb16h2.c ****       break;
 200:Drivers/u8glib/src/u8g_pb16h2.c ****     case U8G_DEV_MSG_SET_XY_CB:
 201:Drivers/u8glib/src/u8g_pb16h2.c ****       break;
 202:Drivers/u8glib/src/u8g_pb16h2.c ****     case U8G_DEV_MSG_GET_MODE:
 203:Drivers/u8glib/src/u8g_pb16h2.c ****       return U8G_MODE_GRAY2BIT;
 798              		.loc 1 203 0
 799 00c0 0223     		movs	r3, #2
 800 00c2 01E0     		b	.L50
 801              	.L51:
 162:Drivers/u8glib/src/u8g_pb16h2.c ****     case U8G_DEV_MSG_SET_PIXEL:
 802              		.loc 1 162 0
 803 00c4 C046     		nop
 804              	.L32:
 204:Drivers/u8glib/src/u8g_pb16h2.c ****   }
 205:Drivers/u8glib/src/u8g_pb16h2.c ****   return 1;
 805              		.loc 1 205 0
 806 00c6 0123     		movs	r3, #1
 807              	.L50:
 206:Drivers/u8glib/src/u8g_pb16h2.c **** }
 808              		.loc 1 206 0
 809 00c8 1800     		movs	r0, r3
 810 00ca BD46     		mov	sp, r7
 811 00cc 06B0     		add	sp, sp, #24
 812              		@ sp needed
 813 00ce 80BD     		pop	{r7, pc}
 814              	.L53:
 815              		.align	2
 816              	.L52:
 817 00d0 00000000 		.word	.L34
 818              		.cfi_endproc
 819              	.LFE6:
 821              		.text
 822              	.Letext0:
 823              		.file 2 "/usr/arm-none-eabi/include/machine/_default_types.h"
 824              		.file 3 "/usr/arm-none-eabi/include/sys/_stdint.h"
 825              		.file 4 "Drivers/u8glib/inc/u8g.h"
 826              		.file 5 "/usr/arm-none-eabi/include/sys/lock.h"
 827              		.file 6 "/usr/arm-none-eabi/include/sys/_types.h"
 828              		.file 7 "/usr/lib/gcc/arm-none-eabi/6.2.0/include/stddef.h"
 829              		.file 8 "/usr/arm-none-eabi/include/sys/reent.h"
ARM GAS  /tmp/cc3yBHxD.s 			page 19


DEFINED SYMBOLS
                            *ABS*:0000000000000000 u8g_pb16h2.c
     /tmp/cc3yBHxD.s:16     .text.u8g_pb16h2_Clear:0000000000000000 $t
     /tmp/cc3yBHxD.s:23     .text.u8g_pb16h2_Clear:0000000000000000 u8g_pb16h2_Clear
     /tmp/cc3yBHxD.s:83     .text.u8g_pb16h2_Init:0000000000000000 $t
     /tmp/cc3yBHxD.s:90     .text.u8g_pb16h2_Init:0000000000000000 u8g_pb16h2_Init
     /tmp/cc3yBHxD.s:132    .text.u8g_pb16h2_set_pixel:0000000000000000 $t
     /tmp/cc3yBHxD.s:138    .text.u8g_pb16h2_set_pixel:0000000000000000 u8g_pb16h2_set_pixel
     /tmp/cc3yBHxD.s:281    .text.u8g_pb16h2_SetPixel:0000000000000000 $t
     /tmp/cc3yBHxD.s:288    .text.u8g_pb16h2_SetPixel:0000000000000000 u8g_pb16h2_SetPixel
     /tmp/cc3yBHxD.s:364    .text.u8g_pb16h2_Set8PixelStd:0000000000000000 $t
     /tmp/cc3yBHxD.s:371    .text.u8g_pb16h2_Set8PixelStd:0000000000000000 u8g_pb16h2_Set8PixelStd
     /tmp/cc3yBHxD.s:473    .text.u8g_pb16h2_Or4PixelStd:0000000000000000 $t
     /tmp/cc3yBHxD.s:480    .text.u8g_pb16h2_Or4PixelStd:0000000000000000 u8g_pb16h2_Or4PixelStd
     /tmp/cc3yBHxD.s:591    .text.u8g_dev_pb16h2_base_fn:0000000000000000 $t
     /tmp/cc3yBHxD.s:598    .text.u8g_dev_pb16h2_base_fn:0000000000000000 u8g_dev_pb16h2_base_fn
     /tmp/cc3yBHxD.s:634    .rodata.u8g_dev_pb16h2_base_fn:0000000000000000 $d
     /tmp/cc3yBHxD.s:817    .text.u8g_dev_pb16h2_base_fn:00000000000000d0 $d
                     .debug_frame:0000000000000010 $d

UNDEFINED SYMBOLS
u8g_pb_Is8PixelVisible
u8g_page_First
u8g_page_Next
u8g_pb_GetPageBox
