ARM GAS  /tmp/ccoVCDsk.s 			page 1


   1              		.cpu cortex-m0
   2              		.eabi_attribute 20, 1
   3              		.eabi_attribute 21, 1
   4              		.eabi_attribute 23, 3
   5              		.eabi_attribute 24, 1
   6              		.eabi_attribute 25, 1
   7              		.eabi_attribute 26, 1
   8              		.eabi_attribute 30, 6
   9              		.eabi_attribute 34, 0
  10              		.eabi_attribute 18, 4
  11              		.file	"u8g_com_null.c"
  12              		.text
  13              	.Ltext0:
  14              		.cfi_sections	.debug_frame
  15              		.section	.text.u8g_com_null_fn,"ax",%progbits
  16              		.align	1
  17              		.global	u8g_com_null_fn
  18              		.syntax unified
  19              		.code	16
  20              		.thumb_func
  21              		.fpu softvfp
  23              	u8g_com_null_fn:
  24              	.LFB0:
  25              		.file 1 "Drivers/u8glib/src/u8g_com_null.c"
   1:Drivers/u8glib/src/u8g_com_null.c **** /*
   2:Drivers/u8glib/src/u8g_com_null.c **** 
   3:Drivers/u8glib/src/u8g_com_null.c ****   u8g_com_null.c
   4:Drivers/u8glib/src/u8g_com_null.c ****  
   5:Drivers/u8glib/src/u8g_com_null.c ****   communication null device
   6:Drivers/u8glib/src/u8g_com_null.c **** 
   7:Drivers/u8glib/src/u8g_com_null.c ****   Universal 8bit Graphics Library
   8:Drivers/u8glib/src/u8g_com_null.c ****  
   9:Drivers/u8glib/src/u8g_com_null.c ****   Copyright (c) 2011, olikraus@gmail.com
  10:Drivers/u8glib/src/u8g_com_null.c ****   All rights reserved.
  11:Drivers/u8glib/src/u8g_com_null.c **** 
  12:Drivers/u8glib/src/u8g_com_null.c ****   Redistribution and use in source and binary forms, with or without modification,
  13:Drivers/u8glib/src/u8g_com_null.c ****   are permitted provided that the following conditions are met:
  14:Drivers/u8glib/src/u8g_com_null.c **** 
  15:Drivers/u8glib/src/u8g_com_null.c ****   * Redistributions of source code must retain the above copyright notice, this list
  16:Drivers/u8glib/src/u8g_com_null.c ****     of conditions and the following disclaimer.
  17:Drivers/u8glib/src/u8g_com_null.c ****    
  18:Drivers/u8glib/src/u8g_com_null.c ****   * Redistributions in binary form must reproduce the above copyright notice, this
  19:Drivers/u8glib/src/u8g_com_null.c ****     list of conditions and the following disclaimer in the documentation and/or other
  20:Drivers/u8glib/src/u8g_com_null.c ****     materials provided with the distribution.
  21:Drivers/u8glib/src/u8g_com_null.c **** 
  22:Drivers/u8glib/src/u8g_com_null.c ****   THIS SOFTWARE IS PROVIDED BY THE COPYRIGHT HOLDERS AND
  23:Drivers/u8glib/src/u8g_com_null.c ****   CONTRIBUTORS "AS IS" AND ANY EXPRESS OR IMPLIED WARRANTIES,
  24:Drivers/u8glib/src/u8g_com_null.c ****   INCLUDING, BUT NOT LIMITED TO, THE IMPLIED WARRANTIES OF
  25:Drivers/u8glib/src/u8g_com_null.c ****   MERCHANTABILITY AND FITNESS FOR A PARTICULAR PURPOSE ARE
  26:Drivers/u8glib/src/u8g_com_null.c ****   DISCLAIMED. IN NO EVENT SHALL THE COPYRIGHT HOLDER OR
  27:Drivers/u8glib/src/u8g_com_null.c ****   CONTRIBUTORS BE LIABLE FOR ANY DIRECT, INDIRECT, INCIDENTAL,
  28:Drivers/u8glib/src/u8g_com_null.c ****   SPECIAL, EXEMPLARY, OR CONSEQUENTIAL DAMAGES (INCLUDING, BUT
  29:Drivers/u8glib/src/u8g_com_null.c ****   NOT LIMITED TO, PROCUREMENT OF SUBSTITUTE GOODS OR SERVICES;
  30:Drivers/u8glib/src/u8g_com_null.c ****   LOSS OF USE, DATA, OR PROFITS; OR BUSINESS INTERRUPTION) HOWEVER
  31:Drivers/u8glib/src/u8g_com_null.c ****   CAUSED AND ON ANY THEORY OF LIABILITY, WHETHER IN CONTRACT,
  32:Drivers/u8glib/src/u8g_com_null.c ****   STRICT LIABILITY, OR TORT (INCLUDING NEGLIGENCE OR OTHERWISE)
  33:Drivers/u8glib/src/u8g_com_null.c ****   ARISING IN ANY WAY OUT OF THE USE OF THIS SOFTWARE, EVEN IF
ARM GAS  /tmp/ccoVCDsk.s 			page 2


  34:Drivers/u8glib/src/u8g_com_null.c ****   ADVISED OF THE POSSIBILITY OF SUCH DAMAGE.  
  35:Drivers/u8glib/src/u8g_com_null.c ****  
  36:Drivers/u8glib/src/u8g_com_null.c ****  
  37:Drivers/u8glib/src/u8g_com_null.c **** */
  38:Drivers/u8glib/src/u8g_com_null.c **** 
  39:Drivers/u8glib/src/u8g_com_null.c **** #include "u8g.h"
  40:Drivers/u8glib/src/u8g_com_null.c **** 
  41:Drivers/u8glib/src/u8g_com_null.c **** uint8_t u8g_com_null_fn(u8g_t *u8g, uint8_t msg, uint8_t arg_val, void *arg_ptr)
  42:Drivers/u8glib/src/u8g_com_null.c **** {
  26              		.loc 1 42 0
  27              		.cfi_startproc
  28 0000 80B5     		push	{r7, lr}
  29              	.LCFI0:
  30              		.cfi_def_cfa_offset 8
  31              		.cfi_offset 7, -8
  32              		.cfi_offset 14, -4
  33 0002 84B0     		sub	sp, sp, #16
  34              	.LCFI1:
  35              		.cfi_def_cfa_offset 24
  36 0004 00AF     		add	r7, sp, #0
  37              	.LCFI2:
  38              		.cfi_def_cfa_register 7
  39 0006 F860     		str	r0, [r7, #12]
  40 0008 0800     		movs	r0, r1
  41 000a 1100     		movs	r1, r2
  42 000c 7B60     		str	r3, [r7, #4]
  43 000e 0B23     		movs	r3, #11
  44 0010 FB18     		adds	r3, r7, r3
  45 0012 021C     		adds	r2, r0, #0
  46 0014 1A70     		strb	r2, [r3]
  47 0016 0A23     		movs	r3, #10
  48 0018 FB18     		adds	r3, r7, r3
  49 001a 0A1C     		adds	r2, r1, #0
  50 001c 1A70     		strb	r2, [r3]
  43:Drivers/u8glib/src/u8g_com_null.c ****   switch(msg)
  51              		.loc 1 43 0
  52 001e 0B23     		movs	r3, #11
  53 0020 FB18     		adds	r3, r7, r3
  54 0022 1B78     		ldrb	r3, [r3]
  55 0024 062B     		cmp	r3, #6
  56 0026 04D8     		bhi	.L2
  57 0028 9A00     		lsls	r2, r3, #2
  58 002a 044B     		ldr	r3, .L10
  59 002c D318     		adds	r3, r2, r3
  60 002e 1B68     		ldr	r3, [r3]
  61 0030 9F46     		mov	pc, r3
  62              		.section	.rodata.u8g_com_null_fn,"a",%progbits
  63              		.align	2
  64              	.L4:
  65 0000 32000000 		.word	.L2
  66 0004 32000000 		.word	.L2
  67 0008 32000000 		.word	.L2
  68 000c 32000000 		.word	.L2
  69 0010 32000000 		.word	.L2
  70 0014 32000000 		.word	.L2
  71 0018 32000000 		.word	.L2
  72              		.section	.text.u8g_com_null_fn
ARM GAS  /tmp/ccoVCDsk.s 			page 3


  73              	.L2:
  44:Drivers/u8glib/src/u8g_com_null.c ****   {
  45:Drivers/u8glib/src/u8g_com_null.c ****     case U8G_COM_MSG_INIT:
  46:Drivers/u8glib/src/u8g_com_null.c ****       break;
  47:Drivers/u8glib/src/u8g_com_null.c ****     case U8G_COM_MSG_STOP:
  48:Drivers/u8glib/src/u8g_com_null.c ****       break;
  49:Drivers/u8glib/src/u8g_com_null.c **** 
  50:Drivers/u8glib/src/u8g_com_null.c ****    
  51:Drivers/u8glib/src/u8g_com_null.c ****     case U8G_COM_MSG_CHIP_SELECT:
  52:Drivers/u8glib/src/u8g_com_null.c ****       /* arg_val contains the chip number, which should be enabled */
  53:Drivers/u8glib/src/u8g_com_null.c ****       break;
  54:Drivers/u8glib/src/u8g_com_null.c **** 
  55:Drivers/u8glib/src/u8g_com_null.c **** 
  56:Drivers/u8glib/src/u8g_com_null.c ****     case U8G_COM_MSG_WRITE_BYTE:
  57:Drivers/u8glib/src/u8g_com_null.c ****       break;
  58:Drivers/u8glib/src/u8g_com_null.c ****     case U8G_COM_MSG_WRITE_SEQ:
  59:Drivers/u8glib/src/u8g_com_null.c ****       break;
  60:Drivers/u8glib/src/u8g_com_null.c ****   }
  61:Drivers/u8glib/src/u8g_com_null.c ****   return 1;
  74              		.loc 1 61 0
  75 0032 0123     		movs	r3, #1
  62:Drivers/u8glib/src/u8g_com_null.c **** }
  76              		.loc 1 62 0
  77 0034 1800     		movs	r0, r3
  78 0036 BD46     		mov	sp, r7
  79 0038 04B0     		add	sp, sp, #16
  80              		@ sp needed
  81 003a 80BD     		pop	{r7, pc}
  82              	.L11:
  83              		.align	2
  84              	.L10:
  85 003c 00000000 		.word	.L4
  86              		.cfi_endproc
  87              	.LFE0:
  89              		.text
  90              	.Letext0:
  91              		.file 2 "/usr/arm-none-eabi/include/machine/_default_types.h"
  92              		.file 3 "/usr/arm-none-eabi/include/sys/_stdint.h"
  93              		.file 4 "Drivers/u8glib/inc/u8g.h"
ARM GAS  /tmp/ccoVCDsk.s 			page 4


DEFINED SYMBOLS
                            *ABS*:0000000000000000 u8g_com_null.c
     /tmp/ccoVCDsk.s:16     .text.u8g_com_null_fn:0000000000000000 $t
     /tmp/ccoVCDsk.s:23     .text.u8g_com_null_fn:0000000000000000 u8g_com_null_fn
     /tmp/ccoVCDsk.s:63     .rodata.u8g_com_null_fn:0000000000000000 $d
     /tmp/ccoVCDsk.s:85     .text.u8g_com_null_fn:000000000000003c $d
                     .debug_frame:0000000000000010 $d

NO UNDEFINED SYMBOLS
