ARM GAS  /tmp/ccnmAdvm.s 			page 1


   1              		.cpu cortex-m0
   2              		.eabi_attribute 20, 1
   3              		.eabi_attribute 21, 1
   4              		.eabi_attribute 23, 3
   5              		.eabi_attribute 24, 1
   6              		.eabi_attribute 25, 1
   7              		.eabi_attribute 26, 1
   8              		.eabi_attribute 30, 6
   9              		.eabi_attribute 34, 0
  10              		.eabi_attribute 18, 4
  11              		.file	"u8g_com_raspberrypi_hw_spi.c"
  12              		.text
  13              	.Ltext0:
  14              		.cfi_sections	.debug_frame
  15              		.section	.text.u8g_com_raspberrypi_hw_spi_fn,"ax",%progbits
  16              		.align	1
  17              		.global	u8g_com_raspberrypi_hw_spi_fn
  18              		.syntax unified
  19              		.code	16
  20              		.thumb_func
  21              		.fpu softvfp
  23              	u8g_com_raspberrypi_hw_spi_fn:
  24              	.LFB0:
  25              		.file 1 "Drivers/u8glib/src/u8g_com_raspberrypi_hw_spi.c"
   1:Drivers/u8glib/src/u8g_com_raspberrypi_hw_spi.c **** /*
   2:Drivers/u8glib/src/u8g_com_raspberrypi_hw_spi.c ****   
   3:Drivers/u8glib/src/u8g_com_raspberrypi_hw_spi.c ****   u8g_com_raspberrypi_hw_spi.c
   4:Drivers/u8glib/src/u8g_com_raspberrypi_hw_spi.c **** 
   5:Drivers/u8glib/src/u8g_com_raspberrypi_hw_spi.c ****   Universal 8bit Graphics Library
   6:Drivers/u8glib/src/u8g_com_raspberrypi_hw_spi.c ****   
   7:Drivers/u8glib/src/u8g_com_raspberrypi_hw_spi.c ****   Copyright (c) 2012, olikraus@gmail.com
   8:Drivers/u8glib/src/u8g_com_raspberrypi_hw_spi.c ****   All rights reserved.
   9:Drivers/u8glib/src/u8g_com_raspberrypi_hw_spi.c **** 
  10:Drivers/u8glib/src/u8g_com_raspberrypi_hw_spi.c ****   Redistribution and use in source and binary forms, with or without modification, 
  11:Drivers/u8glib/src/u8g_com_raspberrypi_hw_spi.c ****   are permitted provided that the following conditions are met:
  12:Drivers/u8glib/src/u8g_com_raspberrypi_hw_spi.c **** 
  13:Drivers/u8glib/src/u8g_com_raspberrypi_hw_spi.c ****   * Redistributions of source code must retain the above copyright notice, this list 
  14:Drivers/u8glib/src/u8g_com_raspberrypi_hw_spi.c ****     of conditions and the following disclaimer.
  15:Drivers/u8glib/src/u8g_com_raspberrypi_hw_spi.c ****     
  16:Drivers/u8glib/src/u8g_com_raspberrypi_hw_spi.c ****   * Redistributions in binary form must reproduce the above copyright notice, this 
  17:Drivers/u8glib/src/u8g_com_raspberrypi_hw_spi.c ****     list of conditions and the following disclaimer in the documentation and/or other 
  18:Drivers/u8glib/src/u8g_com_raspberrypi_hw_spi.c ****     materials provided with the distribution.
  19:Drivers/u8glib/src/u8g_com_raspberrypi_hw_spi.c **** 
  20:Drivers/u8glib/src/u8g_com_raspberrypi_hw_spi.c ****   THIS SOFTWARE IS PROVIDED BY THE COPYRIGHT HOLDERS AND 
  21:Drivers/u8glib/src/u8g_com_raspberrypi_hw_spi.c ****   CONTRIBUTORS "AS IS" AND ANY EXPRESS OR IMPLIED WARRANTIES, 
  22:Drivers/u8glib/src/u8g_com_raspberrypi_hw_spi.c ****   INCLUDING, BUT NOT LIMITED TO, THE IMPLIED WARRANTIES OF 
  23:Drivers/u8glib/src/u8g_com_raspberrypi_hw_spi.c ****   MERCHANTABILITY AND FITNESS FOR A PARTICULAR PURPOSE ARE 
  24:Drivers/u8glib/src/u8g_com_raspberrypi_hw_spi.c ****   DISCLAIMED. IN NO EVENT SHALL THE COPYRIGHT HOLDER OR 
  25:Drivers/u8glib/src/u8g_com_raspberrypi_hw_spi.c ****   CONTRIBUTORS BE LIABLE FOR ANY DIRECT, INDIRECT, INCIDENTAL, 
  26:Drivers/u8glib/src/u8g_com_raspberrypi_hw_spi.c ****   SPECIAL, EXEMPLARY, OR CONSEQUENTIAL DAMAGES (INCLUDING, BUT 
  27:Drivers/u8glib/src/u8g_com_raspberrypi_hw_spi.c ****   NOT LIMITED TO, PROCUREMENT OF SUBSTITUTE GOODS OR SERVICES; 
  28:Drivers/u8glib/src/u8g_com_raspberrypi_hw_spi.c ****   LOSS OF USE, DATA, OR PROFITS; OR BUSINESS INTERRUPTION) HOWEVER 
  29:Drivers/u8glib/src/u8g_com_raspberrypi_hw_spi.c ****   CAUSED AND ON ANY THEORY OF LIABILITY, WHETHER IN CONTRACT, 
  30:Drivers/u8glib/src/u8g_com_raspberrypi_hw_spi.c ****   STRICT LIABILITY, OR TORT (INCLUDING NEGLIGENCE OR OTHERWISE) 
  31:Drivers/u8glib/src/u8g_com_raspberrypi_hw_spi.c ****   ARISING IN ANY WAY OUT OF THE USE OF THIS SOFTWARE, EVEN IF 
  32:Drivers/u8glib/src/u8g_com_raspberrypi_hw_spi.c ****   ADVISED OF THE POSSIBILITY OF SUCH DAMAGE.  
  33:Drivers/u8glib/src/u8g_com_raspberrypi_hw_spi.c ****   
ARM GAS  /tmp/ccnmAdvm.s 			page 2


  34:Drivers/u8glib/src/u8g_com_raspberrypi_hw_spi.c ****   
  35:Drivers/u8glib/src/u8g_com_raspberrypi_hw_spi.c ****   Assumes, that 
  36:Drivers/u8glib/src/u8g_com_raspberrypi_hw_spi.c ****     MOSI is at PORTB, Pin 3
  37:Drivers/u8glib/src/u8g_com_raspberrypi_hw_spi.c ****   and
  38:Drivers/u8glib/src/u8g_com_raspberrypi_hw_spi.c ****     SCK is at PORTB, Pin 5
  39:Drivers/u8glib/src/u8g_com_raspberrypi_hw_spi.c **** 
  40:Drivers/u8glib/src/u8g_com_raspberrypi_hw_spi.c ****   Update for ATOMIC operation done (01 Jun 2013)
  41:Drivers/u8glib/src/u8g_com_raspberrypi_hw_spi.c ****     U8G_ATOMIC_OR(ptr, val)
  42:Drivers/u8glib/src/u8g_com_raspberrypi_hw_spi.c ****     U8G_ATOMIC_AND(ptr, val)
  43:Drivers/u8glib/src/u8g_com_raspberrypi_hw_spi.c ****     U8G_ATOMIC_START()
  44:Drivers/u8glib/src/u8g_com_raspberrypi_hw_spi.c ****     U8G_ATOMIC_END()
  45:Drivers/u8glib/src/u8g_com_raspberrypi_hw_spi.c ****  
  46:Drivers/u8glib/src/u8g_com_raspberrypi_hw_spi.c **** 
  47:Drivers/u8glib/src/u8g_com_raspberrypi_hw_spi.c **** 
  48:Drivers/u8glib/src/u8g_com_raspberrypi_hw_spi.c **** */
  49:Drivers/u8glib/src/u8g_com_raspberrypi_hw_spi.c **** 
  50:Drivers/u8glib/src/u8g_com_raspberrypi_hw_spi.c **** #include "u8g.h"
  51:Drivers/u8glib/src/u8g_com_raspberrypi_hw_spi.c **** 
  52:Drivers/u8glib/src/u8g_com_raspberrypi_hw_spi.c **** 
  53:Drivers/u8glib/src/u8g_com_raspberrypi_hw_spi.c **** 
  54:Drivers/u8glib/src/u8g_com_raspberrypi_hw_spi.c **** #if defined(U8G_RASPBERRY_PI)
  55:Drivers/u8glib/src/u8g_com_raspberrypi_hw_spi.c **** 
  56:Drivers/u8glib/src/u8g_com_raspberrypi_hw_spi.c **** #include <wiringPiSPI.h>
  57:Drivers/u8glib/src/u8g_com_raspberrypi_hw_spi.c **** #include <wiringPi.h>
  58:Drivers/u8glib/src/u8g_com_raspberrypi_hw_spi.c **** #include <stdio.h>
  59:Drivers/u8glib/src/u8g_com_raspberrypi_hw_spi.c **** #include <stdlib.h>
  60:Drivers/u8glib/src/u8g_com_raspberrypi_hw_spi.c **** #include <errno.h>
  61:Drivers/u8glib/src/u8g_com_raspberrypi_hw_spi.c **** 
  62:Drivers/u8glib/src/u8g_com_raspberrypi_hw_spi.c **** uint8_t u8g_com_raspberrypi_hw_spi_fn(u8g_t *u8g, uint8_t msg, uint8_t arg_val, void *arg_ptr)
  63:Drivers/u8glib/src/u8g_com_raspberrypi_hw_spi.c **** {
  64:Drivers/u8glib/src/u8g_com_raspberrypi_hw_spi.c ****   switch(msg)
  65:Drivers/u8glib/src/u8g_com_raspberrypi_hw_spi.c ****   {
  66:Drivers/u8glib/src/u8g_com_raspberrypi_hw_spi.c ****     case U8G_COM_MSG_STOP:
  67:Drivers/u8glib/src/u8g_com_raspberrypi_hw_spi.c ****       break;
  68:Drivers/u8glib/src/u8g_com_raspberrypi_hw_spi.c ****     
  69:Drivers/u8glib/src/u8g_com_raspberrypi_hw_spi.c ****     case U8G_COM_MSG_INIT:
  70:Drivers/u8glib/src/u8g_com_raspberrypi_hw_spi.c **** 		// check wiringPi setup
  71:Drivers/u8glib/src/u8g_com_raspberrypi_hw_spi.c **** 		if (wiringPiSetup() == -1)
  72:Drivers/u8glib/src/u8g_com_raspberrypi_hw_spi.c **** 		{
  73:Drivers/u8glib/src/u8g_com_raspberrypi_hw_spi.c **** 			printf("wiringPi-Error\n");
  74:Drivers/u8glib/src/u8g_com_raspberrypi_hw_spi.c **** 			exit(1);
  75:Drivers/u8glib/src/u8g_com_raspberrypi_hw_spi.c **** 		}
  76:Drivers/u8glib/src/u8g_com_raspberrypi_hw_spi.c **** 
  77:Drivers/u8glib/src/u8g_com_raspberrypi_hw_spi.c **** 		if (wiringPiSPISetup (0, 100000) < 0)
  78:Drivers/u8glib/src/u8g_com_raspberrypi_hw_spi.c **** 		{
  79:Drivers/u8glib/src/u8g_com_raspberrypi_hw_spi.c **** 			printf ("Unable to open SPI device 0: %s\n", strerror (errno)) ;
  80:Drivers/u8glib/src/u8g_com_raspberrypi_hw_spi.c **** 			exit (1) ;
  81:Drivers/u8glib/src/u8g_com_raspberrypi_hw_spi.c **** 		}
  82:Drivers/u8glib/src/u8g_com_raspberrypi_hw_spi.c **** 		
  83:Drivers/u8glib/src/u8g_com_raspberrypi_hw_spi.c **** 		u8g_SetPIOutput(u8g, U8G_PI_RESET);
  84:Drivers/u8glib/src/u8g_com_raspberrypi_hw_spi.c **** 		u8g_SetPIOutput(u8g, U8G_PI_A0);
  85:Drivers/u8glib/src/u8g_com_raspberrypi_hw_spi.c **** 
  86:Drivers/u8glib/src/u8g_com_raspberrypi_hw_spi.c ****       break;
  87:Drivers/u8glib/src/u8g_com_raspberrypi_hw_spi.c ****     
  88:Drivers/u8glib/src/u8g_com_raspberrypi_hw_spi.c ****     case U8G_COM_MSG_ADDRESS:                     /* define cmd (arg_val = 0) or data mode (arg_val
  89:Drivers/u8glib/src/u8g_com_raspberrypi_hw_spi.c **** 	  u8g_SetPILevel(u8g, U8G_PI_A0, arg_val);
  90:Drivers/u8glib/src/u8g_com_raspberrypi_hw_spi.c ****       break;
ARM GAS  /tmp/ccnmAdvm.s 			page 3


  91:Drivers/u8glib/src/u8g_com_raspberrypi_hw_spi.c **** 
  92:Drivers/u8glib/src/u8g_com_raspberrypi_hw_spi.c ****     case U8G_COM_MSG_CHIP_SELECT:
  93:Drivers/u8glib/src/u8g_com_raspberrypi_hw_spi.c **** 		/* Done by the SPI hardware */
  94:Drivers/u8glib/src/u8g_com_raspberrypi_hw_spi.c ****       break;
  95:Drivers/u8glib/src/u8g_com_raspberrypi_hw_spi.c ****       
  96:Drivers/u8glib/src/u8g_com_raspberrypi_hw_spi.c ****     case U8G_COM_MSG_RESET:
  97:Drivers/u8glib/src/u8g_com_raspberrypi_hw_spi.c ****       u8g_SetPILevel(u8g, U8G_PI_RESET, arg_val);
  98:Drivers/u8glib/src/u8g_com_raspberrypi_hw_spi.c ****       break;
  99:Drivers/u8glib/src/u8g_com_raspberrypi_hw_spi.c ****     
 100:Drivers/u8glib/src/u8g_com_raspberrypi_hw_spi.c ****     case U8G_COM_MSG_WRITE_BYTE:
 101:Drivers/u8glib/src/u8g_com_raspberrypi_hw_spi.c **** 		wiringPiSPIDataRW (0, &arg_val, 1) ;
 102:Drivers/u8glib/src/u8g_com_raspberrypi_hw_spi.c ****       break;
 103:Drivers/u8glib/src/u8g_com_raspberrypi_hw_spi.c ****     
 104:Drivers/u8glib/src/u8g_com_raspberrypi_hw_spi.c ****     case U8G_COM_MSG_WRITE_SEQ:
 105:Drivers/u8glib/src/u8g_com_raspberrypi_hw_spi.c **** 		wiringPiSPIDataRW (0, arg_ptr, arg_val);
 106:Drivers/u8glib/src/u8g_com_raspberrypi_hw_spi.c ****       break;
 107:Drivers/u8glib/src/u8g_com_raspberrypi_hw_spi.c **** 
 108:Drivers/u8glib/src/u8g_com_raspberrypi_hw_spi.c **** 	case U8G_COM_MSG_WRITE_SEQ_P:
 109:Drivers/u8glib/src/u8g_com_raspberrypi_hw_spi.c **** 		wiringPiSPIDataRW (0, arg_ptr, arg_val);		
 110:Drivers/u8glib/src/u8g_com_raspberrypi_hw_spi.c ****       break;
 111:Drivers/u8glib/src/u8g_com_raspberrypi_hw_spi.c ****   }
 112:Drivers/u8glib/src/u8g_com_raspberrypi_hw_spi.c ****   return 1;
 113:Drivers/u8glib/src/u8g_com_raspberrypi_hw_spi.c **** }
 114:Drivers/u8glib/src/u8g_com_raspberrypi_hw_spi.c **** 
 115:Drivers/u8glib/src/u8g_com_raspberrypi_hw_spi.c **** #else
 116:Drivers/u8glib/src/u8g_com_raspberrypi_hw_spi.c **** 
 117:Drivers/u8glib/src/u8g_com_raspberrypi_hw_spi.c **** uint8_t u8g_com_raspberrypi_hw_spi_fn(u8g_t *u8g, uint8_t msg, uint8_t arg_val, void *arg_ptr)
 118:Drivers/u8glib/src/u8g_com_raspberrypi_hw_spi.c **** {
  26              		.loc 1 118 0
  27              		.cfi_startproc
  28 0000 80B5     		push	{r7, lr}
  29              	.LCFI0:
  30              		.cfi_def_cfa_offset 8
  31              		.cfi_offset 7, -8
  32              		.cfi_offset 14, -4
  33 0002 84B0     		sub	sp, sp, #16
  34              	.LCFI1:
  35              		.cfi_def_cfa_offset 24
  36 0004 00AF     		add	r7, sp, #0
  37              	.LCFI2:
  38              		.cfi_def_cfa_register 7
  39 0006 F860     		str	r0, [r7, #12]
  40 0008 0800     		movs	r0, r1
  41 000a 1100     		movs	r1, r2
  42 000c 7B60     		str	r3, [r7, #4]
  43 000e 0B23     		movs	r3, #11
  44 0010 FB18     		adds	r3, r7, r3
  45 0012 021C     		adds	r2, r0, #0
  46 0014 1A70     		strb	r2, [r3]
  47 0016 0A23     		movs	r3, #10
  48 0018 FB18     		adds	r3, r7, r3
  49 001a 0A1C     		adds	r2, r1, #0
  50 001c 1A70     		strb	r2, [r3]
 119:Drivers/u8glib/src/u8g_com_raspberrypi_hw_spi.c ****   return 1;
  51              		.loc 1 119 0
  52 001e 0123     		movs	r3, #1
 120:Drivers/u8glib/src/u8g_com_raspberrypi_hw_spi.c **** }
ARM GAS  /tmp/ccnmAdvm.s 			page 4


  53              		.loc 1 120 0
  54 0020 1800     		movs	r0, r3
  55 0022 BD46     		mov	sp, r7
  56 0024 04B0     		add	sp, sp, #16
  57              		@ sp needed
  58 0026 80BD     		pop	{r7, pc}
  59              		.cfi_endproc
  60              	.LFE0:
  62              		.text
  63              	.Letext0:
  64              		.file 2 "/usr/arm-none-eabi/include/machine/_default_types.h"
  65              		.file 3 "/usr/arm-none-eabi/include/sys/_stdint.h"
  66              		.file 4 "Drivers/u8glib/inc/u8g.h"
ARM GAS  /tmp/ccnmAdvm.s 			page 5


DEFINED SYMBOLS
                            *ABS*:0000000000000000 u8g_com_raspberrypi_hw_spi.c
     /tmp/ccnmAdvm.s:16     .text.u8g_com_raspberrypi_hw_spi_fn:0000000000000000 $t
     /tmp/ccnmAdvm.s:23     .text.u8g_com_raspberrypi_hw_spi_fn:0000000000000000 u8g_com_raspberrypi_hw_spi_fn
                     .debug_frame:0000000000000010 $d

NO UNDEFINED SYMBOLS
