ARM GAS  /tmp/cck1nTja.s 			page 1


   1              		.cpu cortex-m0
   2              		.eabi_attribute 20, 1
   3              		.eabi_attribute 21, 1
   4              		.eabi_attribute 23, 3
   5              		.eabi_attribute 24, 1
   6              		.eabi_attribute 25, 1
   7              		.eabi_attribute 26, 1
   8              		.eabi_attribute 30, 6
   9              		.eabi_attribute 34, 0
  10              		.eabi_attribute 18, 4
  11              		.file	"u8g_pbxh16.c"
  12              		.text
  13              	.Ltext0:
  14              		.cfi_sections	.debug_frame
  15              		.section	.text.u8g_pbxh16_Clear,"ax",%progbits
  16              		.align	1
  17              		.global	u8g_pbxh16_Clear
  18              		.syntax unified
  19              		.code	16
  20              		.thumb_func
  21              		.fpu softvfp
  23              	u8g_pbxh16_Clear:
  24              	.LFB0:
  25              		.file 1 "Drivers/u8glib/src/u8g_pbxh16.c"
   1:Drivers/u8glib/src/u8g_pbxh16.c **** /*
   2:Drivers/u8glib/src/u8g_pbxh16.c **** 
   3:Drivers/u8glib/src/u8g_pbxh16.c ****   u8g_pbxh16.c
   4:Drivers/u8glib/src/u8g_pbxh16.c ****   
   5:Drivers/u8glib/src/u8g_pbxh16.c ****   x lines per page, horizontal, 16 bits per pixel (hi color modes)
   6:Drivers/u8glib/src/u8g_pbxh16.c ****   
   7:Drivers/u8glib/src/u8g_pbxh16.c ****   Universal 8bit Graphics Library
   8:Drivers/u8glib/src/u8g_pbxh16.c ****   
   9:Drivers/u8glib/src/u8g_pbxh16.c ****   Copyright (c) 2013, olikraus@gmail.com
  10:Drivers/u8glib/src/u8g_pbxh16.c ****   All rights reserved.
  11:Drivers/u8glib/src/u8g_pbxh16.c **** 
  12:Drivers/u8glib/src/u8g_pbxh16.c ****   Redistribution and use in source and binary forms, with or without modification, 
  13:Drivers/u8glib/src/u8g_pbxh16.c ****   are permitted provided that the following conditions are met:
  14:Drivers/u8glib/src/u8g_pbxh16.c **** 
  15:Drivers/u8glib/src/u8g_pbxh16.c ****   * Redistributions of source code must retain the above copyright notice, this list 
  16:Drivers/u8glib/src/u8g_pbxh16.c ****     of conditions and the following disclaimer.
  17:Drivers/u8glib/src/u8g_pbxh16.c ****     
  18:Drivers/u8glib/src/u8g_pbxh16.c ****   * Redistributions in binary form must reproduce the above copyright notice, this 
  19:Drivers/u8glib/src/u8g_pbxh16.c ****     list of conditions and the following disclaimer in the documentation and/or other 
  20:Drivers/u8glib/src/u8g_pbxh16.c ****     materials provided with the distribution.
  21:Drivers/u8glib/src/u8g_pbxh16.c **** 
  22:Drivers/u8glib/src/u8g_pbxh16.c ****   THIS SOFTWARE IS PROVIDED BY THE COPYRIGHT HOLDERS AND 
  23:Drivers/u8glib/src/u8g_pbxh16.c ****   CONTRIBUTORS "AS IS" AND ANY EXPRESS OR IMPLIED WARRANTIES, 
  24:Drivers/u8glib/src/u8g_pbxh16.c ****   INCLUDING, BUT NOT LIMITED TO, THE IMPLIED WARRANTIES OF 
  25:Drivers/u8glib/src/u8g_pbxh16.c ****   MERCHANTABILITY AND FITNESS FOR A PARTICULAR PURPOSE ARE 
  26:Drivers/u8glib/src/u8g_pbxh16.c ****   DISCLAIMED. IN NO EVENT SHALL THE COPYRIGHT HOLDER OR 
  27:Drivers/u8glib/src/u8g_pbxh16.c ****   CONTRIBUTORS BE LIABLE FOR ANY DIRECT, INDIRECT, INCIDENTAL, 
  28:Drivers/u8glib/src/u8g_pbxh16.c ****   SPECIAL, EXEMPLARY, OR CONSEQUENTIAL DAMAGES (INCLUDING, BUT 
  29:Drivers/u8glib/src/u8g_pbxh16.c ****   NOT LIMITED TO, PROCUREMENT OF SUBSTITUTE GOODS OR SERVICES; 
  30:Drivers/u8glib/src/u8g_pbxh16.c ****   LOSS OF USE, DATA, OR PROFITS; OR BUSINESS INTERRUPTION) HOWEVER 
  31:Drivers/u8glib/src/u8g_pbxh16.c ****   CAUSED AND ON ANY THEORY OF LIABILITY, WHETHER IN CONTRACT, 
  32:Drivers/u8glib/src/u8g_pbxh16.c ****   STRICT LIABILITY, OR TORT (INCLUDING NEGLIGENCE OR OTHERWISE) 
  33:Drivers/u8glib/src/u8g_pbxh16.c ****   ARISING IN ANY WAY OUT OF THE USE OF THIS SOFTWARE, EVEN IF 
ARM GAS  /tmp/cck1nTja.s 			page 2


  34:Drivers/u8glib/src/u8g_pbxh16.c ****   ADVISED OF THE POSSIBILITY OF SUCH DAMAGE.  
  35:Drivers/u8glib/src/u8g_pbxh16.c **** 
  36:Drivers/u8glib/src/u8g_pbxh16.c **** 
  37:Drivers/u8glib/src/u8g_pbxh16.c **** struct _u8g_pb_t
  38:Drivers/u8glib/src/u8g_pbxh16.c **** {
  39:Drivers/u8glib/src/u8g_pbxh16.c ****   u8g_page_t p;
  40:Drivers/u8glib/src/u8g_pbxh16.c ****   u8g_uint_t width;
  41:Drivers/u8glib/src/u8g_pbxh16.c ****   void *buf;
  42:Drivers/u8glib/src/u8g_pbxh16.c **** };
  43:Drivers/u8glib/src/u8g_pbxh16.c **** typedef struct _u8g_pb_t u8g_pb_t;
  44:Drivers/u8glib/src/u8g_pbxh16.c **** 
  45:Drivers/u8glib/src/u8g_pbxh16.c **** 
  46:Drivers/u8glib/src/u8g_pbxh16.c **** uint8_t u8g_index_color_xh16_buf[2*WIDTH*PAGE_HEIGHT] U8G_NOCOMMON ; 
  47:Drivers/u8glib/src/u8g_pbxh16.c **** u8g_pb_t u8g_index_color_xh16_pb = { {PAGE_HEIGHT, HEIGHT, 0, 0, 0},  WIDTH, u8g_index_color_xh16_b
  48:Drivers/u8glib/src/u8g_pbxh16.c **** u8g_dev_t name = { dev_fn, &u8g_index_color_xh16_pb , com_fn }
  49:Drivers/u8glib/src/u8g_pbxh16.c **** 
  50:Drivers/u8glib/src/u8g_pbxh16.c **** */
  51:Drivers/u8glib/src/u8g_pbxh16.c **** 
  52:Drivers/u8glib/src/u8g_pbxh16.c **** #include "u8g.h"
  53:Drivers/u8glib/src/u8g_pbxh16.c **** 
  54:Drivers/u8glib/src/u8g_pbxh16.c **** /*
  55:Drivers/u8glib/src/u8g_pbxh16.c **** #define WIDTH_BITS 7
  56:Drivers/u8glib/src/u8g_pbxh16.c **** #define WIDTH (1<<WIDTH_BITS)
  57:Drivers/u8glib/src/u8g_pbxh16.c **** #define PAGE_HEIGHT_BITS 3
  58:Drivers/u8glib/src/u8g_pbxh16.c **** #define PAGE_HEIGHT (1<<PAGE_HEIGHT_BITS)
  59:Drivers/u8glib/src/u8g_pbxh16.c **** */
  60:Drivers/u8glib/src/u8g_pbxh16.c **** 
  61:Drivers/u8glib/src/u8g_pbxh16.c **** void u8g_pbxh16_Clear(u8g_pb_t *b)
  62:Drivers/u8glib/src/u8g_pbxh16.c **** {
  26              		.loc 1 62 0
  27              		.cfi_startproc
  28 0000 80B5     		push	{r7, lr}
  29              	.LCFI0:
  30              		.cfi_def_cfa_offset 8
  31              		.cfi_offset 7, -8
  32              		.cfi_offset 14, -4
  33 0002 86B0     		sub	sp, sp, #24
  34              	.LCFI1:
  35              		.cfi_def_cfa_offset 32
  36 0004 00AF     		add	r7, sp, #0
  37              	.LCFI2:
  38              		.cfi_def_cfa_register 7
  39 0006 7860     		str	r0, [r7, #4]
  63:Drivers/u8glib/src/u8g_pbxh16.c ****   uint8_t *ptr = (uint8_t *)b->buf;
  40              		.loc 1 63 0
  41 0008 7B68     		ldr	r3, [r7, #4]
  42 000a 9B68     		ldr	r3, [r3, #8]
  43 000c 7B61     		str	r3, [r7, #20]
  64:Drivers/u8glib/src/u8g_pbxh16.c ****   uint8_t *end_ptr = ptr;
  44              		.loc 1 64 0
  45 000e 7B69     		ldr	r3, [r7, #20]
  46 0010 3B61     		str	r3, [r7, #16]
  65:Drivers/u8glib/src/u8g_pbxh16.c ****   uint8_t cnt = b->p.page_height;
  47              		.loc 1 65 0
  48 0012 0F23     		movs	r3, #15
  49 0014 FB18     		adds	r3, r7, r3
  50 0016 7A68     		ldr	r2, [r7, #4]
ARM GAS  /tmp/cck1nTja.s 			page 3


  51 0018 1278     		ldrb	r2, [r2]
  52 001a 1A70     		strb	r2, [r3]
  53              	.L2:
  66:Drivers/u8glib/src/u8g_pbxh16.c ****   do
  67:Drivers/u8glib/src/u8g_pbxh16.c ****   {
  68:Drivers/u8glib/src/u8g_pbxh16.c ****     end_ptr += b->width*2;
  54              		.loc 1 68 0 discriminator 1
  55 001c 7B68     		ldr	r3, [r7, #4]
  56 001e 5B79     		ldrb	r3, [r3, #5]
  57 0020 5B00     		lsls	r3, r3, #1
  58 0022 1A00     		movs	r2, r3
  59 0024 3B69     		ldr	r3, [r7, #16]
  60 0026 9B18     		adds	r3, r3, r2
  61 0028 3B61     		str	r3, [r7, #16]
  69:Drivers/u8glib/src/u8g_pbxh16.c ****     cnt--;
  62              		.loc 1 69 0 discriminator 1
  63 002a 0F23     		movs	r3, #15
  64 002c FB18     		adds	r3, r7, r3
  65 002e 1A78     		ldrb	r2, [r3]
  66 0030 0F23     		movs	r3, #15
  67 0032 FB18     		adds	r3, r7, r3
  68 0034 013A     		subs	r2, r2, #1
  69 0036 1A70     		strb	r2, [r3]
  70:Drivers/u8glib/src/u8g_pbxh16.c ****   } while( cnt > 0 );
  70              		.loc 1 70 0 discriminator 1
  71 0038 0F23     		movs	r3, #15
  72 003a FB18     		adds	r3, r7, r3
  73 003c 1B78     		ldrb	r3, [r3]
  74 003e 002B     		cmp	r3, #0
  75 0040 ECD1     		bne	.L2
  76              	.L3:
  71:Drivers/u8glib/src/u8g_pbxh16.c ****   do
  72:Drivers/u8glib/src/u8g_pbxh16.c ****   {
  73:Drivers/u8glib/src/u8g_pbxh16.c ****     *ptr++ = 0;
  77              		.loc 1 73 0 discriminator 1
  78 0042 7B69     		ldr	r3, [r7, #20]
  79 0044 5A1C     		adds	r2, r3, #1
  80 0046 7A61     		str	r2, [r7, #20]
  81 0048 0022     		movs	r2, #0
  82 004a 1A70     		strb	r2, [r3]
  74:Drivers/u8glib/src/u8g_pbxh16.c ****   } while( ptr != end_ptr );
  83              		.loc 1 74 0 discriminator 1
  84 004c 7A69     		ldr	r2, [r7, #20]
  85 004e 3B69     		ldr	r3, [r7, #16]
  86 0050 9A42     		cmp	r2, r3
  87 0052 F6D1     		bne	.L3
  75:Drivers/u8glib/src/u8g_pbxh16.c **** }
  88              		.loc 1 75 0
  89 0054 C046     		nop
  90 0056 BD46     		mov	sp, r7
  91 0058 06B0     		add	sp, sp, #24
  92              		@ sp needed
  93 005a 80BD     		pop	{r7, pc}
  94              		.cfi_endproc
  95              	.LFE0:
  97              		.section	.text.u8g_pbxh16_Init,"ax",%progbits
  98              		.align	1
ARM GAS  /tmp/cck1nTja.s 			page 4


  99              		.global	u8g_pbxh16_Init
 100              		.syntax unified
 101              		.code	16
 102              		.thumb_func
 103              		.fpu softvfp
 105              	u8g_pbxh16_Init:
 106              	.LFB1:
  76:Drivers/u8glib/src/u8g_pbxh16.c **** 
  77:Drivers/u8glib/src/u8g_pbxh16.c **** 
  78:Drivers/u8glib/src/u8g_pbxh16.c **** void u8g_pbxh16_Init(u8g_pb_t *b, void *buf, u8g_uint_t width)
  79:Drivers/u8glib/src/u8g_pbxh16.c **** {
 107              		.loc 1 79 0
 108              		.cfi_startproc
 109 0000 80B5     		push	{r7, lr}
 110              	.LCFI3:
 111              		.cfi_def_cfa_offset 8
 112              		.cfi_offset 7, -8
 113              		.cfi_offset 14, -4
 114 0002 84B0     		sub	sp, sp, #16
 115              	.LCFI4:
 116              		.cfi_def_cfa_offset 24
 117 0004 00AF     		add	r7, sp, #0
 118              	.LCFI5:
 119              		.cfi_def_cfa_register 7
 120 0006 F860     		str	r0, [r7, #12]
 121 0008 B960     		str	r1, [r7, #8]
 122 000a FB1D     		adds	r3, r7, #7
 123 000c 1A70     		strb	r2, [r3]
  80:Drivers/u8glib/src/u8g_pbxh16.c ****   b->buf = buf;
 124              		.loc 1 80 0
 125 000e FB68     		ldr	r3, [r7, #12]
 126 0010 BA68     		ldr	r2, [r7, #8]
 127 0012 9A60     		str	r2, [r3, #8]
  81:Drivers/u8glib/src/u8g_pbxh16.c ****   b->width = width;
 128              		.loc 1 81 0
 129 0014 FB68     		ldr	r3, [r7, #12]
 130 0016 FA1D     		adds	r2, r7, #7
 131 0018 1278     		ldrb	r2, [r2]
 132 001a 5A71     		strb	r2, [r3, #5]
  82:Drivers/u8glib/src/u8g_pbxh16.c ****   u8g_pbxh16_Clear(b);
 133              		.loc 1 82 0
 134 001c FB68     		ldr	r3, [r7, #12]
 135 001e 1800     		movs	r0, r3
 136 0020 FFF7FEFF 		bl	u8g_pbxh16_Clear
  83:Drivers/u8glib/src/u8g_pbxh16.c **** }
 137              		.loc 1 83 0
 138 0024 C046     		nop
 139 0026 BD46     		mov	sp, r7
 140 0028 04B0     		add	sp, sp, #16
 141              		@ sp needed
 142 002a 80BD     		pop	{r7, pc}
 143              		.cfi_endproc
 144              	.LFE1:
 146              		.section	.text.u8g_pbxh16_set_pixel,"ax",%progbits
 147              		.align	1
 148              		.syntax unified
 149              		.code	16
ARM GAS  /tmp/cck1nTja.s 			page 5


 150              		.thumb_func
 151              		.fpu softvfp
 153              	u8g_pbxh16_set_pixel:
 154              	.LFB2:
  84:Drivers/u8glib/src/u8g_pbxh16.c **** 
  85:Drivers/u8glib/src/u8g_pbxh16.c **** static void u8g_pbxh16_set_pixel(u8g_pb_t *b, u8g_uint_t x, u8g_uint_t y, uint8_t low, uint8_t high
  86:Drivers/u8glib/src/u8g_pbxh16.c **** {
 155              		.loc 1 86 0
 156              		.cfi_startproc
 157 0000 90B5     		push	{r4, r7, lr}
 158              	.LCFI6:
 159              		.cfi_def_cfa_offset 12
 160              		.cfi_offset 4, -12
 161              		.cfi_offset 7, -8
 162              		.cfi_offset 14, -4
 163 0002 85B0     		sub	sp, sp, #20
 164              	.LCFI7:
 165              		.cfi_def_cfa_offset 32
 166 0004 00AF     		add	r7, sp, #0
 167              	.LCFI8:
 168              		.cfi_def_cfa_register 7
 169 0006 7860     		str	r0, [r7, #4]
 170 0008 0C00     		movs	r4, r1
 171 000a 1000     		movs	r0, r2
 172 000c 1900     		movs	r1, r3
 173 000e FB1C     		adds	r3, r7, #3
 174 0010 221C     		adds	r2, r4, #0
 175 0012 1A70     		strb	r2, [r3]
 176 0014 BB1C     		adds	r3, r7, #2
 177 0016 021C     		adds	r2, r0, #0
 178 0018 1A70     		strb	r2, [r3]
 179 001a 7B1C     		adds	r3, r7, #1
 180 001c 0A1C     		adds	r2, r1, #0
 181 001e 1A70     		strb	r2, [r3]
  87:Drivers/u8glib/src/u8g_pbxh16.c ****   uint16_t tmp;
  88:Drivers/u8glib/src/u8g_pbxh16.c ****   uint8_t *ptr = b->buf;
 182              		.loc 1 88 0
 183 0020 7B68     		ldr	r3, [r7, #4]
 184 0022 9B68     		ldr	r3, [r3, #8]
 185 0024 FB60     		str	r3, [r7, #12]
  89:Drivers/u8glib/src/u8g_pbxh16.c ****   y -= b->p.page_y0;
 186              		.loc 1 89 0
 187 0026 7B68     		ldr	r3, [r7, #4]
 188 0028 9A78     		ldrb	r2, [r3, #2]
 189 002a BB1C     		adds	r3, r7, #2
 190 002c B91C     		adds	r1, r7, #2
 191 002e 0978     		ldrb	r1, [r1]
 192 0030 8A1A     		subs	r2, r1, r2
 193 0032 1A70     		strb	r2, [r3]
  90:Drivers/u8glib/src/u8g_pbxh16.c ****   tmp = y;
 194              		.loc 1 90 0
 195 0034 0A23     		movs	r3, #10
 196 0036 FB18     		adds	r3, r7, r3
 197 0038 BA1C     		adds	r2, r7, #2
 198 003a 1278     		ldrb	r2, [r2]
 199 003c 1A80     		strh	r2, [r3]
  91:Drivers/u8glib/src/u8g_pbxh16.c ****   tmp *= b->width;
ARM GAS  /tmp/cck1nTja.s 			page 6


 200              		.loc 1 91 0
 201 003e 7B68     		ldr	r3, [r7, #4]
 202 0040 5B79     		ldrb	r3, [r3, #5]
 203 0042 9AB2     		uxth	r2, r3
 204 0044 0A23     		movs	r3, #10
 205 0046 FB18     		adds	r3, r7, r3
 206 0048 0A21     		movs	r1, #10
 207 004a 7918     		adds	r1, r7, r1
 208 004c 0988     		ldrh	r1, [r1]
 209 004e 4A43     		muls	r2, r1
 210 0050 1A80     		strh	r2, [r3]
  92:Drivers/u8glib/src/u8g_pbxh16.c ****   tmp += x;
 211              		.loc 1 92 0
 212 0052 FB1C     		adds	r3, r7, #3
 213 0054 1B78     		ldrb	r3, [r3]
 214 0056 99B2     		uxth	r1, r3
 215 0058 0A23     		movs	r3, #10
 216 005a FB18     		adds	r3, r7, r3
 217 005c 0A22     		movs	r2, #10
 218 005e BA18     		adds	r2, r7, r2
 219 0060 1288     		ldrh	r2, [r2]
 220 0062 8A18     		adds	r2, r1, r2
 221 0064 1A80     		strh	r2, [r3]
  93:Drivers/u8glib/src/u8g_pbxh16.c ****   tmp <<= 1;
 222              		.loc 1 93 0
 223 0066 0A23     		movs	r3, #10
 224 0068 FA18     		adds	r2, r7, r3
 225 006a 0A23     		movs	r3, #10
 226 006c FB18     		adds	r3, r7, r3
 227 006e 1B88     		ldrh	r3, [r3]
 228 0070 DB18     		adds	r3, r3, r3
 229 0072 1380     		strh	r3, [r2]
  94:Drivers/u8glib/src/u8g_pbxh16.c ****   ptr += tmp;
 230              		.loc 1 94 0
 231 0074 0A23     		movs	r3, #10
 232 0076 FB18     		adds	r3, r7, r3
 233 0078 1B88     		ldrh	r3, [r3]
 234 007a FA68     		ldr	r2, [r7, #12]
 235 007c D318     		adds	r3, r2, r3
 236 007e FB60     		str	r3, [r7, #12]
  95:Drivers/u8glib/src/u8g_pbxh16.c ****   *ptr = low;
 237              		.loc 1 95 0
 238 0080 FB68     		ldr	r3, [r7, #12]
 239 0082 7A1C     		adds	r2, r7, #1
 240 0084 1278     		ldrb	r2, [r2]
 241 0086 1A70     		strb	r2, [r3]
  96:Drivers/u8glib/src/u8g_pbxh16.c ****   ptr++;
 242              		.loc 1 96 0
 243 0088 FB68     		ldr	r3, [r7, #12]
 244 008a 0133     		adds	r3, r3, #1
 245 008c FB60     		str	r3, [r7, #12]
  97:Drivers/u8glib/src/u8g_pbxh16.c ****   *ptr = high;
 246              		.loc 1 97 0
 247 008e FB68     		ldr	r3, [r7, #12]
 248 0090 2022     		movs	r2, #32
 249 0092 BA18     		adds	r2, r7, r2
 250 0094 1278     		ldrb	r2, [r2]
ARM GAS  /tmp/cck1nTja.s 			page 7


 251 0096 1A70     		strb	r2, [r3]
  98:Drivers/u8glib/src/u8g_pbxh16.c **** }
 252              		.loc 1 98 0
 253 0098 C046     		nop
 254 009a BD46     		mov	sp, r7
 255 009c 05B0     		add	sp, sp, #20
 256              		@ sp needed
 257 009e 90BD     		pop	{r4, r7, pc}
 258              		.cfi_endproc
 259              	.LFE2:
 261              		.section	.text.u8g_pbxh16_SetPixel,"ax",%progbits
 262              		.align	1
 263              		.global	u8g_pbxh16_SetPixel
 264              		.syntax unified
 265              		.code	16
 266              		.thumb_func
 267              		.fpu softvfp
 269              	u8g_pbxh16_SetPixel:
 270              	.LFB3:
  99:Drivers/u8glib/src/u8g_pbxh16.c **** 
 100:Drivers/u8glib/src/u8g_pbxh16.c **** void u8g_pbxh16_SetPixel(u8g_pb_t *b, const u8g_dev_arg_pixel_t * const arg_pixel)
 101:Drivers/u8glib/src/u8g_pbxh16.c **** {
 271              		.loc 1 101 0
 272              		.cfi_startproc
 273 0000 90B5     		push	{r4, r7, lr}
 274              	.LCFI9:
 275              		.cfi_def_cfa_offset 12
 276              		.cfi_offset 4, -12
 277              		.cfi_offset 7, -8
 278              		.cfi_offset 14, -4
 279 0002 85B0     		sub	sp, sp, #20
 280              	.LCFI10:
 281              		.cfi_def_cfa_offset 32
 282 0004 02AF     		add	r7, sp, #8
 283              	.LCFI11:
 284              		.cfi_def_cfa 7, 24
 285 0006 7860     		str	r0, [r7, #4]
 286 0008 3960     		str	r1, [r7]
 102:Drivers/u8glib/src/u8g_pbxh16.c ****   if ( arg_pixel->y < b->p.page_y0 )
 287              		.loc 1 102 0
 288 000a 3B68     		ldr	r3, [r7]
 289 000c 5A78     		ldrb	r2, [r3, #1]
 290 000e 7B68     		ldr	r3, [r7, #4]
 291 0010 9B78     		ldrb	r3, [r3, #2]
 292 0012 9A42     		cmp	r2, r3
 293 0014 19D3     		bcc	.L11
 103:Drivers/u8glib/src/u8g_pbxh16.c ****     return;
 104:Drivers/u8glib/src/u8g_pbxh16.c ****   if ( arg_pixel->y > b->p.page_y1 )
 294              		.loc 1 104 0
 295 0016 3B68     		ldr	r3, [r7]
 296 0018 5A78     		ldrb	r2, [r3, #1]
 297 001a 7B68     		ldr	r3, [r7, #4]
 298 001c DB78     		ldrb	r3, [r3, #3]
 299 001e 9A42     		cmp	r2, r3
 300 0020 15D8     		bhi	.L12
 105:Drivers/u8glib/src/u8g_pbxh16.c ****     return;
 106:Drivers/u8glib/src/u8g_pbxh16.c ****   if ( arg_pixel->x >= b->width )
ARM GAS  /tmp/cck1nTja.s 			page 8


 301              		.loc 1 106 0
 302 0022 3B68     		ldr	r3, [r7]
 303 0024 1A78     		ldrb	r2, [r3]
 304 0026 7B68     		ldr	r3, [r7, #4]
 305 0028 5B79     		ldrb	r3, [r3, #5]
 306 002a 9A42     		cmp	r2, r3
 307 002c 11D2     		bcs	.L13
 107:Drivers/u8glib/src/u8g_pbxh16.c ****     return;
 108:Drivers/u8glib/src/u8g_pbxh16.c ****   u8g_pbxh16_set_pixel(b, arg_pixel->x, arg_pixel->y, arg_pixel->color, arg_pixel->hi_color);
 308              		.loc 1 108 0
 309 002e 3B68     		ldr	r3, [r7]
 310 0030 1978     		ldrb	r1, [r3]
 311 0032 3B68     		ldr	r3, [r7]
 312 0034 5A78     		ldrb	r2, [r3, #1]
 313 0036 3B68     		ldr	r3, [r7]
 314 0038 1C79     		ldrb	r4, [r3, #4]
 315 003a 3B68     		ldr	r3, [r7]
 316 003c 5B79     		ldrb	r3, [r3, #5]
 317 003e 7868     		ldr	r0, [r7, #4]
 318 0040 0093     		str	r3, [sp]
 319 0042 2300     		movs	r3, r4
 320 0044 FFF7FEFF 		bl	u8g_pbxh16_set_pixel
 321 0048 04E0     		b	.L6
 322              	.L11:
 103:Drivers/u8glib/src/u8g_pbxh16.c ****   if ( arg_pixel->y > b->p.page_y1 )
 323              		.loc 1 103 0
 324 004a C046     		nop
 325 004c 02E0     		b	.L6
 326              	.L12:
 105:Drivers/u8glib/src/u8g_pbxh16.c ****     return;
 327              		.loc 1 105 0
 328 004e C046     		nop
 329 0050 00E0     		b	.L6
 330              	.L13:
 107:Drivers/u8glib/src/u8g_pbxh16.c ****     return;
 331              		.loc 1 107 0
 332 0052 C046     		nop
 333              	.L6:
 109:Drivers/u8glib/src/u8g_pbxh16.c **** }
 334              		.loc 1 109 0
 335 0054 BD46     		mov	sp, r7
 336 0056 03B0     		add	sp, sp, #12
 337              		@ sp needed
 338 0058 90BD     		pop	{r4, r7, pc}
 339              		.cfi_endproc
 340              	.LFE3:
 342              		.section	.text.u8g_pbxh16_Set8Pixel,"ax",%progbits
 343              		.align	1
 344              		.global	u8g_pbxh16_Set8Pixel
 345              		.syntax unified
 346              		.code	16
 347              		.thumb_func
 348              		.fpu softvfp
 350              	u8g_pbxh16_Set8Pixel:
 351              	.LFB4:
 110:Drivers/u8glib/src/u8g_pbxh16.c **** 
 111:Drivers/u8glib/src/u8g_pbxh16.c **** 
ARM GAS  /tmp/cck1nTja.s 			page 9


 112:Drivers/u8glib/src/u8g_pbxh16.c **** void u8g_pbxh16_Set8Pixel(u8g_pb_t *b, u8g_dev_arg_pixel_t *arg_pixel)
 113:Drivers/u8glib/src/u8g_pbxh16.c **** {
 352              		.loc 1 113 0
 353              		.cfi_startproc
 354 0000 90B5     		push	{r4, r7, lr}
 355              	.LCFI12:
 356              		.cfi_def_cfa_offset 12
 357              		.cfi_offset 4, -12
 358              		.cfi_offset 7, -8
 359              		.cfi_offset 14, -4
 360 0002 85B0     		sub	sp, sp, #20
 361              	.LCFI13:
 362              		.cfi_def_cfa_offset 32
 363 0004 00AF     		add	r7, sp, #0
 364              	.LCFI14:
 365              		.cfi_def_cfa_register 7
 366 0006 7860     		str	r0, [r7, #4]
 367 0008 3960     		str	r1, [r7]
 114:Drivers/u8glib/src/u8g_pbxh16.c ****   register uint8_t pixel = arg_pixel->pixel;
 368              		.loc 1 114 0
 369 000a 3B68     		ldr	r3, [r7]
 370 000c 9C78     		ldrb	r4, [r3, #2]
 115:Drivers/u8glib/src/u8g_pbxh16.c ****   u8g_uint_t dx = 0;
 371              		.loc 1 115 0
 372 000e 0F23     		movs	r3, #15
 373 0010 FB18     		adds	r3, r7, r3
 374 0012 0022     		movs	r2, #0
 375 0014 1A70     		strb	r2, [r3]
 116:Drivers/u8glib/src/u8g_pbxh16.c ****   u8g_uint_t dy = 0;
 376              		.loc 1 116 0
 377 0016 0E23     		movs	r3, #14
 378 0018 FB18     		adds	r3, r7, r3
 379 001a 0022     		movs	r2, #0
 380 001c 1A70     		strb	r2, [r3]
 117:Drivers/u8glib/src/u8g_pbxh16.c ****   
 118:Drivers/u8glib/src/u8g_pbxh16.c ****   switch( arg_pixel->dir )
 381              		.loc 1 118 0
 382 001e 3B68     		ldr	r3, [r7]
 383 0020 DB78     		ldrb	r3, [r3, #3]
 384 0022 012B     		cmp	r3, #1
 385 0024 10D0     		beq	.L16
 386 0026 02DC     		bgt	.L17
 387 0028 002B     		cmp	r3, #0
 388 002a 05D0     		beq	.L18
 389 002c 24E0     		b	.L15
 390              	.L17:
 391 002e 022B     		cmp	r3, #2
 392 0030 12D0     		beq	.L19
 393 0032 032B     		cmp	r3, #3
 394 0034 18D0     		beq	.L20
 395 0036 1FE0     		b	.L15
 396              	.L18:
 119:Drivers/u8glib/src/u8g_pbxh16.c ****   {
 120:Drivers/u8glib/src/u8g_pbxh16.c ****     case 0: dx++; break;
 397              		.loc 1 120 0
 398 0038 0F23     		movs	r3, #15
 399 003a FB18     		adds	r3, r7, r3
ARM GAS  /tmp/cck1nTja.s 			page 10


 400 003c 1A78     		ldrb	r2, [r3]
 401 003e 0F23     		movs	r3, #15
 402 0040 FB18     		adds	r3, r7, r3
 403 0042 0132     		adds	r2, r2, #1
 404 0044 1A70     		strb	r2, [r3]
 405 0046 17E0     		b	.L15
 406              	.L16:
 121:Drivers/u8glib/src/u8g_pbxh16.c ****     case 1: dy++; break;
 407              		.loc 1 121 0
 408 0048 0E23     		movs	r3, #14
 409 004a FB18     		adds	r3, r7, r3
 410 004c 1A78     		ldrb	r2, [r3]
 411 004e 0E23     		movs	r3, #14
 412 0050 FB18     		adds	r3, r7, r3
 413 0052 0132     		adds	r2, r2, #1
 414 0054 1A70     		strb	r2, [r3]
 415 0056 0FE0     		b	.L15
 416              	.L19:
 122:Drivers/u8glib/src/u8g_pbxh16.c ****     case 2: dx--; break;
 417              		.loc 1 122 0
 418 0058 0F23     		movs	r3, #15
 419 005a FB18     		adds	r3, r7, r3
 420 005c 1A78     		ldrb	r2, [r3]
 421 005e 0F23     		movs	r3, #15
 422 0060 FB18     		adds	r3, r7, r3
 423 0062 013A     		subs	r2, r2, #1
 424 0064 1A70     		strb	r2, [r3]
 425 0066 07E0     		b	.L15
 426              	.L20:
 123:Drivers/u8glib/src/u8g_pbxh16.c ****     case 3: dy--; break;
 427              		.loc 1 123 0
 428 0068 0E23     		movs	r3, #14
 429 006a FB18     		adds	r3, r7, r3
 430 006c 1A78     		ldrb	r2, [r3]
 431 006e 0E23     		movs	r3, #14
 432 0070 FB18     		adds	r3, r7, r3
 433 0072 013A     		subs	r2, r2, #1
 434 0074 1A70     		strb	r2, [r3]
 435 0076 C046     		nop
 436              	.L15:
 124:Drivers/u8glib/src/u8g_pbxh16.c ****   }
 125:Drivers/u8glib/src/u8g_pbxh16.c ****   
 126:Drivers/u8glib/src/u8g_pbxh16.c ****   do
 127:Drivers/u8glib/src/u8g_pbxh16.c ****   {
 128:Drivers/u8glib/src/u8g_pbxh16.c ****     if ( pixel & 128 )
 437              		.loc 1 128 0
 438 0078 63B2     		sxtb	r3, r4
 439 007a 002B     		cmp	r3, #0
 440 007c 05DA     		bge	.L21
 129:Drivers/u8glib/src/u8g_pbxh16.c ****       u8g_pbxh16_SetPixel(b, arg_pixel);
 441              		.loc 1 129 0
 442 007e 3A68     		ldr	r2, [r7]
 443 0080 7B68     		ldr	r3, [r7, #4]
 444 0082 1100     		movs	r1, r2
 445 0084 1800     		movs	r0, r3
 446 0086 FFF7FEFF 		bl	u8g_pbxh16_SetPixel
 447              	.L21:
ARM GAS  /tmp/cck1nTja.s 			page 11


 130:Drivers/u8glib/src/u8g_pbxh16.c ****     arg_pixel->x += dx;
 448              		.loc 1 130 0
 449 008a 3B68     		ldr	r3, [r7]
 450 008c 1A78     		ldrb	r2, [r3]
 451 008e 0F23     		movs	r3, #15
 452 0090 FB18     		adds	r3, r7, r3
 453 0092 1B78     		ldrb	r3, [r3]
 454 0094 D318     		adds	r3, r2, r3
 455 0096 DAB2     		uxtb	r2, r3
 456 0098 3B68     		ldr	r3, [r7]
 457 009a 1A70     		strb	r2, [r3]
 131:Drivers/u8glib/src/u8g_pbxh16.c ****     arg_pixel->y += dy;
 458              		.loc 1 131 0
 459 009c 3B68     		ldr	r3, [r7]
 460 009e 5A78     		ldrb	r2, [r3, #1]
 461 00a0 0E23     		movs	r3, #14
 462 00a2 FB18     		adds	r3, r7, r3
 463 00a4 1B78     		ldrb	r3, [r3]
 464 00a6 D318     		adds	r3, r2, r3
 465 00a8 DAB2     		uxtb	r2, r3
 466 00aa 3B68     		ldr	r3, [r7]
 467 00ac 5A70     		strb	r2, [r3, #1]
 132:Drivers/u8glib/src/u8g_pbxh16.c ****     pixel <<= 1;
 468              		.loc 1 132 0
 469 00ae 231C     		adds	r3, r4, #0
 470 00b0 DB18     		adds	r3, r3, r3
 471 00b2 DCB2     		uxtb	r4, r3
 472 00b4 0F23     		movs	r3, #15
 473 00b6 FB18     		adds	r3, r7, r3
 474 00b8 0F22     		movs	r2, #15
 475 00ba BA18     		adds	r2, r7, r2
 476 00bc 1278     		ldrb	r2, [r2]
 477 00be 1A70     		strb	r2, [r3]
 478 00c0 0E23     		movs	r3, #14
 479 00c2 FB18     		adds	r3, r7, r3
 480 00c4 0E22     		movs	r2, #14
 481 00c6 BA18     		adds	r2, r7, r2
 482 00c8 1278     		ldrb	r2, [r2]
 483 00ca 1A70     		strb	r2, [r3]
 133:Drivers/u8glib/src/u8g_pbxh16.c ****   } while( pixel != 0  );  
 484              		.loc 1 133 0
 485 00cc 002C     		cmp	r4, #0
 486 00ce D3D1     		bne	.L15
 134:Drivers/u8glib/src/u8g_pbxh16.c **** }
 487              		.loc 1 134 0
 488 00d0 C046     		nop
 489 00d2 BD46     		mov	sp, r7
 490 00d4 05B0     		add	sp, sp, #20
 491              		@ sp needed
 492 00d6 90BD     		pop	{r4, r7, pc}
 493              		.cfi_endproc
 494              	.LFE4:
 496              		.section	.text.u8g_dev_pbxh16_base_fn,"ax",%progbits
 497              		.align	1
 498              		.global	u8g_dev_pbxh16_base_fn
 499              		.syntax unified
 500              		.code	16
ARM GAS  /tmp/cck1nTja.s 			page 12


 501              		.thumb_func
 502              		.fpu softvfp
 504              	u8g_dev_pbxh16_base_fn:
 505              	.LFB5:
 135:Drivers/u8glib/src/u8g_pbxh16.c **** 
 136:Drivers/u8glib/src/u8g_pbxh16.c **** 
 137:Drivers/u8glib/src/u8g_pbxh16.c **** uint8_t u8g_dev_pbxh16_base_fn(u8g_t *u8g, u8g_dev_t *dev, uint8_t msg, void *arg)
 138:Drivers/u8glib/src/u8g_pbxh16.c **** {
 506              		.loc 1 138 0
 507              		.cfi_startproc
 508 0000 80B5     		push	{r7, lr}
 509              	.LCFI15:
 510              		.cfi_def_cfa_offset 8
 511              		.cfi_offset 7, -8
 512              		.cfi_offset 14, -4
 513 0002 86B0     		sub	sp, sp, #24
 514              	.LCFI16:
 515              		.cfi_def_cfa_offset 32
 516 0004 00AF     		add	r7, sp, #0
 517              	.LCFI17:
 518              		.cfi_def_cfa_register 7
 519 0006 F860     		str	r0, [r7, #12]
 520 0008 B960     		str	r1, [r7, #8]
 521 000a 3B60     		str	r3, [r7]
 522 000c FB1D     		adds	r3, r7, #7
 523 000e 1A70     		strb	r2, [r3]
 139:Drivers/u8glib/src/u8g_pbxh16.c ****   u8g_pb_t *pb = (u8g_pb_t *)(dev->dev_mem);
 524              		.loc 1 139 0
 525 0010 BB68     		ldr	r3, [r7, #8]
 526 0012 5B68     		ldr	r3, [r3, #4]
 527 0014 7B61     		str	r3, [r7, #20]
 140:Drivers/u8glib/src/u8g_pbxh16.c ****   switch(msg)
 528              		.loc 1 140 0
 529 0016 FB1D     		adds	r3, r7, #7
 530 0018 1B78     		ldrb	r3, [r3]
 531 001a 0A3B     		subs	r3, r3, #10
 532 001c 3E2B     		cmp	r3, #62
 533 001e 44D8     		bhi	.L23
 534 0020 9A00     		lsls	r2, r3, #2
 535 0022 244B     		ldr	r3, .L41
 536 0024 D318     		adds	r3, r2, r3
 537 0026 1B68     		ldr	r3, [r3]
 538 0028 9F46     		mov	pc, r3
 539              		.section	.rodata.u8g_dev_pbxh16_base_fn,"a",%progbits
 540              		.align	2
 541              	.L25:
 542 0000 AA000000 		.word	.L23
 543 0004 AA000000 		.word	.L23
 544 0008 AA000000 		.word	.L23
 545 000c AA000000 		.word	.L23
 546 0010 AA000000 		.word	.L23
 547 0014 AA000000 		.word	.L23
 548 0018 AA000000 		.word	.L23
 549 001c AA000000 		.word	.L23
 550 0020 AA000000 		.word	.L23
 551 0024 AA000000 		.word	.L23
 552 0028 56000000 		.word	.L27
ARM GAS  /tmp/cck1nTja.s 			page 13


 553 002c 68000000 		.word	.L28
 554 0030 AA000000 		.word	.L23
 555 0034 82000000 		.word	.L29
 556 0038 AA000000 		.word	.L23
 557 003c AA000000 		.word	.L23
 558 0040 AA000000 		.word	.L23
 559 0044 AA000000 		.word	.L23
 560 0048 AA000000 		.word	.L23
 561 004c AA000000 		.word	.L23
 562 0050 AA000000 		.word	.L23
 563 0054 AA000000 		.word	.L23
 564 0058 AA000000 		.word	.L23
 565 005c AA000000 		.word	.L23
 566 0060 AA000000 		.word	.L23
 567 0064 AA000000 		.word	.L23
 568 0068 AA000000 		.word	.L23
 569 006c AA000000 		.word	.L23
 570 0070 AA000000 		.word	.L23
 571 0074 AA000000 		.word	.L23
 572 0078 AA000000 		.word	.L23
 573 007c AA000000 		.word	.L23
 574 0080 AA000000 		.word	.L23
 575 0084 AA000000 		.word	.L23
 576 0088 AA000000 		.word	.L23
 577 008c AA000000 		.word	.L23
 578 0090 AA000000 		.word	.L23
 579 0094 AA000000 		.word	.L23
 580 0098 AA000000 		.word	.L23
 581 009c AA000000 		.word	.L23
 582 00a0 48000000 		.word	.L30
 583 00a4 AA000000 		.word	.L23
 584 00a8 AA000000 		.word	.L23
 585 00ac AA000000 		.word	.L23
 586 00b0 AA000000 		.word	.L23
 587 00b4 AA000000 		.word	.L23
 588 00b8 AA000000 		.word	.L23
 589 00bc AA000000 		.word	.L23
 590 00c0 AA000000 		.word	.L23
 591 00c4 2A000000 		.word	.L31
 592 00c8 AA000000 		.word	.L23
 593 00cc AA000000 		.word	.L23
 594 00d0 AA000000 		.word	.L23
 595 00d4 AA000000 		.word	.L23
 596 00d8 AA000000 		.word	.L23
 597 00dc AA000000 		.word	.L23
 598 00e0 AA000000 		.word	.L23
 599 00e4 AA000000 		.word	.L23
 600 00e8 AA000000 		.word	.L23
 601 00ec AA000000 		.word	.L23
 602 00f0 90000000 		.word	.L34
 603 00f4 9A000000 		.word	.L35
 604 00f8 A4000000 		.word	.L36
 605              		.section	.text.u8g_dev_pbxh16_base_fn
 606              	.L31:
 141:Drivers/u8glib/src/u8g_pbxh16.c ****   {
 142:Drivers/u8glib/src/u8g_pbxh16.c ****     case U8G_DEV_MSG_SET_8PIXEL:
 143:Drivers/u8glib/src/u8g_pbxh16.c ****       if ( u8g_pb_Is8PixelVisible(pb, (u8g_dev_arg_pixel_t *)arg) )
ARM GAS  /tmp/cck1nTja.s 			page 14


 607              		.loc 1 143 0
 608 002a 3A68     		ldr	r2, [r7]
 609 002c 7B69     		ldr	r3, [r7, #20]
 610 002e 1100     		movs	r1, r2
 611 0030 1800     		movs	r0, r3
 612 0032 FFF7FEFF 		bl	u8g_pb_Is8PixelVisible
 613 0036 031E     		subs	r3, r0, #0
 614 0038 36D0     		beq	.L40
 144:Drivers/u8glib/src/u8g_pbxh16.c ****         u8g_pbxh16_Set8Pixel(pb, (u8g_dev_arg_pixel_t *)arg);
 615              		.loc 1 144 0
 616 003a 3A68     		ldr	r2, [r7]
 617 003c 7B69     		ldr	r3, [r7, #20]
 618 003e 1100     		movs	r1, r2
 619 0040 1800     		movs	r0, r3
 620 0042 FFF7FEFF 		bl	u8g_pbxh16_Set8Pixel
 145:Drivers/u8glib/src/u8g_pbxh16.c ****       break;
 621              		.loc 1 145 0
 622 0046 2FE0     		b	.L40
 623              	.L30:
 146:Drivers/u8glib/src/u8g_pbxh16.c ****     case U8G_DEV_MSG_SET_PIXEL:
 147:Drivers/u8glib/src/u8g_pbxh16.c ****       u8g_pbxh16_SetPixel(pb, (u8g_dev_arg_pixel_t *)arg);
 624              		.loc 1 147 0
 625 0048 3A68     		ldr	r2, [r7]
 626 004a 7B69     		ldr	r3, [r7, #20]
 627 004c 1100     		movs	r1, r2
 628 004e 1800     		movs	r0, r3
 629 0050 FFF7FEFF 		bl	u8g_pbxh16_SetPixel
 148:Drivers/u8glib/src/u8g_pbxh16.c ****       break;
 630              		.loc 1 148 0
 631 0054 29E0     		b	.L23
 632              	.L27:
 149:Drivers/u8glib/src/u8g_pbxh16.c ****     case U8G_DEV_MSG_INIT:
 150:Drivers/u8glib/src/u8g_pbxh16.c ****       break;
 151:Drivers/u8glib/src/u8g_pbxh16.c ****     case U8G_DEV_MSG_STOP:
 152:Drivers/u8glib/src/u8g_pbxh16.c ****       break;
 153:Drivers/u8glib/src/u8g_pbxh16.c ****     case U8G_DEV_MSG_PAGE_FIRST:
 154:Drivers/u8glib/src/u8g_pbxh16.c ****       u8g_pbxh16_Clear(pb);
 633              		.loc 1 154 0
 634 0056 7B69     		ldr	r3, [r7, #20]
 635 0058 1800     		movs	r0, r3
 636 005a FFF7FEFF 		bl	u8g_pbxh16_Clear
 155:Drivers/u8glib/src/u8g_pbxh16.c ****       u8g_page_First(&(pb->p));
 637              		.loc 1 155 0
 638 005e 7B69     		ldr	r3, [r7, #20]
 639 0060 1800     		movs	r0, r3
 640 0062 FFF7FEFF 		bl	u8g_page_First
 156:Drivers/u8glib/src/u8g_pbxh16.c ****       break;
 641              		.loc 1 156 0
 642 0066 20E0     		b	.L23
 643              	.L28:
 157:Drivers/u8glib/src/u8g_pbxh16.c ****     case U8G_DEV_MSG_PAGE_NEXT:
 158:Drivers/u8glib/src/u8g_pbxh16.c ****       if ( u8g_page_Next(&(pb->p)) == 0 )
 644              		.loc 1 158 0
 645 0068 7B69     		ldr	r3, [r7, #20]
 646 006a 1800     		movs	r0, r3
 647 006c FFF7FEFF 		bl	u8g_page_Next
 648 0070 031E     		subs	r3, r0, #0
ARM GAS  /tmp/cck1nTja.s 			page 15


 649 0072 01D1     		bne	.L38
 159:Drivers/u8glib/src/u8g_pbxh16.c ****         return 0;
 650              		.loc 1 159 0
 651 0074 0023     		movs	r3, #0
 652 0076 19E0     		b	.L39
 653              	.L38:
 160:Drivers/u8glib/src/u8g_pbxh16.c ****       u8g_pbxh16_Clear(pb);
 654              		.loc 1 160 0
 655 0078 7B69     		ldr	r3, [r7, #20]
 656 007a 1800     		movs	r0, r3
 657 007c FFF7FEFF 		bl	u8g_pbxh16_Clear
 161:Drivers/u8glib/src/u8g_pbxh16.c ****       break;
 658              		.loc 1 161 0
 659 0080 13E0     		b	.L23
 660              	.L29:
 162:Drivers/u8glib/src/u8g_pbxh16.c **** #ifdef U8G_DEV_MSG_IS_BBX_INTERSECTION
 163:Drivers/u8glib/src/u8g_pbxh16.c ****     case U8G_DEV_MSG_IS_BBX_INTERSECTION:
 164:Drivers/u8glib/src/u8g_pbxh16.c ****       return u8g_pb_IsIntersection(pb, (u8g_dev_arg_bbx_t *)arg);
 165:Drivers/u8glib/src/u8g_pbxh16.c **** #endif
 166:Drivers/u8glib/src/u8g_pbxh16.c ****     case U8G_DEV_MSG_GET_PAGE_BOX:
 167:Drivers/u8glib/src/u8g_pbxh16.c ****       u8g_pb_GetPageBox(pb, (u8g_box_t *)arg);
 661              		.loc 1 167 0
 662 0082 3A68     		ldr	r2, [r7]
 663 0084 7B69     		ldr	r3, [r7, #20]
 664 0086 1100     		movs	r1, r2
 665 0088 1800     		movs	r0, r3
 666 008a FFF7FEFF 		bl	u8g_pb_GetPageBox
 168:Drivers/u8glib/src/u8g_pbxh16.c ****       break;
 667              		.loc 1 168 0
 668 008e 0CE0     		b	.L23
 669              	.L34:
 169:Drivers/u8glib/src/u8g_pbxh16.c ****     case U8G_DEV_MSG_GET_WIDTH:
 170:Drivers/u8glib/src/u8g_pbxh16.c ****       *((u8g_uint_t *)arg) = pb->width;
 670              		.loc 1 170 0
 671 0090 7B69     		ldr	r3, [r7, #20]
 672 0092 5A79     		ldrb	r2, [r3, #5]
 673 0094 3B68     		ldr	r3, [r7]
 674 0096 1A70     		strb	r2, [r3]
 171:Drivers/u8glib/src/u8g_pbxh16.c ****       break;
 675              		.loc 1 171 0
 676 0098 07E0     		b	.L23
 677              	.L35:
 172:Drivers/u8glib/src/u8g_pbxh16.c ****     case U8G_DEV_MSG_GET_HEIGHT:
 173:Drivers/u8glib/src/u8g_pbxh16.c ****       *((u8g_uint_t *)arg) = pb->p.total_height;
 678              		.loc 1 173 0
 679 009a 7B69     		ldr	r3, [r7, #20]
 680 009c 5A78     		ldrb	r2, [r3, #1]
 681 009e 3B68     		ldr	r3, [r7]
 682 00a0 1A70     		strb	r2, [r3]
 174:Drivers/u8glib/src/u8g_pbxh16.c ****       break;
 683              		.loc 1 174 0
 684 00a2 02E0     		b	.L23
 685              	.L36:
 175:Drivers/u8glib/src/u8g_pbxh16.c ****     case U8G_DEV_MSG_SET_COLOR_ENTRY:
 176:Drivers/u8glib/src/u8g_pbxh16.c ****       break;
 177:Drivers/u8glib/src/u8g_pbxh16.c ****     case U8G_DEV_MSG_SET_XY_CB:
 178:Drivers/u8glib/src/u8g_pbxh16.c ****       break;
ARM GAS  /tmp/cck1nTja.s 			page 16


 179:Drivers/u8glib/src/u8g_pbxh16.c ****     case U8G_DEV_MSG_GET_MODE:
 180:Drivers/u8glib/src/u8g_pbxh16.c ****       return U8G_MODE_HICOLOR;
 686              		.loc 1 180 0
 687 00a4 3023     		movs	r3, #48
 688 00a6 01E0     		b	.L39
 689              	.L40:
 145:Drivers/u8glib/src/u8g_pbxh16.c ****     case U8G_DEV_MSG_SET_PIXEL:
 690              		.loc 1 145 0
 691 00a8 C046     		nop
 692              	.L23:
 181:Drivers/u8glib/src/u8g_pbxh16.c ****   }
 182:Drivers/u8glib/src/u8g_pbxh16.c ****   return 1;
 693              		.loc 1 182 0
 694 00aa 0123     		movs	r3, #1
 695              	.L39:
 183:Drivers/u8glib/src/u8g_pbxh16.c **** }
 696              		.loc 1 183 0
 697 00ac 1800     		movs	r0, r3
 698 00ae BD46     		mov	sp, r7
 699 00b0 06B0     		add	sp, sp, #24
 700              		@ sp needed
 701 00b2 80BD     		pop	{r7, pc}
 702              	.L42:
 703              		.align	2
 704              	.L41:
 705 00b4 00000000 		.word	.L25
 706              		.cfi_endproc
 707              	.LFE5:
 709              		.text
 710              	.Letext0:
 711              		.file 2 "/usr/arm-none-eabi/include/machine/_default_types.h"
 712              		.file 3 "/usr/arm-none-eabi/include/sys/_stdint.h"
 713              		.file 4 "Drivers/u8glib/inc/u8g.h"
ARM GAS  /tmp/cck1nTja.s 			page 17


DEFINED SYMBOLS
                            *ABS*:0000000000000000 u8g_pbxh16.c
     /tmp/cck1nTja.s:16     .text.u8g_pbxh16_Clear:0000000000000000 $t
     /tmp/cck1nTja.s:23     .text.u8g_pbxh16_Clear:0000000000000000 u8g_pbxh16_Clear
     /tmp/cck1nTja.s:98     .text.u8g_pbxh16_Init:0000000000000000 $t
     /tmp/cck1nTja.s:105    .text.u8g_pbxh16_Init:0000000000000000 u8g_pbxh16_Init
     /tmp/cck1nTja.s:147    .text.u8g_pbxh16_set_pixel:0000000000000000 $t
     /tmp/cck1nTja.s:153    .text.u8g_pbxh16_set_pixel:0000000000000000 u8g_pbxh16_set_pixel
     /tmp/cck1nTja.s:262    .text.u8g_pbxh16_SetPixel:0000000000000000 $t
     /tmp/cck1nTja.s:269    .text.u8g_pbxh16_SetPixel:0000000000000000 u8g_pbxh16_SetPixel
     /tmp/cck1nTja.s:343    .text.u8g_pbxh16_Set8Pixel:0000000000000000 $t
     /tmp/cck1nTja.s:350    .text.u8g_pbxh16_Set8Pixel:0000000000000000 u8g_pbxh16_Set8Pixel
     /tmp/cck1nTja.s:497    .text.u8g_dev_pbxh16_base_fn:0000000000000000 $t
     /tmp/cck1nTja.s:504    .text.u8g_dev_pbxh16_base_fn:0000000000000000 u8g_dev_pbxh16_base_fn
     /tmp/cck1nTja.s:540    .rodata.u8g_dev_pbxh16_base_fn:0000000000000000 $d
     /tmp/cck1nTja.s:705    .text.u8g_dev_pbxh16_base_fn:00000000000000b4 $d
                     .debug_frame:0000000000000010 $d

UNDEFINED SYMBOLS
u8g_pb_Is8PixelVisible
u8g_page_First
u8g_page_Next
u8g_pb_GetPageBox
