ARM GAS  /tmp/ccejr423.s 			page 1


   1              		.cpu cortex-m0
   2              		.eabi_attribute 20, 1
   3              		.eabi_attribute 21, 1
   4              		.eabi_attribute 23, 3
   5              		.eabi_attribute 24, 1
   6              		.eabi_attribute 25, 1
   7              		.eabi_attribute 26, 1
   8              		.eabi_attribute 30, 6
   9              		.eabi_attribute 34, 0
  10              		.eabi_attribute 18, 4
  11              		.file	"u8g_pb8h2.c"
  12              		.text
  13              	.Ltext0:
  14              		.cfi_sections	.debug_frame
  15              		.section	.text.u8g_pb8h2_Init,"ax",%progbits
  16              		.align	1
  17              		.global	u8g_pb8h2_Init
  18              		.syntax unified
  19              		.code	16
  20              		.thumb_func
  21              		.fpu softvfp
  23              	u8g_pb8h2_Init:
  24              	.LFB0:
  25              		.file 1 "Drivers/u8glib/src/u8g_pb8h2.c"
   1:Drivers/u8glib/src/u8g_pb8h2.c **** /*
   2:Drivers/u8glib/src/u8g_pb8h2.c **** 
   3:Drivers/u8glib/src/u8g_pb8h2.c ****   u8g_pb8h2.c
   4:Drivers/u8glib/src/u8g_pb8h2.c ****   
   5:Drivers/u8glib/src/u8g_pb8h2.c ****   8bit height 2 bit per pixel page buffer
   6:Drivers/u8glib/src/u8g_pb8h2.c ****   byte has horizontal orientation
   7:Drivers/u8glib/src/u8g_pb8h2.c **** 
   8:Drivers/u8glib/src/u8g_pb8h2.c ****   Universal 8bit Graphics Library
   9:Drivers/u8glib/src/u8g_pb8h2.c ****   
  10:Drivers/u8glib/src/u8g_pb8h2.c ****   Copyright (c) 2011, olikraus@gmail.com
  11:Drivers/u8glib/src/u8g_pb8h2.c ****   All rights reserved.
  12:Drivers/u8glib/src/u8g_pb8h2.c **** 
  13:Drivers/u8glib/src/u8g_pb8h2.c ****   Redistribution and use in source and binary forms, with or without modification, 
  14:Drivers/u8glib/src/u8g_pb8h2.c ****   are permitted provided that the following conditions are met:
  15:Drivers/u8glib/src/u8g_pb8h2.c **** 
  16:Drivers/u8glib/src/u8g_pb8h2.c ****   * Redistributions of source code must retain the above copyright notice, this list 
  17:Drivers/u8glib/src/u8g_pb8h2.c ****     of conditions and the following disclaimer.
  18:Drivers/u8glib/src/u8g_pb8h2.c ****     
  19:Drivers/u8glib/src/u8g_pb8h2.c ****   * Redistributions in binary form must reproduce the above copyright notice, this 
  20:Drivers/u8glib/src/u8g_pb8h2.c ****     list of conditions and the following disclaimer in the documentation and/or other 
  21:Drivers/u8glib/src/u8g_pb8h2.c ****     materials provided with the distribution.
  22:Drivers/u8glib/src/u8g_pb8h2.c **** 
  23:Drivers/u8glib/src/u8g_pb8h2.c ****   THIS SOFTWARE IS PROVIDED BY THE COPYRIGHT HOLDERS AND 
  24:Drivers/u8glib/src/u8g_pb8h2.c ****   CONTRIBUTORS "AS IS" AND ANY EXPRESS OR IMPLIED WARRANTIES, 
  25:Drivers/u8glib/src/u8g_pb8h2.c ****   INCLUDING, BUT NOT LIMITED TO, THE IMPLIED WARRANTIES OF 
  26:Drivers/u8glib/src/u8g_pb8h2.c ****   MERCHANTABILITY AND FITNESS FOR A PARTICULAR PURPOSE ARE 
  27:Drivers/u8glib/src/u8g_pb8h2.c ****   DISCLAIMED. IN NO EVENT SHALL THE COPYRIGHT HOLDER OR 
  28:Drivers/u8glib/src/u8g_pb8h2.c ****   CONTRIBUTORS BE LIABLE FOR ANY DIRECT, INDIRECT, INCIDENTAL, 
  29:Drivers/u8glib/src/u8g_pb8h2.c ****   SPECIAL, EXEMPLARY, OR CONSEQUENTIAL DAMAGES (INCLUDING, BUT 
  30:Drivers/u8glib/src/u8g_pb8h2.c ****   NOT LIMITED TO, PROCUREMENT OF SUBSTITUTE GOODS OR SERVICES; 
  31:Drivers/u8glib/src/u8g_pb8h2.c ****   LOSS OF USE, DATA, OR PROFITS; OR BUSINESS INTERRUPTION) HOWEVER 
  32:Drivers/u8glib/src/u8g_pb8h2.c ****   CAUSED AND ON ANY THEORY OF LIABILITY, WHETHER IN CONTRACT, 
  33:Drivers/u8glib/src/u8g_pb8h2.c ****   STRICT LIABILITY, OR TORT (INCLUDING NEGLIGENCE OR OTHERWISE) 
ARM GAS  /tmp/ccejr423.s 			page 2


  34:Drivers/u8glib/src/u8g_pb8h2.c ****   ARISING IN ANY WAY OUT OF THE USE OF THIS SOFTWARE, EVEN IF 
  35:Drivers/u8glib/src/u8g_pb8h2.c ****   ADVISED OF THE POSSIBILITY OF SUCH DAMAGE.  
  36:Drivers/u8glib/src/u8g_pb8h2.c ****   
  37:Drivers/u8glib/src/u8g_pb8h2.c **** 
  38:Drivers/u8glib/src/u8g_pb8h2.c **** */
  39:Drivers/u8glib/src/u8g_pb8h2.c **** 
  40:Drivers/u8glib/src/u8g_pb8h2.c **** #include "u8g.h"
  41:Drivers/u8glib/src/u8g_pb8h2.c **** #include <string.h>
  42:Drivers/u8glib/src/u8g_pb8h2.c **** 
  43:Drivers/u8glib/src/u8g_pb8h2.c **** void u8g_pb8h2_Init(u8g_pb_t *b, void *buf, u8g_uint_t width)
  44:Drivers/u8glib/src/u8g_pb8h2.c **** {
  26              		.loc 1 44 0
  27              		.cfi_startproc
  28 0000 80B5     		push	{r7, lr}
  29              	.LCFI0:
  30              		.cfi_def_cfa_offset 8
  31              		.cfi_offset 7, -8
  32              		.cfi_offset 14, -4
  33 0002 84B0     		sub	sp, sp, #16
  34              	.LCFI1:
  35              		.cfi_def_cfa_offset 24
  36 0004 00AF     		add	r7, sp, #0
  37              	.LCFI2:
  38              		.cfi_def_cfa_register 7
  39 0006 F860     		str	r0, [r7, #12]
  40 0008 B960     		str	r1, [r7, #8]
  41 000a FB1D     		adds	r3, r7, #7
  42 000c 1A70     		strb	r2, [r3]
  45:Drivers/u8glib/src/u8g_pb8h2.c ****   b->buf = buf;
  43              		.loc 1 45 0
  44 000e FB68     		ldr	r3, [r7, #12]
  45 0010 BA68     		ldr	r2, [r7, #8]
  46 0012 9A60     		str	r2, [r3, #8]
  46:Drivers/u8glib/src/u8g_pb8h2.c ****   b->width = width;
  47              		.loc 1 46 0
  48 0014 FB68     		ldr	r3, [r7, #12]
  49 0016 FA1D     		adds	r2, r7, #7
  50 0018 1278     		ldrb	r2, [r2]
  51 001a 5A71     		strb	r2, [r3, #5]
  47:Drivers/u8glib/src/u8g_pb8h2.c ****   u8g_pb_Clear(b);
  52              		.loc 1 47 0
  53 001c FB68     		ldr	r3, [r7, #12]
  54 001e 1800     		movs	r0, r3
  55 0020 FFF7FEFF 		bl	u8g_pb_Clear
  48:Drivers/u8glib/src/u8g_pb8h2.c **** }
  56              		.loc 1 48 0
  57 0024 C046     		nop
  58 0026 BD46     		mov	sp, r7
  59 0028 04B0     		add	sp, sp, #16
  60              		@ sp needed
  61 002a 80BD     		pop	{r7, pc}
  62              		.cfi_endproc
  63              	.LFE0:
  65              		.section	.text.u8g_pb8h2_set_pixel,"ax",%progbits
  66              		.align	1
  67              		.syntax unified
  68              		.code	16
ARM GAS  /tmp/ccejr423.s 			page 3


  69              		.thumb_func
  70              		.fpu softvfp
  72              	u8g_pb8h2_set_pixel:
  73              	.LFB1:
  49:Drivers/u8glib/src/u8g_pb8h2.c **** 
  50:Drivers/u8glib/src/u8g_pb8h2.c **** static void u8g_pb8h2_set_pixel(u8g_pb_t *b, u8g_uint_t x, u8g_uint_t y, uint8_t color_index) U8G_N
  51:Drivers/u8glib/src/u8g_pb8h2.c **** static void u8g_pb8h2_set_pixel(u8g_pb_t *b, u8g_uint_t x, u8g_uint_t y, uint8_t color_index)
  52:Drivers/u8glib/src/u8g_pb8h2.c **** {
  74              		.loc 1 52 0
  75              		.cfi_startproc
  76 0000 B0B5     		push	{r4, r5, r7, lr}
  77              	.LCFI3:
  78              		.cfi_def_cfa_offset 16
  79              		.cfi_offset 4, -16
  80              		.cfi_offset 5, -12
  81              		.cfi_offset 7, -8
  82              		.cfi_offset 14, -4
  83 0002 84B0     		sub	sp, sp, #16
  84              	.LCFI4:
  85              		.cfi_def_cfa_offset 32
  86 0004 00AF     		add	r7, sp, #0
  87              	.LCFI5:
  88              		.cfi_def_cfa_register 7
  89 0006 7860     		str	r0, [r7, #4]
  90 0008 0C00     		movs	r4, r1
  91 000a 1000     		movs	r0, r2
  92 000c 1900     		movs	r1, r3
  93 000e FB1C     		adds	r3, r7, #3
  94 0010 221C     		adds	r2, r4, #0
  95 0012 1A70     		strb	r2, [r3]
  96 0014 BB1C     		adds	r3, r7, #2
  97 0016 021C     		adds	r2, r0, #0
  98 0018 1A70     		strb	r2, [r3]
  99 001a 7B1C     		adds	r3, r7, #1
 100 001c 0A1C     		adds	r2, r1, #0
 101 001e 1A70     		strb	r2, [r3]
  53:Drivers/u8glib/src/u8g_pb8h2.c ****   register uint8_t mask;
  54:Drivers/u8glib/src/u8g_pb8h2.c ****   register uint16_t tmp;
  55:Drivers/u8glib/src/u8g_pb8h2.c ****   
  56:Drivers/u8glib/src/u8g_pb8h2.c ****   uint8_t *ptr = b->buf;
 102              		.loc 1 56 0
 103 0020 7B68     		ldr	r3, [r7, #4]
 104 0022 9B68     		ldr	r3, [r3, #8]
 105 0024 FB60     		str	r3, [r7, #12]
  57:Drivers/u8glib/src/u8g_pb8h2.c ****   
  58:Drivers/u8glib/src/u8g_pb8h2.c ****   y -= b->p.page_y0;
 106              		.loc 1 58 0
 107 0026 7B68     		ldr	r3, [r7, #4]
 108 0028 9A78     		ldrb	r2, [r3, #2]
 109 002a BB1C     		adds	r3, r7, #2
 110 002c B91C     		adds	r1, r7, #2
 111 002e 0978     		ldrb	r1, [r1]
 112 0030 8A1A     		subs	r2, r1, r2
 113 0032 1A70     		strb	r2, [r3]
  59:Drivers/u8glib/src/u8g_pb8h2.c ****   
  60:Drivers/u8glib/src/u8g_pb8h2.c ****   tmp = b->width;
 114              		.loc 1 60 0
ARM GAS  /tmp/ccejr423.s 			page 4


 115 0034 7B68     		ldr	r3, [r7, #4]
 116 0036 5B79     		ldrb	r3, [r3, #5]
 117 0038 9CB2     		uxth	r4, r3
  61:Drivers/u8glib/src/u8g_pb8h2.c ****   tmp >>= 2;
 118              		.loc 1 61 0
 119 003a A308     		lsrs	r3, r4, #2
 120 003c 9CB2     		uxth	r4, r3
  62:Drivers/u8glib/src/u8g_pb8h2.c ****   tmp *= (uint8_t)y;
 121              		.loc 1 62 0
 122 003e BB1C     		adds	r3, r7, #2
 123 0040 1B78     		ldrb	r3, [r3]
 124 0042 9BB2     		uxth	r3, r3
 125 0044 6343     		muls	r3, r4
 126 0046 9CB2     		uxth	r4, r3
  63:Drivers/u8glib/src/u8g_pb8h2.c ****   ptr += tmp;
 127              		.loc 1 63 0
 128 0048 2200     		movs	r2, r4
 129 004a FB68     		ldr	r3, [r7, #12]
 130 004c 9B18     		adds	r3, r3, r2
 131 004e FB60     		str	r3, [r7, #12]
  64:Drivers/u8glib/src/u8g_pb8h2.c ****   
  65:Drivers/u8glib/src/u8g_pb8h2.c ****   tmp = x;
 132              		.loc 1 65 0
 133 0050 FB1C     		adds	r3, r7, #3
 134 0052 1B78     		ldrb	r3, [r3]
 135 0054 9CB2     		uxth	r4, r3
  66:Drivers/u8glib/src/u8g_pb8h2.c ****   tmp >>= 2;
 136              		.loc 1 66 0
 137 0056 A308     		lsrs	r3, r4, #2
 138 0058 9CB2     		uxth	r4, r3
  67:Drivers/u8glib/src/u8g_pb8h2.c ****   ptr += tmp;
 139              		.loc 1 67 0
 140 005a 2200     		movs	r2, r4
 141 005c FB68     		ldr	r3, [r7, #12]
 142 005e 9B18     		adds	r3, r3, r2
 143 0060 FB60     		str	r3, [r7, #12]
  68:Drivers/u8glib/src/u8g_pb8h2.c ****   
  69:Drivers/u8glib/src/u8g_pb8h2.c ****   tmp = x;
 144              		.loc 1 69 0
 145 0062 FB1C     		adds	r3, r7, #3
 146 0064 1B78     		ldrb	r3, [r3]
 147 0066 9CB2     		uxth	r4, r3
  70:Drivers/u8glib/src/u8g_pb8h2.c ****   tmp &= 3;
 148              		.loc 1 70 0
 149 0068 0323     		movs	r3, #3
 150 006a 2340     		ands	r3, r4
 151 006c 9CB2     		uxth	r4, r3
  71:Drivers/u8glib/src/u8g_pb8h2.c ****   tmp <<= 1;
 152              		.loc 1 71 0
 153 006e 231C     		adds	r3, r4, #0
 154 0070 DB18     		adds	r3, r3, r3
 155 0072 9CB2     		uxth	r4, r3
  72:Drivers/u8glib/src/u8g_pb8h2.c ****   mask = 3;
 156              		.loc 1 72 0
 157 0074 0325     		movs	r5, #3
  73:Drivers/u8glib/src/u8g_pb8h2.c ****   mask <<= tmp;
 158              		.loc 1 73 0
ARM GAS  /tmp/ccejr423.s 			page 5


 159 0076 2A00     		movs	r2, r5
 160 0078 2300     		movs	r3, r4
 161 007a 9A40     		lsls	r2, r2, r3
 162 007c 1300     		movs	r3, r2
 163 007e DDB2     		uxtb	r5, r3
  74:Drivers/u8glib/src/u8g_pb8h2.c ****   mask = ~mask;
 164              		.loc 1 74 0
 165 0080 EB43     		mvns	r3, r5
 166 0082 DDB2     		uxtb	r5, r3
  75:Drivers/u8glib/src/u8g_pb8h2.c ****   color_index &= 3;
 167              		.loc 1 75 0
 168 0084 7B1C     		adds	r3, r7, #1
 169 0086 7A1C     		adds	r2, r7, #1
 170 0088 1278     		ldrb	r2, [r2]
 171 008a 0321     		movs	r1, #3
 172 008c 0A40     		ands	r2, r1
 173 008e 1A70     		strb	r2, [r3]
  76:Drivers/u8glib/src/u8g_pb8h2.c ****   color_index <<= tmp;
 174              		.loc 1 76 0
 175 0090 7B1C     		adds	r3, r7, #1
 176 0092 1B78     		ldrb	r3, [r3]
 177 0094 2200     		movs	r2, r4
 178 0096 9340     		lsls	r3, r3, r2
 179 0098 1A00     		movs	r2, r3
 180 009a 7B1C     		adds	r3, r7, #1
 181 009c 1A70     		strb	r2, [r3]
  77:Drivers/u8glib/src/u8g_pb8h2.c ****     
  78:Drivers/u8glib/src/u8g_pb8h2.c ****   *ptr &= mask;
 182              		.loc 1 78 0
 183 009e FB68     		ldr	r3, [r7, #12]
 184 00a0 1B78     		ldrb	r3, [r3]
 185 00a2 2B40     		ands	r3, r5
 186 00a4 DAB2     		uxtb	r2, r3
 187 00a6 FB68     		ldr	r3, [r7, #12]
 188 00a8 1A70     		strb	r2, [r3]
  79:Drivers/u8glib/src/u8g_pb8h2.c ****   *ptr |= color_index;
 189              		.loc 1 79 0
 190 00aa FB68     		ldr	r3, [r7, #12]
 191 00ac 1A78     		ldrb	r2, [r3]
 192 00ae 7B1C     		adds	r3, r7, #1
 193 00b0 1B78     		ldrb	r3, [r3]
 194 00b2 1343     		orrs	r3, r2
 195 00b4 DAB2     		uxtb	r2, r3
 196 00b6 FB68     		ldr	r3, [r7, #12]
 197 00b8 1A70     		strb	r2, [r3]
  80:Drivers/u8glib/src/u8g_pb8h2.c **** }
 198              		.loc 1 80 0
 199 00ba C046     		nop
 200 00bc BD46     		mov	sp, r7
 201 00be 04B0     		add	sp, sp, #16
 202              		@ sp needed
 203 00c0 B0BD     		pop	{r4, r5, r7, pc}
 204              		.cfi_endproc
 205              	.LFE1:
 207              		.section	.text.u8g_pb8h2_SetPixel,"ax",%progbits
 208              		.align	1
 209              		.global	u8g_pb8h2_SetPixel
ARM GAS  /tmp/ccejr423.s 			page 6


 210              		.syntax unified
 211              		.code	16
 212              		.thumb_func
 213              		.fpu softvfp
 215              	u8g_pb8h2_SetPixel:
 216              	.LFB2:
  81:Drivers/u8glib/src/u8g_pb8h2.c **** 
  82:Drivers/u8glib/src/u8g_pb8h2.c **** 
  83:Drivers/u8glib/src/u8g_pb8h2.c **** void u8g_pb8h2_SetPixel(u8g_pb_t *b, const u8g_dev_arg_pixel_t * const arg_pixel)
  84:Drivers/u8glib/src/u8g_pb8h2.c **** {
 217              		.loc 1 84 0
 218              		.cfi_startproc
 219 0000 80B5     		push	{r7, lr}
 220              	.LCFI6:
 221              		.cfi_def_cfa_offset 8
 222              		.cfi_offset 7, -8
 223              		.cfi_offset 14, -4
 224 0002 82B0     		sub	sp, sp, #8
 225              	.LCFI7:
 226              		.cfi_def_cfa_offset 16
 227 0004 00AF     		add	r7, sp, #0
 228              	.LCFI8:
 229              		.cfi_def_cfa_register 7
 230 0006 7860     		str	r0, [r7, #4]
 231 0008 3960     		str	r1, [r7]
  85:Drivers/u8glib/src/u8g_pb8h2.c ****   if ( arg_pixel->y < b->p.page_y0 )
 232              		.loc 1 85 0
 233 000a 3B68     		ldr	r3, [r7]
 234 000c 5A78     		ldrb	r2, [r3, #1]
 235 000e 7B68     		ldr	r3, [r7, #4]
 236 0010 9B78     		ldrb	r3, [r3, #2]
 237 0012 9A42     		cmp	r2, r3
 238 0014 15D3     		bcc	.L8
  86:Drivers/u8glib/src/u8g_pb8h2.c ****     return;
  87:Drivers/u8glib/src/u8g_pb8h2.c ****   if ( arg_pixel->y > b->p.page_y1 )
 239              		.loc 1 87 0
 240 0016 3B68     		ldr	r3, [r7]
 241 0018 5A78     		ldrb	r2, [r3, #1]
 242 001a 7B68     		ldr	r3, [r7, #4]
 243 001c DB78     		ldrb	r3, [r3, #3]
 244 001e 9A42     		cmp	r2, r3
 245 0020 11D8     		bhi	.L9
  88:Drivers/u8glib/src/u8g_pb8h2.c ****     return;
  89:Drivers/u8glib/src/u8g_pb8h2.c ****   if ( arg_pixel->x >= b->width )
 246              		.loc 1 89 0
 247 0022 3B68     		ldr	r3, [r7]
 248 0024 1A78     		ldrb	r2, [r3]
 249 0026 7B68     		ldr	r3, [r7, #4]
 250 0028 5B79     		ldrb	r3, [r3, #5]
 251 002a 9A42     		cmp	r2, r3
 252 002c 0DD2     		bcs	.L10
  90:Drivers/u8glib/src/u8g_pb8h2.c ****     return;
  91:Drivers/u8glib/src/u8g_pb8h2.c ****   u8g_pb8h2_set_pixel(b, arg_pixel->x, arg_pixel->y, arg_pixel->color);
 253              		.loc 1 91 0
 254 002e 3B68     		ldr	r3, [r7]
 255 0030 1978     		ldrb	r1, [r3]
 256 0032 3B68     		ldr	r3, [r7]
ARM GAS  /tmp/ccejr423.s 			page 7


 257 0034 5A78     		ldrb	r2, [r3, #1]
 258 0036 3B68     		ldr	r3, [r7]
 259 0038 1B79     		ldrb	r3, [r3, #4]
 260 003a 7868     		ldr	r0, [r7, #4]
 261 003c FFF7FEFF 		bl	u8g_pb8h2_set_pixel
 262 0040 04E0     		b	.L3
 263              	.L8:
  86:Drivers/u8glib/src/u8g_pb8h2.c ****   if ( arg_pixel->y > b->p.page_y1 )
 264              		.loc 1 86 0
 265 0042 C046     		nop
 266 0044 02E0     		b	.L3
 267              	.L9:
  88:Drivers/u8glib/src/u8g_pb8h2.c ****     return;
 268              		.loc 1 88 0
 269 0046 C046     		nop
 270 0048 00E0     		b	.L3
 271              	.L10:
  90:Drivers/u8glib/src/u8g_pb8h2.c ****     return;
 272              		.loc 1 90 0
 273 004a C046     		nop
 274              	.L3:
  92:Drivers/u8glib/src/u8g_pb8h2.c **** }
 275              		.loc 1 92 0
 276 004c BD46     		mov	sp, r7
 277 004e 02B0     		add	sp, sp, #8
 278              		@ sp needed
 279 0050 80BD     		pop	{r7, pc}
 280              		.cfi_endproc
 281              	.LFE2:
 283              		.section	.text.u8g_pb8h2_Set8PixelStd,"ax",%progbits
 284              		.align	1
 285              		.global	u8g_pb8h2_Set8PixelStd
 286              		.syntax unified
 287              		.code	16
 288              		.thumb_func
 289              		.fpu softvfp
 291              	u8g_pb8h2_Set8PixelStd:
 292              	.LFB3:
  93:Drivers/u8glib/src/u8g_pb8h2.c **** 
  94:Drivers/u8glib/src/u8g_pb8h2.c **** 
  95:Drivers/u8glib/src/u8g_pb8h2.c **** void u8g_pb8h2_Set8PixelStd(u8g_pb_t *b, u8g_dev_arg_pixel_t *arg_pixel)
  96:Drivers/u8glib/src/u8g_pb8h2.c **** {
 293              		.loc 1 96 0
 294              		.cfi_startproc
 295 0000 90B5     		push	{r4, r7, lr}
 296              	.LCFI9:
 297              		.cfi_def_cfa_offset 12
 298              		.cfi_offset 4, -12
 299              		.cfi_offset 7, -8
 300              		.cfi_offset 14, -4
 301 0002 83B0     		sub	sp, sp, #12
 302              	.LCFI10:
 303              		.cfi_def_cfa_offset 24
 304 0004 00AF     		add	r7, sp, #0
 305              	.LCFI11:
 306              		.cfi_def_cfa_register 7
 307 0006 7860     		str	r0, [r7, #4]
ARM GAS  /tmp/ccejr423.s 			page 8


 308 0008 3960     		str	r1, [r7]
  97:Drivers/u8glib/src/u8g_pb8h2.c ****   register uint8_t pixel = arg_pixel->pixel;
 309              		.loc 1 97 0
 310 000a 3B68     		ldr	r3, [r7]
 311 000c 9C78     		ldrb	r4, [r3, #2]
 312              	.L19:
  98:Drivers/u8glib/src/u8g_pb8h2.c ****   do
  99:Drivers/u8glib/src/u8g_pb8h2.c ****   {
 100:Drivers/u8glib/src/u8g_pb8h2.c ****     if ( pixel & 128 )
 313              		.loc 1 100 0
 314 000e 63B2     		sxtb	r3, r4
 315 0010 002B     		cmp	r3, #0
 316 0012 05DA     		bge	.L12
 101:Drivers/u8glib/src/u8g_pb8h2.c ****     {
 102:Drivers/u8glib/src/u8g_pb8h2.c ****       u8g_pb8h2_SetPixel(b, arg_pixel);
 317              		.loc 1 102 0
 318 0014 3A68     		ldr	r2, [r7]
 319 0016 7B68     		ldr	r3, [r7, #4]
 320 0018 1100     		movs	r1, r2
 321 001a 1800     		movs	r0, r3
 322 001c FFF7FEFF 		bl	u8g_pb8h2_SetPixel
 323              	.L12:
 103:Drivers/u8glib/src/u8g_pb8h2.c ****     }
 104:Drivers/u8glib/src/u8g_pb8h2.c ****     switch( arg_pixel->dir )
 324              		.loc 1 104 0
 325 0020 3B68     		ldr	r3, [r7]
 326 0022 DB78     		ldrb	r3, [r3, #3]
 327 0024 012B     		cmp	r3, #1
 328 0026 0FD0     		beq	.L14
 329 0028 02DC     		bgt	.L15
 330 002a 002B     		cmp	r3, #0
 331 002c 05D0     		beq	.L16
 332 002e 20E0     		b	.L13
 333              	.L15:
 334 0030 022B     		cmp	r3, #2
 335 0032 10D0     		beq	.L17
 336 0034 032B     		cmp	r3, #3
 337 0036 15D0     		beq	.L18
 338 0038 1BE0     		b	.L13
 339              	.L16:
 105:Drivers/u8glib/src/u8g_pb8h2.c ****     {
 106:Drivers/u8glib/src/u8g_pb8h2.c ****       case 0: arg_pixel->x++; break;
 340              		.loc 1 106 0
 341 003a 3B68     		ldr	r3, [r7]
 342 003c 1B78     		ldrb	r3, [r3]
 343 003e 0133     		adds	r3, r3, #1
 344 0040 DAB2     		uxtb	r2, r3
 345 0042 3B68     		ldr	r3, [r7]
 346 0044 1A70     		strb	r2, [r3]
 347 0046 14E0     		b	.L13
 348              	.L14:
 107:Drivers/u8glib/src/u8g_pb8h2.c ****       case 1: arg_pixel->y++; break;
 349              		.loc 1 107 0
 350 0048 3B68     		ldr	r3, [r7]
 351 004a 5B78     		ldrb	r3, [r3, #1]
 352 004c 0133     		adds	r3, r3, #1
 353 004e DAB2     		uxtb	r2, r3
ARM GAS  /tmp/ccejr423.s 			page 9


 354 0050 3B68     		ldr	r3, [r7]
 355 0052 5A70     		strb	r2, [r3, #1]
 356 0054 0DE0     		b	.L13
 357              	.L17:
 108:Drivers/u8glib/src/u8g_pb8h2.c ****       case 2: arg_pixel->x--; break;
 358              		.loc 1 108 0
 359 0056 3B68     		ldr	r3, [r7]
 360 0058 1B78     		ldrb	r3, [r3]
 361 005a 013B     		subs	r3, r3, #1
 362 005c DAB2     		uxtb	r2, r3
 363 005e 3B68     		ldr	r3, [r7]
 364 0060 1A70     		strb	r2, [r3]
 365 0062 06E0     		b	.L13
 366              	.L18:
 109:Drivers/u8glib/src/u8g_pb8h2.c ****       case 3: arg_pixel->y--; break;
 367              		.loc 1 109 0
 368 0064 3B68     		ldr	r3, [r7]
 369 0066 5B78     		ldrb	r3, [r3, #1]
 370 0068 013B     		subs	r3, r3, #1
 371 006a DAB2     		uxtb	r2, r3
 372 006c 3B68     		ldr	r3, [r7]
 373 006e 5A70     		strb	r2, [r3, #1]
 374 0070 C046     		nop
 375              	.L13:
 110:Drivers/u8glib/src/u8g_pb8h2.c ****     }
 111:Drivers/u8glib/src/u8g_pb8h2.c ****     pixel <<= 1;
 376              		.loc 1 111 0
 377 0072 231C     		adds	r3, r4, #0
 378 0074 DB18     		adds	r3, r3, r3
 379 0076 DCB2     		uxtb	r4, r3
 112:Drivers/u8glib/src/u8g_pb8h2.c ****   } while( pixel != 0  );
 380              		.loc 1 112 0
 381 0078 002C     		cmp	r4, #0
 382 007a C8D1     		bne	.L19
 113:Drivers/u8glib/src/u8g_pb8h2.c **** }
 383              		.loc 1 113 0
 384 007c C046     		nop
 385 007e BD46     		mov	sp, r7
 386 0080 03B0     		add	sp, sp, #12
 387              		@ sp needed
 388 0082 90BD     		pop	{r4, r7, pc}
 389              		.cfi_endproc
 390              	.LFE3:
 392              		.section	.text.u8g_dev_pb8h2_base_fn,"ax",%progbits
 393              		.align	1
 394              		.global	u8g_dev_pb8h2_base_fn
 395              		.syntax unified
 396              		.code	16
 397              		.thumb_func
 398              		.fpu softvfp
 400              	u8g_dev_pb8h2_base_fn:
 401              	.LFB4:
 114:Drivers/u8glib/src/u8g_pb8h2.c **** 
 115:Drivers/u8glib/src/u8g_pb8h2.c **** 
 116:Drivers/u8glib/src/u8g_pb8h2.c **** 
 117:Drivers/u8glib/src/u8g_pb8h2.c **** uint8_t u8g_dev_pb8h2_base_fn(u8g_t *u8g, u8g_dev_t *dev, uint8_t msg, void *arg)
 118:Drivers/u8glib/src/u8g_pb8h2.c **** {
ARM GAS  /tmp/ccejr423.s 			page 10


 402              		.loc 1 118 0
 403              		.cfi_startproc
 404 0000 80B5     		push	{r7, lr}
 405              	.LCFI12:
 406              		.cfi_def_cfa_offset 8
 407              		.cfi_offset 7, -8
 408              		.cfi_offset 14, -4
 409 0002 86B0     		sub	sp, sp, #24
 410              	.LCFI13:
 411              		.cfi_def_cfa_offset 32
 412 0004 00AF     		add	r7, sp, #0
 413              	.LCFI14:
 414              		.cfi_def_cfa_register 7
 415 0006 F860     		str	r0, [r7, #12]
 416 0008 B960     		str	r1, [r7, #8]
 417 000a 3B60     		str	r3, [r7]
 418 000c FB1D     		adds	r3, r7, #7
 419 000e 1A70     		strb	r2, [r3]
 119:Drivers/u8glib/src/u8g_pb8h2.c ****   u8g_pb_t *pb = (u8g_pb_t *)(dev->dev_mem);
 420              		.loc 1 119 0
 421 0010 BB68     		ldr	r3, [r7, #8]
 422 0012 5B68     		ldr	r3, [r3, #4]
 423 0014 7B61     		str	r3, [r7, #20]
 120:Drivers/u8glib/src/u8g_pb8h2.c ****   switch(msg)
 424              		.loc 1 120 0
 425 0016 FB1D     		adds	r3, r7, #7
 426 0018 1B78     		ldrb	r3, [r3]
 427 001a 0A3B     		subs	r3, r3, #10
 428 001c 3E2B     		cmp	r3, #62
 429 001e 44D8     		bhi	.L21
 430 0020 9A00     		lsls	r2, r3, #2
 431 0022 244B     		ldr	r3, .L39
 432 0024 D318     		adds	r3, r2, r3
 433 0026 1B68     		ldr	r3, [r3]
 434 0028 9F46     		mov	pc, r3
 435              		.section	.rodata.u8g_dev_pb8h2_base_fn,"a",%progbits
 436              		.align	2
 437              	.L23:
 438 0000 AA000000 		.word	.L21
 439 0004 AA000000 		.word	.L21
 440 0008 AA000000 		.word	.L21
 441 000c AA000000 		.word	.L21
 442 0010 AA000000 		.word	.L21
 443 0014 AA000000 		.word	.L21
 444 0018 AA000000 		.word	.L21
 445 001c AA000000 		.word	.L21
 446 0020 AA000000 		.word	.L21
 447 0024 AA000000 		.word	.L21
 448 0028 56000000 		.word	.L25
 449 002c 68000000 		.word	.L26
 450 0030 AA000000 		.word	.L21
 451 0034 82000000 		.word	.L27
 452 0038 AA000000 		.word	.L21
 453 003c AA000000 		.word	.L21
 454 0040 AA000000 		.word	.L21
 455 0044 AA000000 		.word	.L21
 456 0048 AA000000 		.word	.L21
ARM GAS  /tmp/ccejr423.s 			page 11


 457 004c AA000000 		.word	.L21
 458 0050 AA000000 		.word	.L21
 459 0054 AA000000 		.word	.L21
 460 0058 AA000000 		.word	.L21
 461 005c AA000000 		.word	.L21
 462 0060 AA000000 		.word	.L21
 463 0064 AA000000 		.word	.L21
 464 0068 AA000000 		.word	.L21
 465 006c AA000000 		.word	.L21
 466 0070 AA000000 		.word	.L21
 467 0074 AA000000 		.word	.L21
 468 0078 AA000000 		.word	.L21
 469 007c AA000000 		.word	.L21
 470 0080 AA000000 		.word	.L21
 471 0084 AA000000 		.word	.L21
 472 0088 AA000000 		.word	.L21
 473 008c AA000000 		.word	.L21
 474 0090 AA000000 		.word	.L21
 475 0094 AA000000 		.word	.L21
 476 0098 AA000000 		.word	.L21
 477 009c AA000000 		.word	.L21
 478 00a0 48000000 		.word	.L28
 479 00a4 AA000000 		.word	.L21
 480 00a8 AA000000 		.word	.L21
 481 00ac AA000000 		.word	.L21
 482 00b0 AA000000 		.word	.L21
 483 00b4 AA000000 		.word	.L21
 484 00b8 AA000000 		.word	.L21
 485 00bc AA000000 		.word	.L21
 486 00c0 AA000000 		.word	.L21
 487 00c4 2A000000 		.word	.L29
 488 00c8 AA000000 		.word	.L21
 489 00cc AA000000 		.word	.L21
 490 00d0 AA000000 		.word	.L21
 491 00d4 AA000000 		.word	.L21
 492 00d8 AA000000 		.word	.L21
 493 00dc AA000000 		.word	.L21
 494 00e0 AA000000 		.word	.L21
 495 00e4 AA000000 		.word	.L21
 496 00e8 AA000000 		.word	.L21
 497 00ec AA000000 		.word	.L21
 498 00f0 90000000 		.word	.L32
 499 00f4 9A000000 		.word	.L33
 500 00f8 A4000000 		.word	.L34
 501              		.section	.text.u8g_dev_pb8h2_base_fn
 502              	.L29:
 121:Drivers/u8glib/src/u8g_pb8h2.c ****   {
 122:Drivers/u8glib/src/u8g_pb8h2.c ****     case U8G_DEV_MSG_SET_8PIXEL:
 123:Drivers/u8glib/src/u8g_pb8h2.c ****       if ( u8g_pb_Is8PixelVisible(pb, (u8g_dev_arg_pixel_t *)arg) )
 503              		.loc 1 123 0
 504 002a 3A68     		ldr	r2, [r7]
 505 002c 7B69     		ldr	r3, [r7, #20]
 506 002e 1100     		movs	r1, r2
 507 0030 1800     		movs	r0, r3
 508 0032 FFF7FEFF 		bl	u8g_pb_Is8PixelVisible
 509 0036 031E     		subs	r3, r0, #0
 510 0038 36D0     		beq	.L38
ARM GAS  /tmp/ccejr423.s 			page 12


 124:Drivers/u8glib/src/u8g_pb8h2.c ****       {
 125:Drivers/u8glib/src/u8g_pb8h2.c ****         u8g_pb8h2_Set8PixelStd(pb, (u8g_dev_arg_pixel_t *)arg);
 511              		.loc 1 125 0
 512 003a 3A68     		ldr	r2, [r7]
 513 003c 7B69     		ldr	r3, [r7, #20]
 514 003e 1100     		movs	r1, r2
 515 0040 1800     		movs	r0, r3
 516 0042 FFF7FEFF 		bl	u8g_pb8h2_Set8PixelStd
 126:Drivers/u8glib/src/u8g_pb8h2.c ****       }
 127:Drivers/u8glib/src/u8g_pb8h2.c ****       break;
 517              		.loc 1 127 0
 518 0046 2FE0     		b	.L38
 519              	.L28:
 128:Drivers/u8glib/src/u8g_pb8h2.c ****     case U8G_DEV_MSG_SET_PIXEL:
 129:Drivers/u8glib/src/u8g_pb8h2.c ****       u8g_pb8h2_SetPixel(pb, (u8g_dev_arg_pixel_t *)arg);
 520              		.loc 1 129 0
 521 0048 3A68     		ldr	r2, [r7]
 522 004a 7B69     		ldr	r3, [r7, #20]
 523 004c 1100     		movs	r1, r2
 524 004e 1800     		movs	r0, r3
 525 0050 FFF7FEFF 		bl	u8g_pb8h2_SetPixel
 130:Drivers/u8glib/src/u8g_pb8h2.c ****       break;
 526              		.loc 1 130 0
 527 0054 29E0     		b	.L21
 528              	.L25:
 131:Drivers/u8glib/src/u8g_pb8h2.c ****     case U8G_DEV_MSG_INIT:
 132:Drivers/u8glib/src/u8g_pb8h2.c ****       break;
 133:Drivers/u8glib/src/u8g_pb8h2.c ****     case U8G_DEV_MSG_STOP:
 134:Drivers/u8glib/src/u8g_pb8h2.c ****       break;
 135:Drivers/u8glib/src/u8g_pb8h2.c ****     case U8G_DEV_MSG_PAGE_FIRST:
 136:Drivers/u8glib/src/u8g_pb8h2.c ****       u8g_pb_Clear(pb);
 529              		.loc 1 136 0
 530 0056 7B69     		ldr	r3, [r7, #20]
 531 0058 1800     		movs	r0, r3
 532 005a FFF7FEFF 		bl	u8g_pb_Clear
 137:Drivers/u8glib/src/u8g_pb8h2.c ****       u8g_page_First(&(pb->p));
 533              		.loc 1 137 0
 534 005e 7B69     		ldr	r3, [r7, #20]
 535 0060 1800     		movs	r0, r3
 536 0062 FFF7FEFF 		bl	u8g_page_First
 138:Drivers/u8glib/src/u8g_pb8h2.c ****       break;
 537              		.loc 1 138 0
 538 0066 20E0     		b	.L21
 539              	.L26:
 139:Drivers/u8glib/src/u8g_pb8h2.c ****     case U8G_DEV_MSG_PAGE_NEXT:
 140:Drivers/u8glib/src/u8g_pb8h2.c ****       if ( u8g_page_Next(&(pb->p)) == 0 )
 540              		.loc 1 140 0
 541 0068 7B69     		ldr	r3, [r7, #20]
 542 006a 1800     		movs	r0, r3
 543 006c FFF7FEFF 		bl	u8g_page_Next
 544 0070 031E     		subs	r3, r0, #0
 545 0072 01D1     		bne	.L36
 141:Drivers/u8glib/src/u8g_pb8h2.c ****         return 0;
 546              		.loc 1 141 0
 547 0074 0023     		movs	r3, #0
 548 0076 19E0     		b	.L37
 549              	.L36:
ARM GAS  /tmp/ccejr423.s 			page 13


 142:Drivers/u8glib/src/u8g_pb8h2.c ****       u8g_pb_Clear(pb);
 550              		.loc 1 142 0
 551 0078 7B69     		ldr	r3, [r7, #20]
 552 007a 1800     		movs	r0, r3
 553 007c FFF7FEFF 		bl	u8g_pb_Clear
 143:Drivers/u8glib/src/u8g_pb8h2.c ****       break;
 554              		.loc 1 143 0
 555 0080 13E0     		b	.L21
 556              	.L27:
 144:Drivers/u8glib/src/u8g_pb8h2.c **** #ifdef U8G_DEV_MSG_IS_BBX_INTERSECTION
 145:Drivers/u8glib/src/u8g_pb8h2.c ****     case U8G_DEV_MSG_IS_BBX_INTERSECTION:
 146:Drivers/u8glib/src/u8g_pb8h2.c ****       return u8g_pb_IsIntersection(pb, (u8g_dev_arg_bbx_t *)arg);
 147:Drivers/u8glib/src/u8g_pb8h2.c **** #endif
 148:Drivers/u8glib/src/u8g_pb8h2.c ****     case U8G_DEV_MSG_GET_PAGE_BOX:
 149:Drivers/u8glib/src/u8g_pb8h2.c ****       u8g_pb_GetPageBox(pb, (u8g_box_t *)arg);
 557              		.loc 1 149 0
 558 0082 3A68     		ldr	r2, [r7]
 559 0084 7B69     		ldr	r3, [r7, #20]
 560 0086 1100     		movs	r1, r2
 561 0088 1800     		movs	r0, r3
 562 008a FFF7FEFF 		bl	u8g_pb_GetPageBox
 150:Drivers/u8glib/src/u8g_pb8h2.c ****       break;
 563              		.loc 1 150 0
 564 008e 0CE0     		b	.L21
 565              	.L32:
 151:Drivers/u8glib/src/u8g_pb8h2.c ****     case U8G_DEV_MSG_GET_WIDTH:
 152:Drivers/u8glib/src/u8g_pb8h2.c ****       *((u8g_uint_t *)arg) = pb->width;
 566              		.loc 1 152 0
 567 0090 7B69     		ldr	r3, [r7, #20]
 568 0092 5A79     		ldrb	r2, [r3, #5]
 569 0094 3B68     		ldr	r3, [r7]
 570 0096 1A70     		strb	r2, [r3]
 153:Drivers/u8glib/src/u8g_pb8h2.c ****       break;
 571              		.loc 1 153 0
 572 0098 07E0     		b	.L21
 573              	.L33:
 154:Drivers/u8glib/src/u8g_pb8h2.c ****     case U8G_DEV_MSG_GET_HEIGHT:
 155:Drivers/u8glib/src/u8g_pb8h2.c ****       *((u8g_uint_t *)arg) = pb->p.total_height;
 574              		.loc 1 155 0
 575 009a 7B69     		ldr	r3, [r7, #20]
 576 009c 5A78     		ldrb	r2, [r3, #1]
 577 009e 3B68     		ldr	r3, [r7]
 578 00a0 1A70     		strb	r2, [r3]
 156:Drivers/u8glib/src/u8g_pb8h2.c ****       break;
 579              		.loc 1 156 0
 580 00a2 02E0     		b	.L21
 581              	.L34:
 157:Drivers/u8glib/src/u8g_pb8h2.c ****     case U8G_DEV_MSG_SET_COLOR_ENTRY:
 158:Drivers/u8glib/src/u8g_pb8h2.c ****       break;
 159:Drivers/u8glib/src/u8g_pb8h2.c ****     case U8G_DEV_MSG_SET_XY_CB:
 160:Drivers/u8glib/src/u8g_pb8h2.c ****       break;
 161:Drivers/u8glib/src/u8g_pb8h2.c ****     case U8G_DEV_MSG_GET_MODE:
 162:Drivers/u8glib/src/u8g_pb8h2.c ****       return U8G_MODE_GRAY2BIT;
 582              		.loc 1 162 0
 583 00a4 0223     		movs	r3, #2
 584 00a6 01E0     		b	.L37
 585              	.L38:
ARM GAS  /tmp/ccejr423.s 			page 14


 127:Drivers/u8glib/src/u8g_pb8h2.c ****     case U8G_DEV_MSG_SET_PIXEL:
 586              		.loc 1 127 0
 587 00a8 C046     		nop
 588              	.L21:
 163:Drivers/u8glib/src/u8g_pb8h2.c ****   }
 164:Drivers/u8glib/src/u8g_pb8h2.c ****   return 1;
 589              		.loc 1 164 0
 590 00aa 0123     		movs	r3, #1
 591              	.L37:
 165:Drivers/u8glib/src/u8g_pb8h2.c **** }
 592              		.loc 1 165 0
 593 00ac 1800     		movs	r0, r3
 594 00ae BD46     		mov	sp, r7
 595 00b0 06B0     		add	sp, sp, #24
 596              		@ sp needed
 597 00b2 80BD     		pop	{r7, pc}
 598              	.L40:
 599              		.align	2
 600              	.L39:
 601 00b4 00000000 		.word	.L23
 602              		.cfi_endproc
 603              	.LFE4:
 605              		.text
 606              	.Letext0:
 607              		.file 2 "/usr/arm-none-eabi/include/machine/_default_types.h"
 608              		.file 3 "/usr/arm-none-eabi/include/sys/_stdint.h"
 609              		.file 4 "Drivers/u8glib/inc/u8g.h"
 610              		.file 5 "/usr/arm-none-eabi/include/sys/lock.h"
 611              		.file 6 "/usr/arm-none-eabi/include/sys/_types.h"
 612              		.file 7 "/usr/lib/gcc/arm-none-eabi/6.2.0/include/stddef.h"
 613              		.file 8 "/usr/arm-none-eabi/include/sys/reent.h"
ARM GAS  /tmp/ccejr423.s 			page 15


DEFINED SYMBOLS
                            *ABS*:0000000000000000 u8g_pb8h2.c
     /tmp/ccejr423.s:16     .text.u8g_pb8h2_Init:0000000000000000 $t
     /tmp/ccejr423.s:23     .text.u8g_pb8h2_Init:0000000000000000 u8g_pb8h2_Init
     /tmp/ccejr423.s:66     .text.u8g_pb8h2_set_pixel:0000000000000000 $t
     /tmp/ccejr423.s:72     .text.u8g_pb8h2_set_pixel:0000000000000000 u8g_pb8h2_set_pixel
     /tmp/ccejr423.s:208    .text.u8g_pb8h2_SetPixel:0000000000000000 $t
     /tmp/ccejr423.s:215    .text.u8g_pb8h2_SetPixel:0000000000000000 u8g_pb8h2_SetPixel
     /tmp/ccejr423.s:284    .text.u8g_pb8h2_Set8PixelStd:0000000000000000 $t
     /tmp/ccejr423.s:291    .text.u8g_pb8h2_Set8PixelStd:0000000000000000 u8g_pb8h2_Set8PixelStd
     /tmp/ccejr423.s:393    .text.u8g_dev_pb8h2_base_fn:0000000000000000 $t
     /tmp/ccejr423.s:400    .text.u8g_dev_pb8h2_base_fn:0000000000000000 u8g_dev_pb8h2_base_fn
     /tmp/ccejr423.s:436    .rodata.u8g_dev_pb8h2_base_fn:0000000000000000 $d
     /tmp/ccejr423.s:601    .text.u8g_dev_pb8h2_base_fn:00000000000000b4 $d
                     .debug_frame:0000000000000010 $d

UNDEFINED SYMBOLS
u8g_pb_Clear
u8g_pb_Is8PixelVisible
u8g_page_First
u8g_page_Next
u8g_pb_GetPageBox
