ARM GAS  /tmp/ccNWZ1HI.s 			page 1


   1              		.cpu cortex-m0
   2              		.eabi_attribute 20, 1
   3              		.eabi_attribute 21, 1
   4              		.eabi_attribute 23, 3
   5              		.eabi_attribute 24, 1
   6              		.eabi_attribute 25, 1
   7              		.eabi_attribute 26, 1
   8              		.eabi_attribute 30, 6
   9              		.eabi_attribute 34, 0
  10              		.eabi_attribute 18, 4
  11              		.file	"u8g_pb16v1.c"
  12              		.text
  13              	.Ltext0:
  14              		.cfi_sections	.debug_frame
  15              		.section	.text.u8g_pb16v1_Clear,"ax",%progbits
  16              		.align	1
  17              		.global	u8g_pb16v1_Clear
  18              		.syntax unified
  19              		.code	16
  20              		.thumb_func
  21              		.fpu softvfp
  23              	u8g_pb16v1_Clear:
  24              	.LFB0:
  25              		.file 1 "Drivers/u8glib/src/u8g_pb16v1.c"
   1:Drivers/u8glib/src/u8g_pb16v1.c **** /*
   2:Drivers/u8glib/src/u8g_pb16v1.c **** 
   3:Drivers/u8glib/src/u8g_pb16v1.c ****   u8g_pb16v1.c
   4:Drivers/u8glib/src/u8g_pb16v1.c ****   
   5:Drivers/u8glib/src/u8g_pb16v1.c ****   16bit height monochrom (1 bit) page buffer
   6:Drivers/u8glib/src/u8g_pb16v1.c ****   byte has vertical orientation
   7:Drivers/u8glib/src/u8g_pb16v1.c **** 
   8:Drivers/u8glib/src/u8g_pb16v1.c ****   Universal 8bit Graphics Library
   9:Drivers/u8glib/src/u8g_pb16v1.c ****   
  10:Drivers/u8glib/src/u8g_pb16v1.c ****   Copyright (c) 2011, olikraus@gmail.com
  11:Drivers/u8glib/src/u8g_pb16v1.c ****   All rights reserved.
  12:Drivers/u8glib/src/u8g_pb16v1.c **** 
  13:Drivers/u8glib/src/u8g_pb16v1.c ****   Redistribution and use in source and binary forms, with or without modification, 
  14:Drivers/u8glib/src/u8g_pb16v1.c ****   are permitted provided that the following conditions are met:
  15:Drivers/u8glib/src/u8g_pb16v1.c **** 
  16:Drivers/u8glib/src/u8g_pb16v1.c ****   * Redistributions of source code must retain the above copyright notice, this list 
  17:Drivers/u8glib/src/u8g_pb16v1.c ****     of conditions and the following disclaimer.
  18:Drivers/u8glib/src/u8g_pb16v1.c ****     
  19:Drivers/u8glib/src/u8g_pb16v1.c ****   * Redistributions in binary form must reproduce the above copyright notice, this 
  20:Drivers/u8glib/src/u8g_pb16v1.c ****     list of conditions and the following disclaimer in the documentation and/or other 
  21:Drivers/u8glib/src/u8g_pb16v1.c ****     materials provided with the distribution.
  22:Drivers/u8glib/src/u8g_pb16v1.c **** 
  23:Drivers/u8glib/src/u8g_pb16v1.c ****   THIS SOFTWARE IS PROVIDED BY THE COPYRIGHT HOLDERS AND 
  24:Drivers/u8glib/src/u8g_pb16v1.c ****   CONTRIBUTORS "AS IS" AND ANY EXPRESS OR IMPLIED WARRANTIES, 
  25:Drivers/u8glib/src/u8g_pb16v1.c ****   INCLUDING, BUT NOT LIMITED TO, THE IMPLIED WARRANTIES OF 
  26:Drivers/u8glib/src/u8g_pb16v1.c ****   MERCHANTABILITY AND FITNESS FOR A PARTICULAR PURPOSE ARE 
  27:Drivers/u8glib/src/u8g_pb16v1.c ****   DISCLAIMED. IN NO EVENT SHALL THE COPYRIGHT HOLDER OR 
  28:Drivers/u8glib/src/u8g_pb16v1.c ****   CONTRIBUTORS BE LIABLE FOR ANY DIRECT, INDIRECT, INCIDENTAL, 
  29:Drivers/u8glib/src/u8g_pb16v1.c ****   SPECIAL, EXEMPLARY, OR CONSEQUENTIAL DAMAGES (INCLUDING, BUT 
  30:Drivers/u8glib/src/u8g_pb16v1.c ****   NOT LIMITED TO, PROCUREMENT OF SUBSTITUTE GOODS OR SERVICES; 
  31:Drivers/u8glib/src/u8g_pb16v1.c ****   LOSS OF USE, DATA, OR PROFITS; OR BUSINESS INTERRUPTION) HOWEVER 
  32:Drivers/u8glib/src/u8g_pb16v1.c ****   CAUSED AND ON ANY THEORY OF LIABILITY, WHETHER IN CONTRACT, 
  33:Drivers/u8glib/src/u8g_pb16v1.c ****   STRICT LIABILITY, OR TORT (INCLUDING NEGLIGENCE OR OTHERWISE) 
ARM GAS  /tmp/ccNWZ1HI.s 			page 2


  34:Drivers/u8glib/src/u8g_pb16v1.c ****   ARISING IN ANY WAY OUT OF THE USE OF THIS SOFTWARE, EVEN IF 
  35:Drivers/u8glib/src/u8g_pb16v1.c ****   ADVISED OF THE POSSIBILITY OF SUCH DAMAGE.  
  36:Drivers/u8glib/src/u8g_pb16v1.c ****   
  37:Drivers/u8glib/src/u8g_pb16v1.c **** 
  38:Drivers/u8glib/src/u8g_pb16v1.c **** */
  39:Drivers/u8glib/src/u8g_pb16v1.c **** 
  40:Drivers/u8glib/src/u8g_pb16v1.c **** #include "u8g.h"
  41:Drivers/u8glib/src/u8g_pb16v1.c **** #include <string.h>
  42:Drivers/u8glib/src/u8g_pb16v1.c **** 
  43:Drivers/u8glib/src/u8g_pb16v1.c **** 
  44:Drivers/u8glib/src/u8g_pb16v1.c **** void u8g_pb16v1_Init(u8g_pb_t *b, void *buf, u8g_uint_t width) U8G_NOINLINE;
  45:Drivers/u8glib/src/u8g_pb16v1.c **** void u8g_pb16v1_set_pixel(u8g_pb_t *b, u8g_uint_t x, u8g_uint_t y, uint8_t color_index) U8G_NOINLIN
  46:Drivers/u8glib/src/u8g_pb16v1.c **** void u8g_pb16v1_SetPixel(u8g_pb_t *b, const u8g_dev_arg_pixel_t * const arg_pixel) U8G_NOINLINE ;
  47:Drivers/u8glib/src/u8g_pb16v1.c **** void u8g_pb16v1_Set8PixelStd(u8g_pb_t *b, u8g_dev_arg_pixel_t *arg_pixel) U8G_NOINLINE;
  48:Drivers/u8glib/src/u8g_pb16v1.c **** 
  49:Drivers/u8glib/src/u8g_pb16v1.c **** 
  50:Drivers/u8glib/src/u8g_pb16v1.c **** void u8g_pb16v1_Clear(u8g_pb_t *b)
  51:Drivers/u8glib/src/u8g_pb16v1.c **** {
  26              		.loc 1 51 0
  27              		.cfi_startproc
  28 0000 80B5     		push	{r7, lr}
  29              	.LCFI0:
  30              		.cfi_def_cfa_offset 8
  31              		.cfi_offset 7, -8
  32              		.cfi_offset 14, -4
  33 0002 84B0     		sub	sp, sp, #16
  34              	.LCFI1:
  35              		.cfi_def_cfa_offset 24
  36 0004 00AF     		add	r7, sp, #0
  37              	.LCFI2:
  38              		.cfi_def_cfa_register 7
  39 0006 7860     		str	r0, [r7, #4]
  52:Drivers/u8glib/src/u8g_pb16v1.c ****   uint8_t *ptr = (uint8_t *)b->buf;
  40              		.loc 1 52 0
  41 0008 7B68     		ldr	r3, [r7, #4]
  42 000a 9B68     		ldr	r3, [r3, #8]
  43 000c FB60     		str	r3, [r7, #12]
  53:Drivers/u8glib/src/u8g_pb16v1.c ****   uint8_t *end_ptr = ptr;
  44              		.loc 1 53 0
  45 000e FB68     		ldr	r3, [r7, #12]
  46 0010 BB60     		str	r3, [r7, #8]
  54:Drivers/u8glib/src/u8g_pb16v1.c ****   end_ptr += b->width*2;
  47              		.loc 1 54 0
  48 0012 7B68     		ldr	r3, [r7, #4]
  49 0014 5B79     		ldrb	r3, [r3, #5]
  50 0016 5B00     		lsls	r3, r3, #1
  51 0018 1A00     		movs	r2, r3
  52 001a BB68     		ldr	r3, [r7, #8]
  53 001c 9B18     		adds	r3, r3, r2
  54 001e BB60     		str	r3, [r7, #8]
  55              	.L2:
  55:Drivers/u8glib/src/u8g_pb16v1.c ****   do
  56:Drivers/u8glib/src/u8g_pb16v1.c ****   {
  57:Drivers/u8glib/src/u8g_pb16v1.c ****     *ptr++ = 0;
  56              		.loc 1 57 0 discriminator 1
  57 0020 FB68     		ldr	r3, [r7, #12]
  58 0022 5A1C     		adds	r2, r3, #1
ARM GAS  /tmp/ccNWZ1HI.s 			page 3


  59 0024 FA60     		str	r2, [r7, #12]
  60 0026 0022     		movs	r2, #0
  61 0028 1A70     		strb	r2, [r3]
  58:Drivers/u8glib/src/u8g_pb16v1.c ****   } while( ptr != end_ptr );
  62              		.loc 1 58 0 discriminator 1
  63 002a FA68     		ldr	r2, [r7, #12]
  64 002c BB68     		ldr	r3, [r7, #8]
  65 002e 9A42     		cmp	r2, r3
  66 0030 F6D1     		bne	.L2
  59:Drivers/u8glib/src/u8g_pb16v1.c **** }
  67              		.loc 1 59 0
  68 0032 C046     		nop
  69 0034 BD46     		mov	sp, r7
  70 0036 04B0     		add	sp, sp, #16
  71              		@ sp needed
  72 0038 80BD     		pop	{r7, pc}
  73              		.cfi_endproc
  74              	.LFE0:
  76              		.section	.text.u8g_pb16v1_Init,"ax",%progbits
  77              		.align	1
  78              		.global	u8g_pb16v1_Init
  79              		.syntax unified
  80              		.code	16
  81              		.thumb_func
  82              		.fpu softvfp
  84              	u8g_pb16v1_Init:
  85              	.LFB1:
  60:Drivers/u8glib/src/u8g_pb16v1.c **** 
  61:Drivers/u8glib/src/u8g_pb16v1.c **** /* Obsolete, usually set by the init of the structure */
  62:Drivers/u8glib/src/u8g_pb16v1.c **** void u8g_pb16v1_Init(u8g_pb_t *b, void *buf, u8g_uint_t width)
  63:Drivers/u8glib/src/u8g_pb16v1.c **** {
  86              		.loc 1 63 0
  87              		.cfi_startproc
  88 0000 80B5     		push	{r7, lr}
  89              	.LCFI3:
  90              		.cfi_def_cfa_offset 8
  91              		.cfi_offset 7, -8
  92              		.cfi_offset 14, -4
  93 0002 84B0     		sub	sp, sp, #16
  94              	.LCFI4:
  95              		.cfi_def_cfa_offset 24
  96 0004 00AF     		add	r7, sp, #0
  97              	.LCFI5:
  98              		.cfi_def_cfa_register 7
  99 0006 F860     		str	r0, [r7, #12]
 100 0008 B960     		str	r1, [r7, #8]
 101 000a FB1D     		adds	r3, r7, #7
 102 000c 1A70     		strb	r2, [r3]
  64:Drivers/u8glib/src/u8g_pb16v1.c ****   b->buf = buf;
 103              		.loc 1 64 0
 104 000e FB68     		ldr	r3, [r7, #12]
 105 0010 BA68     		ldr	r2, [r7, #8]
 106 0012 9A60     		str	r2, [r3, #8]
  65:Drivers/u8glib/src/u8g_pb16v1.c ****   b->width = width;
 107              		.loc 1 65 0
 108 0014 FB68     		ldr	r3, [r7, #12]
 109 0016 FA1D     		adds	r2, r7, #7
ARM GAS  /tmp/ccNWZ1HI.s 			page 4


 110 0018 1278     		ldrb	r2, [r2]
 111 001a 5A71     		strb	r2, [r3, #5]
  66:Drivers/u8glib/src/u8g_pb16v1.c ****   u8g_pb16v1_Clear(b);
 112              		.loc 1 66 0
 113 001c FB68     		ldr	r3, [r7, #12]
 114 001e 1800     		movs	r0, r3
 115 0020 FFF7FEFF 		bl	u8g_pb16v1_Clear
  67:Drivers/u8glib/src/u8g_pb16v1.c **** }
 116              		.loc 1 67 0
 117 0024 C046     		nop
 118 0026 BD46     		mov	sp, r7
 119 0028 04B0     		add	sp, sp, #16
 120              		@ sp needed
 121 002a 80BD     		pop	{r7, pc}
 122              		.cfi_endproc
 123              	.LFE1:
 125              		.section	.text.u8g_pb16v1_set_pixel,"ax",%progbits
 126              		.align	1
 127              		.global	u8g_pb16v1_set_pixel
 128              		.syntax unified
 129              		.code	16
 130              		.thumb_func
 131              		.fpu softvfp
 133              	u8g_pb16v1_set_pixel:
 134              	.LFB2:
  68:Drivers/u8glib/src/u8g_pb16v1.c **** 
  69:Drivers/u8glib/src/u8g_pb16v1.c **** void u8g_pb16v1_set_pixel(u8g_pb_t *b, u8g_uint_t x, u8g_uint_t y, uint8_t color_index)
  70:Drivers/u8glib/src/u8g_pb16v1.c **** {
 135              		.loc 1 70 0
 136              		.cfi_startproc
 137 0000 90B5     		push	{r4, r7, lr}
 138              	.LCFI6:
 139              		.cfi_def_cfa_offset 12
 140              		.cfi_offset 4, -12
 141              		.cfi_offset 7, -8
 142              		.cfi_offset 14, -4
 143 0002 85B0     		sub	sp, sp, #20
 144              	.LCFI7:
 145              		.cfi_def_cfa_offset 32
 146 0004 00AF     		add	r7, sp, #0
 147              	.LCFI8:
 148              		.cfi_def_cfa_register 7
 149 0006 7860     		str	r0, [r7, #4]
 150 0008 0C00     		movs	r4, r1
 151 000a 1000     		movs	r0, r2
 152 000c 1900     		movs	r1, r3
 153 000e FB1C     		adds	r3, r7, #3
 154 0010 221C     		adds	r2, r4, #0
 155 0012 1A70     		strb	r2, [r3]
 156 0014 BB1C     		adds	r3, r7, #2
 157 0016 021C     		adds	r2, r0, #0
 158 0018 1A70     		strb	r2, [r3]
 159 001a 7B1C     		adds	r3, r7, #1
 160 001c 0A1C     		adds	r2, r1, #0
 161 001e 1A70     		strb	r2, [r3]
  71:Drivers/u8glib/src/u8g_pb16v1.c ****   register uint8_t mask;
  72:Drivers/u8glib/src/u8g_pb16v1.c ****   uint8_t *ptr = b->buf;
ARM GAS  /tmp/ccNWZ1HI.s 			page 5


 162              		.loc 1 72 0
 163 0020 7B68     		ldr	r3, [r7, #4]
 164 0022 9B68     		ldr	r3, [r3, #8]
 165 0024 FB60     		str	r3, [r7, #12]
  73:Drivers/u8glib/src/u8g_pb16v1.c ****   
  74:Drivers/u8glib/src/u8g_pb16v1.c ****   y -= b->p.page_y0;
 166              		.loc 1 74 0
 167 0026 7B68     		ldr	r3, [r7, #4]
 168 0028 9A78     		ldrb	r2, [r3, #2]
 169 002a BB1C     		adds	r3, r7, #2
 170 002c B91C     		adds	r1, r7, #2
 171 002e 0978     		ldrb	r1, [r1]
 172 0030 8A1A     		subs	r2, r1, r2
 173 0032 1A70     		strb	r2, [r3]
  75:Drivers/u8glib/src/u8g_pb16v1.c ****   if ( y >= 8 )
 174              		.loc 1 75 0
 175 0034 BB1C     		adds	r3, r7, #2
 176 0036 1B78     		ldrb	r3, [r3]
 177 0038 072B     		cmp	r3, #7
 178 003a 0BD9     		bls	.L5
  76:Drivers/u8glib/src/u8g_pb16v1.c ****   {
  77:Drivers/u8glib/src/u8g_pb16v1.c ****     ptr += b->width;
 179              		.loc 1 77 0
 180 003c 7B68     		ldr	r3, [r7, #4]
 181 003e 5B79     		ldrb	r3, [r3, #5]
 182 0040 1A00     		movs	r2, r3
 183 0042 FB68     		ldr	r3, [r7, #12]
 184 0044 9B18     		adds	r3, r3, r2
 185 0046 FB60     		str	r3, [r7, #12]
  78:Drivers/u8glib/src/u8g_pb16v1.c ****     y &= 0x07;
 186              		.loc 1 78 0
 187 0048 BB1C     		adds	r3, r7, #2
 188 004a BA1C     		adds	r2, r7, #2
 189 004c 1278     		ldrb	r2, [r2]
 190 004e 0721     		movs	r1, #7
 191 0050 0A40     		ands	r2, r1
 192 0052 1A70     		strb	r2, [r3]
 193              	.L5:
  79:Drivers/u8glib/src/u8g_pb16v1.c ****   }
  80:Drivers/u8glib/src/u8g_pb16v1.c ****   mask = 1;
 194              		.loc 1 80 0
 195 0054 0124     		movs	r4, #1
  81:Drivers/u8glib/src/u8g_pb16v1.c ****   mask <<= y;
 196              		.loc 1 81 0
 197 0056 2200     		movs	r2, r4
 198 0058 BB1C     		adds	r3, r7, #2
 199 005a 1B78     		ldrb	r3, [r3]
 200 005c 9A40     		lsls	r2, r2, r3
 201 005e 1300     		movs	r3, r2
 202 0060 DCB2     		uxtb	r4, r3
  82:Drivers/u8glib/src/u8g_pb16v1.c ****   ptr += x;
 203              		.loc 1 82 0
 204 0062 FB1C     		adds	r3, r7, #3
 205 0064 1B78     		ldrb	r3, [r3]
 206 0066 FA68     		ldr	r2, [r7, #12]
 207 0068 D318     		adds	r3, r2, r3
 208 006a FB60     		str	r3, [r7, #12]
ARM GAS  /tmp/ccNWZ1HI.s 			page 6


  83:Drivers/u8glib/src/u8g_pb16v1.c ****   if ( color_index )
 209              		.loc 1 83 0
 210 006c 7B1C     		adds	r3, r7, #1
 211 006e 1B78     		ldrb	r3, [r3]
 212 0070 002B     		cmp	r3, #0
 213 0072 06D0     		beq	.L6
  84:Drivers/u8glib/src/u8g_pb16v1.c ****   {
  85:Drivers/u8glib/src/u8g_pb16v1.c ****     *ptr |= mask;
 214              		.loc 1 85 0
 215 0074 FB68     		ldr	r3, [r7, #12]
 216 0076 1B78     		ldrb	r3, [r3]
 217 0078 2343     		orrs	r3, r4
 218 007a DAB2     		uxtb	r2, r3
 219 007c FB68     		ldr	r3, [r7, #12]
 220 007e 1A70     		strb	r2, [r3]
  86:Drivers/u8glib/src/u8g_pb16v1.c ****   }
  87:Drivers/u8glib/src/u8g_pb16v1.c ****   else
  88:Drivers/u8glib/src/u8g_pb16v1.c ****   {
  89:Drivers/u8glib/src/u8g_pb16v1.c ****     mask ^=0xff;
  90:Drivers/u8glib/src/u8g_pb16v1.c ****     *ptr &= mask;
  91:Drivers/u8glib/src/u8g_pb16v1.c ****   }
  92:Drivers/u8glib/src/u8g_pb16v1.c **** }
 221              		.loc 1 92 0
 222 0080 07E0     		b	.L8
 223              	.L6:
  89:Drivers/u8glib/src/u8g_pb16v1.c ****     *ptr &= mask;
 224              		.loc 1 89 0
 225 0082 E343     		mvns	r3, r4
 226 0084 DCB2     		uxtb	r4, r3
  90:Drivers/u8glib/src/u8g_pb16v1.c ****   }
 227              		.loc 1 90 0
 228 0086 FB68     		ldr	r3, [r7, #12]
 229 0088 1B78     		ldrb	r3, [r3]
 230 008a 2340     		ands	r3, r4
 231 008c DAB2     		uxtb	r2, r3
 232 008e FB68     		ldr	r3, [r7, #12]
 233 0090 1A70     		strb	r2, [r3]
 234              	.L8:
 235              		.loc 1 92 0
 236 0092 C046     		nop
 237 0094 BD46     		mov	sp, r7
 238 0096 05B0     		add	sp, sp, #20
 239              		@ sp needed
 240 0098 90BD     		pop	{r4, r7, pc}
 241              		.cfi_endproc
 242              	.LFE2:
 244              		.section	.text.u8g_pb16v1_SetPixel,"ax",%progbits
 245              		.align	1
 246              		.global	u8g_pb16v1_SetPixel
 247              		.syntax unified
 248              		.code	16
 249              		.thumb_func
 250              		.fpu softvfp
 252              	u8g_pb16v1_SetPixel:
 253              	.LFB3:
  93:Drivers/u8glib/src/u8g_pb16v1.c **** 
  94:Drivers/u8glib/src/u8g_pb16v1.c **** 
ARM GAS  /tmp/ccNWZ1HI.s 			page 7


  95:Drivers/u8glib/src/u8g_pb16v1.c **** void u8g_pb16v1_SetPixel(u8g_pb_t *b, const u8g_dev_arg_pixel_t * const arg_pixel)
  96:Drivers/u8glib/src/u8g_pb16v1.c **** {
 254              		.loc 1 96 0
 255              		.cfi_startproc
 256 0000 80B5     		push	{r7, lr}
 257              	.LCFI9:
 258              		.cfi_def_cfa_offset 8
 259              		.cfi_offset 7, -8
 260              		.cfi_offset 14, -4
 261 0002 82B0     		sub	sp, sp, #8
 262              	.LCFI10:
 263              		.cfi_def_cfa_offset 16
 264 0004 00AF     		add	r7, sp, #0
 265              	.LCFI11:
 266              		.cfi_def_cfa_register 7
 267 0006 7860     		str	r0, [r7, #4]
 268 0008 3960     		str	r1, [r7]
  97:Drivers/u8glib/src/u8g_pb16v1.c ****   if ( arg_pixel->y < b->p.page_y0 )
 269              		.loc 1 97 0
 270 000a 3B68     		ldr	r3, [r7]
 271 000c 5A78     		ldrb	r2, [r3, #1]
 272 000e 7B68     		ldr	r3, [r7, #4]
 273 0010 9B78     		ldrb	r3, [r3, #2]
 274 0012 9A42     		cmp	r2, r3
 275 0014 15D3     		bcc	.L14
  98:Drivers/u8glib/src/u8g_pb16v1.c ****     return;
  99:Drivers/u8glib/src/u8g_pb16v1.c ****   if ( arg_pixel->y > b->p.page_y1 )
 276              		.loc 1 99 0
 277 0016 3B68     		ldr	r3, [r7]
 278 0018 5A78     		ldrb	r2, [r3, #1]
 279 001a 7B68     		ldr	r3, [r7, #4]
 280 001c DB78     		ldrb	r3, [r3, #3]
 281 001e 9A42     		cmp	r2, r3
 282 0020 11D8     		bhi	.L15
 100:Drivers/u8glib/src/u8g_pb16v1.c ****     return;
 101:Drivers/u8glib/src/u8g_pb16v1.c ****   if ( arg_pixel->x >= b->width )
 283              		.loc 1 101 0
 284 0022 3B68     		ldr	r3, [r7]
 285 0024 1A78     		ldrb	r2, [r3]
 286 0026 7B68     		ldr	r3, [r7, #4]
 287 0028 5B79     		ldrb	r3, [r3, #5]
 288 002a 9A42     		cmp	r2, r3
 289 002c 0DD2     		bcs	.L16
 102:Drivers/u8glib/src/u8g_pb16v1.c ****     return;
 103:Drivers/u8glib/src/u8g_pb16v1.c ****   u8g_pb16v1_set_pixel(b, arg_pixel->x, arg_pixel->y, arg_pixel->color);
 290              		.loc 1 103 0
 291 002e 3B68     		ldr	r3, [r7]
 292 0030 1978     		ldrb	r1, [r3]
 293 0032 3B68     		ldr	r3, [r7]
 294 0034 5A78     		ldrb	r2, [r3, #1]
 295 0036 3B68     		ldr	r3, [r7]
 296 0038 1B79     		ldrb	r3, [r3, #4]
 297 003a 7868     		ldr	r0, [r7, #4]
 298 003c FFF7FEFF 		bl	u8g_pb16v1_set_pixel
 299 0040 04E0     		b	.L9
 300              	.L14:
  98:Drivers/u8glib/src/u8g_pb16v1.c ****   if ( arg_pixel->y > b->p.page_y1 )
ARM GAS  /tmp/ccNWZ1HI.s 			page 8


 301              		.loc 1 98 0
 302 0042 C046     		nop
 303 0044 02E0     		b	.L9
 304              	.L15:
 100:Drivers/u8glib/src/u8g_pb16v1.c ****     return;
 305              		.loc 1 100 0
 306 0046 C046     		nop
 307 0048 00E0     		b	.L9
 308              	.L16:
 102:Drivers/u8glib/src/u8g_pb16v1.c ****     return;
 309              		.loc 1 102 0
 310 004a C046     		nop
 311              	.L9:
 104:Drivers/u8glib/src/u8g_pb16v1.c **** }
 312              		.loc 1 104 0
 313 004c BD46     		mov	sp, r7
 314 004e 02B0     		add	sp, sp, #8
 315              		@ sp needed
 316 0050 80BD     		pop	{r7, pc}
 317              		.cfi_endproc
 318              	.LFE3:
 320              		.section	.text.u8g_pb16v1_Set8PixelStd,"ax",%progbits
 321              		.align	1
 322              		.global	u8g_pb16v1_Set8PixelStd
 323              		.syntax unified
 324              		.code	16
 325              		.thumb_func
 326              		.fpu softvfp
 328              	u8g_pb16v1_Set8PixelStd:
 329              	.LFB4:
 105:Drivers/u8glib/src/u8g_pb16v1.c **** 
 106:Drivers/u8glib/src/u8g_pb16v1.c **** void u8g_pb16v1_Set8PixelStd(u8g_pb_t *b, u8g_dev_arg_pixel_t *arg_pixel)
 107:Drivers/u8glib/src/u8g_pb16v1.c **** {
 330              		.loc 1 107 0
 331              		.cfi_startproc
 332 0000 90B5     		push	{r4, r7, lr}
 333              	.LCFI12:
 334              		.cfi_def_cfa_offset 12
 335              		.cfi_offset 4, -12
 336              		.cfi_offset 7, -8
 337              		.cfi_offset 14, -4
 338 0002 83B0     		sub	sp, sp, #12
 339              	.LCFI13:
 340              		.cfi_def_cfa_offset 24
 341 0004 00AF     		add	r7, sp, #0
 342              	.LCFI14:
 343              		.cfi_def_cfa_register 7
 344 0006 7860     		str	r0, [r7, #4]
 345 0008 3960     		str	r1, [r7]
 108:Drivers/u8glib/src/u8g_pb16v1.c ****   register uint8_t pixel = arg_pixel->pixel;
 346              		.loc 1 108 0
 347 000a 3B68     		ldr	r3, [r7]
 348 000c 9C78     		ldrb	r4, [r3, #2]
 349              	.L25:
 109:Drivers/u8glib/src/u8g_pb16v1.c ****   do
 110:Drivers/u8glib/src/u8g_pb16v1.c ****   {
 111:Drivers/u8glib/src/u8g_pb16v1.c ****     if ( pixel & 128 )
ARM GAS  /tmp/ccNWZ1HI.s 			page 9


 350              		.loc 1 111 0
 351 000e 63B2     		sxtb	r3, r4
 352 0010 002B     		cmp	r3, #0
 353 0012 05DA     		bge	.L18
 112:Drivers/u8glib/src/u8g_pb16v1.c ****     {
 113:Drivers/u8glib/src/u8g_pb16v1.c ****       u8g_pb16v1_SetPixel(b, arg_pixel);
 354              		.loc 1 113 0
 355 0014 3A68     		ldr	r2, [r7]
 356 0016 7B68     		ldr	r3, [r7, #4]
 357 0018 1100     		movs	r1, r2
 358 001a 1800     		movs	r0, r3
 359 001c FFF7FEFF 		bl	u8g_pb16v1_SetPixel
 360              	.L18:
 114:Drivers/u8glib/src/u8g_pb16v1.c ****     }
 115:Drivers/u8glib/src/u8g_pb16v1.c ****     switch( arg_pixel->dir )
 361              		.loc 1 115 0
 362 0020 3B68     		ldr	r3, [r7]
 363 0022 DB78     		ldrb	r3, [r3, #3]
 364 0024 012B     		cmp	r3, #1
 365 0026 0FD0     		beq	.L20
 366 0028 02DC     		bgt	.L21
 367 002a 002B     		cmp	r3, #0
 368 002c 05D0     		beq	.L22
 369 002e 20E0     		b	.L19
 370              	.L21:
 371 0030 022B     		cmp	r3, #2
 372 0032 10D0     		beq	.L23
 373 0034 032B     		cmp	r3, #3
 374 0036 15D0     		beq	.L24
 375 0038 1BE0     		b	.L19
 376              	.L22:
 116:Drivers/u8glib/src/u8g_pb16v1.c ****     {
 117:Drivers/u8glib/src/u8g_pb16v1.c ****       case 0: arg_pixel->x++; break;
 377              		.loc 1 117 0
 378 003a 3B68     		ldr	r3, [r7]
 379 003c 1B78     		ldrb	r3, [r3]
 380 003e 0133     		adds	r3, r3, #1
 381 0040 DAB2     		uxtb	r2, r3
 382 0042 3B68     		ldr	r3, [r7]
 383 0044 1A70     		strb	r2, [r3]
 384 0046 14E0     		b	.L19
 385              	.L20:
 118:Drivers/u8glib/src/u8g_pb16v1.c ****       case 1: arg_pixel->y++; break;
 386              		.loc 1 118 0
 387 0048 3B68     		ldr	r3, [r7]
 388 004a 5B78     		ldrb	r3, [r3, #1]
 389 004c 0133     		adds	r3, r3, #1
 390 004e DAB2     		uxtb	r2, r3
 391 0050 3B68     		ldr	r3, [r7]
 392 0052 5A70     		strb	r2, [r3, #1]
 393 0054 0DE0     		b	.L19
 394              	.L23:
 119:Drivers/u8glib/src/u8g_pb16v1.c ****       case 2: arg_pixel->x--; break;
 395              		.loc 1 119 0
 396 0056 3B68     		ldr	r3, [r7]
 397 0058 1B78     		ldrb	r3, [r3]
 398 005a 013B     		subs	r3, r3, #1
ARM GAS  /tmp/ccNWZ1HI.s 			page 10


 399 005c DAB2     		uxtb	r2, r3
 400 005e 3B68     		ldr	r3, [r7]
 401 0060 1A70     		strb	r2, [r3]
 402 0062 06E0     		b	.L19
 403              	.L24:
 120:Drivers/u8glib/src/u8g_pb16v1.c ****       case 3: arg_pixel->y--; break;
 404              		.loc 1 120 0
 405 0064 3B68     		ldr	r3, [r7]
 406 0066 5B78     		ldrb	r3, [r3, #1]
 407 0068 013B     		subs	r3, r3, #1
 408 006a DAB2     		uxtb	r2, r3
 409 006c 3B68     		ldr	r3, [r7]
 410 006e 5A70     		strb	r2, [r3, #1]
 411 0070 C046     		nop
 412              	.L19:
 121:Drivers/u8glib/src/u8g_pb16v1.c ****     }
 122:Drivers/u8glib/src/u8g_pb16v1.c ****     pixel <<= 1;
 413              		.loc 1 122 0
 414 0072 231C     		adds	r3, r4, #0
 415 0074 DB18     		adds	r3, r3, r3
 416 0076 DCB2     		uxtb	r4, r3
 123:Drivers/u8glib/src/u8g_pb16v1.c ****   } while( pixel != 0  );
 417              		.loc 1 123 0
 418 0078 002C     		cmp	r4, #0
 419 007a C8D1     		bne	.L25
 124:Drivers/u8glib/src/u8g_pb16v1.c **** }
 420              		.loc 1 124 0
 421 007c C046     		nop
 422 007e BD46     		mov	sp, r7
 423 0080 03B0     		add	sp, sp, #12
 424              		@ sp needed
 425 0082 90BD     		pop	{r4, r7, pc}
 426              		.cfi_endproc
 427              	.LFE4:
 429              		.section	.text.u8g_pb16v1_Set8PixelOpt2,"ax",%progbits
 430              		.align	1
 431              		.global	u8g_pb16v1_Set8PixelOpt2
 432              		.syntax unified
 433              		.code	16
 434              		.thumb_func
 435              		.fpu softvfp
 437              	u8g_pb16v1_Set8PixelOpt2:
 438              	.LFB5:
 125:Drivers/u8glib/src/u8g_pb16v1.c **** 
 126:Drivers/u8glib/src/u8g_pb16v1.c **** 
 127:Drivers/u8glib/src/u8g_pb16v1.c **** void u8g_pb16v1_Set8PixelOpt2(u8g_pb_t *b, u8g_dev_arg_pixel_t *arg_pixel)
 128:Drivers/u8glib/src/u8g_pb16v1.c **** {
 439              		.loc 1 128 0
 440              		.cfi_startproc
 441 0000 90B5     		push	{r4, r7, lr}
 442              	.LCFI15:
 443              		.cfi_def_cfa_offset 12
 444              		.cfi_offset 4, -12
 445              		.cfi_offset 7, -8
 446              		.cfi_offset 14, -4
 447 0002 85B0     		sub	sp, sp, #20
 448              	.LCFI16:
ARM GAS  /tmp/ccNWZ1HI.s 			page 11


 449              		.cfi_def_cfa_offset 32
 450 0004 00AF     		add	r7, sp, #0
 451              	.LCFI17:
 452              		.cfi_def_cfa_register 7
 453 0006 7860     		str	r0, [r7, #4]
 454 0008 3960     		str	r1, [r7]
 129:Drivers/u8glib/src/u8g_pb16v1.c ****   register uint8_t pixel = arg_pixel->pixel;
 455              		.loc 1 129 0
 456 000a 3B68     		ldr	r3, [r7]
 457 000c 9C78     		ldrb	r4, [r3, #2]
 130:Drivers/u8glib/src/u8g_pb16v1.c ****   u8g_uint_t dx = 0;
 458              		.loc 1 130 0
 459 000e 0F23     		movs	r3, #15
 460 0010 FB18     		adds	r3, r7, r3
 461 0012 0022     		movs	r2, #0
 462 0014 1A70     		strb	r2, [r3]
 131:Drivers/u8glib/src/u8g_pb16v1.c ****   u8g_uint_t dy = 0;
 463              		.loc 1 131 0
 464 0016 0E23     		movs	r3, #14
 465 0018 FB18     		adds	r3, r7, r3
 466 001a 0022     		movs	r2, #0
 467 001c 1A70     		strb	r2, [r3]
 132:Drivers/u8glib/src/u8g_pb16v1.c ****   
 133:Drivers/u8glib/src/u8g_pb16v1.c ****   switch( arg_pixel->dir )
 468              		.loc 1 133 0
 469 001e 3B68     		ldr	r3, [r7]
 470 0020 DB78     		ldrb	r3, [r3, #3]
 471 0022 012B     		cmp	r3, #1
 472 0024 10D0     		beq	.L28
 473 0026 02DC     		bgt	.L29
 474 0028 002B     		cmp	r3, #0
 475 002a 05D0     		beq	.L30
 476 002c 24E0     		b	.L27
 477              	.L29:
 478 002e 022B     		cmp	r3, #2
 479 0030 12D0     		beq	.L31
 480 0032 032B     		cmp	r3, #3
 481 0034 18D0     		beq	.L32
 482 0036 1FE0     		b	.L27
 483              	.L30:
 134:Drivers/u8glib/src/u8g_pb16v1.c ****   {
 135:Drivers/u8glib/src/u8g_pb16v1.c ****     case 0: dx++; break;
 484              		.loc 1 135 0
 485 0038 0F23     		movs	r3, #15
 486 003a FB18     		adds	r3, r7, r3
 487 003c 1A78     		ldrb	r2, [r3]
 488 003e 0F23     		movs	r3, #15
 489 0040 FB18     		adds	r3, r7, r3
 490 0042 0132     		adds	r2, r2, #1
 491 0044 1A70     		strb	r2, [r3]
 492 0046 17E0     		b	.L27
 493              	.L28:
 136:Drivers/u8glib/src/u8g_pb16v1.c ****     case 1: dy++; break;
 494              		.loc 1 136 0
 495 0048 0E23     		movs	r3, #14
 496 004a FB18     		adds	r3, r7, r3
 497 004c 1A78     		ldrb	r2, [r3]
ARM GAS  /tmp/ccNWZ1HI.s 			page 12


 498 004e 0E23     		movs	r3, #14
 499 0050 FB18     		adds	r3, r7, r3
 500 0052 0132     		adds	r2, r2, #1
 501 0054 1A70     		strb	r2, [r3]
 502 0056 0FE0     		b	.L27
 503              	.L31:
 137:Drivers/u8glib/src/u8g_pb16v1.c ****     case 2: dx--; break;
 504              		.loc 1 137 0
 505 0058 0F23     		movs	r3, #15
 506 005a FB18     		adds	r3, r7, r3
 507 005c 1A78     		ldrb	r2, [r3]
 508 005e 0F23     		movs	r3, #15
 509 0060 FB18     		adds	r3, r7, r3
 510 0062 013A     		subs	r2, r2, #1
 511 0064 1A70     		strb	r2, [r3]
 512 0066 07E0     		b	.L27
 513              	.L32:
 138:Drivers/u8glib/src/u8g_pb16v1.c ****     case 3: dy--; break;
 514              		.loc 1 138 0
 515 0068 0E23     		movs	r3, #14
 516 006a FB18     		adds	r3, r7, r3
 517 006c 1A78     		ldrb	r2, [r3]
 518 006e 0E23     		movs	r3, #14
 519 0070 FB18     		adds	r3, r7, r3
 520 0072 013A     		subs	r2, r2, #1
 521 0074 1A70     		strb	r2, [r3]
 522 0076 C046     		nop
 523              	.L27:
 139:Drivers/u8glib/src/u8g_pb16v1.c ****   }
 140:Drivers/u8glib/src/u8g_pb16v1.c ****   
 141:Drivers/u8glib/src/u8g_pb16v1.c ****   do
 142:Drivers/u8glib/src/u8g_pb16v1.c ****   {
 143:Drivers/u8glib/src/u8g_pb16v1.c ****     if ( pixel & 128 )
 524              		.loc 1 143 0
 525 0078 63B2     		sxtb	r3, r4
 526 007a 002B     		cmp	r3, #0
 527 007c 05DA     		bge	.L33
 144:Drivers/u8glib/src/u8g_pb16v1.c ****       u8g_pb16v1_SetPixel(b, arg_pixel);
 528              		.loc 1 144 0
 529 007e 3A68     		ldr	r2, [r7]
 530 0080 7B68     		ldr	r3, [r7, #4]
 531 0082 1100     		movs	r1, r2
 532 0084 1800     		movs	r0, r3
 533 0086 FFF7FEFF 		bl	u8g_pb16v1_SetPixel
 534              	.L33:
 145:Drivers/u8glib/src/u8g_pb16v1.c ****     arg_pixel->x += dx;
 535              		.loc 1 145 0
 536 008a 3B68     		ldr	r3, [r7]
 537 008c 1A78     		ldrb	r2, [r3]
 538 008e 0F23     		movs	r3, #15
 539 0090 FB18     		adds	r3, r7, r3
 540 0092 1B78     		ldrb	r3, [r3]
 541 0094 D318     		adds	r3, r2, r3
 542 0096 DAB2     		uxtb	r2, r3
 543 0098 3B68     		ldr	r3, [r7]
 544 009a 1A70     		strb	r2, [r3]
 146:Drivers/u8glib/src/u8g_pb16v1.c ****     arg_pixel->y += dy;
ARM GAS  /tmp/ccNWZ1HI.s 			page 13


 545              		.loc 1 146 0
 546 009c 3B68     		ldr	r3, [r7]
 547 009e 5A78     		ldrb	r2, [r3, #1]
 548 00a0 0E23     		movs	r3, #14
 549 00a2 FB18     		adds	r3, r7, r3
 550 00a4 1B78     		ldrb	r3, [r3]
 551 00a6 D318     		adds	r3, r2, r3
 552 00a8 DAB2     		uxtb	r2, r3
 553 00aa 3B68     		ldr	r3, [r7]
 554 00ac 5A70     		strb	r2, [r3, #1]
 147:Drivers/u8glib/src/u8g_pb16v1.c ****     pixel <<= 1;
 555              		.loc 1 147 0
 556 00ae 231C     		adds	r3, r4, #0
 557 00b0 DB18     		adds	r3, r3, r3
 558 00b2 DCB2     		uxtb	r4, r3
 559 00b4 0F23     		movs	r3, #15
 560 00b6 FB18     		adds	r3, r7, r3
 561 00b8 0F22     		movs	r2, #15
 562 00ba BA18     		adds	r2, r7, r2
 563 00bc 1278     		ldrb	r2, [r2]
 564 00be 1A70     		strb	r2, [r3]
 565 00c0 0E23     		movs	r3, #14
 566 00c2 FB18     		adds	r3, r7, r3
 567 00c4 0E22     		movs	r2, #14
 568 00c6 BA18     		adds	r2, r7, r2
 569 00c8 1278     		ldrb	r2, [r2]
 570 00ca 1A70     		strb	r2, [r3]
 148:Drivers/u8glib/src/u8g_pb16v1.c ****   } while( pixel != 0  );
 571              		.loc 1 148 0
 572 00cc 002C     		cmp	r4, #0
 573 00ce D3D1     		bne	.L27
 149:Drivers/u8glib/src/u8g_pb16v1.c ****   
 150:Drivers/u8glib/src/u8g_pb16v1.c **** }
 574              		.loc 1 150 0
 575 00d0 C046     		nop
 576 00d2 BD46     		mov	sp, r7
 577 00d4 05B0     		add	sp, sp, #20
 578              		@ sp needed
 579 00d6 90BD     		pop	{r4, r7, pc}
 580              		.cfi_endproc
 581              	.LFE5:
 583              		.section	.text.u8g_dev_pb16v1_base_fn,"ax",%progbits
 584              		.align	1
 585              		.global	u8g_dev_pb16v1_base_fn
 586              		.syntax unified
 587              		.code	16
 588              		.thumb_func
 589              		.fpu softvfp
 591              	u8g_dev_pb16v1_base_fn:
 592              	.LFB6:
 151:Drivers/u8glib/src/u8g_pb16v1.c **** 
 152:Drivers/u8glib/src/u8g_pb16v1.c **** uint8_t u8g_dev_pb16v1_base_fn(u8g_t *u8g, u8g_dev_t *dev, uint8_t msg, void *arg)
 153:Drivers/u8glib/src/u8g_pb16v1.c **** {
 593              		.loc 1 153 0
 594              		.cfi_startproc
 595 0000 80B5     		push	{r7, lr}
 596              	.LCFI18:
ARM GAS  /tmp/ccNWZ1HI.s 			page 14


 597              		.cfi_def_cfa_offset 8
 598              		.cfi_offset 7, -8
 599              		.cfi_offset 14, -4
 600 0002 86B0     		sub	sp, sp, #24
 601              	.LCFI19:
 602              		.cfi_def_cfa_offset 32
 603 0004 00AF     		add	r7, sp, #0
 604              	.LCFI20:
 605              		.cfi_def_cfa_register 7
 606 0006 F860     		str	r0, [r7, #12]
 607 0008 B960     		str	r1, [r7, #8]
 608 000a 3B60     		str	r3, [r7]
 609 000c FB1D     		adds	r3, r7, #7
 610 000e 1A70     		strb	r2, [r3]
 154:Drivers/u8glib/src/u8g_pb16v1.c ****   u8g_pb_t *pb = (u8g_pb_t *)(dev->dev_mem);
 611              		.loc 1 154 0
 612 0010 BB68     		ldr	r3, [r7, #8]
 613 0012 5B68     		ldr	r3, [r3, #4]
 614 0014 7B61     		str	r3, [r7, #20]
 155:Drivers/u8glib/src/u8g_pb16v1.c ****   switch(msg)
 615              		.loc 1 155 0
 616 0016 FB1D     		adds	r3, r7, #7
 617 0018 1B78     		ldrb	r3, [r3]
 618 001a 0A3B     		subs	r3, r3, #10
 619 001c 3E2B     		cmp	r3, #62
 620 001e 44D8     		bhi	.L35
 621 0020 9A00     		lsls	r2, r3, #2
 622 0022 244B     		ldr	r3, .L53
 623 0024 D318     		adds	r3, r2, r3
 624 0026 1B68     		ldr	r3, [r3]
 625 0028 9F46     		mov	pc, r3
 626              		.section	.rodata.u8g_dev_pb16v1_base_fn,"a",%progbits
 627              		.align	2
 628              	.L37:
 629 0000 AA000000 		.word	.L35
 630 0004 AA000000 		.word	.L35
 631 0008 AA000000 		.word	.L35
 632 000c AA000000 		.word	.L35
 633 0010 AA000000 		.word	.L35
 634 0014 AA000000 		.word	.L35
 635 0018 AA000000 		.word	.L35
 636 001c AA000000 		.word	.L35
 637 0020 AA000000 		.word	.L35
 638 0024 AA000000 		.word	.L35
 639 0028 56000000 		.word	.L39
 640 002c 68000000 		.word	.L40
 641 0030 AA000000 		.word	.L35
 642 0034 82000000 		.word	.L41
 643 0038 AA000000 		.word	.L35
 644 003c AA000000 		.word	.L35
 645 0040 AA000000 		.word	.L35
 646 0044 AA000000 		.word	.L35
 647 0048 AA000000 		.word	.L35
 648 004c AA000000 		.word	.L35
 649 0050 AA000000 		.word	.L35
 650 0054 AA000000 		.word	.L35
 651 0058 AA000000 		.word	.L35
ARM GAS  /tmp/ccNWZ1HI.s 			page 15


 652 005c AA000000 		.word	.L35
 653 0060 AA000000 		.word	.L35
 654 0064 AA000000 		.word	.L35
 655 0068 AA000000 		.word	.L35
 656 006c AA000000 		.word	.L35
 657 0070 AA000000 		.word	.L35
 658 0074 AA000000 		.word	.L35
 659 0078 AA000000 		.word	.L35
 660 007c AA000000 		.word	.L35
 661 0080 AA000000 		.word	.L35
 662 0084 AA000000 		.word	.L35
 663 0088 AA000000 		.word	.L35
 664 008c AA000000 		.word	.L35
 665 0090 AA000000 		.word	.L35
 666 0094 AA000000 		.word	.L35
 667 0098 AA000000 		.word	.L35
 668 009c AA000000 		.word	.L35
 669 00a0 48000000 		.word	.L42
 670 00a4 AA000000 		.word	.L35
 671 00a8 AA000000 		.word	.L35
 672 00ac AA000000 		.word	.L35
 673 00b0 AA000000 		.word	.L35
 674 00b4 AA000000 		.word	.L35
 675 00b8 AA000000 		.word	.L35
 676 00bc AA000000 		.word	.L35
 677 00c0 AA000000 		.word	.L35
 678 00c4 2A000000 		.word	.L43
 679 00c8 AA000000 		.word	.L35
 680 00cc AA000000 		.word	.L35
 681 00d0 AA000000 		.word	.L35
 682 00d4 AA000000 		.word	.L35
 683 00d8 AA000000 		.word	.L35
 684 00dc AA000000 		.word	.L35
 685 00e0 AA000000 		.word	.L35
 686 00e4 AA000000 		.word	.L35
 687 00e8 AA000000 		.word	.L35
 688 00ec AA000000 		.word	.L35
 689 00f0 90000000 		.word	.L46
 690 00f4 9A000000 		.word	.L47
 691 00f8 A4000000 		.word	.L48
 692              		.section	.text.u8g_dev_pb16v1_base_fn
 693              	.L43:
 156:Drivers/u8glib/src/u8g_pb16v1.c ****   {
 157:Drivers/u8glib/src/u8g_pb16v1.c ****     case U8G_DEV_MSG_SET_8PIXEL:
 158:Drivers/u8glib/src/u8g_pb16v1.c ****       if ( u8g_pb_Is8PixelVisible(pb, (u8g_dev_arg_pixel_t *)arg) )
 694              		.loc 1 158 0
 695 002a 3A68     		ldr	r2, [r7]
 696 002c 7B69     		ldr	r3, [r7, #20]
 697 002e 1100     		movs	r1, r2
 698 0030 1800     		movs	r0, r3
 699 0032 FFF7FEFF 		bl	u8g_pb_Is8PixelVisible
 700 0036 031E     		subs	r3, r0, #0
 701 0038 36D0     		beq	.L52
 159:Drivers/u8glib/src/u8g_pb16v1.c ****         u8g_pb16v1_Set8PixelOpt2(pb, (u8g_dev_arg_pixel_t *)arg);
 702              		.loc 1 159 0
 703 003a 3A68     		ldr	r2, [r7]
 704 003c 7B69     		ldr	r3, [r7, #20]
ARM GAS  /tmp/ccNWZ1HI.s 			page 16


 705 003e 1100     		movs	r1, r2
 706 0040 1800     		movs	r0, r3
 707 0042 FFF7FEFF 		bl	u8g_pb16v1_Set8PixelOpt2
 160:Drivers/u8glib/src/u8g_pb16v1.c ****       break;
 708              		.loc 1 160 0
 709 0046 2FE0     		b	.L52
 710              	.L42:
 161:Drivers/u8glib/src/u8g_pb16v1.c ****     case U8G_DEV_MSG_SET_PIXEL:
 162:Drivers/u8glib/src/u8g_pb16v1.c ****         u8g_pb16v1_SetPixel(pb, (u8g_dev_arg_pixel_t *)arg);
 711              		.loc 1 162 0
 712 0048 3A68     		ldr	r2, [r7]
 713 004a 7B69     		ldr	r3, [r7, #20]
 714 004c 1100     		movs	r1, r2
 715 004e 1800     		movs	r0, r3
 716 0050 FFF7FEFF 		bl	u8g_pb16v1_SetPixel
 163:Drivers/u8glib/src/u8g_pb16v1.c ****       break;
 717              		.loc 1 163 0
 718 0054 29E0     		b	.L35
 719              	.L39:
 164:Drivers/u8glib/src/u8g_pb16v1.c ****     case U8G_DEV_MSG_INIT:
 165:Drivers/u8glib/src/u8g_pb16v1.c ****       break;
 166:Drivers/u8glib/src/u8g_pb16v1.c ****     case U8G_DEV_MSG_STOP:
 167:Drivers/u8glib/src/u8g_pb16v1.c ****       break;
 168:Drivers/u8glib/src/u8g_pb16v1.c ****     case U8G_DEV_MSG_PAGE_FIRST:
 169:Drivers/u8glib/src/u8g_pb16v1.c ****       u8g_pb16v1_Clear(pb);
 720              		.loc 1 169 0
 721 0056 7B69     		ldr	r3, [r7, #20]
 722 0058 1800     		movs	r0, r3
 723 005a FFF7FEFF 		bl	u8g_pb16v1_Clear
 170:Drivers/u8glib/src/u8g_pb16v1.c ****       u8g_page_First(&(pb->p));
 724              		.loc 1 170 0
 725 005e 7B69     		ldr	r3, [r7, #20]
 726 0060 1800     		movs	r0, r3
 727 0062 FFF7FEFF 		bl	u8g_page_First
 171:Drivers/u8glib/src/u8g_pb16v1.c ****       break;
 728              		.loc 1 171 0
 729 0066 20E0     		b	.L35
 730              	.L40:
 172:Drivers/u8glib/src/u8g_pb16v1.c ****     case U8G_DEV_MSG_PAGE_NEXT:
 173:Drivers/u8glib/src/u8g_pb16v1.c ****       if ( u8g_page_Next(&(pb->p)) == 0 )
 731              		.loc 1 173 0
 732 0068 7B69     		ldr	r3, [r7, #20]
 733 006a 1800     		movs	r0, r3
 734 006c FFF7FEFF 		bl	u8g_page_Next
 735 0070 031E     		subs	r3, r0, #0
 736 0072 01D1     		bne	.L50
 174:Drivers/u8glib/src/u8g_pb16v1.c ****         return 0;
 737              		.loc 1 174 0
 738 0074 0023     		movs	r3, #0
 739 0076 19E0     		b	.L51
 740              	.L50:
 175:Drivers/u8glib/src/u8g_pb16v1.c ****       u8g_pb16v1_Clear(pb);
 741              		.loc 1 175 0
 742 0078 7B69     		ldr	r3, [r7, #20]
 743 007a 1800     		movs	r0, r3
 744 007c FFF7FEFF 		bl	u8g_pb16v1_Clear
 176:Drivers/u8glib/src/u8g_pb16v1.c ****       break;
ARM GAS  /tmp/ccNWZ1HI.s 			page 17


 745              		.loc 1 176 0
 746 0080 13E0     		b	.L35
 747              	.L41:
 177:Drivers/u8glib/src/u8g_pb16v1.c **** #ifdef U8G_DEV_MSG_IS_BBX_INTERSECTION
 178:Drivers/u8glib/src/u8g_pb16v1.c ****     case U8G_DEV_MSG_IS_BBX_INTERSECTION:
 179:Drivers/u8glib/src/u8g_pb16v1.c ****       return u8g_pb_IsIntersection(pb, (u8g_dev_arg_bbx_t *)arg);
 180:Drivers/u8glib/src/u8g_pb16v1.c **** #endif
 181:Drivers/u8glib/src/u8g_pb16v1.c ****     case U8G_DEV_MSG_GET_PAGE_BOX:
 182:Drivers/u8glib/src/u8g_pb16v1.c ****       u8g_pb_GetPageBox(pb, (u8g_box_t *)arg);
 748              		.loc 1 182 0
 749 0082 3A68     		ldr	r2, [r7]
 750 0084 7B69     		ldr	r3, [r7, #20]
 751 0086 1100     		movs	r1, r2
 752 0088 1800     		movs	r0, r3
 753 008a FFF7FEFF 		bl	u8g_pb_GetPageBox
 183:Drivers/u8glib/src/u8g_pb16v1.c ****       break;
 754              		.loc 1 183 0
 755 008e 0CE0     		b	.L35
 756              	.L46:
 184:Drivers/u8glib/src/u8g_pb16v1.c ****     case U8G_DEV_MSG_GET_WIDTH:
 185:Drivers/u8glib/src/u8g_pb16v1.c ****       *((u8g_uint_t *)arg) = pb->width;
 757              		.loc 1 185 0
 758 0090 7B69     		ldr	r3, [r7, #20]
 759 0092 5A79     		ldrb	r2, [r3, #5]
 760 0094 3B68     		ldr	r3, [r7]
 761 0096 1A70     		strb	r2, [r3]
 186:Drivers/u8glib/src/u8g_pb16v1.c ****       break;
 762              		.loc 1 186 0
 763 0098 07E0     		b	.L35
 764              	.L47:
 187:Drivers/u8glib/src/u8g_pb16v1.c ****     case U8G_DEV_MSG_GET_HEIGHT:
 188:Drivers/u8glib/src/u8g_pb16v1.c ****       *((u8g_uint_t *)arg) = pb->p.total_height;
 765              		.loc 1 188 0
 766 009a 7B69     		ldr	r3, [r7, #20]
 767 009c 5A78     		ldrb	r2, [r3, #1]
 768 009e 3B68     		ldr	r3, [r7]
 769 00a0 1A70     		strb	r2, [r3]
 189:Drivers/u8glib/src/u8g_pb16v1.c ****       break;
 770              		.loc 1 189 0
 771 00a2 02E0     		b	.L35
 772              	.L48:
 190:Drivers/u8glib/src/u8g_pb16v1.c ****     case U8G_DEV_MSG_SET_COLOR_ENTRY:
 191:Drivers/u8glib/src/u8g_pb16v1.c ****       break;
 192:Drivers/u8glib/src/u8g_pb16v1.c ****     case U8G_DEV_MSG_SET_XY_CB:
 193:Drivers/u8glib/src/u8g_pb16v1.c ****       break;
 194:Drivers/u8glib/src/u8g_pb16v1.c ****     case U8G_DEV_MSG_GET_MODE:
 195:Drivers/u8glib/src/u8g_pb16v1.c ****       return U8G_MODE_BW;
 773              		.loc 1 195 0
 774 00a4 0123     		movs	r3, #1
 775 00a6 01E0     		b	.L51
 776              	.L52:
 160:Drivers/u8glib/src/u8g_pb16v1.c ****     case U8G_DEV_MSG_SET_PIXEL:
 777              		.loc 1 160 0
 778 00a8 C046     		nop
 779              	.L35:
 196:Drivers/u8glib/src/u8g_pb16v1.c ****   }
 197:Drivers/u8glib/src/u8g_pb16v1.c ****   return 1;
ARM GAS  /tmp/ccNWZ1HI.s 			page 18


 780              		.loc 1 197 0
 781 00aa 0123     		movs	r3, #1
 782              	.L51:
 198:Drivers/u8glib/src/u8g_pb16v1.c **** }
 783              		.loc 1 198 0
 784 00ac 1800     		movs	r0, r3
 785 00ae BD46     		mov	sp, r7
 786 00b0 06B0     		add	sp, sp, #24
 787              		@ sp needed
 788 00b2 80BD     		pop	{r7, pc}
 789              	.L54:
 790              		.align	2
 791              	.L53:
 792 00b4 00000000 		.word	.L37
 793              		.cfi_endproc
 794              	.LFE6:
 796              		.text
 797              	.Letext0:
 798              		.file 2 "/usr/arm-none-eabi/include/machine/_default_types.h"
 799              		.file 3 "/usr/arm-none-eabi/include/sys/_stdint.h"
 800              		.file 4 "Drivers/u8glib/inc/u8g.h"
 801              		.file 5 "/usr/arm-none-eabi/include/sys/lock.h"
 802              		.file 6 "/usr/arm-none-eabi/include/sys/_types.h"
 803              		.file 7 "/usr/lib/gcc/arm-none-eabi/6.2.0/include/stddef.h"
 804              		.file 8 "/usr/arm-none-eabi/include/sys/reent.h"
ARM GAS  /tmp/ccNWZ1HI.s 			page 19


DEFINED SYMBOLS
                            *ABS*:0000000000000000 u8g_pb16v1.c
     /tmp/ccNWZ1HI.s:16     .text.u8g_pb16v1_Clear:0000000000000000 $t
     /tmp/ccNWZ1HI.s:23     .text.u8g_pb16v1_Clear:0000000000000000 u8g_pb16v1_Clear
     /tmp/ccNWZ1HI.s:77     .text.u8g_pb16v1_Init:0000000000000000 $t
     /tmp/ccNWZ1HI.s:84     .text.u8g_pb16v1_Init:0000000000000000 u8g_pb16v1_Init
     /tmp/ccNWZ1HI.s:126    .text.u8g_pb16v1_set_pixel:0000000000000000 $t
     /tmp/ccNWZ1HI.s:133    .text.u8g_pb16v1_set_pixel:0000000000000000 u8g_pb16v1_set_pixel
     /tmp/ccNWZ1HI.s:245    .text.u8g_pb16v1_SetPixel:0000000000000000 $t
     /tmp/ccNWZ1HI.s:252    .text.u8g_pb16v1_SetPixel:0000000000000000 u8g_pb16v1_SetPixel
     /tmp/ccNWZ1HI.s:321    .text.u8g_pb16v1_Set8PixelStd:0000000000000000 $t
     /tmp/ccNWZ1HI.s:328    .text.u8g_pb16v1_Set8PixelStd:0000000000000000 u8g_pb16v1_Set8PixelStd
     /tmp/ccNWZ1HI.s:430    .text.u8g_pb16v1_Set8PixelOpt2:0000000000000000 $t
     /tmp/ccNWZ1HI.s:437    .text.u8g_pb16v1_Set8PixelOpt2:0000000000000000 u8g_pb16v1_Set8PixelOpt2
     /tmp/ccNWZ1HI.s:584    .text.u8g_dev_pb16v1_base_fn:0000000000000000 $t
     /tmp/ccNWZ1HI.s:591    .text.u8g_dev_pb16v1_base_fn:0000000000000000 u8g_dev_pb16v1_base_fn
     /tmp/ccNWZ1HI.s:627    .rodata.u8g_dev_pb16v1_base_fn:0000000000000000 $d
     /tmp/ccNWZ1HI.s:792    .text.u8g_dev_pb16v1_base_fn:00000000000000b4 $d
                     .debug_frame:0000000000000010 $d

UNDEFINED SYMBOLS
u8g_pb_Is8PixelVisible
u8g_page_First
u8g_page_Next
u8g_pb_GetPageBox
