ARM GAS  /tmp/cc8phZBM.s 			page 1


   1              		.cpu cortex-m0
   2              		.eabi_attribute 20, 1
   3              		.eabi_attribute 21, 1
   4              		.eabi_attribute 23, 3
   5              		.eabi_attribute 24, 1
   6              		.eabi_attribute 25, 1
   7              		.eabi_attribute 26, 1
   8              		.eabi_attribute 30, 6
   9              		.eabi_attribute 34, 0
  10              		.eabi_attribute 18, 4
  11              		.file	"u8g_pb16v2.c"
  12              		.text
  13              	.Ltext0:
  14              		.cfi_sections	.debug_frame
  15              		.section	.text.u8g_pb16v2_Clear,"ax",%progbits
  16              		.align	1
  17              		.global	u8g_pb16v2_Clear
  18              		.syntax unified
  19              		.code	16
  20              		.thumb_func
  21              		.fpu softvfp
  23              	u8g_pb16v2_Clear:
  24              	.LFB0:
  25              		.file 1 "Drivers/u8glib/src/u8g_pb16v2.c"
   1:Drivers/u8glib/src/u8g_pb16v2.c **** /*
   2:Drivers/u8glib/src/u8g_pb16v2.c **** 
   3:Drivers/u8glib/src/u8g_pb16v2.c ****   u8g_pb16v2.c
   4:Drivers/u8glib/src/u8g_pb16v2.c ****   
   5:Drivers/u8glib/src/u8g_pb16v2.c ****   16 bit height 2 bit per pixel page buffer
   6:Drivers/u8glib/src/u8g_pb16v2.c ****   byte has vertical orientation
   7:Drivers/u8glib/src/u8g_pb16v2.c **** 
   8:Drivers/u8glib/src/u8g_pb16v2.c ****   Universal 8bit Graphics Library
   9:Drivers/u8glib/src/u8g_pb16v2.c ****   
  10:Drivers/u8glib/src/u8g_pb16v2.c ****   Copyright (c) 2012, olikraus@gmail.com
  11:Drivers/u8glib/src/u8g_pb16v2.c ****   All rights reserved.
  12:Drivers/u8glib/src/u8g_pb16v2.c **** 
  13:Drivers/u8glib/src/u8g_pb16v2.c ****   Redistribution and use in source and binary forms, with or without modification, 
  14:Drivers/u8glib/src/u8g_pb16v2.c ****   are permitted provided that the following conditions are met:
  15:Drivers/u8glib/src/u8g_pb16v2.c **** 
  16:Drivers/u8glib/src/u8g_pb16v2.c ****   * Redistributions of source code must retain the above copyright notice, this list 
  17:Drivers/u8glib/src/u8g_pb16v2.c ****     of conditions and the following disclaimer.
  18:Drivers/u8glib/src/u8g_pb16v2.c ****     
  19:Drivers/u8glib/src/u8g_pb16v2.c ****   * Redistributions in binary form must reproduce the above copyright notice, this 
  20:Drivers/u8glib/src/u8g_pb16v2.c ****     list of conditions and the following disclaimer in the documentation and/or other 
  21:Drivers/u8glib/src/u8g_pb16v2.c ****     materials provided with the distribution.
  22:Drivers/u8glib/src/u8g_pb16v2.c **** 
  23:Drivers/u8glib/src/u8g_pb16v2.c ****   THIS SOFTWARE IS PROVIDED BY THE COPYRIGHT HOLDERS AND 
  24:Drivers/u8glib/src/u8g_pb16v2.c ****   CONTRIBUTORS "AS IS" AND ANY EXPRESS OR IMPLIED WARRANTIES, 
  25:Drivers/u8glib/src/u8g_pb16v2.c ****   INCLUDING, BUT NOT LIMITED TO, THE IMPLIED WARRANTIES OF 
  26:Drivers/u8glib/src/u8g_pb16v2.c ****   MERCHANTABILITY AND FITNESS FOR A PARTICULAR PURPOSE ARE 
  27:Drivers/u8glib/src/u8g_pb16v2.c ****   DISCLAIMED. IN NO EVENT SHALL THE COPYRIGHT HOLDER OR 
  28:Drivers/u8glib/src/u8g_pb16v2.c ****   CONTRIBUTORS BE LIABLE FOR ANY DIRECT, INDIRECT, INCIDENTAL, 
  29:Drivers/u8glib/src/u8g_pb16v2.c ****   SPECIAL, EXEMPLARY, OR CONSEQUENTIAL DAMAGES (INCLUDING, BUT 
  30:Drivers/u8glib/src/u8g_pb16v2.c ****   NOT LIMITED TO, PROCUREMENT OF SUBSTITUTE GOODS OR SERVICES; 
  31:Drivers/u8glib/src/u8g_pb16v2.c ****   LOSS OF USE, DATA, OR PROFITS; OR BUSINESS INTERRUPTION) HOWEVER 
  32:Drivers/u8glib/src/u8g_pb16v2.c ****   CAUSED AND ON ANY THEORY OF LIABILITY, WHETHER IN CONTRACT, 
  33:Drivers/u8glib/src/u8g_pb16v2.c ****   STRICT LIABILITY, OR TORT (INCLUDING NEGLIGENCE OR OTHERWISE) 
ARM GAS  /tmp/cc8phZBM.s 			page 2


  34:Drivers/u8glib/src/u8g_pb16v2.c ****   ARISING IN ANY WAY OUT OF THE USE OF THIS SOFTWARE, EVEN IF 
  35:Drivers/u8glib/src/u8g_pb16v2.c ****   ADVISED OF THE POSSIBILITY OF SUCH DAMAGE.  
  36:Drivers/u8glib/src/u8g_pb16v2.c ****   
  37:Drivers/u8glib/src/u8g_pb16v2.c **** 
  38:Drivers/u8glib/src/u8g_pb16v2.c **** */
  39:Drivers/u8glib/src/u8g_pb16v2.c **** 
  40:Drivers/u8glib/src/u8g_pb16v2.c **** #include "u8g.h"
  41:Drivers/u8glib/src/u8g_pb16v2.c **** #include <string.h>
  42:Drivers/u8glib/src/u8g_pb16v2.c **** 
  43:Drivers/u8glib/src/u8g_pb16v2.c **** 
  44:Drivers/u8glib/src/u8g_pb16v2.c **** void u8g_pb16v2_Clear(u8g_pb_t *b)
  45:Drivers/u8glib/src/u8g_pb16v2.c **** {
  26              		.loc 1 45 0
  27              		.cfi_startproc
  28 0000 80B5     		push	{r7, lr}
  29              	.LCFI0:
  30              		.cfi_def_cfa_offset 8
  31              		.cfi_offset 7, -8
  32              		.cfi_offset 14, -4
  33 0002 84B0     		sub	sp, sp, #16
  34              	.LCFI1:
  35              		.cfi_def_cfa_offset 24
  36 0004 00AF     		add	r7, sp, #0
  37              	.LCFI2:
  38              		.cfi_def_cfa_register 7
  39 0006 7860     		str	r0, [r7, #4]
  46:Drivers/u8glib/src/u8g_pb16v2.c ****   uint8_t *ptr = (uint8_t *)b->buf;
  40              		.loc 1 46 0
  41 0008 7B68     		ldr	r3, [r7, #4]
  42 000a 9B68     		ldr	r3, [r3, #8]
  43 000c FB60     		str	r3, [r7, #12]
  47:Drivers/u8glib/src/u8g_pb16v2.c ****   uint8_t *end_ptr = ptr;
  44              		.loc 1 47 0
  45 000e FB68     		ldr	r3, [r7, #12]
  46 0010 BB60     		str	r3, [r7, #8]
  48:Drivers/u8glib/src/u8g_pb16v2.c ****   
  49:Drivers/u8glib/src/u8g_pb16v2.c ****   /* two bits per pixel, 16 bits height --> 8 pixel --> 4 pixel per byte */
  50:Drivers/u8glib/src/u8g_pb16v2.c ****   end_ptr += b->width;
  47              		.loc 1 50 0
  48 0012 7B68     		ldr	r3, [r7, #4]
  49 0014 5B79     		ldrb	r3, [r3, #5]
  50 0016 1A00     		movs	r2, r3
  51 0018 BB68     		ldr	r3, [r7, #8]
  52 001a 9B18     		adds	r3, r3, r2
  53 001c BB60     		str	r3, [r7, #8]
  51:Drivers/u8glib/src/u8g_pb16v2.c ****   end_ptr += b->width;
  54              		.loc 1 51 0
  55 001e 7B68     		ldr	r3, [r7, #4]
  56 0020 5B79     		ldrb	r3, [r3, #5]
  57 0022 1A00     		movs	r2, r3
  58 0024 BB68     		ldr	r3, [r7, #8]
  59 0026 9B18     		adds	r3, r3, r2
  60 0028 BB60     		str	r3, [r7, #8]
  61              	.L2:
  52:Drivers/u8glib/src/u8g_pb16v2.c ****   
  53:Drivers/u8glib/src/u8g_pb16v2.c ****   do
  54:Drivers/u8glib/src/u8g_pb16v2.c ****   {
ARM GAS  /tmp/cc8phZBM.s 			page 3


  55:Drivers/u8glib/src/u8g_pb16v2.c ****     *ptr++ = 0;
  62              		.loc 1 55 0 discriminator 1
  63 002a FB68     		ldr	r3, [r7, #12]
  64 002c 5A1C     		adds	r2, r3, #1
  65 002e FA60     		str	r2, [r7, #12]
  66 0030 0022     		movs	r2, #0
  67 0032 1A70     		strb	r2, [r3]
  56:Drivers/u8glib/src/u8g_pb16v2.c ****   } while( ptr != end_ptr );
  68              		.loc 1 56 0 discriminator 1
  69 0034 FA68     		ldr	r2, [r7, #12]
  70 0036 BB68     		ldr	r3, [r7, #8]
  71 0038 9A42     		cmp	r2, r3
  72 003a F6D1     		bne	.L2
  57:Drivers/u8glib/src/u8g_pb16v2.c **** }
  73              		.loc 1 57 0
  74 003c C046     		nop
  75 003e BD46     		mov	sp, r7
  76 0040 04B0     		add	sp, sp, #16
  77              		@ sp needed
  78 0042 80BD     		pop	{r7, pc}
  79              		.cfi_endproc
  80              	.LFE0:
  82              		.section	.text.u8g_pb16v2Init,"ax",%progbits
  83              		.align	1
  84              		.global	u8g_pb16v2Init
  85              		.syntax unified
  86              		.code	16
  87              		.thumb_func
  88              		.fpu softvfp
  90              	u8g_pb16v2Init:
  91              	.LFB1:
  58:Drivers/u8glib/src/u8g_pb16v2.c **** 
  59:Drivers/u8glib/src/u8g_pb16v2.c **** void u8g_pb16v2Init(u8g_pb_t *b, void *buf, u8g_uint_t width)
  60:Drivers/u8glib/src/u8g_pb16v2.c **** {
  92              		.loc 1 60 0
  93              		.cfi_startproc
  94 0000 80B5     		push	{r7, lr}
  95              	.LCFI3:
  96              		.cfi_def_cfa_offset 8
  97              		.cfi_offset 7, -8
  98              		.cfi_offset 14, -4
  99 0002 84B0     		sub	sp, sp, #16
 100              	.LCFI4:
 101              		.cfi_def_cfa_offset 24
 102 0004 00AF     		add	r7, sp, #0
 103              	.LCFI5:
 104              		.cfi_def_cfa_register 7
 105 0006 F860     		str	r0, [r7, #12]
 106 0008 B960     		str	r1, [r7, #8]
 107 000a FB1D     		adds	r3, r7, #7
 108 000c 1A70     		strb	r2, [r3]
  61:Drivers/u8glib/src/u8g_pb16v2.c ****   b->buf = buf;
 109              		.loc 1 61 0
 110 000e FB68     		ldr	r3, [r7, #12]
 111 0010 BA68     		ldr	r2, [r7, #8]
 112 0012 9A60     		str	r2, [r3, #8]
  62:Drivers/u8glib/src/u8g_pb16v2.c ****   b->width = width;
ARM GAS  /tmp/cc8phZBM.s 			page 4


 113              		.loc 1 62 0
 114 0014 FB68     		ldr	r3, [r7, #12]
 115 0016 FA1D     		adds	r2, r7, #7
 116 0018 1278     		ldrb	r2, [r2]
 117 001a 5A71     		strb	r2, [r3, #5]
  63:Drivers/u8glib/src/u8g_pb16v2.c ****   u8g_pb16v2_Clear(b);
 118              		.loc 1 63 0
 119 001c FB68     		ldr	r3, [r7, #12]
 120 001e 1800     		movs	r0, r3
 121 0020 FFF7FEFF 		bl	u8g_pb16v2_Clear
  64:Drivers/u8glib/src/u8g_pb16v2.c **** }
 122              		.loc 1 64 0
 123 0024 C046     		nop
 124 0026 BD46     		mov	sp, r7
 125 0028 04B0     		add	sp, sp, #16
 126              		@ sp needed
 127 002a 80BD     		pop	{r7, pc}
 128              		.cfi_endproc
 129              	.LFE1:
 131              		.section	.text.u8g_pb16v2_set_pixel,"ax",%progbits
 132              		.align	1
 133              		.global	u8g_pb16v2_set_pixel
 134              		.syntax unified
 135              		.code	16
 136              		.thumb_func
 137              		.fpu softvfp
 139              	u8g_pb16v2_set_pixel:
 140              	.LFB2:
  65:Drivers/u8glib/src/u8g_pb16v2.c **** 
  66:Drivers/u8glib/src/u8g_pb16v2.c **** void u8g_pb16v2_set_pixel(u8g_pb_t *b, u8g_uint_t x, u8g_uint_t y, uint8_t color_index)
  67:Drivers/u8glib/src/u8g_pb16v2.c **** {
 141              		.loc 1 67 0
 142              		.cfi_startproc
 143 0000 90B5     		push	{r4, r7, lr}
 144              	.LCFI6:
 145              		.cfi_def_cfa_offset 12
 146              		.cfi_offset 4, -12
 147              		.cfi_offset 7, -8
 148              		.cfi_offset 14, -4
 149 0002 85B0     		sub	sp, sp, #20
 150              	.LCFI7:
 151              		.cfi_def_cfa_offset 32
 152 0004 00AF     		add	r7, sp, #0
 153              	.LCFI8:
 154              		.cfi_def_cfa_register 7
 155 0006 7860     		str	r0, [r7, #4]
 156 0008 0C00     		movs	r4, r1
 157 000a 1000     		movs	r0, r2
 158 000c 1900     		movs	r1, r3
 159 000e FB1C     		adds	r3, r7, #3
 160 0010 221C     		adds	r2, r4, #0
 161 0012 1A70     		strb	r2, [r3]
 162 0014 BB1C     		adds	r3, r7, #2
 163 0016 021C     		adds	r2, r0, #0
 164 0018 1A70     		strb	r2, [r3]
 165 001a 7B1C     		adds	r3, r7, #1
 166 001c 0A1C     		adds	r2, r1, #0
ARM GAS  /tmp/cc8phZBM.s 			page 5


 167 001e 1A70     		strb	r2, [r3]
  68:Drivers/u8glib/src/u8g_pb16v2.c ****   register uint8_t mask;
  69:Drivers/u8glib/src/u8g_pb16v2.c ****   uint8_t *ptr = b->buf;
 168              		.loc 1 69 0
 169 0020 7B68     		ldr	r3, [r7, #4]
 170 0022 9B68     		ldr	r3, [r3, #8]
 171 0024 FB60     		str	r3, [r7, #12]
  70:Drivers/u8glib/src/u8g_pb16v2.c ****   y -= b->p.page_y0;
 172              		.loc 1 70 0
 173 0026 7B68     		ldr	r3, [r7, #4]
 174 0028 9A78     		ldrb	r2, [r3, #2]
 175 002a BB1C     		adds	r3, r7, #2
 176 002c B91C     		adds	r1, r7, #2
 177 002e 0978     		ldrb	r1, [r1]
 178 0030 8A1A     		subs	r2, r1, r2
 179 0032 1A70     		strb	r2, [r3]
  71:Drivers/u8glib/src/u8g_pb16v2.c ****   if ( y >= 4 )
 180              		.loc 1 71 0
 181 0034 BB1C     		adds	r3, r7, #2
 182 0036 1B78     		ldrb	r3, [r3]
 183 0038 032B     		cmp	r3, #3
 184 003a 05D9     		bls	.L5
  72:Drivers/u8glib/src/u8g_pb16v2.c ****   {
  73:Drivers/u8glib/src/u8g_pb16v2.c ****     ptr += b->width;
 185              		.loc 1 73 0
 186 003c 7B68     		ldr	r3, [r7, #4]
 187 003e 5B79     		ldrb	r3, [r3, #5]
 188 0040 1A00     		movs	r2, r3
 189 0042 FB68     		ldr	r3, [r7, #12]
 190 0044 9B18     		adds	r3, r3, r2
 191 0046 FB60     		str	r3, [r7, #12]
 192              	.L5:
  74:Drivers/u8glib/src/u8g_pb16v2.c ****   }
  75:Drivers/u8glib/src/u8g_pb16v2.c ****   mask = 0x03;
 193              		.loc 1 75 0
 194 0048 0324     		movs	r4, #3
  76:Drivers/u8glib/src/u8g_pb16v2.c ****   y &= 0x03;
 195              		.loc 1 76 0
 196 004a BB1C     		adds	r3, r7, #2
 197 004c BA1C     		adds	r2, r7, #2
 198 004e 1278     		ldrb	r2, [r2]
 199 0050 0321     		movs	r1, #3
 200 0052 0A40     		ands	r2, r1
 201 0054 1A70     		strb	r2, [r3]
  77:Drivers/u8glib/src/u8g_pb16v2.c ****   y <<= 1;
 202              		.loc 1 77 0
 203 0056 BA1C     		adds	r2, r7, #2
 204 0058 BB1C     		adds	r3, r7, #2
 205 005a 1B78     		ldrb	r3, [r3]
 206 005c DB18     		adds	r3, r3, r3
 207 005e 1370     		strb	r3, [r2]
  78:Drivers/u8glib/src/u8g_pb16v2.c ****   mask <<= y;
 208              		.loc 1 78 0
 209 0060 2200     		movs	r2, r4
 210 0062 BB1C     		adds	r3, r7, #2
 211 0064 1B78     		ldrb	r3, [r3]
 212 0066 9A40     		lsls	r2, r2, r3
ARM GAS  /tmp/cc8phZBM.s 			page 6


 213 0068 1300     		movs	r3, r2
 214 006a DCB2     		uxtb	r4, r3
  79:Drivers/u8glib/src/u8g_pb16v2.c ****   mask ^=0xff;
 215              		.loc 1 79 0
 216 006c E343     		mvns	r3, r4
 217 006e DCB2     		uxtb	r4, r3
  80:Drivers/u8glib/src/u8g_pb16v2.c ****   color_index &= 3;
 218              		.loc 1 80 0
 219 0070 7B1C     		adds	r3, r7, #1
 220 0072 7A1C     		adds	r2, r7, #1
 221 0074 1278     		ldrb	r2, [r2]
 222 0076 0321     		movs	r1, #3
 223 0078 0A40     		ands	r2, r1
 224 007a 1A70     		strb	r2, [r3]
  81:Drivers/u8glib/src/u8g_pb16v2.c ****   color_index <<= y;
 225              		.loc 1 81 0
 226 007c 7B1C     		adds	r3, r7, #1
 227 007e 1A78     		ldrb	r2, [r3]
 228 0080 BB1C     		adds	r3, r7, #2
 229 0082 1B78     		ldrb	r3, [r3]
 230 0084 9A40     		lsls	r2, r2, r3
 231 0086 7B1C     		adds	r3, r7, #1
 232 0088 1A70     		strb	r2, [r3]
  82:Drivers/u8glib/src/u8g_pb16v2.c ****   ptr += x;
 233              		.loc 1 82 0
 234 008a FB1C     		adds	r3, r7, #3
 235 008c 1B78     		ldrb	r3, [r3]
 236 008e FA68     		ldr	r2, [r7, #12]
 237 0090 D318     		adds	r3, r2, r3
 238 0092 FB60     		str	r3, [r7, #12]
  83:Drivers/u8glib/src/u8g_pb16v2.c ****   *ptr &= mask;
 239              		.loc 1 83 0
 240 0094 FB68     		ldr	r3, [r7, #12]
 241 0096 1B78     		ldrb	r3, [r3]
 242 0098 2340     		ands	r3, r4
 243 009a DAB2     		uxtb	r2, r3
 244 009c FB68     		ldr	r3, [r7, #12]
 245 009e 1A70     		strb	r2, [r3]
  84:Drivers/u8glib/src/u8g_pb16v2.c ****   *ptr |= color_index;
 246              		.loc 1 84 0
 247 00a0 FB68     		ldr	r3, [r7, #12]
 248 00a2 1A78     		ldrb	r2, [r3]
 249 00a4 7B1C     		adds	r3, r7, #1
 250 00a6 1B78     		ldrb	r3, [r3]
 251 00a8 1343     		orrs	r3, r2
 252 00aa DAB2     		uxtb	r2, r3
 253 00ac FB68     		ldr	r3, [r7, #12]
 254 00ae 1A70     		strb	r2, [r3]
  85:Drivers/u8glib/src/u8g_pb16v2.c **** }
 255              		.loc 1 85 0
 256 00b0 C046     		nop
 257 00b2 BD46     		mov	sp, r7
 258 00b4 05B0     		add	sp, sp, #20
 259              		@ sp needed
 260 00b6 90BD     		pop	{r4, r7, pc}
 261              		.cfi_endproc
 262              	.LFE2:
ARM GAS  /tmp/cc8phZBM.s 			page 7


 264              		.section	.text.u8g_pb16v2_SetPixel,"ax",%progbits
 265              		.align	1
 266              		.global	u8g_pb16v2_SetPixel
 267              		.syntax unified
 268              		.code	16
 269              		.thumb_func
 270              		.fpu softvfp
 272              	u8g_pb16v2_SetPixel:
 273              	.LFB3:
  86:Drivers/u8glib/src/u8g_pb16v2.c **** 
  87:Drivers/u8glib/src/u8g_pb16v2.c **** 
  88:Drivers/u8glib/src/u8g_pb16v2.c **** void u8g_pb16v2_SetPixel(u8g_pb_t *b, const u8g_dev_arg_pixel_t * const arg_pixel)
  89:Drivers/u8glib/src/u8g_pb16v2.c **** {
 274              		.loc 1 89 0
 275              		.cfi_startproc
 276 0000 80B5     		push	{r7, lr}
 277              	.LCFI9:
 278              		.cfi_def_cfa_offset 8
 279              		.cfi_offset 7, -8
 280              		.cfi_offset 14, -4
 281 0002 82B0     		sub	sp, sp, #8
 282              	.LCFI10:
 283              		.cfi_def_cfa_offset 16
 284 0004 00AF     		add	r7, sp, #0
 285              	.LCFI11:
 286              		.cfi_def_cfa_register 7
 287 0006 7860     		str	r0, [r7, #4]
 288 0008 3960     		str	r1, [r7]
  90:Drivers/u8glib/src/u8g_pb16v2.c ****   if ( arg_pixel->y < b->p.page_y0 )
 289              		.loc 1 90 0
 290 000a 3B68     		ldr	r3, [r7]
 291 000c 5A78     		ldrb	r2, [r3, #1]
 292 000e 7B68     		ldr	r3, [r7, #4]
 293 0010 9B78     		ldrb	r3, [r3, #2]
 294 0012 9A42     		cmp	r2, r3
 295 0014 15D3     		bcc	.L11
  91:Drivers/u8glib/src/u8g_pb16v2.c ****     return;
  92:Drivers/u8glib/src/u8g_pb16v2.c ****   if ( arg_pixel->y > b->p.page_y1 )
 296              		.loc 1 92 0
 297 0016 3B68     		ldr	r3, [r7]
 298 0018 5A78     		ldrb	r2, [r3, #1]
 299 001a 7B68     		ldr	r3, [r7, #4]
 300 001c DB78     		ldrb	r3, [r3, #3]
 301 001e 9A42     		cmp	r2, r3
 302 0020 11D8     		bhi	.L12
  93:Drivers/u8glib/src/u8g_pb16v2.c ****     return;
  94:Drivers/u8glib/src/u8g_pb16v2.c ****   if ( arg_pixel->x >= b->width )
 303              		.loc 1 94 0
 304 0022 3B68     		ldr	r3, [r7]
 305 0024 1A78     		ldrb	r2, [r3]
 306 0026 7B68     		ldr	r3, [r7, #4]
 307 0028 5B79     		ldrb	r3, [r3, #5]
 308 002a 9A42     		cmp	r2, r3
 309 002c 0DD2     		bcs	.L13
  95:Drivers/u8glib/src/u8g_pb16v2.c ****     return;
  96:Drivers/u8glib/src/u8g_pb16v2.c ****   u8g_pb16v2_set_pixel(b, arg_pixel->x, arg_pixel->y, arg_pixel->color);
 310              		.loc 1 96 0
ARM GAS  /tmp/cc8phZBM.s 			page 8


 311 002e 3B68     		ldr	r3, [r7]
 312 0030 1978     		ldrb	r1, [r3]
 313 0032 3B68     		ldr	r3, [r7]
 314 0034 5A78     		ldrb	r2, [r3, #1]
 315 0036 3B68     		ldr	r3, [r7]
 316 0038 1B79     		ldrb	r3, [r3, #4]
 317 003a 7868     		ldr	r0, [r7, #4]
 318 003c FFF7FEFF 		bl	u8g_pb16v2_set_pixel
 319 0040 04E0     		b	.L6
 320              	.L11:
  91:Drivers/u8glib/src/u8g_pb16v2.c ****   if ( arg_pixel->y > b->p.page_y1 )
 321              		.loc 1 91 0
 322 0042 C046     		nop
 323 0044 02E0     		b	.L6
 324              	.L12:
  93:Drivers/u8glib/src/u8g_pb16v2.c ****     return;
 325              		.loc 1 93 0
 326 0046 C046     		nop
 327 0048 00E0     		b	.L6
 328              	.L13:
  95:Drivers/u8glib/src/u8g_pb16v2.c ****     return;
 329              		.loc 1 95 0
 330 004a C046     		nop
 331              	.L6:
  97:Drivers/u8glib/src/u8g_pb16v2.c **** }
 332              		.loc 1 97 0
 333 004c BD46     		mov	sp, r7
 334 004e 02B0     		add	sp, sp, #8
 335              		@ sp needed
 336 0050 80BD     		pop	{r7, pc}
 337              		.cfi_endproc
 338              	.LFE3:
 340              		.section	.text.u8g_pb16v2_Set8PixelStd,"ax",%progbits
 341              		.align	1
 342              		.global	u8g_pb16v2_Set8PixelStd
 343              		.syntax unified
 344              		.code	16
 345              		.thumb_func
 346              		.fpu softvfp
 348              	u8g_pb16v2_Set8PixelStd:
 349              	.LFB4:
  98:Drivers/u8glib/src/u8g_pb16v2.c **** 
  99:Drivers/u8glib/src/u8g_pb16v2.c **** 
 100:Drivers/u8glib/src/u8g_pb16v2.c **** void u8g_pb16v2_Set8PixelStd(u8g_pb_t *b, u8g_dev_arg_pixel_t *arg_pixel)
 101:Drivers/u8glib/src/u8g_pb16v2.c **** {
 350              		.loc 1 101 0
 351              		.cfi_startproc
 352 0000 90B5     		push	{r4, r7, lr}
 353              	.LCFI12:
 354              		.cfi_def_cfa_offset 12
 355              		.cfi_offset 4, -12
 356              		.cfi_offset 7, -8
 357              		.cfi_offset 14, -4
 358 0002 83B0     		sub	sp, sp, #12
 359              	.LCFI13:
 360              		.cfi_def_cfa_offset 24
 361 0004 00AF     		add	r7, sp, #0
ARM GAS  /tmp/cc8phZBM.s 			page 9


 362              	.LCFI14:
 363              		.cfi_def_cfa_register 7
 364 0006 7860     		str	r0, [r7, #4]
 365 0008 3960     		str	r1, [r7]
 102:Drivers/u8glib/src/u8g_pb16v2.c ****   register uint8_t pixel = arg_pixel->pixel;
 366              		.loc 1 102 0
 367 000a 3B68     		ldr	r3, [r7]
 368 000c 9C78     		ldrb	r4, [r3, #2]
 369              	.L22:
 103:Drivers/u8glib/src/u8g_pb16v2.c ****   do
 104:Drivers/u8glib/src/u8g_pb16v2.c ****   {
 105:Drivers/u8glib/src/u8g_pb16v2.c ****     if ( pixel & 128 )
 370              		.loc 1 105 0
 371 000e 63B2     		sxtb	r3, r4
 372 0010 002B     		cmp	r3, #0
 373 0012 05DA     		bge	.L15
 106:Drivers/u8glib/src/u8g_pb16v2.c ****     {
 107:Drivers/u8glib/src/u8g_pb16v2.c ****       u8g_pb16v2_SetPixel(b, arg_pixel);
 374              		.loc 1 107 0
 375 0014 3A68     		ldr	r2, [r7]
 376 0016 7B68     		ldr	r3, [r7, #4]
 377 0018 1100     		movs	r1, r2
 378 001a 1800     		movs	r0, r3
 379 001c FFF7FEFF 		bl	u8g_pb16v2_SetPixel
 380              	.L15:
 108:Drivers/u8glib/src/u8g_pb16v2.c ****     }
 109:Drivers/u8glib/src/u8g_pb16v2.c ****     switch( arg_pixel->dir )
 381              		.loc 1 109 0
 382 0020 3B68     		ldr	r3, [r7]
 383 0022 DB78     		ldrb	r3, [r3, #3]
 384 0024 012B     		cmp	r3, #1
 385 0026 0FD0     		beq	.L17
 386 0028 02DC     		bgt	.L18
 387 002a 002B     		cmp	r3, #0
 388 002c 05D0     		beq	.L19
 389 002e 20E0     		b	.L16
 390              	.L18:
 391 0030 022B     		cmp	r3, #2
 392 0032 10D0     		beq	.L20
 393 0034 032B     		cmp	r3, #3
 394 0036 15D0     		beq	.L21
 395 0038 1BE0     		b	.L16
 396              	.L19:
 110:Drivers/u8glib/src/u8g_pb16v2.c ****     {
 111:Drivers/u8glib/src/u8g_pb16v2.c ****       case 0: arg_pixel->x++; break;
 397              		.loc 1 111 0
 398 003a 3B68     		ldr	r3, [r7]
 399 003c 1B78     		ldrb	r3, [r3]
 400 003e 0133     		adds	r3, r3, #1
 401 0040 DAB2     		uxtb	r2, r3
 402 0042 3B68     		ldr	r3, [r7]
 403 0044 1A70     		strb	r2, [r3]
 404 0046 14E0     		b	.L16
 405              	.L17:
 112:Drivers/u8glib/src/u8g_pb16v2.c ****       case 1: arg_pixel->y++; break;
 406              		.loc 1 112 0
 407 0048 3B68     		ldr	r3, [r7]
ARM GAS  /tmp/cc8phZBM.s 			page 10


 408 004a 5B78     		ldrb	r3, [r3, #1]
 409 004c 0133     		adds	r3, r3, #1
 410 004e DAB2     		uxtb	r2, r3
 411 0050 3B68     		ldr	r3, [r7]
 412 0052 5A70     		strb	r2, [r3, #1]
 413 0054 0DE0     		b	.L16
 414              	.L20:
 113:Drivers/u8glib/src/u8g_pb16v2.c ****       case 2: arg_pixel->x--; break;
 415              		.loc 1 113 0
 416 0056 3B68     		ldr	r3, [r7]
 417 0058 1B78     		ldrb	r3, [r3]
 418 005a 013B     		subs	r3, r3, #1
 419 005c DAB2     		uxtb	r2, r3
 420 005e 3B68     		ldr	r3, [r7]
 421 0060 1A70     		strb	r2, [r3]
 422 0062 06E0     		b	.L16
 423              	.L21:
 114:Drivers/u8glib/src/u8g_pb16v2.c ****       case 3: arg_pixel->y--; break;
 424              		.loc 1 114 0
 425 0064 3B68     		ldr	r3, [r7]
 426 0066 5B78     		ldrb	r3, [r3, #1]
 427 0068 013B     		subs	r3, r3, #1
 428 006a DAB2     		uxtb	r2, r3
 429 006c 3B68     		ldr	r3, [r7]
 430 006e 5A70     		strb	r2, [r3, #1]
 431 0070 C046     		nop
 432              	.L16:
 115:Drivers/u8glib/src/u8g_pb16v2.c ****     }
 116:Drivers/u8glib/src/u8g_pb16v2.c ****     pixel <<= 1;
 433              		.loc 1 116 0
 434 0072 231C     		adds	r3, r4, #0
 435 0074 DB18     		adds	r3, r3, r3
 436 0076 DCB2     		uxtb	r4, r3
 117:Drivers/u8glib/src/u8g_pb16v2.c ****   } while( pixel != 0  );
 437              		.loc 1 117 0
 438 0078 002C     		cmp	r4, #0
 439 007a C8D1     		bne	.L22
 118:Drivers/u8glib/src/u8g_pb16v2.c **** }
 440              		.loc 1 118 0
 441 007c C046     		nop
 442 007e BD46     		mov	sp, r7
 443 0080 03B0     		add	sp, sp, #12
 444              		@ sp needed
 445 0082 90BD     		pop	{r4, r7, pc}
 446              		.cfi_endproc
 447              	.LFE4:
 449              		.section	.text.u8g_dev_pb16v2_base_fn,"ax",%progbits
 450              		.align	1
 451              		.global	u8g_dev_pb16v2_base_fn
 452              		.syntax unified
 453              		.code	16
 454              		.thumb_func
 455              		.fpu softvfp
 457              	u8g_dev_pb16v2_base_fn:
 458              	.LFB5:
 119:Drivers/u8glib/src/u8g_pb16v2.c **** 
 120:Drivers/u8glib/src/u8g_pb16v2.c **** 
ARM GAS  /tmp/cc8phZBM.s 			page 11


 121:Drivers/u8glib/src/u8g_pb16v2.c **** 
 122:Drivers/u8glib/src/u8g_pb16v2.c **** uint8_t u8g_dev_pb16v2_base_fn(u8g_t *u8g, u8g_dev_t *dev, uint8_t msg, void *arg)
 123:Drivers/u8glib/src/u8g_pb16v2.c **** {
 459              		.loc 1 123 0
 460              		.cfi_startproc
 461 0000 80B5     		push	{r7, lr}
 462              	.LCFI15:
 463              		.cfi_def_cfa_offset 8
 464              		.cfi_offset 7, -8
 465              		.cfi_offset 14, -4
 466 0002 86B0     		sub	sp, sp, #24
 467              	.LCFI16:
 468              		.cfi_def_cfa_offset 32
 469 0004 00AF     		add	r7, sp, #0
 470              	.LCFI17:
 471              		.cfi_def_cfa_register 7
 472 0006 F860     		str	r0, [r7, #12]
 473 0008 B960     		str	r1, [r7, #8]
 474 000a 3B60     		str	r3, [r7]
 475 000c FB1D     		adds	r3, r7, #7
 476 000e 1A70     		strb	r2, [r3]
 124:Drivers/u8glib/src/u8g_pb16v2.c ****   u8g_pb_t *pb = (u8g_pb_t *)(dev->dev_mem);
 477              		.loc 1 124 0
 478 0010 BB68     		ldr	r3, [r7, #8]
 479 0012 5B68     		ldr	r3, [r3, #4]
 480 0014 7B61     		str	r3, [r7, #20]
 125:Drivers/u8glib/src/u8g_pb16v2.c ****   switch(msg)
 481              		.loc 1 125 0
 482 0016 FB1D     		adds	r3, r7, #7
 483 0018 1B78     		ldrb	r3, [r3]
 484 001a 0A3B     		subs	r3, r3, #10
 485 001c 3E2B     		cmp	r3, #62
 486 001e 44D8     		bhi	.L24
 487 0020 9A00     		lsls	r2, r3, #2
 488 0022 244B     		ldr	r3, .L42
 489 0024 D318     		adds	r3, r2, r3
 490 0026 1B68     		ldr	r3, [r3]
 491 0028 9F46     		mov	pc, r3
 492              		.section	.rodata.u8g_dev_pb16v2_base_fn,"a",%progbits
 493              		.align	2
 494              	.L26:
 495 0000 AA000000 		.word	.L24
 496 0004 AA000000 		.word	.L24
 497 0008 AA000000 		.word	.L24
 498 000c AA000000 		.word	.L24
 499 0010 AA000000 		.word	.L24
 500 0014 AA000000 		.word	.L24
 501 0018 AA000000 		.word	.L24
 502 001c AA000000 		.word	.L24
 503 0020 AA000000 		.word	.L24
 504 0024 AA000000 		.word	.L24
 505 0028 56000000 		.word	.L28
 506 002c 68000000 		.word	.L29
 507 0030 AA000000 		.word	.L24
 508 0034 82000000 		.word	.L30
 509 0038 AA000000 		.word	.L24
 510 003c AA000000 		.word	.L24
ARM GAS  /tmp/cc8phZBM.s 			page 12


 511 0040 AA000000 		.word	.L24
 512 0044 AA000000 		.word	.L24
 513 0048 AA000000 		.word	.L24
 514 004c AA000000 		.word	.L24
 515 0050 AA000000 		.word	.L24
 516 0054 AA000000 		.word	.L24
 517 0058 AA000000 		.word	.L24
 518 005c AA000000 		.word	.L24
 519 0060 AA000000 		.word	.L24
 520 0064 AA000000 		.word	.L24
 521 0068 AA000000 		.word	.L24
 522 006c AA000000 		.word	.L24
 523 0070 AA000000 		.word	.L24
 524 0074 AA000000 		.word	.L24
 525 0078 AA000000 		.word	.L24
 526 007c AA000000 		.word	.L24
 527 0080 AA000000 		.word	.L24
 528 0084 AA000000 		.word	.L24
 529 0088 AA000000 		.word	.L24
 530 008c AA000000 		.word	.L24
 531 0090 AA000000 		.word	.L24
 532 0094 AA000000 		.word	.L24
 533 0098 AA000000 		.word	.L24
 534 009c AA000000 		.word	.L24
 535 00a0 48000000 		.word	.L31
 536 00a4 AA000000 		.word	.L24
 537 00a8 AA000000 		.word	.L24
 538 00ac AA000000 		.word	.L24
 539 00b0 AA000000 		.word	.L24
 540 00b4 AA000000 		.word	.L24
 541 00b8 AA000000 		.word	.L24
 542 00bc AA000000 		.word	.L24
 543 00c0 AA000000 		.word	.L24
 544 00c4 2A000000 		.word	.L32
 545 00c8 AA000000 		.word	.L24
 546 00cc AA000000 		.word	.L24
 547 00d0 AA000000 		.word	.L24
 548 00d4 AA000000 		.word	.L24
 549 00d8 AA000000 		.word	.L24
 550 00dc AA000000 		.word	.L24
 551 00e0 AA000000 		.word	.L24
 552 00e4 AA000000 		.word	.L24
 553 00e8 AA000000 		.word	.L24
 554 00ec AA000000 		.word	.L24
 555 00f0 90000000 		.word	.L35
 556 00f4 9A000000 		.word	.L36
 557 00f8 A4000000 		.word	.L37
 558              		.section	.text.u8g_dev_pb16v2_base_fn
 559              	.L32:
 126:Drivers/u8glib/src/u8g_pb16v2.c ****   {
 127:Drivers/u8glib/src/u8g_pb16v2.c ****     case U8G_DEV_MSG_SET_8PIXEL:
 128:Drivers/u8glib/src/u8g_pb16v2.c ****       if ( u8g_pb_Is8PixelVisible(pb, (u8g_dev_arg_pixel_t *)arg) )
 560              		.loc 1 128 0
 561 002a 3A68     		ldr	r2, [r7]
 562 002c 7B69     		ldr	r3, [r7, #20]
 563 002e 1100     		movs	r1, r2
 564 0030 1800     		movs	r0, r3
ARM GAS  /tmp/cc8phZBM.s 			page 13


 565 0032 FFF7FEFF 		bl	u8g_pb_Is8PixelVisible
 566 0036 031E     		subs	r3, r0, #0
 567 0038 36D0     		beq	.L41
 129:Drivers/u8glib/src/u8g_pb16v2.c ****       {
 130:Drivers/u8glib/src/u8g_pb16v2.c ****         u8g_pb16v2_Set8PixelStd(pb, (u8g_dev_arg_pixel_t *)arg);
 568              		.loc 1 130 0
 569 003a 3A68     		ldr	r2, [r7]
 570 003c 7B69     		ldr	r3, [r7, #20]
 571 003e 1100     		movs	r1, r2
 572 0040 1800     		movs	r0, r3
 573 0042 FFF7FEFF 		bl	u8g_pb16v2_Set8PixelStd
 131:Drivers/u8glib/src/u8g_pb16v2.c ****       }
 132:Drivers/u8glib/src/u8g_pb16v2.c ****       break;
 574              		.loc 1 132 0
 575 0046 2FE0     		b	.L41
 576              	.L31:
 133:Drivers/u8glib/src/u8g_pb16v2.c ****     case U8G_DEV_MSG_SET_PIXEL:
 134:Drivers/u8glib/src/u8g_pb16v2.c ****       u8g_pb16v2_SetPixel(pb, (u8g_dev_arg_pixel_t *)arg);
 577              		.loc 1 134 0
 578 0048 3A68     		ldr	r2, [r7]
 579 004a 7B69     		ldr	r3, [r7, #20]
 580 004c 1100     		movs	r1, r2
 581 004e 1800     		movs	r0, r3
 582 0050 FFF7FEFF 		bl	u8g_pb16v2_SetPixel
 135:Drivers/u8glib/src/u8g_pb16v2.c ****       break;
 583              		.loc 1 135 0
 584 0054 29E0     		b	.L24
 585              	.L28:
 136:Drivers/u8glib/src/u8g_pb16v2.c ****     case U8G_DEV_MSG_INIT:
 137:Drivers/u8glib/src/u8g_pb16v2.c ****       break;
 138:Drivers/u8glib/src/u8g_pb16v2.c ****     case U8G_DEV_MSG_STOP:
 139:Drivers/u8glib/src/u8g_pb16v2.c ****       break;
 140:Drivers/u8glib/src/u8g_pb16v2.c ****     case U8G_DEV_MSG_PAGE_FIRST:
 141:Drivers/u8glib/src/u8g_pb16v2.c ****       u8g_pb16v2_Clear(pb);
 586              		.loc 1 141 0
 587 0056 7B69     		ldr	r3, [r7, #20]
 588 0058 1800     		movs	r0, r3
 589 005a FFF7FEFF 		bl	u8g_pb16v2_Clear
 142:Drivers/u8glib/src/u8g_pb16v2.c ****       u8g_page_First(&(pb->p));
 590              		.loc 1 142 0
 591 005e 7B69     		ldr	r3, [r7, #20]
 592 0060 1800     		movs	r0, r3
 593 0062 FFF7FEFF 		bl	u8g_page_First
 143:Drivers/u8glib/src/u8g_pb16v2.c ****       break;
 594              		.loc 1 143 0
 595 0066 20E0     		b	.L24
 596              	.L29:
 144:Drivers/u8glib/src/u8g_pb16v2.c ****     case U8G_DEV_MSG_PAGE_NEXT:
 145:Drivers/u8glib/src/u8g_pb16v2.c ****       if ( u8g_page_Next(&(pb->p)) == 0 )
 597              		.loc 1 145 0
 598 0068 7B69     		ldr	r3, [r7, #20]
 599 006a 1800     		movs	r0, r3
 600 006c FFF7FEFF 		bl	u8g_page_Next
 601 0070 031E     		subs	r3, r0, #0
 602 0072 01D1     		bne	.L39
 146:Drivers/u8glib/src/u8g_pb16v2.c ****         return 0;
 603              		.loc 1 146 0
ARM GAS  /tmp/cc8phZBM.s 			page 14


 604 0074 0023     		movs	r3, #0
 605 0076 19E0     		b	.L40
 606              	.L39:
 147:Drivers/u8glib/src/u8g_pb16v2.c ****       u8g_pb16v2_Clear(pb);
 607              		.loc 1 147 0
 608 0078 7B69     		ldr	r3, [r7, #20]
 609 007a 1800     		movs	r0, r3
 610 007c FFF7FEFF 		bl	u8g_pb16v2_Clear
 148:Drivers/u8glib/src/u8g_pb16v2.c ****       break;
 611              		.loc 1 148 0
 612 0080 13E0     		b	.L24
 613              	.L30:
 149:Drivers/u8glib/src/u8g_pb16v2.c **** #ifdef U8G_DEV_MSG_IS_BBX_INTERSECTION
 150:Drivers/u8glib/src/u8g_pb16v2.c ****     case U8G_DEV_MSG_IS_BBX_INTERSECTION:
 151:Drivers/u8glib/src/u8g_pb16v2.c ****       return u8g_pb_IsIntersection(pb, (u8g_dev_arg_bbx_t *)arg);
 152:Drivers/u8glib/src/u8g_pb16v2.c **** #endif
 153:Drivers/u8glib/src/u8g_pb16v2.c ****     case U8G_DEV_MSG_GET_PAGE_BOX:
 154:Drivers/u8glib/src/u8g_pb16v2.c ****       u8g_pb_GetPageBox(pb, (u8g_box_t *)arg);
 614              		.loc 1 154 0
 615 0082 3A68     		ldr	r2, [r7]
 616 0084 7B69     		ldr	r3, [r7, #20]
 617 0086 1100     		movs	r1, r2
 618 0088 1800     		movs	r0, r3
 619 008a FFF7FEFF 		bl	u8g_pb_GetPageBox
 155:Drivers/u8glib/src/u8g_pb16v2.c ****       break;
 620              		.loc 1 155 0
 621 008e 0CE0     		b	.L24
 622              	.L35:
 156:Drivers/u8glib/src/u8g_pb16v2.c ****     case U8G_DEV_MSG_GET_WIDTH:
 157:Drivers/u8glib/src/u8g_pb16v2.c ****       *((u8g_uint_t *)arg) = pb->width;
 623              		.loc 1 157 0
 624 0090 7B69     		ldr	r3, [r7, #20]
 625 0092 5A79     		ldrb	r2, [r3, #5]
 626 0094 3B68     		ldr	r3, [r7]
 627 0096 1A70     		strb	r2, [r3]
 158:Drivers/u8glib/src/u8g_pb16v2.c ****       break;
 628              		.loc 1 158 0
 629 0098 07E0     		b	.L24
 630              	.L36:
 159:Drivers/u8glib/src/u8g_pb16v2.c ****     case U8G_DEV_MSG_GET_HEIGHT:
 160:Drivers/u8glib/src/u8g_pb16v2.c ****       *((u8g_uint_t *)arg) = pb->p.total_height;
 631              		.loc 1 160 0
 632 009a 7B69     		ldr	r3, [r7, #20]
 633 009c 5A78     		ldrb	r2, [r3, #1]
 634 009e 3B68     		ldr	r3, [r7]
 635 00a0 1A70     		strb	r2, [r3]
 161:Drivers/u8glib/src/u8g_pb16v2.c ****       break;
 636              		.loc 1 161 0
 637 00a2 02E0     		b	.L24
 638              	.L37:
 162:Drivers/u8glib/src/u8g_pb16v2.c ****     case U8G_DEV_MSG_SET_COLOR_ENTRY:
 163:Drivers/u8glib/src/u8g_pb16v2.c ****       break;
 164:Drivers/u8glib/src/u8g_pb16v2.c ****     case U8G_DEV_MSG_SET_XY_CB:
 165:Drivers/u8glib/src/u8g_pb16v2.c ****       break;
 166:Drivers/u8glib/src/u8g_pb16v2.c ****     case U8G_DEV_MSG_GET_MODE:
 167:Drivers/u8glib/src/u8g_pb16v2.c ****       return U8G_MODE_GRAY2BIT;
 639              		.loc 1 167 0
ARM GAS  /tmp/cc8phZBM.s 			page 15


 640 00a4 0223     		movs	r3, #2
 641 00a6 01E0     		b	.L40
 642              	.L41:
 132:Drivers/u8glib/src/u8g_pb16v2.c ****     case U8G_DEV_MSG_SET_PIXEL:
 643              		.loc 1 132 0
 644 00a8 C046     		nop
 645              	.L24:
 168:Drivers/u8glib/src/u8g_pb16v2.c ****   }
 169:Drivers/u8glib/src/u8g_pb16v2.c ****   return 1;
 646              		.loc 1 169 0
 647 00aa 0123     		movs	r3, #1
 648              	.L40:
 170:Drivers/u8glib/src/u8g_pb16v2.c **** }
 649              		.loc 1 170 0
 650 00ac 1800     		movs	r0, r3
 651 00ae BD46     		mov	sp, r7
 652 00b0 06B0     		add	sp, sp, #24
 653              		@ sp needed
 654 00b2 80BD     		pop	{r7, pc}
 655              	.L43:
 656              		.align	2
 657              	.L42:
 658 00b4 00000000 		.word	.L26
 659              		.cfi_endproc
 660              	.LFE5:
 662              		.text
 663              	.Letext0:
 664              		.file 2 "/usr/arm-none-eabi/include/machine/_default_types.h"
 665              		.file 3 "/usr/arm-none-eabi/include/sys/_stdint.h"
 666              		.file 4 "Drivers/u8glib/inc/u8g.h"
 667              		.file 5 "/usr/arm-none-eabi/include/sys/lock.h"
 668              		.file 6 "/usr/arm-none-eabi/include/sys/_types.h"
 669              		.file 7 "/usr/lib/gcc/arm-none-eabi/6.2.0/include/stddef.h"
 670              		.file 8 "/usr/arm-none-eabi/include/sys/reent.h"
ARM GAS  /tmp/cc8phZBM.s 			page 16


DEFINED SYMBOLS
                            *ABS*:0000000000000000 u8g_pb16v2.c
     /tmp/cc8phZBM.s:16     .text.u8g_pb16v2_Clear:0000000000000000 $t
     /tmp/cc8phZBM.s:23     .text.u8g_pb16v2_Clear:0000000000000000 u8g_pb16v2_Clear
     /tmp/cc8phZBM.s:83     .text.u8g_pb16v2Init:0000000000000000 $t
     /tmp/cc8phZBM.s:90     .text.u8g_pb16v2Init:0000000000000000 u8g_pb16v2Init
     /tmp/cc8phZBM.s:132    .text.u8g_pb16v2_set_pixel:0000000000000000 $t
     /tmp/cc8phZBM.s:139    .text.u8g_pb16v2_set_pixel:0000000000000000 u8g_pb16v2_set_pixel
     /tmp/cc8phZBM.s:265    .text.u8g_pb16v2_SetPixel:0000000000000000 $t
     /tmp/cc8phZBM.s:272    .text.u8g_pb16v2_SetPixel:0000000000000000 u8g_pb16v2_SetPixel
     /tmp/cc8phZBM.s:341    .text.u8g_pb16v2_Set8PixelStd:0000000000000000 $t
     /tmp/cc8phZBM.s:348    .text.u8g_pb16v2_Set8PixelStd:0000000000000000 u8g_pb16v2_Set8PixelStd
     /tmp/cc8phZBM.s:450    .text.u8g_dev_pb16v2_base_fn:0000000000000000 $t
     /tmp/cc8phZBM.s:457    .text.u8g_dev_pb16v2_base_fn:0000000000000000 u8g_dev_pb16v2_base_fn
     /tmp/cc8phZBM.s:493    .rodata.u8g_dev_pb16v2_base_fn:0000000000000000 $d
     /tmp/cc8phZBM.s:658    .text.u8g_dev_pb16v2_base_fn:00000000000000b4 $d
                     .debug_frame:0000000000000010 $d

UNDEFINED SYMBOLS
u8g_pb_Is8PixelVisible
u8g_page_First
u8g_page_Next
u8g_pb_GetPageBox
