ARM GAS  /tmp/cc20r90T.s 			page 1


   1              		.cpu cortex-m0
   2              		.eabi_attribute 20, 1
   3              		.eabi_attribute 21, 1
   4              		.eabi_attribute 23, 3
   5              		.eabi_attribute 24, 1
   6              		.eabi_attribute 25, 1
   7              		.eabi_attribute 26, 1
   8              		.eabi_attribute 30, 6
   9              		.eabi_attribute 34, 0
  10              		.eabi_attribute 18, 4
  11              		.file	"u8g_bitmap.c"
  12              		.text
  13              	.Ltext0:
  14              		.cfi_sections	.debug_frame
  15              		.section	.text.u8g_DrawHBitmap,"ax",%progbits
  16              		.align	1
  17              		.global	u8g_DrawHBitmap
  18              		.syntax unified
  19              		.code	16
  20              		.thumb_func
  21              		.fpu softvfp
  23              	u8g_DrawHBitmap:
  24              	.LFB0:
  25              		.file 1 "Drivers/u8glib/src/u8g_bitmap.c"
   1:Drivers/u8glib/src/u8g_bitmap.c **** /*
   2:Drivers/u8glib/src/u8g_bitmap.c **** 
   3:Drivers/u8glib/src/u8g_bitmap.c ****   u8g_bitmap.c
   4:Drivers/u8glib/src/u8g_bitmap.c **** 
   5:Drivers/u8glib/src/u8g_bitmap.c ****   Universal 8bit Graphics Library
   6:Drivers/u8glib/src/u8g_bitmap.c ****   
   7:Drivers/u8glib/src/u8g_bitmap.c ****   Copyright (c) 2011, olikraus@gmail.com
   8:Drivers/u8glib/src/u8g_bitmap.c ****   All rights reserved.
   9:Drivers/u8glib/src/u8g_bitmap.c **** 
  10:Drivers/u8glib/src/u8g_bitmap.c ****   Redistribution and use in source and binary forms, with or without modification, 
  11:Drivers/u8glib/src/u8g_bitmap.c ****   are permitted provided that the following conditions are met:
  12:Drivers/u8glib/src/u8g_bitmap.c **** 
  13:Drivers/u8glib/src/u8g_bitmap.c ****   * Redistributions of source code must retain the above copyright notice, this list 
  14:Drivers/u8glib/src/u8g_bitmap.c ****     of conditions and the following disclaimer.
  15:Drivers/u8glib/src/u8g_bitmap.c ****     
  16:Drivers/u8glib/src/u8g_bitmap.c ****   * Redistributions in binary form must reproduce the above copyright notice, this 
  17:Drivers/u8glib/src/u8g_bitmap.c ****     list of conditions and the following disclaimer in the documentation and/or other 
  18:Drivers/u8glib/src/u8g_bitmap.c ****     materials provided with the distribution.
  19:Drivers/u8glib/src/u8g_bitmap.c **** 
  20:Drivers/u8glib/src/u8g_bitmap.c ****   THIS SOFTWARE IS PROVIDED BY THE COPYRIGHT HOLDERS AND 
  21:Drivers/u8glib/src/u8g_bitmap.c ****   CONTRIBUTORS "AS IS" AND ANY EXPRESS OR IMPLIED WARRANTIES, 
  22:Drivers/u8glib/src/u8g_bitmap.c ****   INCLUDING, BUT NOT LIMITED TO, THE IMPLIED WARRANTIES OF 
  23:Drivers/u8glib/src/u8g_bitmap.c ****   MERCHANTABILITY AND FITNESS FOR A PARTICULAR PURPOSE ARE 
  24:Drivers/u8glib/src/u8g_bitmap.c ****   DISCLAIMED. IN NO EVENT SHALL THE COPYRIGHT HOLDER OR 
  25:Drivers/u8glib/src/u8g_bitmap.c ****   CONTRIBUTORS BE LIABLE FOR ANY DIRECT, INDIRECT, INCIDENTAL, 
  26:Drivers/u8glib/src/u8g_bitmap.c ****   SPECIAL, EXEMPLARY, OR CONSEQUENTIAL DAMAGES (INCLUDING, BUT 
  27:Drivers/u8glib/src/u8g_bitmap.c ****   NOT LIMITED TO, PROCUREMENT OF SUBSTITUTE GOODS OR SERVICES; 
  28:Drivers/u8glib/src/u8g_bitmap.c ****   LOSS OF USE, DATA, OR PROFITS; OR BUSINESS INTERRUPTION) HOWEVER 
  29:Drivers/u8glib/src/u8g_bitmap.c ****   CAUSED AND ON ANY THEORY OF LIABILITY, WHETHER IN CONTRACT, 
  30:Drivers/u8glib/src/u8g_bitmap.c ****   STRICT LIABILITY, OR TORT (INCLUDING NEGLIGENCE OR OTHERWISE) 
  31:Drivers/u8glib/src/u8g_bitmap.c ****   ARISING IN ANY WAY OUT OF THE USE OF THIS SOFTWARE, EVEN IF 
  32:Drivers/u8glib/src/u8g_bitmap.c ****   ADVISED OF THE POSSIBILITY OF SUCH DAMAGE.  
  33:Drivers/u8glib/src/u8g_bitmap.c ****   
ARM GAS  /tmp/cc20r90T.s 			page 2


  34:Drivers/u8glib/src/u8g_bitmap.c **** 
  35:Drivers/u8glib/src/u8g_bitmap.c **** */
  36:Drivers/u8glib/src/u8g_bitmap.c **** 
  37:Drivers/u8glib/src/u8g_bitmap.c **** #include "u8g.h"
  38:Drivers/u8glib/src/u8g_bitmap.c **** 
  39:Drivers/u8glib/src/u8g_bitmap.c **** void u8g_DrawHBitmap(u8g_t *u8g, u8g_uint_t x, u8g_uint_t y, u8g_uint_t cnt, const uint8_t *bitmap)
  40:Drivers/u8glib/src/u8g_bitmap.c **** {
  26              		.loc 1 40 0
  27              		.cfi_startproc
  28 0000 90B5     		push	{r4, r7, lr}
  29              	.LCFI0:
  30              		.cfi_def_cfa_offset 12
  31              		.cfi_offset 4, -12
  32              		.cfi_offset 7, -8
  33              		.cfi_offset 14, -4
  34 0002 85B0     		sub	sp, sp, #20
  35              	.LCFI1:
  36              		.cfi_def_cfa_offset 32
  37 0004 02AF     		add	r7, sp, #8
  38              	.LCFI2:
  39              		.cfi_def_cfa 7, 24
  40 0006 7860     		str	r0, [r7, #4]
  41 0008 0C00     		movs	r4, r1
  42 000a 1000     		movs	r0, r2
  43 000c 1900     		movs	r1, r3
  44 000e FB1C     		adds	r3, r7, #3
  45 0010 221C     		adds	r2, r4, #0
  46 0012 1A70     		strb	r2, [r3]
  47 0014 BB1C     		adds	r3, r7, #2
  48 0016 021C     		adds	r2, r0, #0
  49 0018 1A70     		strb	r2, [r3]
  50 001a 7B1C     		adds	r3, r7, #1
  51 001c 0A1C     		adds	r2, r1, #0
  52 001e 1A70     		strb	r2, [r3]
  41:Drivers/u8glib/src/u8g_bitmap.c ****   while( cnt > 0 )
  53              		.loc 1 41 0
  54 0020 18E0     		b	.L2
  55              	.L3:
  42:Drivers/u8glib/src/u8g_bitmap.c ****   {
  43:Drivers/u8glib/src/u8g_bitmap.c ****     u8g_Draw8Pixel(u8g, x, y, 0, *bitmap);
  56              		.loc 1 43 0
  57 0022 BB69     		ldr	r3, [r7, #24]
  58 0024 1B78     		ldrb	r3, [r3]
  59 0026 BA1C     		adds	r2, r7, #2
  60 0028 1478     		ldrb	r4, [r2]
  61 002a FA1C     		adds	r2, r7, #3
  62 002c 1178     		ldrb	r1, [r2]
  63 002e 7868     		ldr	r0, [r7, #4]
  64 0030 0093     		str	r3, [sp]
  65 0032 0023     		movs	r3, #0
  66 0034 2200     		movs	r2, r4
  67 0036 FFF7FEFF 		bl	u8g_Draw8Pixel
  44:Drivers/u8glib/src/u8g_bitmap.c ****     bitmap++;
  68              		.loc 1 44 0
  69 003a BB69     		ldr	r3, [r7, #24]
  70 003c 0133     		adds	r3, r3, #1
  71 003e BB61     		str	r3, [r7, #24]
ARM GAS  /tmp/cc20r90T.s 			page 3


  45:Drivers/u8glib/src/u8g_bitmap.c ****     cnt--;
  72              		.loc 1 45 0
  73 0040 7B1C     		adds	r3, r7, #1
  74 0042 1A78     		ldrb	r2, [r3]
  75 0044 7B1C     		adds	r3, r7, #1
  76 0046 013A     		subs	r2, r2, #1
  77 0048 1A70     		strb	r2, [r3]
  46:Drivers/u8glib/src/u8g_bitmap.c ****     x+=8;
  78              		.loc 1 46 0
  79 004a FB1C     		adds	r3, r7, #3
  80 004c FA1C     		adds	r2, r7, #3
  81 004e 1278     		ldrb	r2, [r2]
  82 0050 0832     		adds	r2, r2, #8
  83 0052 1A70     		strb	r2, [r3]
  84              	.L2:
  41:Drivers/u8glib/src/u8g_bitmap.c ****   {
  85              		.loc 1 41 0
  86 0054 7B1C     		adds	r3, r7, #1
  87 0056 1B78     		ldrb	r3, [r3]
  88 0058 002B     		cmp	r3, #0
  89 005a E2D1     		bne	.L3
  47:Drivers/u8glib/src/u8g_bitmap.c ****   }
  48:Drivers/u8glib/src/u8g_bitmap.c **** }
  90              		.loc 1 48 0
  91 005c C046     		nop
  92 005e BD46     		mov	sp, r7
  93 0060 03B0     		add	sp, sp, #12
  94              		@ sp needed
  95 0062 90BD     		pop	{r4, r7, pc}
  96              		.cfi_endproc
  97              	.LFE0:
  99              		.section	.text.u8g_DrawBitmap,"ax",%progbits
 100              		.align	1
 101              		.global	u8g_DrawBitmap
 102              		.syntax unified
 103              		.code	16
 104              		.thumb_func
 105              		.fpu softvfp
 107              	u8g_DrawBitmap:
 108              	.LFB1:
  49:Drivers/u8glib/src/u8g_bitmap.c **** 
  50:Drivers/u8glib/src/u8g_bitmap.c **** void u8g_DrawBitmap(u8g_t *u8g, u8g_uint_t x, u8g_uint_t y, u8g_uint_t cnt, u8g_uint_t h, const uin
  51:Drivers/u8glib/src/u8g_bitmap.c **** {
 109              		.loc 1 51 0
 110              		.cfi_startproc
 111 0000 90B5     		push	{r4, r7, lr}
 112              	.LCFI3:
 113              		.cfi_def_cfa_offset 12
 114              		.cfi_offset 4, -12
 115              		.cfi_offset 7, -8
 116              		.cfi_offset 14, -4
 117 0002 85B0     		sub	sp, sp, #20
 118              	.LCFI4:
 119              		.cfi_def_cfa_offset 32
 120 0004 02AF     		add	r7, sp, #8
 121              	.LCFI5:
 122              		.cfi_def_cfa 7, 24
ARM GAS  /tmp/cc20r90T.s 			page 4


 123 0006 7860     		str	r0, [r7, #4]
 124 0008 0C00     		movs	r4, r1
 125 000a 1000     		movs	r0, r2
 126 000c 1900     		movs	r1, r3
 127 000e FB1C     		adds	r3, r7, #3
 128 0010 221C     		adds	r2, r4, #0
 129 0012 1A70     		strb	r2, [r3]
 130 0014 BB1C     		adds	r3, r7, #2
 131 0016 021C     		adds	r2, r0, #0
 132 0018 1A70     		strb	r2, [r3]
 133 001a 7B1C     		adds	r3, r7, #1
 134 001c 0A1C     		adds	r2, r1, #0
 135 001e 1A70     		strb	r2, [r3]
  52:Drivers/u8glib/src/u8g_bitmap.c ****   if ( u8g_IsBBXIntersection(u8g, x, y, cnt*8, h) == 0 )
 136              		.loc 1 52 0
 137 0020 7B1C     		adds	r3, r7, #1
 138 0022 1B78     		ldrb	r3, [r3]
 139 0024 DB00     		lsls	r3, r3, #3
 140 0026 DCB2     		uxtb	r4, r3
 141 0028 BB1C     		adds	r3, r7, #2
 142 002a 1A78     		ldrb	r2, [r3]
 143 002c FB1C     		adds	r3, r7, #3
 144 002e 1978     		ldrb	r1, [r3]
 145 0030 7868     		ldr	r0, [r7, #4]
 146 0032 1823     		movs	r3, #24
 147 0034 FB18     		adds	r3, r7, r3
 148 0036 1B78     		ldrb	r3, [r3]
 149 0038 0093     		str	r3, [sp]
 150 003a 2300     		movs	r3, r4
 151 003c FFF7FEFF 		bl	u8g_IsBBXIntersection
 152 0040 031E     		subs	r3, r0, #0
 153 0042 23D0     		beq	.L9
  53:Drivers/u8glib/src/u8g_bitmap.c ****     return;
  54:Drivers/u8glib/src/u8g_bitmap.c ****   while( h > 0 )
 154              		.loc 1 54 0
 155 0044 1CE0     		b	.L7
 156              	.L8:
  55:Drivers/u8glib/src/u8g_bitmap.c ****   {
  56:Drivers/u8glib/src/u8g_bitmap.c ****     u8g_DrawHBitmap(u8g, x, y, cnt, bitmap);
 157              		.loc 1 56 0
 158 0046 7B1C     		adds	r3, r7, #1
 159 0048 1C78     		ldrb	r4, [r3]
 160 004a BB1C     		adds	r3, r7, #2
 161 004c 1A78     		ldrb	r2, [r3]
 162 004e FB1C     		adds	r3, r7, #3
 163 0050 1978     		ldrb	r1, [r3]
 164 0052 7868     		ldr	r0, [r7, #4]
 165 0054 FB69     		ldr	r3, [r7, #28]
 166 0056 0093     		str	r3, [sp]
 167 0058 2300     		movs	r3, r4
 168 005a FFF7FEFF 		bl	u8g_DrawHBitmap
  57:Drivers/u8glib/src/u8g_bitmap.c ****     bitmap += cnt;
 169              		.loc 1 57 0
 170 005e 7B1C     		adds	r3, r7, #1
 171 0060 1B78     		ldrb	r3, [r3]
 172 0062 FA69     		ldr	r2, [r7, #28]
 173 0064 D318     		adds	r3, r2, r3
ARM GAS  /tmp/cc20r90T.s 			page 5


 174 0066 FB61     		str	r3, [r7, #28]
  58:Drivers/u8glib/src/u8g_bitmap.c ****     y++;
 175              		.loc 1 58 0
 176 0068 BB1C     		adds	r3, r7, #2
 177 006a 1A78     		ldrb	r2, [r3]
 178 006c BB1C     		adds	r3, r7, #2
 179 006e 0132     		adds	r2, r2, #1
 180 0070 1A70     		strb	r2, [r3]
  59:Drivers/u8glib/src/u8g_bitmap.c ****     h--;
 181              		.loc 1 59 0
 182 0072 1823     		movs	r3, #24
 183 0074 FB18     		adds	r3, r7, r3
 184 0076 1B78     		ldrb	r3, [r3]
 185 0078 1822     		movs	r2, #24
 186 007a BA18     		adds	r2, r7, r2
 187 007c 013B     		subs	r3, r3, #1
 188 007e 1370     		strb	r3, [r2]
 189              	.L7:
  54:Drivers/u8glib/src/u8g_bitmap.c ****   {
 190              		.loc 1 54 0
 191 0080 1823     		movs	r3, #24
 192 0082 FB18     		adds	r3, r7, r3
 193 0084 1B78     		ldrb	r3, [r3]
 194 0086 002B     		cmp	r3, #0
 195 0088 DDD1     		bne	.L8
 196 008a 00E0     		b	.L4
 197              	.L9:
  53:Drivers/u8glib/src/u8g_bitmap.c ****   while( h > 0 )
 198              		.loc 1 53 0
 199 008c C046     		nop
 200              	.L4:
  60:Drivers/u8glib/src/u8g_bitmap.c ****   }
  61:Drivers/u8glib/src/u8g_bitmap.c **** }
 201              		.loc 1 61 0
 202 008e BD46     		mov	sp, r7
 203 0090 03B0     		add	sp, sp, #12
 204              		@ sp needed
 205 0092 90BD     		pop	{r4, r7, pc}
 206              		.cfi_endproc
 207              	.LFE1:
 209              		.section	.text.u8g_DrawHBitmapP,"ax",%progbits
 210              		.align	1
 211              		.global	u8g_DrawHBitmapP
 212              		.syntax unified
 213              		.code	16
 214              		.thumb_func
 215              		.fpu softvfp
 217              	u8g_DrawHBitmapP:
 218              	.LFB2:
  62:Drivers/u8glib/src/u8g_bitmap.c **** 
  63:Drivers/u8glib/src/u8g_bitmap.c **** 
  64:Drivers/u8glib/src/u8g_bitmap.c **** void u8g_DrawHBitmapP(u8g_t *u8g, u8g_uint_t x, u8g_uint_t y, u8g_uint_t cnt, const u8g_pgm_uint8_t
  65:Drivers/u8glib/src/u8g_bitmap.c **** {
 219              		.loc 1 65 0
 220              		.cfi_startproc
 221 0000 90B5     		push	{r4, r7, lr}
 222              	.LCFI6:
ARM GAS  /tmp/cc20r90T.s 			page 6


 223              		.cfi_def_cfa_offset 12
 224              		.cfi_offset 4, -12
 225              		.cfi_offset 7, -8
 226              		.cfi_offset 14, -4
 227 0002 85B0     		sub	sp, sp, #20
 228              	.LCFI7:
 229              		.cfi_def_cfa_offset 32
 230 0004 02AF     		add	r7, sp, #8
 231              	.LCFI8:
 232              		.cfi_def_cfa 7, 24
 233 0006 7860     		str	r0, [r7, #4]
 234 0008 0C00     		movs	r4, r1
 235 000a 1000     		movs	r0, r2
 236 000c 1900     		movs	r1, r3
 237 000e FB1C     		adds	r3, r7, #3
 238 0010 221C     		adds	r2, r4, #0
 239 0012 1A70     		strb	r2, [r3]
 240 0014 BB1C     		adds	r3, r7, #2
 241 0016 021C     		adds	r2, r0, #0
 242 0018 1A70     		strb	r2, [r3]
 243 001a 7B1C     		adds	r3, r7, #1
 244 001c 0A1C     		adds	r2, r1, #0
 245 001e 1A70     		strb	r2, [r3]
  66:Drivers/u8glib/src/u8g_bitmap.c ****   while( cnt > 0 )
 246              		.loc 1 66 0
 247 0020 18E0     		b	.L11
 248              	.L12:
  67:Drivers/u8glib/src/u8g_bitmap.c ****   {
  68:Drivers/u8glib/src/u8g_bitmap.c ****     u8g_Draw8Pixel(u8g, x, y, 0, u8g_pgm_read(bitmap));
 249              		.loc 1 68 0
 250 0022 BB69     		ldr	r3, [r7, #24]
 251 0024 1B78     		ldrb	r3, [r3]
 252 0026 BA1C     		adds	r2, r7, #2
 253 0028 1478     		ldrb	r4, [r2]
 254 002a FA1C     		adds	r2, r7, #3
 255 002c 1178     		ldrb	r1, [r2]
 256 002e 7868     		ldr	r0, [r7, #4]
 257 0030 0093     		str	r3, [sp]
 258 0032 0023     		movs	r3, #0
 259 0034 2200     		movs	r2, r4
 260 0036 FFF7FEFF 		bl	u8g_Draw8Pixel
  69:Drivers/u8glib/src/u8g_bitmap.c ****     bitmap++;
 261              		.loc 1 69 0
 262 003a BB69     		ldr	r3, [r7, #24]
 263 003c 0133     		adds	r3, r3, #1
 264 003e BB61     		str	r3, [r7, #24]
  70:Drivers/u8glib/src/u8g_bitmap.c ****     cnt--;
 265              		.loc 1 70 0
 266 0040 7B1C     		adds	r3, r7, #1
 267 0042 1A78     		ldrb	r2, [r3]
 268 0044 7B1C     		adds	r3, r7, #1
 269 0046 013A     		subs	r2, r2, #1
 270 0048 1A70     		strb	r2, [r3]
  71:Drivers/u8glib/src/u8g_bitmap.c ****     x+=8;
 271              		.loc 1 71 0
 272 004a FB1C     		adds	r3, r7, #3
 273 004c FA1C     		adds	r2, r7, #3
ARM GAS  /tmp/cc20r90T.s 			page 7


 274 004e 1278     		ldrb	r2, [r2]
 275 0050 0832     		adds	r2, r2, #8
 276 0052 1A70     		strb	r2, [r3]
 277              	.L11:
  66:Drivers/u8glib/src/u8g_bitmap.c ****   {
 278              		.loc 1 66 0
 279 0054 7B1C     		adds	r3, r7, #1
 280 0056 1B78     		ldrb	r3, [r3]
 281 0058 002B     		cmp	r3, #0
 282 005a E2D1     		bne	.L12
  72:Drivers/u8glib/src/u8g_bitmap.c ****   }
  73:Drivers/u8glib/src/u8g_bitmap.c **** }
 283              		.loc 1 73 0
 284 005c C046     		nop
 285 005e BD46     		mov	sp, r7
 286 0060 03B0     		add	sp, sp, #12
 287              		@ sp needed
 288 0062 90BD     		pop	{r4, r7, pc}
 289              		.cfi_endproc
 290              	.LFE2:
 292              		.section	.text.u8g_DrawBitmapP,"ax",%progbits
 293              		.align	1
 294              		.global	u8g_DrawBitmapP
 295              		.syntax unified
 296              		.code	16
 297              		.thumb_func
 298              		.fpu softvfp
 300              	u8g_DrawBitmapP:
 301              	.LFB3:
  74:Drivers/u8glib/src/u8g_bitmap.c **** 
  75:Drivers/u8glib/src/u8g_bitmap.c **** void u8g_DrawBitmapP(u8g_t *u8g, u8g_uint_t x, u8g_uint_t y, u8g_uint_t cnt, u8g_uint_t h, const u8
  76:Drivers/u8glib/src/u8g_bitmap.c **** {
 302              		.loc 1 76 0
 303              		.cfi_startproc
 304 0000 90B5     		push	{r4, r7, lr}
 305              	.LCFI9:
 306              		.cfi_def_cfa_offset 12
 307              		.cfi_offset 4, -12
 308              		.cfi_offset 7, -8
 309              		.cfi_offset 14, -4
 310 0002 85B0     		sub	sp, sp, #20
 311              	.LCFI10:
 312              		.cfi_def_cfa_offset 32
 313 0004 02AF     		add	r7, sp, #8
 314              	.LCFI11:
 315              		.cfi_def_cfa 7, 24
 316 0006 7860     		str	r0, [r7, #4]
 317 0008 0C00     		movs	r4, r1
 318 000a 1000     		movs	r0, r2
 319 000c 1900     		movs	r1, r3
 320 000e FB1C     		adds	r3, r7, #3
 321 0010 221C     		adds	r2, r4, #0
 322 0012 1A70     		strb	r2, [r3]
 323 0014 BB1C     		adds	r3, r7, #2
 324 0016 021C     		adds	r2, r0, #0
 325 0018 1A70     		strb	r2, [r3]
 326 001a 7B1C     		adds	r3, r7, #1
ARM GAS  /tmp/cc20r90T.s 			page 8


 327 001c 0A1C     		adds	r2, r1, #0
 328 001e 1A70     		strb	r2, [r3]
  77:Drivers/u8glib/src/u8g_bitmap.c ****   if ( u8g_IsBBXIntersection(u8g, x, y, cnt*8, h) == 0 )
 329              		.loc 1 77 0
 330 0020 7B1C     		adds	r3, r7, #1
 331 0022 1B78     		ldrb	r3, [r3]
 332 0024 DB00     		lsls	r3, r3, #3
 333 0026 DCB2     		uxtb	r4, r3
 334 0028 BB1C     		adds	r3, r7, #2
 335 002a 1A78     		ldrb	r2, [r3]
 336 002c FB1C     		adds	r3, r7, #3
 337 002e 1978     		ldrb	r1, [r3]
 338 0030 7868     		ldr	r0, [r7, #4]
 339 0032 1823     		movs	r3, #24
 340 0034 FB18     		adds	r3, r7, r3
 341 0036 1B78     		ldrb	r3, [r3]
 342 0038 0093     		str	r3, [sp]
 343 003a 2300     		movs	r3, r4
 344 003c FFF7FEFF 		bl	u8g_IsBBXIntersection
 345 0040 031E     		subs	r3, r0, #0
 346 0042 23D0     		beq	.L18
  78:Drivers/u8glib/src/u8g_bitmap.c ****     return;
  79:Drivers/u8glib/src/u8g_bitmap.c ****   while( h > 0 )
 347              		.loc 1 79 0
 348 0044 1CE0     		b	.L16
 349              	.L17:
  80:Drivers/u8glib/src/u8g_bitmap.c ****   {
  81:Drivers/u8glib/src/u8g_bitmap.c ****     u8g_DrawHBitmapP(u8g, x, y, cnt, bitmap);
 350              		.loc 1 81 0
 351 0046 7B1C     		adds	r3, r7, #1
 352 0048 1C78     		ldrb	r4, [r3]
 353 004a BB1C     		adds	r3, r7, #2
 354 004c 1A78     		ldrb	r2, [r3]
 355 004e FB1C     		adds	r3, r7, #3
 356 0050 1978     		ldrb	r1, [r3]
 357 0052 7868     		ldr	r0, [r7, #4]
 358 0054 FB69     		ldr	r3, [r7, #28]
 359 0056 0093     		str	r3, [sp]
 360 0058 2300     		movs	r3, r4
 361 005a FFF7FEFF 		bl	u8g_DrawHBitmapP
  82:Drivers/u8glib/src/u8g_bitmap.c ****     bitmap += cnt;
 362              		.loc 1 82 0
 363 005e 7B1C     		adds	r3, r7, #1
 364 0060 1B78     		ldrb	r3, [r3]
 365 0062 FA69     		ldr	r2, [r7, #28]
 366 0064 D318     		adds	r3, r2, r3
 367 0066 FB61     		str	r3, [r7, #28]
  83:Drivers/u8glib/src/u8g_bitmap.c ****     y++;
 368              		.loc 1 83 0
 369 0068 BB1C     		adds	r3, r7, #2
 370 006a 1A78     		ldrb	r2, [r3]
 371 006c BB1C     		adds	r3, r7, #2
 372 006e 0132     		adds	r2, r2, #1
 373 0070 1A70     		strb	r2, [r3]
  84:Drivers/u8glib/src/u8g_bitmap.c ****     h--;
 374              		.loc 1 84 0
 375 0072 1823     		movs	r3, #24
ARM GAS  /tmp/cc20r90T.s 			page 9


 376 0074 FB18     		adds	r3, r7, r3
 377 0076 1B78     		ldrb	r3, [r3]
 378 0078 1822     		movs	r2, #24
 379 007a BA18     		adds	r2, r7, r2
 380 007c 013B     		subs	r3, r3, #1
 381 007e 1370     		strb	r3, [r2]
 382              	.L16:
  79:Drivers/u8glib/src/u8g_bitmap.c ****   {
 383              		.loc 1 79 0
 384 0080 1823     		movs	r3, #24
 385 0082 FB18     		adds	r3, r7, r3
 386 0084 1B78     		ldrb	r3, [r3]
 387 0086 002B     		cmp	r3, #0
 388 0088 DDD1     		bne	.L17
 389 008a 00E0     		b	.L13
 390              	.L18:
  78:Drivers/u8glib/src/u8g_bitmap.c ****   while( h > 0 )
 391              		.loc 1 78 0
 392 008c C046     		nop
 393              	.L13:
  85:Drivers/u8glib/src/u8g_bitmap.c ****   }
  86:Drivers/u8glib/src/u8g_bitmap.c **** }
 394              		.loc 1 86 0
 395 008e BD46     		mov	sp, r7
 396 0090 03B0     		add	sp, sp, #12
 397              		@ sp needed
 398 0092 90BD     		pop	{r4, r7, pc}
 399              		.cfi_endproc
 400              	.LFE3:
 402              		.section	.text.u8g_DrawHXBM,"ax",%progbits
 403              		.align	1
 404              		.syntax unified
 405              		.code	16
 406              		.thumb_func
 407              		.fpu softvfp
 409              	u8g_DrawHXBM:
 410              	.LFB4:
  87:Drivers/u8glib/src/u8g_bitmap.c **** 
  88:Drivers/u8glib/src/u8g_bitmap.c **** /*=========================================================================*/
  89:Drivers/u8glib/src/u8g_bitmap.c **** 
  90:Drivers/u8glib/src/u8g_bitmap.c **** static void u8g_DrawHXBM(u8g_t *u8g, u8g_uint_t x, u8g_uint_t y, u8g_uint_t w, const uint8_t *bitma
  91:Drivers/u8glib/src/u8g_bitmap.c **** {
 411              		.loc 1 91 0
 412              		.cfi_startproc
 413 0000 90B5     		push	{r4, r7, lr}
 414              	.LCFI12:
 415              		.cfi_def_cfa_offset 12
 416              		.cfi_offset 4, -12
 417              		.cfi_offset 7, -8
 418              		.cfi_offset 14, -4
 419 0002 87B0     		sub	sp, sp, #28
 420              	.LCFI13:
 421              		.cfi_def_cfa_offset 40
 422 0004 02AF     		add	r7, sp, #8
 423              	.LCFI14:
 424              		.cfi_def_cfa 7, 32
 425 0006 7860     		str	r0, [r7, #4]
ARM GAS  /tmp/cc20r90T.s 			page 10


 426 0008 0C00     		movs	r4, r1
 427 000a 1000     		movs	r0, r2
 428 000c 1900     		movs	r1, r3
 429 000e FB1C     		adds	r3, r7, #3
 430 0010 221C     		adds	r2, r4, #0
 431 0012 1A70     		strb	r2, [r3]
 432 0014 BB1C     		adds	r3, r7, #2
 433 0016 021C     		adds	r2, r0, #0
 434 0018 1A70     		strb	r2, [r3]
 435 001a 7B1C     		adds	r3, r7, #1
 436 001c 0A1C     		adds	r2, r1, #0
 437 001e 1A70     		strb	r2, [r3]
  92:Drivers/u8glib/src/u8g_bitmap.c ****   uint8_t d;
  93:Drivers/u8glib/src/u8g_bitmap.c ****   x+=7;
 438              		.loc 1 93 0
 439 0020 FB1C     		adds	r3, r7, #3
 440 0022 FA1C     		adds	r2, r7, #3
 441 0024 1278     		ldrb	r2, [r2]
 442 0026 0732     		adds	r2, r2, #7
 443 0028 1A70     		strb	r2, [r3]
  94:Drivers/u8glib/src/u8g_bitmap.c ****   while( w >= 8 )
 444              		.loc 1 94 0
 445 002a 18E0     		b	.L20
 446              	.L21:
  95:Drivers/u8glib/src/u8g_bitmap.c ****   {
  96:Drivers/u8glib/src/u8g_bitmap.c ****     u8g_Draw8Pixel(u8g, x, y, 2, *bitmap);
 447              		.loc 1 96 0
 448 002c 3B6A     		ldr	r3, [r7, #32]
 449 002e 1B78     		ldrb	r3, [r3]
 450 0030 BA1C     		adds	r2, r7, #2
 451 0032 1478     		ldrb	r4, [r2]
 452 0034 FA1C     		adds	r2, r7, #3
 453 0036 1178     		ldrb	r1, [r2]
 454 0038 7868     		ldr	r0, [r7, #4]
 455 003a 0093     		str	r3, [sp]
 456 003c 0223     		movs	r3, #2
 457 003e 2200     		movs	r2, r4
 458 0040 FFF7FEFF 		bl	u8g_Draw8Pixel
  97:Drivers/u8glib/src/u8g_bitmap.c ****     bitmap++;
 459              		.loc 1 97 0
 460 0044 3B6A     		ldr	r3, [r7, #32]
 461 0046 0133     		adds	r3, r3, #1
 462 0048 3B62     		str	r3, [r7, #32]
  98:Drivers/u8glib/src/u8g_bitmap.c ****     w-= 8;
 463              		.loc 1 98 0
 464 004a 7B1C     		adds	r3, r7, #1
 465 004c 7A1C     		adds	r2, r7, #1
 466 004e 1278     		ldrb	r2, [r2]
 467 0050 083A     		subs	r2, r2, #8
 468 0052 1A70     		strb	r2, [r3]
  99:Drivers/u8glib/src/u8g_bitmap.c ****     x+=8;
 469              		.loc 1 99 0
 470 0054 FB1C     		adds	r3, r7, #3
 471 0056 FA1C     		adds	r2, r7, #3
 472 0058 1278     		ldrb	r2, [r2]
 473 005a 0832     		adds	r2, r2, #8
 474 005c 1A70     		strb	r2, [r3]
ARM GAS  /tmp/cc20r90T.s 			page 11


 475              	.L20:
  94:Drivers/u8glib/src/u8g_bitmap.c ****   {
 476              		.loc 1 94 0
 477 005e 7B1C     		adds	r3, r7, #1
 478 0060 1B78     		ldrb	r3, [r3]
 479 0062 072B     		cmp	r3, #7
 480 0064 E2D8     		bhi	.L21
 100:Drivers/u8glib/src/u8g_bitmap.c ****   }
 101:Drivers/u8glib/src/u8g_bitmap.c ****   if ( w > 0 )
 481              		.loc 1 101 0
 482 0066 7B1C     		adds	r3, r7, #1
 483 0068 1B78     		ldrb	r3, [r3]
 484 006a 002B     		cmp	r3, #0
 485 006c 2CD0     		beq	.L25
 102:Drivers/u8glib/src/u8g_bitmap.c ****   {
 103:Drivers/u8glib/src/u8g_bitmap.c ****     d = *bitmap;
 486              		.loc 1 103 0
 487 006e 0F23     		movs	r3, #15
 488 0070 FB18     		adds	r3, r7, r3
 489 0072 3A6A     		ldr	r2, [r7, #32]
 490 0074 1278     		ldrb	r2, [r2]
 491 0076 1A70     		strb	r2, [r3]
 104:Drivers/u8glib/src/u8g_bitmap.c ****     x -= 7;
 492              		.loc 1 104 0
 493 0078 FB1C     		adds	r3, r7, #3
 494 007a FA1C     		adds	r2, r7, #3
 495 007c 1278     		ldrb	r2, [r2]
 496 007e 073A     		subs	r2, r2, #7
 497 0080 1A70     		strb	r2, [r3]
 498              	.L24:
 105:Drivers/u8glib/src/u8g_bitmap.c ****     do
 106:Drivers/u8glib/src/u8g_bitmap.c ****     {
 107:Drivers/u8glib/src/u8g_bitmap.c ****       if ( d & 1 )
 499              		.loc 1 107 0
 500 0082 0F23     		movs	r3, #15
 501 0084 FB18     		adds	r3, r7, r3
 502 0086 1B78     		ldrb	r3, [r3]
 503 0088 0122     		movs	r2, #1
 504 008a 1340     		ands	r3, r2
 505 008c 07D0     		beq	.L23
 108:Drivers/u8glib/src/u8g_bitmap.c ****         u8g_DrawPixel(u8g, x, y);
 506              		.loc 1 108 0
 507 008e BB1C     		adds	r3, r7, #2
 508 0090 1A78     		ldrb	r2, [r3]
 509 0092 FB1C     		adds	r3, r7, #3
 510 0094 1978     		ldrb	r1, [r3]
 511 0096 7B68     		ldr	r3, [r7, #4]
 512 0098 1800     		movs	r0, r3
 513 009a FFF7FEFF 		bl	u8g_DrawPixel
 514              	.L23:
 109:Drivers/u8glib/src/u8g_bitmap.c ****       x++;
 515              		.loc 1 109 0
 516 009e FB1C     		adds	r3, r7, #3
 517 00a0 1A78     		ldrb	r2, [r3]
 518 00a2 FB1C     		adds	r3, r7, #3
 519 00a4 0132     		adds	r2, r2, #1
 520 00a6 1A70     		strb	r2, [r3]
ARM GAS  /tmp/cc20r90T.s 			page 12


 110:Drivers/u8glib/src/u8g_bitmap.c ****       w--;
 521              		.loc 1 110 0
 522 00a8 7B1C     		adds	r3, r7, #1
 523 00aa 1A78     		ldrb	r2, [r3]
 524 00ac 7B1C     		adds	r3, r7, #1
 525 00ae 013A     		subs	r2, r2, #1
 526 00b0 1A70     		strb	r2, [r3]
 111:Drivers/u8glib/src/u8g_bitmap.c ****       d >>= 1;      
 527              		.loc 1 111 0
 528 00b2 0F23     		movs	r3, #15
 529 00b4 FB18     		adds	r3, r7, r3
 530 00b6 0F22     		movs	r2, #15
 531 00b8 BA18     		adds	r2, r7, r2
 532 00ba 1278     		ldrb	r2, [r2]
 533 00bc 5208     		lsrs	r2, r2, #1
 534 00be 1A70     		strb	r2, [r3]
 112:Drivers/u8glib/src/u8g_bitmap.c ****     } while ( w > 0 );
 535              		.loc 1 112 0
 536 00c0 7B1C     		adds	r3, r7, #1
 537 00c2 1B78     		ldrb	r3, [r3]
 538 00c4 002B     		cmp	r3, #0
 539 00c6 DCD1     		bne	.L24
 540              	.L25:
 113:Drivers/u8glib/src/u8g_bitmap.c ****   }
 114:Drivers/u8glib/src/u8g_bitmap.c **** }
 541              		.loc 1 114 0
 542 00c8 C046     		nop
 543 00ca BD46     		mov	sp, r7
 544 00cc 05B0     		add	sp, sp, #20
 545              		@ sp needed
 546 00ce 90BD     		pop	{r4, r7, pc}
 547              		.cfi_endproc
 548              	.LFE4:
 550              		.section	.text.u8g_DrawXBM,"ax",%progbits
 551              		.align	1
 552              		.global	u8g_DrawXBM
 553              		.syntax unified
 554              		.code	16
 555              		.thumb_func
 556              		.fpu softvfp
 558              	u8g_DrawXBM:
 559              	.LFB5:
 115:Drivers/u8glib/src/u8g_bitmap.c **** 
 116:Drivers/u8glib/src/u8g_bitmap.c **** void u8g_DrawXBM(u8g_t *u8g, u8g_uint_t x, u8g_uint_t y, u8g_uint_t w, u8g_uint_t h, const uint8_t 
 117:Drivers/u8glib/src/u8g_bitmap.c **** {
 560              		.loc 1 117 0
 561              		.cfi_startproc
 562 0000 90B5     		push	{r4, r7, lr}
 563              	.LCFI15:
 564              		.cfi_def_cfa_offset 12
 565              		.cfi_offset 4, -12
 566              		.cfi_offset 7, -8
 567              		.cfi_offset 14, -4
 568 0002 87B0     		sub	sp, sp, #28
 569              	.LCFI16:
 570              		.cfi_def_cfa_offset 40
 571 0004 02AF     		add	r7, sp, #8
ARM GAS  /tmp/cc20r90T.s 			page 13


 572              	.LCFI17:
 573              		.cfi_def_cfa 7, 32
 574 0006 7860     		str	r0, [r7, #4]
 575 0008 0C00     		movs	r4, r1
 576 000a 1000     		movs	r0, r2
 577 000c 1900     		movs	r1, r3
 578 000e FB1C     		adds	r3, r7, #3
 579 0010 221C     		adds	r2, r4, #0
 580 0012 1A70     		strb	r2, [r3]
 581 0014 BB1C     		adds	r3, r7, #2
 582 0016 021C     		adds	r2, r0, #0
 583 0018 1A70     		strb	r2, [r3]
 584 001a 7B1C     		adds	r3, r7, #1
 585 001c 0A1C     		adds	r2, r1, #0
 586 001e 1A70     		strb	r2, [r3]
 118:Drivers/u8glib/src/u8g_bitmap.c ****   u8g_uint_t b;
 119:Drivers/u8glib/src/u8g_bitmap.c ****   b = w;
 587              		.loc 1 119 0
 588 0020 0F23     		movs	r3, #15
 589 0022 FB18     		adds	r3, r7, r3
 590 0024 7A1C     		adds	r2, r7, #1
 591 0026 1278     		ldrb	r2, [r2]
 592 0028 1A70     		strb	r2, [r3]
 120:Drivers/u8glib/src/u8g_bitmap.c ****   b += 7;
 593              		.loc 1 120 0
 594 002a 0F23     		movs	r3, #15
 595 002c FB18     		adds	r3, r7, r3
 596 002e 0F22     		movs	r2, #15
 597 0030 BA18     		adds	r2, r7, r2
 598 0032 1278     		ldrb	r2, [r2]
 599 0034 0732     		adds	r2, r2, #7
 600 0036 1A70     		strb	r2, [r3]
 121:Drivers/u8glib/src/u8g_bitmap.c ****   b >>= 3;
 601              		.loc 1 121 0
 602 0038 0F23     		movs	r3, #15
 603 003a FB18     		adds	r3, r7, r3
 604 003c 0F22     		movs	r2, #15
 605 003e BA18     		adds	r2, r7, r2
 606 0040 1278     		ldrb	r2, [r2]
 607 0042 D208     		lsrs	r2, r2, #3
 608 0044 1A70     		strb	r2, [r3]
 122:Drivers/u8glib/src/u8g_bitmap.c ****   
 123:Drivers/u8glib/src/u8g_bitmap.c ****   if ( u8g_IsBBXIntersection(u8g, x, y, w, h) == 0 )
 609              		.loc 1 123 0
 610 0046 7B1C     		adds	r3, r7, #1
 611 0048 1C78     		ldrb	r4, [r3]
 612 004a BB1C     		adds	r3, r7, #2
 613 004c 1A78     		ldrb	r2, [r3]
 614 004e FB1C     		adds	r3, r7, #3
 615 0050 1978     		ldrb	r1, [r3]
 616 0052 7868     		ldr	r0, [r7, #4]
 617 0054 2023     		movs	r3, #32
 618 0056 FB18     		adds	r3, r7, r3
 619 0058 1B78     		ldrb	r3, [r3]
 620 005a 0093     		str	r3, [sp]
 621 005c 2300     		movs	r3, r4
 622 005e FFF7FEFF 		bl	u8g_IsBBXIntersection
ARM GAS  /tmp/cc20r90T.s 			page 14


 623 0062 031E     		subs	r3, r0, #0
 624 0064 24D0     		beq	.L31
 124:Drivers/u8glib/src/u8g_bitmap.c ****     return;
 125:Drivers/u8glib/src/u8g_bitmap.c ****   
 126:Drivers/u8glib/src/u8g_bitmap.c ****   while( h > 0 )
 625              		.loc 1 126 0
 626 0066 1DE0     		b	.L29
 627              	.L30:
 127:Drivers/u8glib/src/u8g_bitmap.c ****   {
 128:Drivers/u8glib/src/u8g_bitmap.c ****     u8g_DrawHXBM(u8g, x, y, w, bitmap);
 628              		.loc 1 128 0
 629 0068 7B1C     		adds	r3, r7, #1
 630 006a 1C78     		ldrb	r4, [r3]
 631 006c BB1C     		adds	r3, r7, #2
 632 006e 1A78     		ldrb	r2, [r3]
 633 0070 FB1C     		adds	r3, r7, #3
 634 0072 1978     		ldrb	r1, [r3]
 635 0074 7868     		ldr	r0, [r7, #4]
 636 0076 7B6A     		ldr	r3, [r7, #36]
 637 0078 0093     		str	r3, [sp]
 638 007a 2300     		movs	r3, r4
 639 007c FFF7FEFF 		bl	u8g_DrawHXBM
 129:Drivers/u8glib/src/u8g_bitmap.c ****     bitmap += b;
 640              		.loc 1 129 0
 641 0080 0F23     		movs	r3, #15
 642 0082 FB18     		adds	r3, r7, r3
 643 0084 1B78     		ldrb	r3, [r3]
 644 0086 7A6A     		ldr	r2, [r7, #36]
 645 0088 D318     		adds	r3, r2, r3
 646 008a 7B62     		str	r3, [r7, #36]
 130:Drivers/u8glib/src/u8g_bitmap.c ****     y++;
 647              		.loc 1 130 0
 648 008c BB1C     		adds	r3, r7, #2
 649 008e 1A78     		ldrb	r2, [r3]
 650 0090 BB1C     		adds	r3, r7, #2
 651 0092 0132     		adds	r2, r2, #1
 652 0094 1A70     		strb	r2, [r3]
 131:Drivers/u8glib/src/u8g_bitmap.c ****     h--;
 653              		.loc 1 131 0
 654 0096 2023     		movs	r3, #32
 655 0098 FB18     		adds	r3, r7, r3
 656 009a 1B78     		ldrb	r3, [r3]
 657 009c 2022     		movs	r2, #32
 658 009e BA18     		adds	r2, r7, r2
 659 00a0 013B     		subs	r3, r3, #1
 660 00a2 1370     		strb	r3, [r2]
 661              	.L29:
 126:Drivers/u8glib/src/u8g_bitmap.c ****   {
 662              		.loc 1 126 0
 663 00a4 2023     		movs	r3, #32
 664 00a6 FB18     		adds	r3, r7, r3
 665 00a8 1B78     		ldrb	r3, [r3]
 666 00aa 002B     		cmp	r3, #0
 667 00ac DCD1     		bne	.L30
 668 00ae 00E0     		b	.L26
 669              	.L31:
 124:Drivers/u8glib/src/u8g_bitmap.c ****   
ARM GAS  /tmp/cc20r90T.s 			page 15


 670              		.loc 1 124 0
 671 00b0 C046     		nop
 672              	.L26:
 132:Drivers/u8glib/src/u8g_bitmap.c ****   }
 133:Drivers/u8glib/src/u8g_bitmap.c **** }
 673              		.loc 1 133 0
 674 00b2 BD46     		mov	sp, r7
 675 00b4 05B0     		add	sp, sp, #20
 676              		@ sp needed
 677 00b6 90BD     		pop	{r4, r7, pc}
 678              		.cfi_endproc
 679              	.LFE5:
 681              		.section	.text.u8g_DrawHXBMP,"ax",%progbits
 682              		.align	1
 683              		.syntax unified
 684              		.code	16
 685              		.thumb_func
 686              		.fpu softvfp
 688              	u8g_DrawHXBMP:
 689              	.LFB6:
 134:Drivers/u8glib/src/u8g_bitmap.c **** 
 135:Drivers/u8glib/src/u8g_bitmap.c **** static void u8g_DrawHXBMP(u8g_t *u8g, u8g_uint_t x, u8g_uint_t y, u8g_uint_t w, const u8g_pgm_uint8
 136:Drivers/u8glib/src/u8g_bitmap.c **** {
 690              		.loc 1 136 0
 691              		.cfi_startproc
 692 0000 90B5     		push	{r4, r7, lr}
 693              	.LCFI18:
 694              		.cfi_def_cfa_offset 12
 695              		.cfi_offset 4, -12
 696              		.cfi_offset 7, -8
 697              		.cfi_offset 14, -4
 698 0002 87B0     		sub	sp, sp, #28
 699              	.LCFI19:
 700              		.cfi_def_cfa_offset 40
 701 0004 02AF     		add	r7, sp, #8
 702              	.LCFI20:
 703              		.cfi_def_cfa 7, 32
 704 0006 7860     		str	r0, [r7, #4]
 705 0008 0C00     		movs	r4, r1
 706 000a 1000     		movs	r0, r2
 707 000c 1900     		movs	r1, r3
 708 000e FB1C     		adds	r3, r7, #3
 709 0010 221C     		adds	r2, r4, #0
 710 0012 1A70     		strb	r2, [r3]
 711 0014 BB1C     		adds	r3, r7, #2
 712 0016 021C     		adds	r2, r0, #0
 713 0018 1A70     		strb	r2, [r3]
 714 001a 7B1C     		adds	r3, r7, #1
 715 001c 0A1C     		adds	r2, r1, #0
 716 001e 1A70     		strb	r2, [r3]
 137:Drivers/u8glib/src/u8g_bitmap.c ****   uint8_t d;
 138:Drivers/u8glib/src/u8g_bitmap.c ****   x+=7;
 717              		.loc 1 138 0
 718 0020 FB1C     		adds	r3, r7, #3
 719 0022 FA1C     		adds	r2, r7, #3
 720 0024 1278     		ldrb	r2, [r2]
 721 0026 0732     		adds	r2, r2, #7
ARM GAS  /tmp/cc20r90T.s 			page 16


 722 0028 1A70     		strb	r2, [r3]
 139:Drivers/u8glib/src/u8g_bitmap.c ****   while( w >= 8 )
 723              		.loc 1 139 0
 724 002a 18E0     		b	.L33
 725              	.L34:
 140:Drivers/u8glib/src/u8g_bitmap.c ****   {
 141:Drivers/u8glib/src/u8g_bitmap.c ****     u8g_Draw8Pixel(u8g, x, y, 2, u8g_pgm_read(bitmap));
 726              		.loc 1 141 0
 727 002c 3B6A     		ldr	r3, [r7, #32]
 728 002e 1B78     		ldrb	r3, [r3]
 729 0030 BA1C     		adds	r2, r7, #2
 730 0032 1478     		ldrb	r4, [r2]
 731 0034 FA1C     		adds	r2, r7, #3
 732 0036 1178     		ldrb	r1, [r2]
 733 0038 7868     		ldr	r0, [r7, #4]
 734 003a 0093     		str	r3, [sp]
 735 003c 0223     		movs	r3, #2
 736 003e 2200     		movs	r2, r4
 737 0040 FFF7FEFF 		bl	u8g_Draw8Pixel
 142:Drivers/u8glib/src/u8g_bitmap.c ****     bitmap++;
 738              		.loc 1 142 0
 739 0044 3B6A     		ldr	r3, [r7, #32]
 740 0046 0133     		adds	r3, r3, #1
 741 0048 3B62     		str	r3, [r7, #32]
 143:Drivers/u8glib/src/u8g_bitmap.c ****     w-= 8;
 742              		.loc 1 143 0
 743 004a 7B1C     		adds	r3, r7, #1
 744 004c 7A1C     		adds	r2, r7, #1
 745 004e 1278     		ldrb	r2, [r2]
 746 0050 083A     		subs	r2, r2, #8
 747 0052 1A70     		strb	r2, [r3]
 144:Drivers/u8glib/src/u8g_bitmap.c ****     x+=8;
 748              		.loc 1 144 0
 749 0054 FB1C     		adds	r3, r7, #3
 750 0056 FA1C     		adds	r2, r7, #3
 751 0058 1278     		ldrb	r2, [r2]
 752 005a 0832     		adds	r2, r2, #8
 753 005c 1A70     		strb	r2, [r3]
 754              	.L33:
 139:Drivers/u8glib/src/u8g_bitmap.c ****   {
 755              		.loc 1 139 0
 756 005e 7B1C     		adds	r3, r7, #1
 757 0060 1B78     		ldrb	r3, [r3]
 758 0062 072B     		cmp	r3, #7
 759 0064 E2D8     		bhi	.L34
 145:Drivers/u8glib/src/u8g_bitmap.c ****   }
 146:Drivers/u8glib/src/u8g_bitmap.c ****   if ( w > 0 )
 760              		.loc 1 146 0
 761 0066 7B1C     		adds	r3, r7, #1
 762 0068 1B78     		ldrb	r3, [r3]
 763 006a 002B     		cmp	r3, #0
 764 006c 2CD0     		beq	.L38
 147:Drivers/u8glib/src/u8g_bitmap.c ****   {
 148:Drivers/u8glib/src/u8g_bitmap.c ****     d = u8g_pgm_read(bitmap);
 765              		.loc 1 148 0
 766 006e 0F23     		movs	r3, #15
 767 0070 FB18     		adds	r3, r7, r3
ARM GAS  /tmp/cc20r90T.s 			page 17


 768 0072 3A6A     		ldr	r2, [r7, #32]
 769 0074 1278     		ldrb	r2, [r2]
 770 0076 1A70     		strb	r2, [r3]
 149:Drivers/u8glib/src/u8g_bitmap.c ****     x -= 7;
 771              		.loc 1 149 0
 772 0078 FB1C     		adds	r3, r7, #3
 773 007a FA1C     		adds	r2, r7, #3
 774 007c 1278     		ldrb	r2, [r2]
 775 007e 073A     		subs	r2, r2, #7
 776 0080 1A70     		strb	r2, [r3]
 777              	.L37:
 150:Drivers/u8glib/src/u8g_bitmap.c ****     do
 151:Drivers/u8glib/src/u8g_bitmap.c ****     {
 152:Drivers/u8glib/src/u8g_bitmap.c ****       if ( d & 1 )
 778              		.loc 1 152 0
 779 0082 0F23     		movs	r3, #15
 780 0084 FB18     		adds	r3, r7, r3
 781 0086 1B78     		ldrb	r3, [r3]
 782 0088 0122     		movs	r2, #1
 783 008a 1340     		ands	r3, r2
 784 008c 07D0     		beq	.L36
 153:Drivers/u8glib/src/u8g_bitmap.c ****         u8g_DrawPixel(u8g, x, y);
 785              		.loc 1 153 0
 786 008e BB1C     		adds	r3, r7, #2
 787 0090 1A78     		ldrb	r2, [r3]
 788 0092 FB1C     		adds	r3, r7, #3
 789 0094 1978     		ldrb	r1, [r3]
 790 0096 7B68     		ldr	r3, [r7, #4]
 791 0098 1800     		movs	r0, r3
 792 009a FFF7FEFF 		bl	u8g_DrawPixel
 793              	.L36:
 154:Drivers/u8glib/src/u8g_bitmap.c ****       x++;
 794              		.loc 1 154 0
 795 009e FB1C     		adds	r3, r7, #3
 796 00a0 1A78     		ldrb	r2, [r3]
 797 00a2 FB1C     		adds	r3, r7, #3
 798 00a4 0132     		adds	r2, r2, #1
 799 00a6 1A70     		strb	r2, [r3]
 155:Drivers/u8glib/src/u8g_bitmap.c ****       w--;
 800              		.loc 1 155 0
 801 00a8 7B1C     		adds	r3, r7, #1
 802 00aa 1A78     		ldrb	r2, [r3]
 803 00ac 7B1C     		adds	r3, r7, #1
 804 00ae 013A     		subs	r2, r2, #1
 805 00b0 1A70     		strb	r2, [r3]
 156:Drivers/u8glib/src/u8g_bitmap.c ****       d >>= 1;      
 806              		.loc 1 156 0
 807 00b2 0F23     		movs	r3, #15
 808 00b4 FB18     		adds	r3, r7, r3
 809 00b6 0F22     		movs	r2, #15
 810 00b8 BA18     		adds	r2, r7, r2
 811 00ba 1278     		ldrb	r2, [r2]
 812 00bc 5208     		lsrs	r2, r2, #1
 813 00be 1A70     		strb	r2, [r3]
 157:Drivers/u8glib/src/u8g_bitmap.c ****     } while ( w > 0 );
 814              		.loc 1 157 0
 815 00c0 7B1C     		adds	r3, r7, #1
ARM GAS  /tmp/cc20r90T.s 			page 18


 816 00c2 1B78     		ldrb	r3, [r3]
 817 00c4 002B     		cmp	r3, #0
 818 00c6 DCD1     		bne	.L37
 819              	.L38:
 158:Drivers/u8glib/src/u8g_bitmap.c ****   }
 159:Drivers/u8glib/src/u8g_bitmap.c **** }
 820              		.loc 1 159 0
 821 00c8 C046     		nop
 822 00ca BD46     		mov	sp, r7
 823 00cc 05B0     		add	sp, sp, #20
 824              		@ sp needed
 825 00ce 90BD     		pop	{r4, r7, pc}
 826              		.cfi_endproc
 827              	.LFE6:
 829              		.section	.text.u8g_DrawXBMP,"ax",%progbits
 830              		.align	1
 831              		.global	u8g_DrawXBMP
 832              		.syntax unified
 833              		.code	16
 834              		.thumb_func
 835              		.fpu softvfp
 837              	u8g_DrawXBMP:
 838              	.LFB7:
 160:Drivers/u8glib/src/u8g_bitmap.c **** 
 161:Drivers/u8glib/src/u8g_bitmap.c **** void u8g_DrawXBMP(u8g_t *u8g, u8g_uint_t x, u8g_uint_t y, u8g_uint_t w, u8g_uint_t h, const u8g_pgm
 162:Drivers/u8glib/src/u8g_bitmap.c **** {
 839              		.loc 1 162 0
 840              		.cfi_startproc
 841 0000 90B5     		push	{r4, r7, lr}
 842              	.LCFI21:
 843              		.cfi_def_cfa_offset 12
 844              		.cfi_offset 4, -12
 845              		.cfi_offset 7, -8
 846              		.cfi_offset 14, -4
 847 0002 87B0     		sub	sp, sp, #28
 848              	.LCFI22:
 849              		.cfi_def_cfa_offset 40
 850 0004 02AF     		add	r7, sp, #8
 851              	.LCFI23:
 852              		.cfi_def_cfa 7, 32
 853 0006 7860     		str	r0, [r7, #4]
 854 0008 0C00     		movs	r4, r1
 855 000a 1000     		movs	r0, r2
 856 000c 1900     		movs	r1, r3
 857 000e FB1C     		adds	r3, r7, #3
 858 0010 221C     		adds	r2, r4, #0
 859 0012 1A70     		strb	r2, [r3]
 860 0014 BB1C     		adds	r3, r7, #2
 861 0016 021C     		adds	r2, r0, #0
 862 0018 1A70     		strb	r2, [r3]
 863 001a 7B1C     		adds	r3, r7, #1
 864 001c 0A1C     		adds	r2, r1, #0
 865 001e 1A70     		strb	r2, [r3]
 163:Drivers/u8glib/src/u8g_bitmap.c ****   u8g_uint_t b;
 164:Drivers/u8glib/src/u8g_bitmap.c ****   b = w;
 866              		.loc 1 164 0
 867 0020 0F23     		movs	r3, #15
ARM GAS  /tmp/cc20r90T.s 			page 19


 868 0022 FB18     		adds	r3, r7, r3
 869 0024 7A1C     		adds	r2, r7, #1
 870 0026 1278     		ldrb	r2, [r2]
 871 0028 1A70     		strb	r2, [r3]
 165:Drivers/u8glib/src/u8g_bitmap.c ****   b += 7;
 872              		.loc 1 165 0
 873 002a 0F23     		movs	r3, #15
 874 002c FB18     		adds	r3, r7, r3
 875 002e 0F22     		movs	r2, #15
 876 0030 BA18     		adds	r2, r7, r2
 877 0032 1278     		ldrb	r2, [r2]
 878 0034 0732     		adds	r2, r2, #7
 879 0036 1A70     		strb	r2, [r3]
 166:Drivers/u8glib/src/u8g_bitmap.c ****   b >>= 3;
 880              		.loc 1 166 0
 881 0038 0F23     		movs	r3, #15
 882 003a FB18     		adds	r3, r7, r3
 883 003c 0F22     		movs	r2, #15
 884 003e BA18     		adds	r2, r7, r2
 885 0040 1278     		ldrb	r2, [r2]
 886 0042 D208     		lsrs	r2, r2, #3
 887 0044 1A70     		strb	r2, [r3]
 167:Drivers/u8glib/src/u8g_bitmap.c ****   
 168:Drivers/u8glib/src/u8g_bitmap.c ****   if ( u8g_IsBBXIntersection(u8g, x, y, w, h) == 0 )
 888              		.loc 1 168 0
 889 0046 7B1C     		adds	r3, r7, #1
 890 0048 1C78     		ldrb	r4, [r3]
 891 004a BB1C     		adds	r3, r7, #2
 892 004c 1A78     		ldrb	r2, [r3]
 893 004e FB1C     		adds	r3, r7, #3
 894 0050 1978     		ldrb	r1, [r3]
 895 0052 7868     		ldr	r0, [r7, #4]
 896 0054 2023     		movs	r3, #32
 897 0056 FB18     		adds	r3, r7, r3
 898 0058 1B78     		ldrb	r3, [r3]
 899 005a 0093     		str	r3, [sp]
 900 005c 2300     		movs	r3, r4
 901 005e FFF7FEFF 		bl	u8g_IsBBXIntersection
 902 0062 031E     		subs	r3, r0, #0
 903 0064 24D0     		beq	.L44
 169:Drivers/u8glib/src/u8g_bitmap.c ****     return;
 170:Drivers/u8glib/src/u8g_bitmap.c ****   while( h > 0 )
 904              		.loc 1 170 0
 905 0066 1DE0     		b	.L42
 906              	.L43:
 171:Drivers/u8glib/src/u8g_bitmap.c ****   {
 172:Drivers/u8glib/src/u8g_bitmap.c ****     u8g_DrawHXBMP(u8g, x, y, w, bitmap);
 907              		.loc 1 172 0
 908 0068 7B1C     		adds	r3, r7, #1
 909 006a 1C78     		ldrb	r4, [r3]
 910 006c BB1C     		adds	r3, r7, #2
 911 006e 1A78     		ldrb	r2, [r3]
 912 0070 FB1C     		adds	r3, r7, #3
 913 0072 1978     		ldrb	r1, [r3]
 914 0074 7868     		ldr	r0, [r7, #4]
 915 0076 7B6A     		ldr	r3, [r7, #36]
 916 0078 0093     		str	r3, [sp]
ARM GAS  /tmp/cc20r90T.s 			page 20


 917 007a 2300     		movs	r3, r4
 918 007c FFF7FEFF 		bl	u8g_DrawHXBMP
 173:Drivers/u8glib/src/u8g_bitmap.c ****     bitmap += b;
 919              		.loc 1 173 0
 920 0080 0F23     		movs	r3, #15
 921 0082 FB18     		adds	r3, r7, r3
 922 0084 1B78     		ldrb	r3, [r3]
 923 0086 7A6A     		ldr	r2, [r7, #36]
 924 0088 D318     		adds	r3, r2, r3
 925 008a 7B62     		str	r3, [r7, #36]
 174:Drivers/u8glib/src/u8g_bitmap.c ****     y++;
 926              		.loc 1 174 0
 927 008c BB1C     		adds	r3, r7, #2
 928 008e 1A78     		ldrb	r2, [r3]
 929 0090 BB1C     		adds	r3, r7, #2
 930 0092 0132     		adds	r2, r2, #1
 931 0094 1A70     		strb	r2, [r3]
 175:Drivers/u8glib/src/u8g_bitmap.c ****     h--;
 932              		.loc 1 175 0
 933 0096 2023     		movs	r3, #32
 934 0098 FB18     		adds	r3, r7, r3
 935 009a 1B78     		ldrb	r3, [r3]
 936 009c 2022     		movs	r2, #32
 937 009e BA18     		adds	r2, r7, r2
 938 00a0 013B     		subs	r3, r3, #1
 939 00a2 1370     		strb	r3, [r2]
 940              	.L42:
 170:Drivers/u8glib/src/u8g_bitmap.c ****   {
 941              		.loc 1 170 0
 942 00a4 2023     		movs	r3, #32
 943 00a6 FB18     		adds	r3, r7, r3
 944 00a8 1B78     		ldrb	r3, [r3]
 945 00aa 002B     		cmp	r3, #0
 946 00ac DCD1     		bne	.L43
 947 00ae 00E0     		b	.L39
 948              	.L44:
 169:Drivers/u8glib/src/u8g_bitmap.c ****   while( h > 0 )
 949              		.loc 1 169 0
 950 00b0 C046     		nop
 951              	.L39:
 176:Drivers/u8glib/src/u8g_bitmap.c ****   }
 177:Drivers/u8glib/src/u8g_bitmap.c **** }
 952              		.loc 1 177 0
 953 00b2 BD46     		mov	sp, r7
 954 00b4 05B0     		add	sp, sp, #20
 955              		@ sp needed
 956 00b6 90BD     		pop	{r4, r7, pc}
 957              		.cfi_endproc
 958              	.LFE7:
 960              		.text
 961              	.Letext0:
 962              		.file 2 "/usr/arm-none-eabi/include/machine/_default_types.h"
 963              		.file 3 "/usr/arm-none-eabi/include/sys/_stdint.h"
 964              		.file 4 "Drivers/u8glib/inc/u8g.h"
ARM GAS  /tmp/cc20r90T.s 			page 21


DEFINED SYMBOLS
                            *ABS*:0000000000000000 u8g_bitmap.c
     /tmp/cc20r90T.s:16     .text.u8g_DrawHBitmap:0000000000000000 $t
     /tmp/cc20r90T.s:23     .text.u8g_DrawHBitmap:0000000000000000 u8g_DrawHBitmap
     /tmp/cc20r90T.s:100    .text.u8g_DrawBitmap:0000000000000000 $t
     /tmp/cc20r90T.s:107    .text.u8g_DrawBitmap:0000000000000000 u8g_DrawBitmap
     /tmp/cc20r90T.s:210    .text.u8g_DrawHBitmapP:0000000000000000 $t
     /tmp/cc20r90T.s:217    .text.u8g_DrawHBitmapP:0000000000000000 u8g_DrawHBitmapP
     /tmp/cc20r90T.s:293    .text.u8g_DrawBitmapP:0000000000000000 $t
     /tmp/cc20r90T.s:300    .text.u8g_DrawBitmapP:0000000000000000 u8g_DrawBitmapP
     /tmp/cc20r90T.s:403    .text.u8g_DrawHXBM:0000000000000000 $t
     /tmp/cc20r90T.s:409    .text.u8g_DrawHXBM:0000000000000000 u8g_DrawHXBM
     /tmp/cc20r90T.s:551    .text.u8g_DrawXBM:0000000000000000 $t
     /tmp/cc20r90T.s:558    .text.u8g_DrawXBM:0000000000000000 u8g_DrawXBM
     /tmp/cc20r90T.s:682    .text.u8g_DrawHXBMP:0000000000000000 $t
     /tmp/cc20r90T.s:688    .text.u8g_DrawHXBMP:0000000000000000 u8g_DrawHXBMP
     /tmp/cc20r90T.s:830    .text.u8g_DrawXBMP:0000000000000000 $t
     /tmp/cc20r90T.s:837    .text.u8g_DrawXBMP:0000000000000000 u8g_DrawXBMP
                     .debug_frame:0000000000000010 $d

UNDEFINED SYMBOLS
u8g_Draw8Pixel
u8g_IsBBXIntersection
u8g_DrawPixel
