ARM GAS  /tmp/ccgUzpET.s 			page 1


   1              		.cpu cortex-m0
   2              		.eabi_attribute 20, 1
   3              		.eabi_attribute 21, 1
   4              		.eabi_attribute 23, 3
   5              		.eabi_attribute 24, 1
   6              		.eabi_attribute 25, 1
   7              		.eabi_attribute 26, 1
   8              		.eabi_attribute 30, 6
   9              		.eabi_attribute 34, 0
  10              		.eabi_attribute 18, 4
  11              		.file	"u8g_pb32h1.c"
  12              		.text
  13              	.Ltext0:
  14              		.cfi_sections	.debug_frame
  15              		.section	.text.u8g_pb32h1_Clear,"ax",%progbits
  16              		.align	1
  17              		.global	u8g_pb32h1_Clear
  18              		.syntax unified
  19              		.code	16
  20              		.thumb_func
  21              		.fpu softvfp
  23              	u8g_pb32h1_Clear:
  24              	.LFB0:
  25              		.file 1 "Drivers/u8glib/src/u8g_pb32h1.c"
   1:Drivers/u8glib/src/u8g_pb32h1.c **** /*
   2:Drivers/u8glib/src/u8g_pb32h1.c **** 
   3:Drivers/u8glib/src/u8g_pb32h1.c ****   u8g_pb32h1.c
   4:Drivers/u8glib/src/u8g_pb32h1.c ****   
   5:Drivers/u8glib/src/u8g_pb32h1.c ****   2x 8bit height monochrom (1 bit) page buffer
   6:Drivers/u8glib/src/u8g_pb32h1.c ****   byte has horizontal orientation
   7:Drivers/u8glib/src/u8g_pb32h1.c **** 
   8:Drivers/u8glib/src/u8g_pb32h1.c ****   Universal 8bit Graphics Library
   9:Drivers/u8glib/src/u8g_pb32h1.c ****   
  10:Drivers/u8glib/src/u8g_pb32h1.c ****   Copyright (c) 2012, olikraus@gmail.com
  11:Drivers/u8glib/src/u8g_pb32h1.c ****   All rights reserved.
  12:Drivers/u8glib/src/u8g_pb32h1.c **** 
  13:Drivers/u8glib/src/u8g_pb32h1.c ****   Redistribution and use in source and binary forms, with or without modification, 
  14:Drivers/u8glib/src/u8g_pb32h1.c ****   are permitted provided that the following conditions are met:
  15:Drivers/u8glib/src/u8g_pb32h1.c **** 
  16:Drivers/u8glib/src/u8g_pb32h1.c ****   * Redistributions of source code must retain the above copyright notice, this list 
  17:Drivers/u8glib/src/u8g_pb32h1.c ****     of conditions and the following disclaimer.
  18:Drivers/u8glib/src/u8g_pb32h1.c ****     
  19:Drivers/u8glib/src/u8g_pb32h1.c ****   * Redistributions in binary form must reproduce the above copyright notice, this 
  20:Drivers/u8glib/src/u8g_pb32h1.c ****     list of conditions and the following disclaimer in the documentation and/or other 
  21:Drivers/u8glib/src/u8g_pb32h1.c ****     materials provided with the distribution.
  22:Drivers/u8glib/src/u8g_pb32h1.c **** 
  23:Drivers/u8glib/src/u8g_pb32h1.c ****   THIS SOFTWARE IS PROVIDED BY THE COPYRIGHT HOLDERS AND 
  24:Drivers/u8glib/src/u8g_pb32h1.c ****   CONTRIBUTORS "AS IS" AND ANY EXPRESS OR IMPLIED WARRANTIES, 
  25:Drivers/u8glib/src/u8g_pb32h1.c ****   INCLUDING, BUT NOT LIMITED TO, THE IMPLIED WARRANTIES OF 
  26:Drivers/u8glib/src/u8g_pb32h1.c ****   MERCHANTABILITY AND FITNESS FOR A PARTICULAR PURPOSE ARE 
  27:Drivers/u8glib/src/u8g_pb32h1.c ****   DISCLAIMED. IN NO EVENT SHALL THE COPYRIGHT HOLDER OR 
  28:Drivers/u8glib/src/u8g_pb32h1.c ****   CONTRIBUTORS BE LIABLE FOR ANY DIRECT, INDIRECT, INCIDENTAL, 
  29:Drivers/u8glib/src/u8g_pb32h1.c ****   SPECIAL, EXEMPLARY, OR CONSEQUENTIAL DAMAGES (INCLUDING, BUT 
  30:Drivers/u8glib/src/u8g_pb32h1.c ****   NOT LIMITED TO, PROCUREMENT OF SUBSTITUTE GOODS OR SERVICES; 
  31:Drivers/u8glib/src/u8g_pb32h1.c ****   LOSS OF USE, DATA, OR PROFITS; OR BUSINESS INTERRUPTION) HOWEVER 
  32:Drivers/u8glib/src/u8g_pb32h1.c ****   CAUSED AND ON ANY THEORY OF LIABILITY, WHETHER IN CONTRACT, 
  33:Drivers/u8glib/src/u8g_pb32h1.c ****   STRICT LIABILITY, OR TORT (INCLUDING NEGLIGENCE OR OTHERWISE) 
ARM GAS  /tmp/ccgUzpET.s 			page 2


  34:Drivers/u8glib/src/u8g_pb32h1.c ****   ARISING IN ANY WAY OUT OF THE USE OF THIS SOFTWARE, EVEN IF 
  35:Drivers/u8glib/src/u8g_pb32h1.c ****   ADVISED OF THE POSSIBILITY OF SUCH DAMAGE.  
  36:Drivers/u8glib/src/u8g_pb32h1.c **** 
  37:Drivers/u8glib/src/u8g_pb32h1.c **** 
  38:Drivers/u8glib/src/u8g_pb32h1.c ****   total buffer size is limited to 2*256 bytes because of the calculation inside the set pixel proce
  39:Drivers/u8glib/src/u8g_pb32h1.c **** 
  40:Drivers/u8glib/src/u8g_pb32h1.c **** 
  41:Drivers/u8glib/src/u8g_pb32h1.c **** */
  42:Drivers/u8glib/src/u8g_pb32h1.c **** 
  43:Drivers/u8glib/src/u8g_pb32h1.c **** #include "u8g.h"
  44:Drivers/u8glib/src/u8g_pb32h1.c **** #include <string.h>
  45:Drivers/u8glib/src/u8g_pb32h1.c **** 
  46:Drivers/u8glib/src/u8g_pb32h1.c **** 
  47:Drivers/u8glib/src/u8g_pb32h1.c **** void u8g_pb32h1_Init(u8g_pb_t *b, void *buf, u8g_uint_t width) U8G_NOINLINE;
  48:Drivers/u8glib/src/u8g_pb32h1.c **** void u8g_pb32h1_set_pixel(u8g_pb_t *b, u8g_uint_t x, u8g_uint_t y, uint8_t color_index) U8G_NOINLIN
  49:Drivers/u8glib/src/u8g_pb32h1.c **** void u8g_pb32h1_SetPixel(u8g_pb_t *b, const u8g_dev_arg_pixel_t * const arg_pixel) U8G_NOINLINE ;
  50:Drivers/u8glib/src/u8g_pb32h1.c **** void u8g_pb32h1_Set8PixelStd(u8g_pb_t *b, u8g_dev_arg_pixel_t *arg_pixel) U8G_NOINLINE;
  51:Drivers/u8glib/src/u8g_pb32h1.c **** uint8_t u8g_dev_pb8h1_base_fn(u8g_t *u8g, u8g_dev_t *dev, uint8_t msg, void *arg);
  52:Drivers/u8glib/src/u8g_pb32h1.c **** 
  53:Drivers/u8glib/src/u8g_pb32h1.c **** void u8g_pb32h1_Clear(u8g_pb_t *b)
  54:Drivers/u8glib/src/u8g_pb32h1.c **** {
  26              		.loc 1 54 0
  27              		.cfi_startproc
  28 0000 80B5     		push	{r7, lr}
  29              	.LCFI0:
  30              		.cfi_def_cfa_offset 8
  31              		.cfi_offset 7, -8
  32              		.cfi_offset 14, -4
  33 0002 84B0     		sub	sp, sp, #16
  34              	.LCFI1:
  35              		.cfi_def_cfa_offset 24
  36 0004 00AF     		add	r7, sp, #0
  37              	.LCFI2:
  38              		.cfi_def_cfa_register 7
  39 0006 7860     		str	r0, [r7, #4]
  55:Drivers/u8glib/src/u8g_pb32h1.c ****   uint8_t *ptr = (uint8_t *)b->buf;
  40              		.loc 1 55 0
  41 0008 7B68     		ldr	r3, [r7, #4]
  42 000a 9B68     		ldr	r3, [r3, #8]
  43 000c FB60     		str	r3, [r7, #12]
  56:Drivers/u8glib/src/u8g_pb32h1.c ****   uint8_t *end_ptr = ptr;
  44              		.loc 1 56 0
  45 000e FB68     		ldr	r3, [r7, #12]
  46 0010 BB60     		str	r3, [r7, #8]
  57:Drivers/u8glib/src/u8g_pb32h1.c ****   end_ptr += b->width*4;
  47              		.loc 1 57 0
  48 0012 7B68     		ldr	r3, [r7, #4]
  49 0014 5B79     		ldrb	r3, [r3, #5]
  50 0016 9B00     		lsls	r3, r3, #2
  51 0018 1A00     		movs	r2, r3
  52 001a BB68     		ldr	r3, [r7, #8]
  53 001c 9B18     		adds	r3, r3, r2
  54 001e BB60     		str	r3, [r7, #8]
  55              	.L2:
  58:Drivers/u8glib/src/u8g_pb32h1.c ****   do
  59:Drivers/u8glib/src/u8g_pb32h1.c ****   {
  60:Drivers/u8glib/src/u8g_pb32h1.c ****     *ptr++ = 0;
ARM GAS  /tmp/ccgUzpET.s 			page 3


  56              		.loc 1 60 0 discriminator 1
  57 0020 FB68     		ldr	r3, [r7, #12]
  58 0022 5A1C     		adds	r2, r3, #1
  59 0024 FA60     		str	r2, [r7, #12]
  60 0026 0022     		movs	r2, #0
  61 0028 1A70     		strb	r2, [r3]
  61:Drivers/u8glib/src/u8g_pb32h1.c ****   } while( ptr != end_ptr );
  62              		.loc 1 61 0 discriminator 1
  63 002a FA68     		ldr	r2, [r7, #12]
  64 002c BB68     		ldr	r3, [r7, #8]
  65 002e 9A42     		cmp	r2, r3
  66 0030 F6D1     		bne	.L2
  62:Drivers/u8glib/src/u8g_pb32h1.c **** }
  67              		.loc 1 62 0
  68 0032 C046     		nop
  69 0034 BD46     		mov	sp, r7
  70 0036 04B0     		add	sp, sp, #16
  71              		@ sp needed
  72 0038 80BD     		pop	{r7, pc}
  73              		.cfi_endproc
  74              	.LFE0:
  76              		.section	.text.u8g_pb32h1_Init,"ax",%progbits
  77              		.align	1
  78              		.global	u8g_pb32h1_Init
  79              		.syntax unified
  80              		.code	16
  81              		.thumb_func
  82              		.fpu softvfp
  84              	u8g_pb32h1_Init:
  85              	.LFB1:
  63:Drivers/u8glib/src/u8g_pb32h1.c **** 
  64:Drivers/u8glib/src/u8g_pb32h1.c **** 
  65:Drivers/u8glib/src/u8g_pb32h1.c **** 
  66:Drivers/u8glib/src/u8g_pb32h1.c **** void u8g_pb32h1_Init(u8g_pb_t *b, void *buf, u8g_uint_t width)
  67:Drivers/u8glib/src/u8g_pb32h1.c **** {
  86              		.loc 1 67 0
  87              		.cfi_startproc
  88 0000 80B5     		push	{r7, lr}
  89              	.LCFI3:
  90              		.cfi_def_cfa_offset 8
  91              		.cfi_offset 7, -8
  92              		.cfi_offset 14, -4
  93 0002 84B0     		sub	sp, sp, #16
  94              	.LCFI4:
  95              		.cfi_def_cfa_offset 24
  96 0004 00AF     		add	r7, sp, #0
  97              	.LCFI5:
  98              		.cfi_def_cfa_register 7
  99 0006 F860     		str	r0, [r7, #12]
 100 0008 B960     		str	r1, [r7, #8]
 101 000a FB1D     		adds	r3, r7, #7
 102 000c 1A70     		strb	r2, [r3]
  68:Drivers/u8glib/src/u8g_pb32h1.c ****   b->buf = buf;
 103              		.loc 1 68 0
 104 000e FB68     		ldr	r3, [r7, #12]
 105 0010 BA68     		ldr	r2, [r7, #8]
 106 0012 9A60     		str	r2, [r3, #8]
ARM GAS  /tmp/ccgUzpET.s 			page 4


  69:Drivers/u8glib/src/u8g_pb32h1.c ****   b->width = width;
 107              		.loc 1 69 0
 108 0014 FB68     		ldr	r3, [r7, #12]
 109 0016 FA1D     		adds	r2, r7, #7
 110 0018 1278     		ldrb	r2, [r2]
 111 001a 5A71     		strb	r2, [r3, #5]
  70:Drivers/u8glib/src/u8g_pb32h1.c ****   u8g_pb32h1_Clear(b);
 112              		.loc 1 70 0
 113 001c FB68     		ldr	r3, [r7, #12]
 114 001e 1800     		movs	r0, r3
 115 0020 FFF7FEFF 		bl	u8g_pb32h1_Clear
  71:Drivers/u8glib/src/u8g_pb32h1.c **** }
 116              		.loc 1 71 0
 117 0024 C046     		nop
 118 0026 BD46     		mov	sp, r7
 119 0028 04B0     		add	sp, sp, #16
 120              		@ sp needed
 121 002a 80BD     		pop	{r7, pc}
 122              		.cfi_endproc
 123              	.LFE1:
 125              		.section	.text.u8g_pb32h1_set_pixel,"ax",%progbits
 126              		.align	1
 127              		.global	u8g_pb32h1_set_pixel
 128              		.syntax unified
 129              		.code	16
 130              		.thumb_func
 131              		.fpu softvfp
 133              	u8g_pb32h1_set_pixel:
 134              	.LFB2:
  72:Drivers/u8glib/src/u8g_pb32h1.c **** 
  73:Drivers/u8glib/src/u8g_pb32h1.c **** 
  74:Drivers/u8glib/src/u8g_pb32h1.c **** /* limitation: total buffer must not exceed 2*256 bytes */
  75:Drivers/u8glib/src/u8g_pb32h1.c **** void u8g_pb32h1_set_pixel(u8g_pb_t *b, u8g_uint_t x, u8g_uint_t y, uint8_t color_index)
  76:Drivers/u8glib/src/u8g_pb32h1.c **** {
 135              		.loc 1 76 0
 136              		.cfi_startproc
 137 0000 90B5     		push	{r4, r7, lr}
 138              	.LCFI6:
 139              		.cfi_def_cfa_offset 12
 140              		.cfi_offset 4, -12
 141              		.cfi_offset 7, -8
 142              		.cfi_offset 14, -4
 143 0002 85B0     		sub	sp, sp, #20
 144              	.LCFI7:
 145              		.cfi_def_cfa_offset 32
 146 0004 00AF     		add	r7, sp, #0
 147              	.LCFI8:
 148              		.cfi_def_cfa_register 7
 149 0006 7860     		str	r0, [r7, #4]
 150 0008 0C00     		movs	r4, r1
 151 000a 1000     		movs	r0, r2
 152 000c 1900     		movs	r1, r3
 153 000e FB1C     		adds	r3, r7, #3
 154 0010 221C     		adds	r2, r4, #0
 155 0012 1A70     		strb	r2, [r3]
 156 0014 BB1C     		adds	r3, r7, #2
 157 0016 021C     		adds	r2, r0, #0
ARM GAS  /tmp/ccgUzpET.s 			page 5


 158 0018 1A70     		strb	r2, [r3]
 159 001a 7B1C     		adds	r3, r7, #1
 160 001c 0A1C     		adds	r2, r1, #0
 161 001e 1A70     		strb	r2, [r3]
  77:Drivers/u8glib/src/u8g_pb32h1.c ****   register uint8_t mask;
  78:Drivers/u8glib/src/u8g_pb32h1.c ****   uint16_t tmp;
  79:Drivers/u8glib/src/u8g_pb32h1.c ****   uint8_t *ptr = b->buf;
 162              		.loc 1 79 0
 163 0020 7B68     		ldr	r3, [r7, #4]
 164 0022 9B68     		ldr	r3, [r3, #8]
 165 0024 FB60     		str	r3, [r7, #12]
  80:Drivers/u8glib/src/u8g_pb32h1.c ****   
  81:Drivers/u8glib/src/u8g_pb32h1.c ****   y -= b->p.page_y0;
 166              		.loc 1 81 0
 167 0026 7B68     		ldr	r3, [r7, #4]
 168 0028 9A78     		ldrb	r2, [r3, #2]
 169 002a BB1C     		adds	r3, r7, #2
 170 002c B91C     		adds	r1, r7, #2
 171 002e 0978     		ldrb	r1, [r1]
 172 0030 8A1A     		subs	r2, r1, r2
 173 0032 1A70     		strb	r2, [r3]
  82:Drivers/u8glib/src/u8g_pb32h1.c ****   tmp = b->width;
 174              		.loc 1 82 0
 175 0034 7B68     		ldr	r3, [r7, #4]
 176 0036 5A79     		ldrb	r2, [r3, #5]
 177 0038 0A23     		movs	r3, #10
 178 003a FB18     		adds	r3, r7, r3
 179 003c 1A80     		strh	r2, [r3]
  83:Drivers/u8glib/src/u8g_pb32h1.c ****   tmp >>= 3;
 180              		.loc 1 83 0
 181 003e 0A23     		movs	r3, #10
 182 0040 FB18     		adds	r3, r7, r3
 183 0042 0A22     		movs	r2, #10
 184 0044 BA18     		adds	r2, r7, r2
 185 0046 1288     		ldrh	r2, [r2]
 186 0048 D208     		lsrs	r2, r2, #3
 187 004a 1A80     		strh	r2, [r3]
  84:Drivers/u8glib/src/u8g_pb32h1.c ****   tmp *= y;
 188              		.loc 1 84 0
 189 004c BB1C     		adds	r3, r7, #2
 190 004e 1B78     		ldrb	r3, [r3]
 191 0050 9AB2     		uxth	r2, r3
 192 0052 0A23     		movs	r3, #10
 193 0054 FB18     		adds	r3, r7, r3
 194 0056 0A21     		movs	r1, #10
 195 0058 7918     		adds	r1, r7, r1
 196 005a 0988     		ldrh	r1, [r1]
 197 005c 4A43     		muls	r2, r1
 198 005e 1A80     		strh	r2, [r3]
  85:Drivers/u8glib/src/u8g_pb32h1.c ****   ptr += tmp;
 199              		.loc 1 85 0
 200 0060 0A23     		movs	r3, #10
 201 0062 FB18     		adds	r3, r7, r3
 202 0064 1B88     		ldrh	r3, [r3]
 203 0066 FA68     		ldr	r2, [r7, #12]
 204 0068 D318     		adds	r3, r2, r3
 205 006a FB60     		str	r3, [r7, #12]
ARM GAS  /tmp/ccgUzpET.s 			page 6


  86:Drivers/u8glib/src/u8g_pb32h1.c ****   
  87:Drivers/u8glib/src/u8g_pb32h1.c ****   mask = 0x080;
 206              		.loc 1 87 0
 207 006c 8024     		movs	r4, #128
  88:Drivers/u8glib/src/u8g_pb32h1.c ****   mask >>= x & 7;
 208              		.loc 1 88 0
 209 006e 2100     		movs	r1, r4
 210 0070 FB1C     		adds	r3, r7, #3
 211 0072 1B78     		ldrb	r3, [r3]
 212 0074 0722     		movs	r2, #7
 213 0076 1340     		ands	r3, r2
 214 0078 1941     		asrs	r1, r1, r3
 215 007a 0B00     		movs	r3, r1
 216 007c DCB2     		uxtb	r4, r3
  89:Drivers/u8glib/src/u8g_pb32h1.c ****   x >>= 3;
 217              		.loc 1 89 0
 218 007e FB1C     		adds	r3, r7, #3
 219 0080 FA1C     		adds	r2, r7, #3
 220 0082 1278     		ldrb	r2, [r2]
 221 0084 D208     		lsrs	r2, r2, #3
 222 0086 1A70     		strb	r2, [r3]
  90:Drivers/u8glib/src/u8g_pb32h1.c ****   ptr += x;
 223              		.loc 1 90 0
 224 0088 FB1C     		adds	r3, r7, #3
 225 008a 1B78     		ldrb	r3, [r3]
 226 008c FA68     		ldr	r2, [r7, #12]
 227 008e D318     		adds	r3, r2, r3
 228 0090 FB60     		str	r3, [r7, #12]
  91:Drivers/u8glib/src/u8g_pb32h1.c ****   if ( color_index )
 229              		.loc 1 91 0
 230 0092 7B1C     		adds	r3, r7, #1
 231 0094 1B78     		ldrb	r3, [r3]
 232 0096 002B     		cmp	r3, #0
 233 0098 06D0     		beq	.L5
  92:Drivers/u8glib/src/u8g_pb32h1.c ****   {
  93:Drivers/u8glib/src/u8g_pb32h1.c ****     *ptr |= mask;
 234              		.loc 1 93 0
 235 009a FB68     		ldr	r3, [r7, #12]
 236 009c 1B78     		ldrb	r3, [r3]
 237 009e 2343     		orrs	r3, r4
 238 00a0 DAB2     		uxtb	r2, r3
 239 00a2 FB68     		ldr	r3, [r7, #12]
 240 00a4 1A70     		strb	r2, [r3]
  94:Drivers/u8glib/src/u8g_pb32h1.c ****   }
  95:Drivers/u8glib/src/u8g_pb32h1.c ****   else
  96:Drivers/u8glib/src/u8g_pb32h1.c ****   {
  97:Drivers/u8glib/src/u8g_pb32h1.c ****     mask ^=0xff;
  98:Drivers/u8glib/src/u8g_pb32h1.c ****     *ptr &= mask;
  99:Drivers/u8glib/src/u8g_pb32h1.c ****   }
 100:Drivers/u8glib/src/u8g_pb32h1.c ****   
 101:Drivers/u8glib/src/u8g_pb32h1.c **** }
 241              		.loc 1 101 0
 242 00a6 07E0     		b	.L7
 243              	.L5:
  97:Drivers/u8glib/src/u8g_pb32h1.c ****     *ptr &= mask;
 244              		.loc 1 97 0
 245 00a8 E343     		mvns	r3, r4
ARM GAS  /tmp/ccgUzpET.s 			page 7


 246 00aa DCB2     		uxtb	r4, r3
  98:Drivers/u8glib/src/u8g_pb32h1.c ****   }
 247              		.loc 1 98 0
 248 00ac FB68     		ldr	r3, [r7, #12]
 249 00ae 1B78     		ldrb	r3, [r3]
 250 00b0 2340     		ands	r3, r4
 251 00b2 DAB2     		uxtb	r2, r3
 252 00b4 FB68     		ldr	r3, [r7, #12]
 253 00b6 1A70     		strb	r2, [r3]
 254              	.L7:
 255              		.loc 1 101 0
 256 00b8 C046     		nop
 257 00ba BD46     		mov	sp, r7
 258 00bc 05B0     		add	sp, sp, #20
 259              		@ sp needed
 260 00be 90BD     		pop	{r4, r7, pc}
 261              		.cfi_endproc
 262              	.LFE2:
 264              		.section	.text.u8g_pb32h1_SetPixel,"ax",%progbits
 265              		.align	1
 266              		.global	u8g_pb32h1_SetPixel
 267              		.syntax unified
 268              		.code	16
 269              		.thumb_func
 270              		.fpu softvfp
 272              	u8g_pb32h1_SetPixel:
 273              	.LFB3:
 102:Drivers/u8glib/src/u8g_pb32h1.c **** 
 103:Drivers/u8glib/src/u8g_pb32h1.c **** 
 104:Drivers/u8glib/src/u8g_pb32h1.c **** void u8g_pb32h1_SetPixel(u8g_pb_t *b, const u8g_dev_arg_pixel_t * const arg_pixel)
 105:Drivers/u8glib/src/u8g_pb32h1.c **** {
 274              		.loc 1 105 0
 275              		.cfi_startproc
 276 0000 80B5     		push	{r7, lr}
 277              	.LCFI9:
 278              		.cfi_def_cfa_offset 8
 279              		.cfi_offset 7, -8
 280              		.cfi_offset 14, -4
 281 0002 82B0     		sub	sp, sp, #8
 282              	.LCFI10:
 283              		.cfi_def_cfa_offset 16
 284 0004 00AF     		add	r7, sp, #0
 285              	.LCFI11:
 286              		.cfi_def_cfa_register 7
 287 0006 7860     		str	r0, [r7, #4]
 288 0008 3960     		str	r1, [r7]
 106:Drivers/u8glib/src/u8g_pb32h1.c ****   if ( arg_pixel->y < b->p.page_y0 )
 289              		.loc 1 106 0
 290 000a 3B68     		ldr	r3, [r7]
 291 000c 5A78     		ldrb	r2, [r3, #1]
 292 000e 7B68     		ldr	r3, [r7, #4]
 293 0010 9B78     		ldrb	r3, [r3, #2]
 294 0012 9A42     		cmp	r2, r3
 295 0014 15D3     		bcc	.L13
 107:Drivers/u8glib/src/u8g_pb32h1.c ****     return;
 108:Drivers/u8glib/src/u8g_pb32h1.c ****   if ( arg_pixel->y > b->p.page_y1 )
 296              		.loc 1 108 0
ARM GAS  /tmp/ccgUzpET.s 			page 8


 297 0016 3B68     		ldr	r3, [r7]
 298 0018 5A78     		ldrb	r2, [r3, #1]
 299 001a 7B68     		ldr	r3, [r7, #4]
 300 001c DB78     		ldrb	r3, [r3, #3]
 301 001e 9A42     		cmp	r2, r3
 302 0020 11D8     		bhi	.L14
 109:Drivers/u8glib/src/u8g_pb32h1.c ****     return;
 110:Drivers/u8glib/src/u8g_pb32h1.c ****   if ( arg_pixel->x >= b->width )
 303              		.loc 1 110 0
 304 0022 3B68     		ldr	r3, [r7]
 305 0024 1A78     		ldrb	r2, [r3]
 306 0026 7B68     		ldr	r3, [r7, #4]
 307 0028 5B79     		ldrb	r3, [r3, #5]
 308 002a 9A42     		cmp	r2, r3
 309 002c 0DD2     		bcs	.L15
 111:Drivers/u8glib/src/u8g_pb32h1.c ****     return;
 112:Drivers/u8glib/src/u8g_pb32h1.c ****   u8g_pb32h1_set_pixel(b, arg_pixel->x, arg_pixel->y, arg_pixel->color);
 310              		.loc 1 112 0
 311 002e 3B68     		ldr	r3, [r7]
 312 0030 1978     		ldrb	r1, [r3]
 313 0032 3B68     		ldr	r3, [r7]
 314 0034 5A78     		ldrb	r2, [r3, #1]
 315 0036 3B68     		ldr	r3, [r7]
 316 0038 1B79     		ldrb	r3, [r3, #4]
 317 003a 7868     		ldr	r0, [r7, #4]
 318 003c FFF7FEFF 		bl	u8g_pb32h1_set_pixel
 319 0040 04E0     		b	.L8
 320              	.L13:
 107:Drivers/u8glib/src/u8g_pb32h1.c ****   if ( arg_pixel->y > b->p.page_y1 )
 321              		.loc 1 107 0
 322 0042 C046     		nop
 323 0044 02E0     		b	.L8
 324              	.L14:
 109:Drivers/u8glib/src/u8g_pb32h1.c ****     return;
 325              		.loc 1 109 0
 326 0046 C046     		nop
 327 0048 00E0     		b	.L8
 328              	.L15:
 111:Drivers/u8glib/src/u8g_pb32h1.c ****     return;
 329              		.loc 1 111 0
 330 004a C046     		nop
 331              	.L8:
 113:Drivers/u8glib/src/u8g_pb32h1.c **** }
 332              		.loc 1 113 0
 333 004c BD46     		mov	sp, r7
 334 004e 02B0     		add	sp, sp, #8
 335              		@ sp needed
 336 0050 80BD     		pop	{r7, pc}
 337              		.cfi_endproc
 338              	.LFE3:
 340              		.section	.text.u8g_pb32h1_Set8PixelStd,"ax",%progbits
 341              		.align	1
 342              		.global	u8g_pb32h1_Set8PixelStd
 343              		.syntax unified
 344              		.code	16
 345              		.thumb_func
 346              		.fpu softvfp
ARM GAS  /tmp/ccgUzpET.s 			page 9


 348              	u8g_pb32h1_Set8PixelStd:
 349              	.LFB4:
 114:Drivers/u8glib/src/u8g_pb32h1.c **** 
 115:Drivers/u8glib/src/u8g_pb32h1.c **** void u8g_pb32h1_Set8PixelStd(u8g_pb_t *b, u8g_dev_arg_pixel_t *arg_pixel)
 116:Drivers/u8glib/src/u8g_pb32h1.c **** {
 350              		.loc 1 116 0
 351              		.cfi_startproc
 352 0000 90B5     		push	{r4, r7, lr}
 353              	.LCFI12:
 354              		.cfi_def_cfa_offset 12
 355              		.cfi_offset 4, -12
 356              		.cfi_offset 7, -8
 357              		.cfi_offset 14, -4
 358 0002 83B0     		sub	sp, sp, #12
 359              	.LCFI13:
 360              		.cfi_def_cfa_offset 24
 361 0004 00AF     		add	r7, sp, #0
 362              	.LCFI14:
 363              		.cfi_def_cfa_register 7
 364 0006 7860     		str	r0, [r7, #4]
 365 0008 3960     		str	r1, [r7]
 117:Drivers/u8glib/src/u8g_pb32h1.c ****   register uint8_t pixel = arg_pixel->pixel;
 366              		.loc 1 117 0
 367 000a 3B68     		ldr	r3, [r7]
 368 000c 9C78     		ldrb	r4, [r3, #2]
 369              	.L24:
 118:Drivers/u8glib/src/u8g_pb32h1.c ****   do
 119:Drivers/u8glib/src/u8g_pb32h1.c ****   {
 120:Drivers/u8glib/src/u8g_pb32h1.c ****     if ( pixel & 128 )
 370              		.loc 1 120 0
 371 000e 63B2     		sxtb	r3, r4
 372 0010 002B     		cmp	r3, #0
 373 0012 05DA     		bge	.L17
 121:Drivers/u8glib/src/u8g_pb32h1.c ****     {
 122:Drivers/u8glib/src/u8g_pb32h1.c ****       u8g_pb32h1_SetPixel(b, arg_pixel);
 374              		.loc 1 122 0
 375 0014 3A68     		ldr	r2, [r7]
 376 0016 7B68     		ldr	r3, [r7, #4]
 377 0018 1100     		movs	r1, r2
 378 001a 1800     		movs	r0, r3
 379 001c FFF7FEFF 		bl	u8g_pb32h1_SetPixel
 380              	.L17:
 123:Drivers/u8glib/src/u8g_pb32h1.c ****     }
 124:Drivers/u8glib/src/u8g_pb32h1.c ****     switch( arg_pixel->dir )
 381              		.loc 1 124 0
 382 0020 3B68     		ldr	r3, [r7]
 383 0022 DB78     		ldrb	r3, [r3, #3]
 384 0024 012B     		cmp	r3, #1
 385 0026 0FD0     		beq	.L19
 386 0028 02DC     		bgt	.L20
 387 002a 002B     		cmp	r3, #0
 388 002c 05D0     		beq	.L21
 389 002e 20E0     		b	.L18
 390              	.L20:
 391 0030 022B     		cmp	r3, #2
 392 0032 10D0     		beq	.L22
 393 0034 032B     		cmp	r3, #3
ARM GAS  /tmp/ccgUzpET.s 			page 10


 394 0036 15D0     		beq	.L23
 395 0038 1BE0     		b	.L18
 396              	.L21:
 125:Drivers/u8glib/src/u8g_pb32h1.c ****     {
 126:Drivers/u8glib/src/u8g_pb32h1.c ****       case 0: arg_pixel->x++; break;
 397              		.loc 1 126 0
 398 003a 3B68     		ldr	r3, [r7]
 399 003c 1B78     		ldrb	r3, [r3]
 400 003e 0133     		adds	r3, r3, #1
 401 0040 DAB2     		uxtb	r2, r3
 402 0042 3B68     		ldr	r3, [r7]
 403 0044 1A70     		strb	r2, [r3]
 404 0046 14E0     		b	.L18
 405              	.L19:
 127:Drivers/u8glib/src/u8g_pb32h1.c ****       case 1: arg_pixel->y++; break;
 406              		.loc 1 127 0
 407 0048 3B68     		ldr	r3, [r7]
 408 004a 5B78     		ldrb	r3, [r3, #1]
 409 004c 0133     		adds	r3, r3, #1
 410 004e DAB2     		uxtb	r2, r3
 411 0050 3B68     		ldr	r3, [r7]
 412 0052 5A70     		strb	r2, [r3, #1]
 413 0054 0DE0     		b	.L18
 414              	.L22:
 128:Drivers/u8glib/src/u8g_pb32h1.c ****       case 2: arg_pixel->x--; break;
 415              		.loc 1 128 0
 416 0056 3B68     		ldr	r3, [r7]
 417 0058 1B78     		ldrb	r3, [r3]
 418 005a 013B     		subs	r3, r3, #1
 419 005c DAB2     		uxtb	r2, r3
 420 005e 3B68     		ldr	r3, [r7]
 421 0060 1A70     		strb	r2, [r3]
 422 0062 06E0     		b	.L18
 423              	.L23:
 129:Drivers/u8glib/src/u8g_pb32h1.c ****       case 3: arg_pixel->y--; break;
 424              		.loc 1 129 0
 425 0064 3B68     		ldr	r3, [r7]
 426 0066 5B78     		ldrb	r3, [r3, #1]
 427 0068 013B     		subs	r3, r3, #1
 428 006a DAB2     		uxtb	r2, r3
 429 006c 3B68     		ldr	r3, [r7]
 430 006e 5A70     		strb	r2, [r3, #1]
 431 0070 C046     		nop
 432              	.L18:
 130:Drivers/u8glib/src/u8g_pb32h1.c ****     }
 131:Drivers/u8glib/src/u8g_pb32h1.c ****     pixel <<= 1;
 433              		.loc 1 131 0
 434 0072 231C     		adds	r3, r4, #0
 435 0074 DB18     		adds	r3, r3, r3
 436 0076 DCB2     		uxtb	r4, r3
 132:Drivers/u8glib/src/u8g_pb32h1.c ****   } while( pixel != 0  );
 437              		.loc 1 132 0
 438 0078 002C     		cmp	r4, #0
 439 007a C8D1     		bne	.L24
 133:Drivers/u8glib/src/u8g_pb32h1.c **** }
 440              		.loc 1 133 0
 441 007c C046     		nop
ARM GAS  /tmp/ccgUzpET.s 			page 11


 442 007e BD46     		mov	sp, r7
 443 0080 03B0     		add	sp, sp, #12
 444              		@ sp needed
 445 0082 90BD     		pop	{r4, r7, pc}
 446              		.cfi_endproc
 447              	.LFE4:
 449              		.section	.text.u8g_pb32h1_Set8PixelOpt2,"ax",%progbits
 450              		.align	1
 451              		.global	u8g_pb32h1_Set8PixelOpt2
 452              		.syntax unified
 453              		.code	16
 454              		.thumb_func
 455              		.fpu softvfp
 457              	u8g_pb32h1_Set8PixelOpt2:
 458              	.LFB5:
 134:Drivers/u8glib/src/u8g_pb32h1.c **** 
 135:Drivers/u8glib/src/u8g_pb32h1.c **** void u8g_pb32h1_Set8PixelOpt2(u8g_pb_t *b, u8g_dev_arg_pixel_t *arg_pixel)
 136:Drivers/u8glib/src/u8g_pb32h1.c **** {
 459              		.loc 1 136 0
 460              		.cfi_startproc
 461 0000 90B5     		push	{r4, r7, lr}
 462              	.LCFI15:
 463              		.cfi_def_cfa_offset 12
 464              		.cfi_offset 4, -12
 465              		.cfi_offset 7, -8
 466              		.cfi_offset 14, -4
 467 0002 85B0     		sub	sp, sp, #20
 468              	.LCFI16:
 469              		.cfi_def_cfa_offset 32
 470 0004 00AF     		add	r7, sp, #0
 471              	.LCFI17:
 472              		.cfi_def_cfa_register 7
 473 0006 7860     		str	r0, [r7, #4]
 474 0008 3960     		str	r1, [r7]
 137:Drivers/u8glib/src/u8g_pb32h1.c ****   register uint8_t pixel = arg_pixel->pixel;
 475              		.loc 1 137 0
 476 000a 3B68     		ldr	r3, [r7]
 477 000c 9C78     		ldrb	r4, [r3, #2]
 138:Drivers/u8glib/src/u8g_pb32h1.c ****   u8g_uint_t dx = 0;
 478              		.loc 1 138 0
 479 000e 0F23     		movs	r3, #15
 480 0010 FB18     		adds	r3, r7, r3
 481 0012 0022     		movs	r2, #0
 482 0014 1A70     		strb	r2, [r3]
 139:Drivers/u8glib/src/u8g_pb32h1.c ****   u8g_uint_t dy = 0;
 483              		.loc 1 139 0
 484 0016 0E23     		movs	r3, #14
 485 0018 FB18     		adds	r3, r7, r3
 486 001a 0022     		movs	r2, #0
 487 001c 1A70     		strb	r2, [r3]
 140:Drivers/u8glib/src/u8g_pb32h1.c ****   
 141:Drivers/u8glib/src/u8g_pb32h1.c ****   switch( arg_pixel->dir )
 488              		.loc 1 141 0
 489 001e 3B68     		ldr	r3, [r7]
 490 0020 DB78     		ldrb	r3, [r3, #3]
 491 0022 012B     		cmp	r3, #1
 492 0024 10D0     		beq	.L27
ARM GAS  /tmp/ccgUzpET.s 			page 12


 493 0026 02DC     		bgt	.L28
 494 0028 002B     		cmp	r3, #0
 495 002a 05D0     		beq	.L29
 496 002c 24E0     		b	.L26
 497              	.L28:
 498 002e 022B     		cmp	r3, #2
 499 0030 12D0     		beq	.L30
 500 0032 032B     		cmp	r3, #3
 501 0034 18D0     		beq	.L31
 502 0036 1FE0     		b	.L26
 503              	.L29:
 142:Drivers/u8glib/src/u8g_pb32h1.c ****   {
 143:Drivers/u8glib/src/u8g_pb32h1.c ****     case 0: dx++; break;
 504              		.loc 1 143 0
 505 0038 0F23     		movs	r3, #15
 506 003a FB18     		adds	r3, r7, r3
 507 003c 1A78     		ldrb	r2, [r3]
 508 003e 0F23     		movs	r3, #15
 509 0040 FB18     		adds	r3, r7, r3
 510 0042 0132     		adds	r2, r2, #1
 511 0044 1A70     		strb	r2, [r3]
 512 0046 17E0     		b	.L26
 513              	.L27:
 144:Drivers/u8glib/src/u8g_pb32h1.c ****     case 1: dy++; break;
 514              		.loc 1 144 0
 515 0048 0E23     		movs	r3, #14
 516 004a FB18     		adds	r3, r7, r3
 517 004c 1A78     		ldrb	r2, [r3]
 518 004e 0E23     		movs	r3, #14
 519 0050 FB18     		adds	r3, r7, r3
 520 0052 0132     		adds	r2, r2, #1
 521 0054 1A70     		strb	r2, [r3]
 522 0056 0FE0     		b	.L26
 523              	.L30:
 145:Drivers/u8glib/src/u8g_pb32h1.c ****     case 2: dx--; break;
 524              		.loc 1 145 0
 525 0058 0F23     		movs	r3, #15
 526 005a FB18     		adds	r3, r7, r3
 527 005c 1A78     		ldrb	r2, [r3]
 528 005e 0F23     		movs	r3, #15
 529 0060 FB18     		adds	r3, r7, r3
 530 0062 013A     		subs	r2, r2, #1
 531 0064 1A70     		strb	r2, [r3]
 532 0066 07E0     		b	.L26
 533              	.L31:
 146:Drivers/u8glib/src/u8g_pb32h1.c ****     case 3: dy--; break;
 534              		.loc 1 146 0
 535 0068 0E23     		movs	r3, #14
 536 006a FB18     		adds	r3, r7, r3
 537 006c 1A78     		ldrb	r2, [r3]
 538 006e 0E23     		movs	r3, #14
 539 0070 FB18     		adds	r3, r7, r3
 540 0072 013A     		subs	r2, r2, #1
 541 0074 1A70     		strb	r2, [r3]
 542 0076 C046     		nop
 543              	.L26:
 147:Drivers/u8glib/src/u8g_pb32h1.c ****   }
ARM GAS  /tmp/ccgUzpET.s 			page 13


 148:Drivers/u8glib/src/u8g_pb32h1.c ****   
 149:Drivers/u8glib/src/u8g_pb32h1.c ****   do
 150:Drivers/u8glib/src/u8g_pb32h1.c ****   {
 151:Drivers/u8glib/src/u8g_pb32h1.c ****     if ( pixel & 128 )
 544              		.loc 1 151 0
 545 0078 63B2     		sxtb	r3, r4
 546 007a 002B     		cmp	r3, #0
 547 007c 05DA     		bge	.L32
 152:Drivers/u8glib/src/u8g_pb32h1.c ****       u8g_pb32h1_SetPixel(b, arg_pixel);
 548              		.loc 1 152 0
 549 007e 3A68     		ldr	r2, [r7]
 550 0080 7B68     		ldr	r3, [r7, #4]
 551 0082 1100     		movs	r1, r2
 552 0084 1800     		movs	r0, r3
 553 0086 FFF7FEFF 		bl	u8g_pb32h1_SetPixel
 554              	.L32:
 153:Drivers/u8glib/src/u8g_pb32h1.c ****     arg_pixel->x += dx;
 555              		.loc 1 153 0
 556 008a 3B68     		ldr	r3, [r7]
 557 008c 1A78     		ldrb	r2, [r3]
 558 008e 0F23     		movs	r3, #15
 559 0090 FB18     		adds	r3, r7, r3
 560 0092 1B78     		ldrb	r3, [r3]
 561 0094 D318     		adds	r3, r2, r3
 562 0096 DAB2     		uxtb	r2, r3
 563 0098 3B68     		ldr	r3, [r7]
 564 009a 1A70     		strb	r2, [r3]
 154:Drivers/u8glib/src/u8g_pb32h1.c ****     arg_pixel->y += dy;
 565              		.loc 1 154 0
 566 009c 3B68     		ldr	r3, [r7]
 567 009e 5A78     		ldrb	r2, [r3, #1]
 568 00a0 0E23     		movs	r3, #14
 569 00a2 FB18     		adds	r3, r7, r3
 570 00a4 1B78     		ldrb	r3, [r3]
 571 00a6 D318     		adds	r3, r2, r3
 572 00a8 DAB2     		uxtb	r2, r3
 573 00aa 3B68     		ldr	r3, [r7]
 574 00ac 5A70     		strb	r2, [r3, #1]
 155:Drivers/u8glib/src/u8g_pb32h1.c ****     pixel <<= 1;
 575              		.loc 1 155 0
 576 00ae 231C     		adds	r3, r4, #0
 577 00b0 DB18     		adds	r3, r3, r3
 578 00b2 DCB2     		uxtb	r4, r3
 579 00b4 0F23     		movs	r3, #15
 580 00b6 FB18     		adds	r3, r7, r3
 581 00b8 0F22     		movs	r2, #15
 582 00ba BA18     		adds	r2, r7, r2
 583 00bc 1278     		ldrb	r2, [r2]
 584 00be 1A70     		strb	r2, [r3]
 585 00c0 0E23     		movs	r3, #14
 586 00c2 FB18     		adds	r3, r7, r3
 587 00c4 0E22     		movs	r2, #14
 588 00c6 BA18     		adds	r2, r7, r2
 589 00c8 1278     		ldrb	r2, [r2]
 590 00ca 1A70     		strb	r2, [r3]
 156:Drivers/u8glib/src/u8g_pb32h1.c ****   } while( pixel != 0  );  
 591              		.loc 1 156 0
ARM GAS  /tmp/ccgUzpET.s 			page 14


 592 00cc 002C     		cmp	r4, #0
 593 00ce D3D1     		bne	.L26
 157:Drivers/u8glib/src/u8g_pb32h1.c **** }
 594              		.loc 1 157 0
 595 00d0 C046     		nop
 596 00d2 BD46     		mov	sp, r7
 597 00d4 05B0     		add	sp, sp, #20
 598              		@ sp needed
 599 00d6 90BD     		pop	{r4, r7, pc}
 600              		.cfi_endproc
 601              	.LFE5:
 603              		.section	.text.u8g_dev_pb32h1_base_fn,"ax",%progbits
 604              		.align	1
 605              		.global	u8g_dev_pb32h1_base_fn
 606              		.syntax unified
 607              		.code	16
 608              		.thumb_func
 609              		.fpu softvfp
 611              	u8g_dev_pb32h1_base_fn:
 612              	.LFB6:
 158:Drivers/u8glib/src/u8g_pb32h1.c **** 
 159:Drivers/u8glib/src/u8g_pb32h1.c **** 
 160:Drivers/u8glib/src/u8g_pb32h1.c **** uint8_t u8g_dev_pb32h1_base_fn(u8g_t *u8g, u8g_dev_t *dev, uint8_t msg, void *arg)
 161:Drivers/u8glib/src/u8g_pb32h1.c **** {
 613              		.loc 1 161 0
 614              		.cfi_startproc
 615 0000 80B5     		push	{r7, lr}
 616              	.LCFI18:
 617              		.cfi_def_cfa_offset 8
 618              		.cfi_offset 7, -8
 619              		.cfi_offset 14, -4
 620 0002 86B0     		sub	sp, sp, #24
 621              	.LCFI19:
 622              		.cfi_def_cfa_offset 32
 623 0004 00AF     		add	r7, sp, #0
 624              	.LCFI20:
 625              		.cfi_def_cfa_register 7
 626 0006 F860     		str	r0, [r7, #12]
 627 0008 B960     		str	r1, [r7, #8]
 628 000a 3B60     		str	r3, [r7]
 629 000c FB1D     		adds	r3, r7, #7
 630 000e 1A70     		strb	r2, [r3]
 162:Drivers/u8glib/src/u8g_pb32h1.c ****   u8g_pb_t *pb = (u8g_pb_t *)(dev->dev_mem);
 631              		.loc 1 162 0
 632 0010 BB68     		ldr	r3, [r7, #8]
 633 0012 5B68     		ldr	r3, [r3, #4]
 634 0014 7B61     		str	r3, [r7, #20]
 163:Drivers/u8glib/src/u8g_pb32h1.c ****   switch(msg)
 635              		.loc 1 163 0
 636 0016 FB1D     		adds	r3, r7, #7
 637 0018 1B78     		ldrb	r3, [r3]
 638 001a 0A3B     		subs	r3, r3, #10
 639 001c 3E2B     		cmp	r3, #62
 640 001e 44D8     		bhi	.L34
 641 0020 9A00     		lsls	r2, r3, #2
 642 0022 244B     		ldr	r3, .L52
 643 0024 D318     		adds	r3, r2, r3
ARM GAS  /tmp/ccgUzpET.s 			page 15


 644 0026 1B68     		ldr	r3, [r3]
 645 0028 9F46     		mov	pc, r3
 646              		.section	.rodata.u8g_dev_pb32h1_base_fn,"a",%progbits
 647              		.align	2
 648              	.L36:
 649 0000 AA000000 		.word	.L34
 650 0004 AA000000 		.word	.L34
 651 0008 AA000000 		.word	.L34
 652 000c AA000000 		.word	.L34
 653 0010 AA000000 		.word	.L34
 654 0014 AA000000 		.word	.L34
 655 0018 AA000000 		.word	.L34
 656 001c AA000000 		.word	.L34
 657 0020 AA000000 		.word	.L34
 658 0024 AA000000 		.word	.L34
 659 0028 56000000 		.word	.L38
 660 002c 68000000 		.word	.L39
 661 0030 AA000000 		.word	.L34
 662 0034 82000000 		.word	.L40
 663 0038 AA000000 		.word	.L34
 664 003c AA000000 		.word	.L34
 665 0040 AA000000 		.word	.L34
 666 0044 AA000000 		.word	.L34
 667 0048 AA000000 		.word	.L34
 668 004c AA000000 		.word	.L34
 669 0050 AA000000 		.word	.L34
 670 0054 AA000000 		.word	.L34
 671 0058 AA000000 		.word	.L34
 672 005c AA000000 		.word	.L34
 673 0060 AA000000 		.word	.L34
 674 0064 AA000000 		.word	.L34
 675 0068 AA000000 		.word	.L34
 676 006c AA000000 		.word	.L34
 677 0070 AA000000 		.word	.L34
 678 0074 AA000000 		.word	.L34
 679 0078 AA000000 		.word	.L34
 680 007c AA000000 		.word	.L34
 681 0080 AA000000 		.word	.L34
 682 0084 AA000000 		.word	.L34
 683 0088 AA000000 		.word	.L34
 684 008c AA000000 		.word	.L34
 685 0090 AA000000 		.word	.L34
 686 0094 AA000000 		.word	.L34
 687 0098 AA000000 		.word	.L34
 688 009c AA000000 		.word	.L34
 689 00a0 48000000 		.word	.L41
 690 00a4 AA000000 		.word	.L34
 691 00a8 AA000000 		.word	.L34
 692 00ac AA000000 		.word	.L34
 693 00b0 AA000000 		.word	.L34
 694 00b4 AA000000 		.word	.L34
 695 00b8 AA000000 		.word	.L34
 696 00bc AA000000 		.word	.L34
 697 00c0 AA000000 		.word	.L34
 698 00c4 2A000000 		.word	.L42
 699 00c8 AA000000 		.word	.L34
 700 00cc AA000000 		.word	.L34
ARM GAS  /tmp/ccgUzpET.s 			page 16


 701 00d0 AA000000 		.word	.L34
 702 00d4 AA000000 		.word	.L34
 703 00d8 AA000000 		.word	.L34
 704 00dc AA000000 		.word	.L34
 705 00e0 AA000000 		.word	.L34
 706 00e4 AA000000 		.word	.L34
 707 00e8 AA000000 		.word	.L34
 708 00ec AA000000 		.word	.L34
 709 00f0 90000000 		.word	.L45
 710 00f4 9A000000 		.word	.L46
 711 00f8 A4000000 		.word	.L47
 712              		.section	.text.u8g_dev_pb32h1_base_fn
 713              	.L42:
 164:Drivers/u8glib/src/u8g_pb32h1.c ****   {
 165:Drivers/u8glib/src/u8g_pb32h1.c ****     case U8G_DEV_MSG_SET_8PIXEL:
 166:Drivers/u8glib/src/u8g_pb32h1.c ****       if ( u8g_pb_Is8PixelVisible(pb, (u8g_dev_arg_pixel_t *)arg) )
 714              		.loc 1 166 0
 715 002a 3A68     		ldr	r2, [r7]
 716 002c 7B69     		ldr	r3, [r7, #20]
 717 002e 1100     		movs	r1, r2
 718 0030 1800     		movs	r0, r3
 719 0032 FFF7FEFF 		bl	u8g_pb_Is8PixelVisible
 720 0036 031E     		subs	r3, r0, #0
 721 0038 36D0     		beq	.L51
 167:Drivers/u8glib/src/u8g_pb32h1.c ****         u8g_pb32h1_Set8PixelOpt2(pb, (u8g_dev_arg_pixel_t *)arg);
 722              		.loc 1 167 0
 723 003a 3A68     		ldr	r2, [r7]
 724 003c 7B69     		ldr	r3, [r7, #20]
 725 003e 1100     		movs	r1, r2
 726 0040 1800     		movs	r0, r3
 727 0042 FFF7FEFF 		bl	u8g_pb32h1_Set8PixelOpt2
 168:Drivers/u8glib/src/u8g_pb32h1.c ****       break;
 728              		.loc 1 168 0
 729 0046 2FE0     		b	.L51
 730              	.L41:
 169:Drivers/u8glib/src/u8g_pb32h1.c ****     case U8G_DEV_MSG_SET_PIXEL:
 170:Drivers/u8glib/src/u8g_pb32h1.c ****       u8g_pb32h1_SetPixel(pb, (u8g_dev_arg_pixel_t *)arg);
 731              		.loc 1 170 0
 732 0048 3A68     		ldr	r2, [r7]
 733 004a 7B69     		ldr	r3, [r7, #20]
 734 004c 1100     		movs	r1, r2
 735 004e 1800     		movs	r0, r3
 736 0050 FFF7FEFF 		bl	u8g_pb32h1_SetPixel
 171:Drivers/u8glib/src/u8g_pb32h1.c ****       break;
 737              		.loc 1 171 0
 738 0054 29E0     		b	.L34
 739              	.L38:
 172:Drivers/u8glib/src/u8g_pb32h1.c ****     case U8G_DEV_MSG_INIT:
 173:Drivers/u8glib/src/u8g_pb32h1.c ****       break;
 174:Drivers/u8glib/src/u8g_pb32h1.c ****     case U8G_DEV_MSG_STOP:
 175:Drivers/u8glib/src/u8g_pb32h1.c ****       break;
 176:Drivers/u8glib/src/u8g_pb32h1.c ****     case U8G_DEV_MSG_PAGE_FIRST:
 177:Drivers/u8glib/src/u8g_pb32h1.c ****       u8g_pb32h1_Clear(pb);
 740              		.loc 1 177 0
 741 0056 7B69     		ldr	r3, [r7, #20]
 742 0058 1800     		movs	r0, r3
 743 005a FFF7FEFF 		bl	u8g_pb32h1_Clear
ARM GAS  /tmp/ccgUzpET.s 			page 17


 178:Drivers/u8glib/src/u8g_pb32h1.c ****       u8g_page_First(&(pb->p));
 744              		.loc 1 178 0
 745 005e 7B69     		ldr	r3, [r7, #20]
 746 0060 1800     		movs	r0, r3
 747 0062 FFF7FEFF 		bl	u8g_page_First
 179:Drivers/u8glib/src/u8g_pb32h1.c ****       break;
 748              		.loc 1 179 0
 749 0066 20E0     		b	.L34
 750              	.L39:
 180:Drivers/u8glib/src/u8g_pb32h1.c ****     case U8G_DEV_MSG_PAGE_NEXT:
 181:Drivers/u8glib/src/u8g_pb32h1.c ****       if ( u8g_page_Next(&(pb->p)) == 0 )
 751              		.loc 1 181 0
 752 0068 7B69     		ldr	r3, [r7, #20]
 753 006a 1800     		movs	r0, r3
 754 006c FFF7FEFF 		bl	u8g_page_Next
 755 0070 031E     		subs	r3, r0, #0
 756 0072 01D1     		bne	.L49
 182:Drivers/u8glib/src/u8g_pb32h1.c ****         return 0;
 757              		.loc 1 182 0
 758 0074 0023     		movs	r3, #0
 759 0076 19E0     		b	.L50
 760              	.L49:
 183:Drivers/u8glib/src/u8g_pb32h1.c ****       u8g_pb32h1_Clear(pb);
 761              		.loc 1 183 0
 762 0078 7B69     		ldr	r3, [r7, #20]
 763 007a 1800     		movs	r0, r3
 764 007c FFF7FEFF 		bl	u8g_pb32h1_Clear
 184:Drivers/u8glib/src/u8g_pb32h1.c ****       break;
 765              		.loc 1 184 0
 766 0080 13E0     		b	.L34
 767              	.L40:
 185:Drivers/u8glib/src/u8g_pb32h1.c **** #ifdef U8G_DEV_MSG_IS_BBX_INTERSECTION
 186:Drivers/u8glib/src/u8g_pb32h1.c ****     case U8G_DEV_MSG_IS_BBX_INTERSECTION:
 187:Drivers/u8glib/src/u8g_pb32h1.c ****       return u8g_pb_IsIntersection(pb, (u8g_dev_arg_bbx_t *)arg);
 188:Drivers/u8glib/src/u8g_pb32h1.c **** #endif
 189:Drivers/u8glib/src/u8g_pb32h1.c ****     case U8G_DEV_MSG_GET_PAGE_BOX:
 190:Drivers/u8glib/src/u8g_pb32h1.c ****       u8g_pb_GetPageBox(pb, (u8g_box_t *)arg);
 768              		.loc 1 190 0
 769 0082 3A68     		ldr	r2, [r7]
 770 0084 7B69     		ldr	r3, [r7, #20]
 771 0086 1100     		movs	r1, r2
 772 0088 1800     		movs	r0, r3
 773 008a FFF7FEFF 		bl	u8g_pb_GetPageBox
 191:Drivers/u8glib/src/u8g_pb32h1.c ****       break;
 774              		.loc 1 191 0
 775 008e 0CE0     		b	.L34
 776              	.L45:
 192:Drivers/u8glib/src/u8g_pb32h1.c ****     case U8G_DEV_MSG_GET_WIDTH:
 193:Drivers/u8glib/src/u8g_pb32h1.c ****       *((u8g_uint_t *)arg) = pb->width;
 777              		.loc 1 193 0
 778 0090 7B69     		ldr	r3, [r7, #20]
 779 0092 5A79     		ldrb	r2, [r3, #5]
 780 0094 3B68     		ldr	r3, [r7]
 781 0096 1A70     		strb	r2, [r3]
 194:Drivers/u8glib/src/u8g_pb32h1.c ****       break;
 782              		.loc 1 194 0
 783 0098 07E0     		b	.L34
ARM GAS  /tmp/ccgUzpET.s 			page 18


 784              	.L46:
 195:Drivers/u8glib/src/u8g_pb32h1.c ****     case U8G_DEV_MSG_GET_HEIGHT:
 196:Drivers/u8glib/src/u8g_pb32h1.c ****       *((u8g_uint_t *)arg) = pb->p.total_height;
 785              		.loc 1 196 0
 786 009a 7B69     		ldr	r3, [r7, #20]
 787 009c 5A78     		ldrb	r2, [r3, #1]
 788 009e 3B68     		ldr	r3, [r7]
 789 00a0 1A70     		strb	r2, [r3]
 197:Drivers/u8glib/src/u8g_pb32h1.c ****       break;
 790              		.loc 1 197 0
 791 00a2 02E0     		b	.L34
 792              	.L47:
 198:Drivers/u8glib/src/u8g_pb32h1.c ****     case U8G_DEV_MSG_SET_COLOR_ENTRY:
 199:Drivers/u8glib/src/u8g_pb32h1.c ****       break;
 200:Drivers/u8glib/src/u8g_pb32h1.c ****     case U8G_DEV_MSG_SET_XY_CB:
 201:Drivers/u8glib/src/u8g_pb32h1.c ****       break;
 202:Drivers/u8glib/src/u8g_pb32h1.c ****     case U8G_DEV_MSG_GET_MODE:
 203:Drivers/u8glib/src/u8g_pb32h1.c ****       return U8G_MODE_BW;
 793              		.loc 1 203 0
 794 00a4 0123     		movs	r3, #1
 795 00a6 01E0     		b	.L50
 796              	.L51:
 168:Drivers/u8glib/src/u8g_pb32h1.c ****     case U8G_DEV_MSG_SET_PIXEL:
 797              		.loc 1 168 0
 798 00a8 C046     		nop
 799              	.L34:
 204:Drivers/u8glib/src/u8g_pb32h1.c ****   }
 205:Drivers/u8glib/src/u8g_pb32h1.c ****   return 1;
 800              		.loc 1 205 0
 801 00aa 0123     		movs	r3, #1
 802              	.L50:
 206:Drivers/u8glib/src/u8g_pb32h1.c **** }
 803              		.loc 1 206 0
 804 00ac 1800     		movs	r0, r3
 805 00ae BD46     		mov	sp, r7
 806 00b0 06B0     		add	sp, sp, #24
 807              		@ sp needed
 808 00b2 80BD     		pop	{r7, pc}
 809              	.L53:
 810              		.align	2
 811              	.L52:
 812 00b4 00000000 		.word	.L36
 813              		.cfi_endproc
 814              	.LFE6:
 816              		.text
 817              	.Letext0:
 818              		.file 2 "/usr/arm-none-eabi/include/machine/_default_types.h"
 819              		.file 3 "/usr/arm-none-eabi/include/sys/_stdint.h"
 820              		.file 4 "Drivers/u8glib/inc/u8g.h"
 821              		.file 5 "/usr/arm-none-eabi/include/sys/lock.h"
 822              		.file 6 "/usr/arm-none-eabi/include/sys/_types.h"
 823              		.file 7 "/usr/lib/gcc/arm-none-eabi/6.2.0/include/stddef.h"
 824              		.file 8 "/usr/arm-none-eabi/include/sys/reent.h"
ARM GAS  /tmp/ccgUzpET.s 			page 19


DEFINED SYMBOLS
                            *ABS*:0000000000000000 u8g_pb32h1.c
     /tmp/ccgUzpET.s:16     .text.u8g_pb32h1_Clear:0000000000000000 $t
     /tmp/ccgUzpET.s:23     .text.u8g_pb32h1_Clear:0000000000000000 u8g_pb32h1_Clear
     /tmp/ccgUzpET.s:77     .text.u8g_pb32h1_Init:0000000000000000 $t
     /tmp/ccgUzpET.s:84     .text.u8g_pb32h1_Init:0000000000000000 u8g_pb32h1_Init
     /tmp/ccgUzpET.s:126    .text.u8g_pb32h1_set_pixel:0000000000000000 $t
     /tmp/ccgUzpET.s:133    .text.u8g_pb32h1_set_pixel:0000000000000000 u8g_pb32h1_set_pixel
     /tmp/ccgUzpET.s:265    .text.u8g_pb32h1_SetPixel:0000000000000000 $t
     /tmp/ccgUzpET.s:272    .text.u8g_pb32h1_SetPixel:0000000000000000 u8g_pb32h1_SetPixel
     /tmp/ccgUzpET.s:341    .text.u8g_pb32h1_Set8PixelStd:0000000000000000 $t
     /tmp/ccgUzpET.s:348    .text.u8g_pb32h1_Set8PixelStd:0000000000000000 u8g_pb32h1_Set8PixelStd
     /tmp/ccgUzpET.s:450    .text.u8g_pb32h1_Set8PixelOpt2:0000000000000000 $t
     /tmp/ccgUzpET.s:457    .text.u8g_pb32h1_Set8PixelOpt2:0000000000000000 u8g_pb32h1_Set8PixelOpt2
     /tmp/ccgUzpET.s:604    .text.u8g_dev_pb32h1_base_fn:0000000000000000 $t
     /tmp/ccgUzpET.s:611    .text.u8g_dev_pb32h1_base_fn:0000000000000000 u8g_dev_pb32h1_base_fn
     /tmp/ccgUzpET.s:647    .rodata.u8g_dev_pb32h1_base_fn:0000000000000000 $d
     /tmp/ccgUzpET.s:812    .text.u8g_dev_pb32h1_base_fn:00000000000000b4 $d
                     .debug_frame:0000000000000010 $d

UNDEFINED SYMBOLS
u8g_pb_Is8PixelVisible
u8g_page_First
u8g_page_Next
u8g_pb_GetPageBox
