ARM GAS  /tmp/ccJywF3l.s 			page 1


   1              		.cpu cortex-m0
   2              		.eabi_attribute 20, 1
   3              		.eabi_attribute 21, 1
   4              		.eabi_attribute 23, 3
   5              		.eabi_attribute 24, 1
   6              		.eabi_attribute 25, 1
   7              		.eabi_attribute 26, 1
   8              		.eabi_attribute 30, 6
   9              		.eabi_attribute 34, 0
  10              		.eabi_attribute 18, 4
  11              		.file	"u8g_rect.c"
  12              		.text
  13              	.Ltext0:
  14              		.cfi_sections	.debug_frame
  15              		.section	.text.u8g_draw_hline,"ax",%progbits
  16              		.align	1
  17              		.global	u8g_draw_hline
  18              		.syntax unified
  19              		.code	16
  20              		.thumb_func
  21              		.fpu softvfp
  23              	u8g_draw_hline:
  24              	.LFB0:
  25              		.file 1 "Drivers/u8glib/src/u8g_rect.c"
   1:Drivers/u8glib/src/u8g_rect.c **** /*
   2:Drivers/u8glib/src/u8g_rect.c **** 
   3:Drivers/u8glib/src/u8g_rect.c ****   u8g_rect.c
   4:Drivers/u8glib/src/u8g_rect.c ****   
   5:Drivers/u8glib/src/u8g_rect.c ****   U8G high level interface for horizontal and vertical things
   6:Drivers/u8glib/src/u8g_rect.c **** 
   7:Drivers/u8glib/src/u8g_rect.c ****   Universal 8bit Graphics Library
   8:Drivers/u8glib/src/u8g_rect.c ****   
   9:Drivers/u8glib/src/u8g_rect.c ****   Copyright (c) 2011, olikraus@gmail.com
  10:Drivers/u8glib/src/u8g_rect.c ****   All rights reserved.
  11:Drivers/u8glib/src/u8g_rect.c **** 
  12:Drivers/u8glib/src/u8g_rect.c ****   Redistribution and use in source and binary forms, with or without modification, 
  13:Drivers/u8glib/src/u8g_rect.c ****   are permitted provided that the following conditions are met:
  14:Drivers/u8glib/src/u8g_rect.c **** 
  15:Drivers/u8glib/src/u8g_rect.c ****   * Redistributions of source code must retain the above copyright notice, this list 
  16:Drivers/u8glib/src/u8g_rect.c ****     of conditions and the following disclaimer.
  17:Drivers/u8glib/src/u8g_rect.c ****     
  18:Drivers/u8glib/src/u8g_rect.c ****   * Redistributions in binary form must reproduce the above copyright notice, this 
  19:Drivers/u8glib/src/u8g_rect.c ****     list of conditions and the following disclaimer in the documentation and/or other 
  20:Drivers/u8glib/src/u8g_rect.c ****     materials provided with the distribution.
  21:Drivers/u8glib/src/u8g_rect.c **** 
  22:Drivers/u8glib/src/u8g_rect.c ****   THIS SOFTWARE IS PROVIDED BY THE COPYRIGHT HOLDERS AND 
  23:Drivers/u8glib/src/u8g_rect.c ****   CONTRIBUTORS "AS IS" AND ANY EXPRESS OR IMPLIED WARRANTIES, 
  24:Drivers/u8glib/src/u8g_rect.c ****   INCLUDING, BUT NOT LIMITED TO, THE IMPLIED WARRANTIES OF 
  25:Drivers/u8glib/src/u8g_rect.c ****   MERCHANTABILITY AND FITNESS FOR A PARTICULAR PURPOSE ARE 
  26:Drivers/u8glib/src/u8g_rect.c ****   DISCLAIMED. IN NO EVENT SHALL THE COPYRIGHT HOLDER OR 
  27:Drivers/u8glib/src/u8g_rect.c ****   CONTRIBUTORS BE LIABLE FOR ANY DIRECT, INDIRECT, INCIDENTAL, 
  28:Drivers/u8glib/src/u8g_rect.c ****   SPECIAL, EXEMPLARY, OR CONSEQUENTIAL DAMAGES (INCLUDING, BUT 
  29:Drivers/u8glib/src/u8g_rect.c ****   NOT LIMITED TO, PROCUREMENT OF SUBSTITUTE GOODS OR SERVICES; 
  30:Drivers/u8glib/src/u8g_rect.c ****   LOSS OF USE, DATA, OR PROFITS; OR BUSINESS INTERRUPTION) HOWEVER 
  31:Drivers/u8glib/src/u8g_rect.c ****   CAUSED AND ON ANY THEORY OF LIABILITY, WHETHER IN CONTRACT, 
  32:Drivers/u8glib/src/u8g_rect.c ****   STRICT LIABILITY, OR TORT (INCLUDING NEGLIGENCE OR OTHERWISE) 
  33:Drivers/u8glib/src/u8g_rect.c ****   ARISING IN ANY WAY OUT OF THE USE OF THIS SOFTWARE, EVEN IF 
ARM GAS  /tmp/ccJywF3l.s 			page 2


  34:Drivers/u8glib/src/u8g_rect.c ****   ADVISED OF THE POSSIBILITY OF SUCH DAMAGE.  
  35:Drivers/u8glib/src/u8g_rect.c ****   
  36:Drivers/u8glib/src/u8g_rect.c ****   
  37:Drivers/u8glib/src/u8g_rect.c **** */
  38:Drivers/u8glib/src/u8g_rect.c **** 
  39:Drivers/u8glib/src/u8g_rect.c **** #include "u8g.h"
  40:Drivers/u8glib/src/u8g_rect.c **** 
  41:Drivers/u8glib/src/u8g_rect.c **** void u8g_draw_hline(u8g_t *u8g, u8g_uint_t x, u8g_uint_t y, u8g_uint_t w)
  42:Drivers/u8glib/src/u8g_rect.c **** {
  26              		.loc 1 42 0
  27              		.cfi_startproc
  28 0000 90B5     		push	{r4, r7, lr}
  29              	.LCFI0:
  30              		.cfi_def_cfa_offset 12
  31              		.cfi_offset 4, -12
  32              		.cfi_offset 7, -8
  33              		.cfi_offset 14, -4
  34 0002 87B0     		sub	sp, sp, #28
  35              	.LCFI1:
  36              		.cfi_def_cfa_offset 40
  37 0004 02AF     		add	r7, sp, #8
  38              	.LCFI2:
  39              		.cfi_def_cfa 7, 32
  40 0006 7860     		str	r0, [r7, #4]
  41 0008 0C00     		movs	r4, r1
  42 000a 1000     		movs	r0, r2
  43 000c 1900     		movs	r1, r3
  44 000e FB1C     		adds	r3, r7, #3
  45 0010 221C     		adds	r2, r4, #0
  46 0012 1A70     		strb	r2, [r3]
  47 0014 BB1C     		adds	r3, r7, #2
  48 0016 021C     		adds	r2, r0, #0
  49 0018 1A70     		strb	r2, [r3]
  50 001a 7B1C     		adds	r3, r7, #1
  51 001c 0A1C     		adds	r2, r1, #0
  52 001e 1A70     		strb	r2, [r3]
  43:Drivers/u8glib/src/u8g_rect.c ****   uint8_t pixel = 0x0ff;
  53              		.loc 1 43 0
  54 0020 0F23     		movs	r3, #15
  55 0022 FB18     		adds	r3, r7, r3
  56 0024 FF22     		movs	r2, #255
  57 0026 1A70     		strb	r2, [r3]
  44:Drivers/u8glib/src/u8g_rect.c ****   while( w >= 8 )
  58              		.loc 1 44 0
  59 0028 15E0     		b	.L2
  60              	.L3:
  45:Drivers/u8glib/src/u8g_rect.c ****   {
  46:Drivers/u8glib/src/u8g_rect.c ****     u8g_Draw8Pixel(u8g, x, y, 0, pixel);
  61              		.loc 1 46 0
  62 002a BB1C     		adds	r3, r7, #2
  63 002c 1A78     		ldrb	r2, [r3]
  64 002e FB1C     		adds	r3, r7, #3
  65 0030 1978     		ldrb	r1, [r3]
  66 0032 7868     		ldr	r0, [r7, #4]
  67 0034 0F23     		movs	r3, #15
  68 0036 FB18     		adds	r3, r7, r3
  69 0038 1B78     		ldrb	r3, [r3]
ARM GAS  /tmp/ccJywF3l.s 			page 3


  70 003a 0093     		str	r3, [sp]
  71 003c 0023     		movs	r3, #0
  72 003e FFF7FEFF 		bl	u8g_Draw8Pixel
  47:Drivers/u8glib/src/u8g_rect.c ****     w-=8;
  73              		.loc 1 47 0
  74 0042 7B1C     		adds	r3, r7, #1
  75 0044 7A1C     		adds	r2, r7, #1
  76 0046 1278     		ldrb	r2, [r2]
  77 0048 083A     		subs	r2, r2, #8
  78 004a 1A70     		strb	r2, [r3]
  48:Drivers/u8glib/src/u8g_rect.c ****     x+=8;
  79              		.loc 1 48 0
  80 004c FB1C     		adds	r3, r7, #3
  81 004e FA1C     		adds	r2, r7, #3
  82 0050 1278     		ldrb	r2, [r2]
  83 0052 0832     		adds	r2, r2, #8
  84 0054 1A70     		strb	r2, [r3]
  85              	.L2:
  44:Drivers/u8glib/src/u8g_rect.c ****   {
  86              		.loc 1 44 0
  87 0056 7B1C     		adds	r3, r7, #1
  88 0058 1B78     		ldrb	r3, [r3]
  89 005a 072B     		cmp	r3, #7
  90 005c E5D8     		bhi	.L3
  49:Drivers/u8glib/src/u8g_rect.c ****   }
  50:Drivers/u8glib/src/u8g_rect.c ****   if ( w != 0 )
  91              		.loc 1 50 0
  92 005e 7B1C     		adds	r3, r7, #1
  93 0060 1B78     		ldrb	r3, [r3]
  94 0062 002B     		cmp	r3, #0
  95 0064 21D0     		beq	.L5
  51:Drivers/u8glib/src/u8g_rect.c ****   {
  52:Drivers/u8glib/src/u8g_rect.c ****     w ^=7;
  96              		.loc 1 52 0
  97 0066 7B1C     		adds	r3, r7, #1
  98 0068 7A1C     		adds	r2, r7, #1
  99 006a 1278     		ldrb	r2, [r2]
 100 006c 0721     		movs	r1, #7
 101 006e 4A40     		eors	r2, r1
 102 0070 1A70     		strb	r2, [r3]
  53:Drivers/u8glib/src/u8g_rect.c ****     w++;
 103              		.loc 1 53 0
 104 0072 7B1C     		adds	r3, r7, #1
 105 0074 1A78     		ldrb	r2, [r3]
 106 0076 7B1C     		adds	r3, r7, #1
 107 0078 0132     		adds	r2, r2, #1
 108 007a 1A70     		strb	r2, [r3]
  54:Drivers/u8glib/src/u8g_rect.c ****     pixel <<= w&7;
 109              		.loc 1 54 0
 110 007c 0F23     		movs	r3, #15
 111 007e FB18     		adds	r3, r7, r3
 112 0080 1A78     		ldrb	r2, [r3]
 113 0082 7B1C     		adds	r3, r7, #1
 114 0084 1B78     		ldrb	r3, [r3]
 115 0086 0721     		movs	r1, #7
 116 0088 0B40     		ands	r3, r1
 117 008a 9A40     		lsls	r2, r2, r3
ARM GAS  /tmp/ccJywF3l.s 			page 4


 118 008c 0F23     		movs	r3, #15
 119 008e FB18     		adds	r3, r7, r3
 120 0090 1A70     		strb	r2, [r3]
  55:Drivers/u8glib/src/u8g_rect.c ****     u8g_Draw8Pixel(u8g, x, y, 0, pixel);
 121              		.loc 1 55 0
 122 0092 BB1C     		adds	r3, r7, #2
 123 0094 1A78     		ldrb	r2, [r3]
 124 0096 FB1C     		adds	r3, r7, #3
 125 0098 1978     		ldrb	r1, [r3]
 126 009a 7868     		ldr	r0, [r7, #4]
 127 009c 0F23     		movs	r3, #15
 128 009e FB18     		adds	r3, r7, r3
 129 00a0 1B78     		ldrb	r3, [r3]
 130 00a2 0093     		str	r3, [sp]
 131 00a4 0023     		movs	r3, #0
 132 00a6 FFF7FEFF 		bl	u8g_Draw8Pixel
 133              	.L5:
  56:Drivers/u8glib/src/u8g_rect.c ****   }
  57:Drivers/u8glib/src/u8g_rect.c **** }
 134              		.loc 1 57 0
 135 00aa C046     		nop
 136 00ac BD46     		mov	sp, r7
 137 00ae 05B0     		add	sp, sp, #20
 138              		@ sp needed
 139 00b0 90BD     		pop	{r4, r7, pc}
 140              		.cfi_endproc
 141              	.LFE0:
 143              		.section	.text.u8g_draw_vline,"ax",%progbits
 144              		.align	1
 145              		.global	u8g_draw_vline
 146              		.syntax unified
 147              		.code	16
 148              		.thumb_func
 149              		.fpu softvfp
 151              	u8g_draw_vline:
 152              	.LFB1:
  58:Drivers/u8glib/src/u8g_rect.c **** 
  59:Drivers/u8glib/src/u8g_rect.c **** void u8g_draw_vline(u8g_t *u8g, u8g_uint_t x, u8g_uint_t y, u8g_uint_t h)
  60:Drivers/u8glib/src/u8g_rect.c **** {
 153              		.loc 1 60 0
 154              		.cfi_startproc
 155 0000 90B5     		push	{r4, r7, lr}
 156              	.LCFI3:
 157              		.cfi_def_cfa_offset 12
 158              		.cfi_offset 4, -12
 159              		.cfi_offset 7, -8
 160              		.cfi_offset 14, -4
 161 0002 87B0     		sub	sp, sp, #28
 162              	.LCFI4:
 163              		.cfi_def_cfa_offset 40
 164 0004 02AF     		add	r7, sp, #8
 165              	.LCFI5:
 166              		.cfi_def_cfa 7, 32
 167 0006 7860     		str	r0, [r7, #4]
 168 0008 0C00     		movs	r4, r1
 169 000a 1000     		movs	r0, r2
 170 000c 1900     		movs	r1, r3
ARM GAS  /tmp/ccJywF3l.s 			page 5


 171 000e FB1C     		adds	r3, r7, #3
 172 0010 221C     		adds	r2, r4, #0
 173 0012 1A70     		strb	r2, [r3]
 174 0014 BB1C     		adds	r3, r7, #2
 175 0016 021C     		adds	r2, r0, #0
 176 0018 1A70     		strb	r2, [r3]
 177 001a 7B1C     		adds	r3, r7, #1
 178 001c 0A1C     		adds	r2, r1, #0
 179 001e 1A70     		strb	r2, [r3]
  61:Drivers/u8glib/src/u8g_rect.c ****   uint8_t pixel = 0x0ff;
 180              		.loc 1 61 0
 181 0020 0F23     		movs	r3, #15
 182 0022 FB18     		adds	r3, r7, r3
 183 0024 FF22     		movs	r2, #255
 184 0026 1A70     		strb	r2, [r3]
  62:Drivers/u8glib/src/u8g_rect.c ****   while( h >= 8 )
 185              		.loc 1 62 0
 186 0028 15E0     		b	.L7
 187              	.L8:
  63:Drivers/u8glib/src/u8g_rect.c ****   {
  64:Drivers/u8glib/src/u8g_rect.c ****     u8g_Draw8Pixel(u8g, x, y, 1, pixel);
 188              		.loc 1 64 0
 189 002a BB1C     		adds	r3, r7, #2
 190 002c 1A78     		ldrb	r2, [r3]
 191 002e FB1C     		adds	r3, r7, #3
 192 0030 1978     		ldrb	r1, [r3]
 193 0032 7868     		ldr	r0, [r7, #4]
 194 0034 0F23     		movs	r3, #15
 195 0036 FB18     		adds	r3, r7, r3
 196 0038 1B78     		ldrb	r3, [r3]
 197 003a 0093     		str	r3, [sp]
 198 003c 0123     		movs	r3, #1
 199 003e FFF7FEFF 		bl	u8g_Draw8Pixel
  65:Drivers/u8glib/src/u8g_rect.c ****     h-=8;
 200              		.loc 1 65 0
 201 0042 7B1C     		adds	r3, r7, #1
 202 0044 7A1C     		adds	r2, r7, #1
 203 0046 1278     		ldrb	r2, [r2]
 204 0048 083A     		subs	r2, r2, #8
 205 004a 1A70     		strb	r2, [r3]
  66:Drivers/u8glib/src/u8g_rect.c ****     y+=8;
 206              		.loc 1 66 0
 207 004c BB1C     		adds	r3, r7, #2
 208 004e BA1C     		adds	r2, r7, #2
 209 0050 1278     		ldrb	r2, [r2]
 210 0052 0832     		adds	r2, r2, #8
 211 0054 1A70     		strb	r2, [r3]
 212              	.L7:
  62:Drivers/u8glib/src/u8g_rect.c ****   {
 213              		.loc 1 62 0
 214 0056 7B1C     		adds	r3, r7, #1
 215 0058 1B78     		ldrb	r3, [r3]
 216 005a 072B     		cmp	r3, #7
 217 005c E5D8     		bhi	.L8
  67:Drivers/u8glib/src/u8g_rect.c ****   }
  68:Drivers/u8glib/src/u8g_rect.c ****   if ( h != 0 )
 218              		.loc 1 68 0
ARM GAS  /tmp/ccJywF3l.s 			page 6


 219 005e 7B1C     		adds	r3, r7, #1
 220 0060 1B78     		ldrb	r3, [r3]
 221 0062 002B     		cmp	r3, #0
 222 0064 21D0     		beq	.L10
  69:Drivers/u8glib/src/u8g_rect.c ****   {
  70:Drivers/u8glib/src/u8g_rect.c ****     h ^=7;
 223              		.loc 1 70 0
 224 0066 7B1C     		adds	r3, r7, #1
 225 0068 7A1C     		adds	r2, r7, #1
 226 006a 1278     		ldrb	r2, [r2]
 227 006c 0721     		movs	r1, #7
 228 006e 4A40     		eors	r2, r1
 229 0070 1A70     		strb	r2, [r3]
  71:Drivers/u8glib/src/u8g_rect.c ****     h++;
 230              		.loc 1 71 0
 231 0072 7B1C     		adds	r3, r7, #1
 232 0074 1A78     		ldrb	r2, [r3]
 233 0076 7B1C     		adds	r3, r7, #1
 234 0078 0132     		adds	r2, r2, #1
 235 007a 1A70     		strb	r2, [r3]
  72:Drivers/u8glib/src/u8g_rect.c ****     pixel <<= h&7;
 236              		.loc 1 72 0
 237 007c 0F23     		movs	r3, #15
 238 007e FB18     		adds	r3, r7, r3
 239 0080 1A78     		ldrb	r2, [r3]
 240 0082 7B1C     		adds	r3, r7, #1
 241 0084 1B78     		ldrb	r3, [r3]
 242 0086 0721     		movs	r1, #7
 243 0088 0B40     		ands	r3, r1
 244 008a 9A40     		lsls	r2, r2, r3
 245 008c 0F23     		movs	r3, #15
 246 008e FB18     		adds	r3, r7, r3
 247 0090 1A70     		strb	r2, [r3]
  73:Drivers/u8glib/src/u8g_rect.c ****     u8g_Draw8Pixel(u8g, x, y, 1, pixel);
 248              		.loc 1 73 0
 249 0092 BB1C     		adds	r3, r7, #2
 250 0094 1A78     		ldrb	r2, [r3]
 251 0096 FB1C     		adds	r3, r7, #3
 252 0098 1978     		ldrb	r1, [r3]
 253 009a 7868     		ldr	r0, [r7, #4]
 254 009c 0F23     		movs	r3, #15
 255 009e FB18     		adds	r3, r7, r3
 256 00a0 1B78     		ldrb	r3, [r3]
 257 00a2 0093     		str	r3, [sp]
 258 00a4 0123     		movs	r3, #1
 259 00a6 FFF7FEFF 		bl	u8g_Draw8Pixel
 260              	.L10:
  74:Drivers/u8glib/src/u8g_rect.c ****   }
  75:Drivers/u8glib/src/u8g_rect.c **** }
 261              		.loc 1 75 0
 262 00aa C046     		nop
 263 00ac BD46     		mov	sp, r7
 264 00ae 05B0     		add	sp, sp, #20
 265              		@ sp needed
 266 00b0 90BD     		pop	{r4, r7, pc}
 267              		.cfi_endproc
 268              	.LFE1:
ARM GAS  /tmp/ccJywF3l.s 			page 7


 270              		.section	.text.u8g_DrawHLine,"ax",%progbits
 271              		.align	1
 272              		.global	u8g_DrawHLine
 273              		.syntax unified
 274              		.code	16
 275              		.thumb_func
 276              		.fpu softvfp
 278              	u8g_DrawHLine:
 279              	.LFB2:
  76:Drivers/u8glib/src/u8g_rect.c **** 
  77:Drivers/u8glib/src/u8g_rect.c **** void u8g_DrawHLine(u8g_t *u8g, u8g_uint_t x, u8g_uint_t y, u8g_uint_t w)
  78:Drivers/u8glib/src/u8g_rect.c **** {
 280              		.loc 1 78 0
 281              		.cfi_startproc
 282 0000 90B5     		push	{r4, r7, lr}
 283              	.LCFI6:
 284              		.cfi_def_cfa_offset 12
 285              		.cfi_offset 4, -12
 286              		.cfi_offset 7, -8
 287              		.cfi_offset 14, -4
 288 0002 85B0     		sub	sp, sp, #20
 289              	.LCFI7:
 290              		.cfi_def_cfa_offset 32
 291 0004 02AF     		add	r7, sp, #8
 292              	.LCFI8:
 293              		.cfi_def_cfa 7, 24
 294 0006 7860     		str	r0, [r7, #4]
 295 0008 0C00     		movs	r4, r1
 296 000a 1000     		movs	r0, r2
 297 000c 1900     		movs	r1, r3
 298 000e FB1C     		adds	r3, r7, #3
 299 0010 221C     		adds	r2, r4, #0
 300 0012 1A70     		strb	r2, [r3]
 301 0014 BB1C     		adds	r3, r7, #2
 302 0016 021C     		adds	r2, r0, #0
 303 0018 1A70     		strb	r2, [r3]
 304 001a 7B1C     		adds	r3, r7, #1
 305 001c 0A1C     		adds	r2, r1, #0
 306 001e 1A70     		strb	r2, [r3]
  79:Drivers/u8glib/src/u8g_rect.c ****   if ( u8g_IsBBXIntersection(u8g, x, y, w, 1) == 0 )
 307              		.loc 1 79 0
 308 0020 7B1C     		adds	r3, r7, #1
 309 0022 1C78     		ldrb	r4, [r3]
 310 0024 BB1C     		adds	r3, r7, #2
 311 0026 1A78     		ldrb	r2, [r3]
 312 0028 FB1C     		adds	r3, r7, #3
 313 002a 1978     		ldrb	r1, [r3]
 314 002c 7868     		ldr	r0, [r7, #4]
 315 002e 0123     		movs	r3, #1
 316 0030 0093     		str	r3, [sp]
 317 0032 2300     		movs	r3, r4
 318 0034 FFF7FEFF 		bl	u8g_IsBBXIntersection
 319 0038 031E     		subs	r3, r0, #0
 320 003a 0AD0     		beq	.L14
  80:Drivers/u8glib/src/u8g_rect.c ****     return;
  81:Drivers/u8glib/src/u8g_rect.c ****   u8g_draw_hline(u8g, x, y, w);
 321              		.loc 1 81 0
ARM GAS  /tmp/ccJywF3l.s 			page 8


 322 003c 7B1C     		adds	r3, r7, #1
 323 003e 1C78     		ldrb	r4, [r3]
 324 0040 BB1C     		adds	r3, r7, #2
 325 0042 1A78     		ldrb	r2, [r3]
 326 0044 FB1C     		adds	r3, r7, #3
 327 0046 1978     		ldrb	r1, [r3]
 328 0048 7868     		ldr	r0, [r7, #4]
 329 004a 2300     		movs	r3, r4
 330 004c FFF7FEFF 		bl	u8g_draw_hline
 331 0050 00E0     		b	.L11
 332              	.L14:
  80:Drivers/u8glib/src/u8g_rect.c ****     return;
 333              		.loc 1 80 0
 334 0052 C046     		nop
 335              	.L11:
  82:Drivers/u8glib/src/u8g_rect.c **** }
 336              		.loc 1 82 0
 337 0054 BD46     		mov	sp, r7
 338 0056 03B0     		add	sp, sp, #12
 339              		@ sp needed
 340 0058 90BD     		pop	{r4, r7, pc}
 341              		.cfi_endproc
 342              	.LFE2:
 344              		.section	.text.u8g_DrawVLine,"ax",%progbits
 345              		.align	1
 346              		.global	u8g_DrawVLine
 347              		.syntax unified
 348              		.code	16
 349              		.thumb_func
 350              		.fpu softvfp
 352              	u8g_DrawVLine:
 353              	.LFB3:
  83:Drivers/u8glib/src/u8g_rect.c **** 
  84:Drivers/u8glib/src/u8g_rect.c **** void u8g_DrawVLine(u8g_t *u8g, u8g_uint_t x, u8g_uint_t y, u8g_uint_t w)
  85:Drivers/u8glib/src/u8g_rect.c **** {
 354              		.loc 1 85 0
 355              		.cfi_startproc
 356 0000 90B5     		push	{r4, r7, lr}
 357              	.LCFI9:
 358              		.cfi_def_cfa_offset 12
 359              		.cfi_offset 4, -12
 360              		.cfi_offset 7, -8
 361              		.cfi_offset 14, -4
 362 0002 85B0     		sub	sp, sp, #20
 363              	.LCFI10:
 364              		.cfi_def_cfa_offset 32
 365 0004 02AF     		add	r7, sp, #8
 366              	.LCFI11:
 367              		.cfi_def_cfa 7, 24
 368 0006 7860     		str	r0, [r7, #4]
 369 0008 0C00     		movs	r4, r1
 370 000a 1000     		movs	r0, r2
 371 000c 1900     		movs	r1, r3
 372 000e FB1C     		adds	r3, r7, #3
 373 0010 221C     		adds	r2, r4, #0
 374 0012 1A70     		strb	r2, [r3]
 375 0014 BB1C     		adds	r3, r7, #2
ARM GAS  /tmp/ccJywF3l.s 			page 9


 376 0016 021C     		adds	r2, r0, #0
 377 0018 1A70     		strb	r2, [r3]
 378 001a 7B1C     		adds	r3, r7, #1
 379 001c 0A1C     		adds	r2, r1, #0
 380 001e 1A70     		strb	r2, [r3]
  86:Drivers/u8glib/src/u8g_rect.c ****   if ( u8g_IsBBXIntersection(u8g, x, y, 1, w) == 0 )
 381              		.loc 1 86 0
 382 0020 BB1C     		adds	r3, r7, #2
 383 0022 1A78     		ldrb	r2, [r3]
 384 0024 FB1C     		adds	r3, r7, #3
 385 0026 1978     		ldrb	r1, [r3]
 386 0028 7868     		ldr	r0, [r7, #4]
 387 002a 7B1C     		adds	r3, r7, #1
 388 002c 1B78     		ldrb	r3, [r3]
 389 002e 0093     		str	r3, [sp]
 390 0030 0123     		movs	r3, #1
 391 0032 FFF7FEFF 		bl	u8g_IsBBXIntersection
 392 0036 031E     		subs	r3, r0, #0
 393 0038 0AD0     		beq	.L18
  87:Drivers/u8glib/src/u8g_rect.c ****     return;
  88:Drivers/u8glib/src/u8g_rect.c ****   u8g_draw_vline(u8g, x, y, w);
 394              		.loc 1 88 0
 395 003a 7B1C     		adds	r3, r7, #1
 396 003c 1C78     		ldrb	r4, [r3]
 397 003e BB1C     		adds	r3, r7, #2
 398 0040 1A78     		ldrb	r2, [r3]
 399 0042 FB1C     		adds	r3, r7, #3
 400 0044 1978     		ldrb	r1, [r3]
 401 0046 7868     		ldr	r0, [r7, #4]
 402 0048 2300     		movs	r3, r4
 403 004a FFF7FEFF 		bl	u8g_draw_vline
 404 004e 00E0     		b	.L15
 405              	.L18:
  87:Drivers/u8glib/src/u8g_rect.c ****     return;
 406              		.loc 1 87 0
 407 0050 C046     		nop
 408              	.L15:
  89:Drivers/u8glib/src/u8g_rect.c **** }
 409              		.loc 1 89 0
 410 0052 BD46     		mov	sp, r7
 411 0054 03B0     		add	sp, sp, #12
 412              		@ sp needed
 413 0056 90BD     		pop	{r4, r7, pc}
 414              		.cfi_endproc
 415              	.LFE3:
 417              		.section	.text.u8g_DrawFrame,"ax",%progbits
 418              		.align	1
 419              		.global	u8g_DrawFrame
 420              		.syntax unified
 421              		.code	16
 422              		.thumb_func
 423              		.fpu softvfp
 425              	u8g_DrawFrame:
 426              	.LFB4:
  90:Drivers/u8glib/src/u8g_rect.c **** 
  91:Drivers/u8glib/src/u8g_rect.c **** /* restrictions: w > 0 && h > 0 */
  92:Drivers/u8glib/src/u8g_rect.c **** void u8g_DrawFrame(u8g_t *u8g, u8g_uint_t x, u8g_uint_t y, u8g_uint_t w, u8g_uint_t h)
ARM GAS  /tmp/ccJywF3l.s 			page 10


  93:Drivers/u8glib/src/u8g_rect.c **** {
 427              		.loc 1 93 0
 428              		.cfi_startproc
 429 0000 90B5     		push	{r4, r7, lr}
 430              	.LCFI12:
 431              		.cfi_def_cfa_offset 12
 432              		.cfi_offset 4, -12
 433              		.cfi_offset 7, -8
 434              		.cfi_offset 14, -4
 435 0002 87B0     		sub	sp, sp, #28
 436              	.LCFI13:
 437              		.cfi_def_cfa_offset 40
 438 0004 02AF     		add	r7, sp, #8
 439              	.LCFI14:
 440              		.cfi_def_cfa 7, 32
 441 0006 7860     		str	r0, [r7, #4]
 442 0008 0C00     		movs	r4, r1
 443 000a 1000     		movs	r0, r2
 444 000c 1900     		movs	r1, r3
 445 000e FB1C     		adds	r3, r7, #3
 446 0010 221C     		adds	r2, r4, #0
 447 0012 1A70     		strb	r2, [r3]
 448 0014 BB1C     		adds	r3, r7, #2
 449 0016 021C     		adds	r2, r0, #0
 450 0018 1A70     		strb	r2, [r3]
 451 001a 7B1C     		adds	r3, r7, #1
 452 001c 0A1C     		adds	r2, r1, #0
 453 001e 1A70     		strb	r2, [r3]
  94:Drivers/u8glib/src/u8g_rect.c ****   u8g_uint_t xtmp = x;
 454              		.loc 1 94 0
 455 0020 0F23     		movs	r3, #15
 456 0022 FB18     		adds	r3, r7, r3
 457 0024 FA1C     		adds	r2, r7, #3
 458 0026 1278     		ldrb	r2, [r2]
 459 0028 1A70     		strb	r2, [r3]
  95:Drivers/u8glib/src/u8g_rect.c ****   
  96:Drivers/u8glib/src/u8g_rect.c ****   if ( u8g_IsBBXIntersection(u8g, x, y, w, h) == 0 )
 460              		.loc 1 96 0
 461 002a 7B1C     		adds	r3, r7, #1
 462 002c 1C78     		ldrb	r4, [r3]
 463 002e BB1C     		adds	r3, r7, #2
 464 0030 1A78     		ldrb	r2, [r3]
 465 0032 FB1C     		adds	r3, r7, #3
 466 0034 1978     		ldrb	r1, [r3]
 467 0036 7868     		ldr	r0, [r7, #4]
 468 0038 2023     		movs	r3, #32
 469 003a FB18     		adds	r3, r7, r3
 470 003c 1B78     		ldrb	r3, [r3]
 471 003e 0093     		str	r3, [sp]
 472 0040 2300     		movs	r3, r4
 473 0042 FFF7FEFF 		bl	u8g_IsBBXIntersection
 474 0046 031E     		subs	r3, r0, #0
 475 0048 44D0     		beq	.L22
  97:Drivers/u8glib/src/u8g_rect.c ****     return;
  98:Drivers/u8glib/src/u8g_rect.c **** 
  99:Drivers/u8glib/src/u8g_rect.c ****   
 100:Drivers/u8glib/src/u8g_rect.c ****   u8g_draw_hline(u8g, x, y, w);
ARM GAS  /tmp/ccJywF3l.s 			page 11


 476              		.loc 1 100 0
 477 004a 7B1C     		adds	r3, r7, #1
 478 004c 1C78     		ldrb	r4, [r3]
 479 004e BB1C     		adds	r3, r7, #2
 480 0050 1A78     		ldrb	r2, [r3]
 481 0052 FB1C     		adds	r3, r7, #3
 482 0054 1978     		ldrb	r1, [r3]
 483 0056 7868     		ldr	r0, [r7, #4]
 484 0058 2300     		movs	r3, r4
 485 005a FFF7FEFF 		bl	u8g_draw_hline
 101:Drivers/u8glib/src/u8g_rect.c ****   u8g_draw_vline(u8g, x, y, h);
 486              		.loc 1 101 0
 487 005e 2023     		movs	r3, #32
 488 0060 FB18     		adds	r3, r7, r3
 489 0062 1C78     		ldrb	r4, [r3]
 490 0064 BB1C     		adds	r3, r7, #2
 491 0066 1A78     		ldrb	r2, [r3]
 492 0068 FB1C     		adds	r3, r7, #3
 493 006a 1978     		ldrb	r1, [r3]
 494 006c 7868     		ldr	r0, [r7, #4]
 495 006e 2300     		movs	r3, r4
 496 0070 FFF7FEFF 		bl	u8g_draw_vline
 102:Drivers/u8glib/src/u8g_rect.c ****   x+=w;
 497              		.loc 1 102 0
 498 0074 FB1C     		adds	r3, r7, #3
 499 0076 F91C     		adds	r1, r7, #3
 500 0078 7A1C     		adds	r2, r7, #1
 501 007a 0978     		ldrb	r1, [r1]
 502 007c 1278     		ldrb	r2, [r2]
 503 007e 8A18     		adds	r2, r1, r2
 504 0080 1A70     		strb	r2, [r3]
 103:Drivers/u8glib/src/u8g_rect.c ****   x--;
 505              		.loc 1 103 0
 506 0082 FB1C     		adds	r3, r7, #3
 507 0084 1A78     		ldrb	r2, [r3]
 508 0086 FB1C     		adds	r3, r7, #3
 509 0088 013A     		subs	r2, r2, #1
 510 008a 1A70     		strb	r2, [r3]
 104:Drivers/u8glib/src/u8g_rect.c ****   u8g_draw_vline(u8g, x, y, h);
 511              		.loc 1 104 0
 512 008c 2023     		movs	r3, #32
 513 008e FB18     		adds	r3, r7, r3
 514 0090 1C78     		ldrb	r4, [r3]
 515 0092 BB1C     		adds	r3, r7, #2
 516 0094 1A78     		ldrb	r2, [r3]
 517 0096 FB1C     		adds	r3, r7, #3
 518 0098 1978     		ldrb	r1, [r3]
 519 009a 7868     		ldr	r0, [r7, #4]
 520 009c 2300     		movs	r3, r4
 521 009e FFF7FEFF 		bl	u8g_draw_vline
 105:Drivers/u8glib/src/u8g_rect.c ****   y+=h;
 522              		.loc 1 105 0
 523 00a2 BB1C     		adds	r3, r7, #2
 524 00a4 BA1C     		adds	r2, r7, #2
 525 00a6 2021     		movs	r1, #32
 526 00a8 7818     		adds	r0, r7, r1
 527 00aa 1178     		ldrb	r1, [r2]
ARM GAS  /tmp/ccJywF3l.s 			page 12


 528 00ac 0278     		ldrb	r2, [r0]
 529 00ae 8A18     		adds	r2, r1, r2
 530 00b0 1A70     		strb	r2, [r3]
 106:Drivers/u8glib/src/u8g_rect.c ****   y--;
 531              		.loc 1 106 0
 532 00b2 BB1C     		adds	r3, r7, #2
 533 00b4 1A78     		ldrb	r2, [r3]
 534 00b6 BB1C     		adds	r3, r7, #2
 535 00b8 013A     		subs	r2, r2, #1
 536 00ba 1A70     		strb	r2, [r3]
 107:Drivers/u8glib/src/u8g_rect.c ****   u8g_draw_hline(u8g, xtmp, y, w);
 537              		.loc 1 107 0
 538 00bc 7B1C     		adds	r3, r7, #1
 539 00be 1C78     		ldrb	r4, [r3]
 540 00c0 BB1C     		adds	r3, r7, #2
 541 00c2 1A78     		ldrb	r2, [r3]
 542 00c4 0F23     		movs	r3, #15
 543 00c6 FB18     		adds	r3, r7, r3
 544 00c8 1978     		ldrb	r1, [r3]
 545 00ca 7868     		ldr	r0, [r7, #4]
 546 00cc 2300     		movs	r3, r4
 547 00ce FFF7FEFF 		bl	u8g_draw_hline
 548 00d2 00E0     		b	.L19
 549              	.L22:
  97:Drivers/u8glib/src/u8g_rect.c **** 
 550              		.loc 1 97 0
 551 00d4 C046     		nop
 552              	.L19:
 108:Drivers/u8glib/src/u8g_rect.c **** }
 553              		.loc 1 108 0
 554 00d6 BD46     		mov	sp, r7
 555 00d8 05B0     		add	sp, sp, #20
 556              		@ sp needed
 557 00da 90BD     		pop	{r4, r7, pc}
 558              		.cfi_endproc
 559              	.LFE4:
 561              		.section	.text.u8g_draw_box,"ax",%progbits
 562              		.align	1
 563              		.global	u8g_draw_box
 564              		.syntax unified
 565              		.code	16
 566              		.thumb_func
 567              		.fpu softvfp
 569              	u8g_draw_box:
 570              	.LFB5:
 109:Drivers/u8glib/src/u8g_rect.c **** 
 110:Drivers/u8glib/src/u8g_rect.c **** void u8g_draw_box(u8g_t *u8g, u8g_uint_t x, u8g_uint_t y, u8g_uint_t w, u8g_uint_t h)
 111:Drivers/u8glib/src/u8g_rect.c **** {
 571              		.loc 1 111 0
 572              		.cfi_startproc
 573 0000 90B5     		push	{r4, r7, lr}
 574              	.LCFI15:
 575              		.cfi_def_cfa_offset 12
 576              		.cfi_offset 4, -12
 577              		.cfi_offset 7, -8
 578              		.cfi_offset 14, -4
 579 0002 83B0     		sub	sp, sp, #12
ARM GAS  /tmp/ccJywF3l.s 			page 13


 580              	.LCFI16:
 581              		.cfi_def_cfa_offset 24
 582 0004 00AF     		add	r7, sp, #0
 583              	.LCFI17:
 584              		.cfi_def_cfa_register 7
 585 0006 7860     		str	r0, [r7, #4]
 586 0008 0C00     		movs	r4, r1
 587 000a 1000     		movs	r0, r2
 588 000c 1900     		movs	r1, r3
 589 000e FB1C     		adds	r3, r7, #3
 590 0010 221C     		adds	r2, r4, #0
 591 0012 1A70     		strb	r2, [r3]
 592 0014 BB1C     		adds	r3, r7, #2
 593 0016 021C     		adds	r2, r0, #0
 594 0018 1A70     		strb	r2, [r3]
 595 001a 7B1C     		adds	r3, r7, #1
 596 001c 0A1C     		adds	r2, r1, #0
 597 001e 1A70     		strb	r2, [r3]
 598              	.L24:
 112:Drivers/u8glib/src/u8g_rect.c ****   do
 113:Drivers/u8glib/src/u8g_rect.c ****   { 
 114:Drivers/u8glib/src/u8g_rect.c ****     u8g_draw_hline(u8g, x, y, w);
 599              		.loc 1 114 0 discriminator 1
 600 0020 7B1C     		adds	r3, r7, #1
 601 0022 1C78     		ldrb	r4, [r3]
 602 0024 BB1C     		adds	r3, r7, #2
 603 0026 1A78     		ldrb	r2, [r3]
 604 0028 FB1C     		adds	r3, r7, #3
 605 002a 1978     		ldrb	r1, [r3]
 606 002c 7868     		ldr	r0, [r7, #4]
 607 002e 2300     		movs	r3, r4
 608 0030 FFF7FEFF 		bl	u8g_draw_hline
 115:Drivers/u8glib/src/u8g_rect.c ****     y++;    
 609              		.loc 1 115 0 discriminator 1
 610 0034 BB1C     		adds	r3, r7, #2
 611 0036 1A78     		ldrb	r2, [r3]
 612 0038 BB1C     		adds	r3, r7, #2
 613 003a 0132     		adds	r2, r2, #1
 614 003c 1A70     		strb	r2, [r3]
 116:Drivers/u8glib/src/u8g_rect.c ****     h--;
 615              		.loc 1 116 0 discriminator 1
 616 003e 1823     		movs	r3, #24
 617 0040 FB18     		adds	r3, r7, r3
 618 0042 1B78     		ldrb	r3, [r3]
 619 0044 1822     		movs	r2, #24
 620 0046 BA18     		adds	r2, r7, r2
 621 0048 013B     		subs	r3, r3, #1
 622 004a 1370     		strb	r3, [r2]
 117:Drivers/u8glib/src/u8g_rect.c ****   } while( h != 0 );
 623              		.loc 1 117 0 discriminator 1
 624 004c 1823     		movs	r3, #24
 625 004e FB18     		adds	r3, r7, r3
 626 0050 1B78     		ldrb	r3, [r3]
 627 0052 002B     		cmp	r3, #0
 628 0054 E4D1     		bne	.L24
 118:Drivers/u8glib/src/u8g_rect.c **** }
 629              		.loc 1 118 0
ARM GAS  /tmp/ccJywF3l.s 			page 14


 630 0056 C046     		nop
 631 0058 BD46     		mov	sp, r7
 632 005a 03B0     		add	sp, sp, #12
 633              		@ sp needed
 634 005c 90BD     		pop	{r4, r7, pc}
 635              		.cfi_endproc
 636              	.LFE5:
 638              		.section	.text.u8g_DrawBox,"ax",%progbits
 639              		.align	1
 640              		.global	u8g_DrawBox
 641              		.syntax unified
 642              		.code	16
 643              		.thumb_func
 644              		.fpu softvfp
 646              	u8g_DrawBox:
 647              	.LFB6:
 119:Drivers/u8glib/src/u8g_rect.c **** 
 120:Drivers/u8glib/src/u8g_rect.c **** /* restrictions: h > 0 */
 121:Drivers/u8glib/src/u8g_rect.c **** void u8g_DrawBox(u8g_t *u8g, u8g_uint_t x, u8g_uint_t y, u8g_uint_t w, u8g_uint_t h)
 122:Drivers/u8glib/src/u8g_rect.c **** {
 648              		.loc 1 122 0
 649              		.cfi_startproc
 650 0000 90B5     		push	{r4, r7, lr}
 651              	.LCFI18:
 652              		.cfi_def_cfa_offset 12
 653              		.cfi_offset 4, -12
 654              		.cfi_offset 7, -8
 655              		.cfi_offset 14, -4
 656 0002 85B0     		sub	sp, sp, #20
 657              	.LCFI19:
 658              		.cfi_def_cfa_offset 32
 659 0004 02AF     		add	r7, sp, #8
 660              	.LCFI20:
 661              		.cfi_def_cfa 7, 24
 662 0006 7860     		str	r0, [r7, #4]
 663 0008 0C00     		movs	r4, r1
 664 000a 1000     		movs	r0, r2
 665 000c 1900     		movs	r1, r3
 666 000e FB1C     		adds	r3, r7, #3
 667 0010 221C     		adds	r2, r4, #0
 668 0012 1A70     		strb	r2, [r3]
 669 0014 BB1C     		adds	r3, r7, #2
 670 0016 021C     		adds	r2, r0, #0
 671 0018 1A70     		strb	r2, [r3]
 672 001a 7B1C     		adds	r3, r7, #1
 673 001c 0A1C     		adds	r2, r1, #0
 674 001e 1A70     		strb	r2, [r3]
 123:Drivers/u8glib/src/u8g_rect.c ****   if ( u8g_IsBBXIntersection(u8g, x, y, w, h) == 0 )
 675              		.loc 1 123 0
 676 0020 7B1C     		adds	r3, r7, #1
 677 0022 1C78     		ldrb	r4, [r3]
 678 0024 BB1C     		adds	r3, r7, #2
 679 0026 1A78     		ldrb	r2, [r3]
 680 0028 FB1C     		adds	r3, r7, #3
 681 002a 1978     		ldrb	r1, [r3]
 682 002c 7868     		ldr	r0, [r7, #4]
 683 002e 1823     		movs	r3, #24
ARM GAS  /tmp/ccJywF3l.s 			page 15


 684 0030 FB18     		adds	r3, r7, r3
 685 0032 1B78     		ldrb	r3, [r3]
 686 0034 0093     		str	r3, [sp]
 687 0036 2300     		movs	r3, r4
 688 0038 FFF7FEFF 		bl	u8g_IsBBXIntersection
 689 003c 031E     		subs	r3, r0, #0
 690 003e 0ED0     		beq	.L28
 124:Drivers/u8glib/src/u8g_rect.c ****     return;
 125:Drivers/u8glib/src/u8g_rect.c ****   u8g_draw_box(u8g, x, y, w, h);
 691              		.loc 1 125 0
 692 0040 7B1C     		adds	r3, r7, #1
 693 0042 1C78     		ldrb	r4, [r3]
 694 0044 BB1C     		adds	r3, r7, #2
 695 0046 1A78     		ldrb	r2, [r3]
 696 0048 FB1C     		adds	r3, r7, #3
 697 004a 1978     		ldrb	r1, [r3]
 698 004c 7868     		ldr	r0, [r7, #4]
 699 004e 1823     		movs	r3, #24
 700 0050 FB18     		adds	r3, r7, r3
 701 0052 1B78     		ldrb	r3, [r3]
 702 0054 0093     		str	r3, [sp]
 703 0056 2300     		movs	r3, r4
 704 0058 FFF7FEFF 		bl	u8g_draw_box
 705 005c 00E0     		b	.L25
 706              	.L28:
 124:Drivers/u8glib/src/u8g_rect.c ****     return;
 707              		.loc 1 124 0
 708 005e C046     		nop
 709              	.L25:
 126:Drivers/u8glib/src/u8g_rect.c **** }
 710              		.loc 1 126 0
 711 0060 BD46     		mov	sp, r7
 712 0062 03B0     		add	sp, sp, #12
 713              		@ sp needed
 714 0064 90BD     		pop	{r4, r7, pc}
 715              		.cfi_endproc
 716              	.LFE6:
 718              		.section	.text.u8g_DrawRFrame,"ax",%progbits
 719              		.align	1
 720              		.global	u8g_DrawRFrame
 721              		.syntax unified
 722              		.code	16
 723              		.thumb_func
 724              		.fpu softvfp
 726              	u8g_DrawRFrame:
 727              	.LFB7:
 127:Drivers/u8glib/src/u8g_rect.c **** 
 128:Drivers/u8glib/src/u8g_rect.c **** 
 129:Drivers/u8glib/src/u8g_rect.c **** void u8g_DrawRFrame(u8g_t *u8g, u8g_uint_t x, u8g_uint_t y, u8g_uint_t w, u8g_uint_t h, u8g_uint_t 
 130:Drivers/u8glib/src/u8g_rect.c **** {
 728              		.loc 1 130 0
 729              		.cfi_startproc
 730 0000 90B5     		push	{r4, r7, lr}
 731              	.LCFI21:
 732              		.cfi_def_cfa_offset 12
 733              		.cfi_offset 4, -12
 734              		.cfi_offset 7, -8
ARM GAS  /tmp/ccJywF3l.s 			page 16


 735              		.cfi_offset 14, -4
 736 0002 87B0     		sub	sp, sp, #28
 737              	.LCFI22:
 738              		.cfi_def_cfa_offset 40
 739 0004 02AF     		add	r7, sp, #8
 740              	.LCFI23:
 741              		.cfi_def_cfa 7, 32
 742 0006 7860     		str	r0, [r7, #4]
 743 0008 0C00     		movs	r4, r1
 744 000a 1000     		movs	r0, r2
 745 000c 1900     		movs	r1, r3
 746 000e FB1C     		adds	r3, r7, #3
 747 0010 221C     		adds	r2, r4, #0
 748 0012 1A70     		strb	r2, [r3]
 749 0014 BB1C     		adds	r3, r7, #2
 750 0016 021C     		adds	r2, r0, #0
 751 0018 1A70     		strb	r2, [r3]
 752 001a 7B1C     		adds	r3, r7, #1
 753 001c 0A1C     		adds	r2, r1, #0
 754 001e 1A70     		strb	r2, [r3]
 131:Drivers/u8glib/src/u8g_rect.c ****   u8g_uint_t xl, yu;
 132:Drivers/u8glib/src/u8g_rect.c **** 
 133:Drivers/u8glib/src/u8g_rect.c ****   if ( u8g_IsBBXIntersection(u8g, x, y, w, h) == 0 )
 755              		.loc 1 133 0
 756 0020 7B1C     		adds	r3, r7, #1
 757 0022 1C78     		ldrb	r4, [r3]
 758 0024 BB1C     		adds	r3, r7, #2
 759 0026 1A78     		ldrb	r2, [r3]
 760 0028 FB1C     		adds	r3, r7, #3
 761 002a 1978     		ldrb	r1, [r3]
 762 002c 7868     		ldr	r0, [r7, #4]
 763 002e 2023     		movs	r3, #32
 764 0030 FB18     		adds	r3, r7, r3
 765 0032 1B78     		ldrb	r3, [r3]
 766 0034 0093     		str	r3, [sp]
 767 0036 2300     		movs	r3, r4
 768 0038 FFF7FEFF 		bl	u8g_IsBBXIntersection
 769 003c 031E     		subs	r3, r0, #0
 770 003e 00D1     		bne	.LCB683
 771 0040 2DE1     		b	.L32	@long jump
 772              	.LCB683:
 134:Drivers/u8glib/src/u8g_rect.c ****     return;
 135:Drivers/u8glib/src/u8g_rect.c **** 
 136:Drivers/u8glib/src/u8g_rect.c ****   xl = x;
 773              		.loc 1 136 0
 774 0042 0F23     		movs	r3, #15
 775 0044 FB18     		adds	r3, r7, r3
 776 0046 FA1C     		adds	r2, r7, #3
 777 0048 1278     		ldrb	r2, [r2]
 778 004a 1A70     		strb	r2, [r3]
 137:Drivers/u8glib/src/u8g_rect.c ****   xl += r;
 779              		.loc 1 137 0
 780 004c 0F23     		movs	r3, #15
 781 004e FB18     		adds	r3, r7, r3
 782 0050 0F22     		movs	r2, #15
 783 0052 B918     		adds	r1, r7, r2
 784 0054 2422     		movs	r2, #36
ARM GAS  /tmp/ccJywF3l.s 			page 17


 785 0056 BA18     		adds	r2, r7, r2
 786 0058 0978     		ldrb	r1, [r1]
 787 005a 1278     		ldrb	r2, [r2]
 788 005c 8A18     		adds	r2, r1, r2
 789 005e 1A70     		strb	r2, [r3]
 138:Drivers/u8glib/src/u8g_rect.c ****   yu = y;
 790              		.loc 1 138 0
 791 0060 0E23     		movs	r3, #14
 792 0062 FB18     		adds	r3, r7, r3
 793 0064 BA1C     		adds	r2, r7, #2
 794 0066 1278     		ldrb	r2, [r2]
 795 0068 1A70     		strb	r2, [r3]
 139:Drivers/u8glib/src/u8g_rect.c ****   yu += r;
 796              		.loc 1 139 0
 797 006a 0E23     		movs	r3, #14
 798 006c FB18     		adds	r3, r7, r3
 799 006e 0E22     		movs	r2, #14
 800 0070 B918     		adds	r1, r7, r2
 801 0072 2422     		movs	r2, #36
 802 0074 BA18     		adds	r2, r7, r2
 803 0076 0978     		ldrb	r1, [r1]
 804 0078 1278     		ldrb	r2, [r2]
 805 007a 8A18     		adds	r2, r1, r2
 806 007c 1A70     		strb	r2, [r3]
 807              	.LBB2:
 140:Drivers/u8glib/src/u8g_rect.c ****  
 141:Drivers/u8glib/src/u8g_rect.c ****   {
 142:Drivers/u8glib/src/u8g_rect.c ****     u8g_uint_t yl, xr;
 143:Drivers/u8glib/src/u8g_rect.c ****       
 144:Drivers/u8glib/src/u8g_rect.c ****     xr = x;
 808              		.loc 1 144 0
 809 007e 0D23     		movs	r3, #13
 810 0080 FB18     		adds	r3, r7, r3
 811 0082 FA1C     		adds	r2, r7, #3
 812 0084 1278     		ldrb	r2, [r2]
 813 0086 1A70     		strb	r2, [r3]
 145:Drivers/u8glib/src/u8g_rect.c ****     xr += w;
 814              		.loc 1 145 0
 815 0088 0D23     		movs	r3, #13
 816 008a FB18     		adds	r3, r7, r3
 817 008c 0D22     		movs	r2, #13
 818 008e B918     		adds	r1, r7, r2
 819 0090 7A1C     		adds	r2, r7, #1
 820 0092 0978     		ldrb	r1, [r1]
 821 0094 1278     		ldrb	r2, [r2]
 822 0096 8A18     		adds	r2, r1, r2
 823 0098 1A70     		strb	r2, [r3]
 146:Drivers/u8glib/src/u8g_rect.c ****     xr -= r;
 824              		.loc 1 146 0
 825 009a 0D23     		movs	r3, #13
 826 009c FB18     		adds	r3, r7, r3
 827 009e 0D22     		movs	r2, #13
 828 00a0 B918     		adds	r1, r7, r2
 829 00a2 2422     		movs	r2, #36
 830 00a4 BA18     		adds	r2, r7, r2
 831 00a6 0978     		ldrb	r1, [r1]
 832 00a8 1278     		ldrb	r2, [r2]
ARM GAS  /tmp/ccJywF3l.s 			page 18


 833 00aa 8A1A     		subs	r2, r1, r2
 834 00ac 1A70     		strb	r2, [r3]
 147:Drivers/u8glib/src/u8g_rect.c ****     xr -= 1;
 835              		.loc 1 147 0
 836 00ae 0D23     		movs	r3, #13
 837 00b0 FB18     		adds	r3, r7, r3
 838 00b2 0D22     		movs	r2, #13
 839 00b4 BA18     		adds	r2, r7, r2
 840 00b6 1278     		ldrb	r2, [r2]
 841 00b8 013A     		subs	r2, r2, #1
 842 00ba 1A70     		strb	r2, [r3]
 148:Drivers/u8glib/src/u8g_rect.c ****     
 149:Drivers/u8glib/src/u8g_rect.c ****     yl = y;
 843              		.loc 1 149 0
 844 00bc 0C23     		movs	r3, #12
 845 00be FB18     		adds	r3, r7, r3
 846 00c0 BA1C     		adds	r2, r7, #2
 847 00c2 1278     		ldrb	r2, [r2]
 848 00c4 1A70     		strb	r2, [r3]
 150:Drivers/u8glib/src/u8g_rect.c ****     yl += h;
 849              		.loc 1 150 0
 850 00c6 0C23     		movs	r3, #12
 851 00c8 FB18     		adds	r3, r7, r3
 852 00ca 0C22     		movs	r2, #12
 853 00cc BA18     		adds	r2, r7, r2
 854 00ce 2021     		movs	r1, #32
 855 00d0 7818     		adds	r0, r7, r1
 856 00d2 1178     		ldrb	r1, [r2]
 857 00d4 0278     		ldrb	r2, [r0]
 858 00d6 8A18     		adds	r2, r1, r2
 859 00d8 1A70     		strb	r2, [r3]
 151:Drivers/u8glib/src/u8g_rect.c ****     yl -= r; 
 860              		.loc 1 151 0
 861 00da 0C23     		movs	r3, #12
 862 00dc FB18     		adds	r3, r7, r3
 863 00de 0C22     		movs	r2, #12
 864 00e0 B918     		adds	r1, r7, r2
 865 00e2 2422     		movs	r2, #36
 866 00e4 BA18     		adds	r2, r7, r2
 867 00e6 0978     		ldrb	r1, [r1]
 868 00e8 1278     		ldrb	r2, [r2]
 869 00ea 8A1A     		subs	r2, r1, r2
 870 00ec 1A70     		strb	r2, [r3]
 152:Drivers/u8glib/src/u8g_rect.c ****     yl -= 1;
 871              		.loc 1 152 0
 872 00ee 0C23     		movs	r3, #12
 873 00f0 FB18     		adds	r3, r7, r3
 874 00f2 0C22     		movs	r2, #12
 875 00f4 BA18     		adds	r2, r7, r2
 876 00f6 1278     		ldrb	r2, [r2]
 877 00f8 013A     		subs	r2, r2, #1
 878 00fa 1A70     		strb	r2, [r3]
 153:Drivers/u8glib/src/u8g_rect.c **** 
 154:Drivers/u8glib/src/u8g_rect.c ****     u8g_draw_circle(u8g, xl, yu, r, U8G_DRAW_UPPER_LEFT);
 879              		.loc 1 154 0
 880 00fc 2423     		movs	r3, #36
 881 00fe FB18     		adds	r3, r7, r3
ARM GAS  /tmp/ccJywF3l.s 			page 19


 882 0100 1C78     		ldrb	r4, [r3]
 883 0102 0E23     		movs	r3, #14
 884 0104 FB18     		adds	r3, r7, r3
 885 0106 1A78     		ldrb	r2, [r3]
 886 0108 0F23     		movs	r3, #15
 887 010a FB18     		adds	r3, r7, r3
 888 010c 1978     		ldrb	r1, [r3]
 889 010e 7868     		ldr	r0, [r7, #4]
 890 0110 0223     		movs	r3, #2
 891 0112 0093     		str	r3, [sp]
 892 0114 2300     		movs	r3, r4
 893 0116 FFF7FEFF 		bl	u8g_draw_circle
 155:Drivers/u8glib/src/u8g_rect.c ****     u8g_draw_circle(u8g, xr, yu, r, U8G_DRAW_UPPER_RIGHT);
 894              		.loc 1 155 0
 895 011a 2423     		movs	r3, #36
 896 011c FB18     		adds	r3, r7, r3
 897 011e 1C78     		ldrb	r4, [r3]
 898 0120 0E23     		movs	r3, #14
 899 0122 FB18     		adds	r3, r7, r3
 900 0124 1A78     		ldrb	r2, [r3]
 901 0126 0D23     		movs	r3, #13
 902 0128 FB18     		adds	r3, r7, r3
 903 012a 1978     		ldrb	r1, [r3]
 904 012c 7868     		ldr	r0, [r7, #4]
 905 012e 0123     		movs	r3, #1
 906 0130 0093     		str	r3, [sp]
 907 0132 2300     		movs	r3, r4
 908 0134 FFF7FEFF 		bl	u8g_draw_circle
 156:Drivers/u8glib/src/u8g_rect.c ****     u8g_draw_circle(u8g, xl, yl, r, U8G_DRAW_LOWER_LEFT);
 909              		.loc 1 156 0
 910 0138 2423     		movs	r3, #36
 911 013a FB18     		adds	r3, r7, r3
 912 013c 1C78     		ldrb	r4, [r3]
 913 013e 0C23     		movs	r3, #12
 914 0140 FB18     		adds	r3, r7, r3
 915 0142 1A78     		ldrb	r2, [r3]
 916 0144 0F23     		movs	r3, #15
 917 0146 FB18     		adds	r3, r7, r3
 918 0148 1978     		ldrb	r1, [r3]
 919 014a 7868     		ldr	r0, [r7, #4]
 920 014c 0423     		movs	r3, #4
 921 014e 0093     		str	r3, [sp]
 922 0150 2300     		movs	r3, r4
 923 0152 FFF7FEFF 		bl	u8g_draw_circle
 157:Drivers/u8glib/src/u8g_rect.c ****     u8g_draw_circle(u8g, xr, yl, r, U8G_DRAW_LOWER_RIGHT);
 924              		.loc 1 157 0
 925 0156 2423     		movs	r3, #36
 926 0158 FB18     		adds	r3, r7, r3
 927 015a 1C78     		ldrb	r4, [r3]
 928 015c 0C23     		movs	r3, #12
 929 015e FB18     		adds	r3, r7, r3
 930 0160 1A78     		ldrb	r2, [r3]
 931 0162 0D23     		movs	r3, #13
 932 0164 FB18     		adds	r3, r7, r3
 933 0166 1978     		ldrb	r1, [r3]
 934 0168 7868     		ldr	r0, [r7, #4]
 935 016a 0823     		movs	r3, #8
ARM GAS  /tmp/ccJywF3l.s 			page 20


 936 016c 0093     		str	r3, [sp]
 937 016e 2300     		movs	r3, r4
 938 0170 FFF7FEFF 		bl	u8g_draw_circle
 939              	.LBE2:
 940              	.LBB3:
 158:Drivers/u8glib/src/u8g_rect.c ****   }
 159:Drivers/u8glib/src/u8g_rect.c **** 
 160:Drivers/u8glib/src/u8g_rect.c ****   {
 161:Drivers/u8glib/src/u8g_rect.c ****     u8g_uint_t ww, hh;
 162:Drivers/u8glib/src/u8g_rect.c **** 
 163:Drivers/u8glib/src/u8g_rect.c ****     ww = w;
 941              		.loc 1 163 0
 942 0174 0B23     		movs	r3, #11
 943 0176 FB18     		adds	r3, r7, r3
 944 0178 7A1C     		adds	r2, r7, #1
 945 017a 1278     		ldrb	r2, [r2]
 946 017c 1A70     		strb	r2, [r3]
 164:Drivers/u8glib/src/u8g_rect.c ****     ww -= r;
 947              		.loc 1 164 0
 948 017e 0B23     		movs	r3, #11
 949 0180 FB18     		adds	r3, r7, r3
 950 0182 0B22     		movs	r2, #11
 951 0184 B918     		adds	r1, r7, r2
 952 0186 2422     		movs	r2, #36
 953 0188 BA18     		adds	r2, r7, r2
 954 018a 0978     		ldrb	r1, [r1]
 955 018c 1278     		ldrb	r2, [r2]
 956 018e 8A1A     		subs	r2, r1, r2
 957 0190 1A70     		strb	r2, [r3]
 165:Drivers/u8glib/src/u8g_rect.c ****     ww -= r;
 958              		.loc 1 165 0
 959 0192 0B23     		movs	r3, #11
 960 0194 FB18     		adds	r3, r7, r3
 961 0196 0B22     		movs	r2, #11
 962 0198 B918     		adds	r1, r7, r2
 963 019a 2422     		movs	r2, #36
 964 019c BA18     		adds	r2, r7, r2
 965 019e 0978     		ldrb	r1, [r1]
 966 01a0 1278     		ldrb	r2, [r2]
 967 01a2 8A1A     		subs	r2, r1, r2
 968 01a4 1A70     		strb	r2, [r3]
 166:Drivers/u8glib/src/u8g_rect.c ****     ww -= 2;
 969              		.loc 1 166 0
 970 01a6 0B23     		movs	r3, #11
 971 01a8 FB18     		adds	r3, r7, r3
 972 01aa 0B22     		movs	r2, #11
 973 01ac BA18     		adds	r2, r7, r2
 974 01ae 1278     		ldrb	r2, [r2]
 975 01b0 023A     		subs	r2, r2, #2
 976 01b2 1A70     		strb	r2, [r3]
 167:Drivers/u8glib/src/u8g_rect.c ****     hh = h;
 977              		.loc 1 167 0
 978 01b4 0A23     		movs	r3, #10
 979 01b6 FB18     		adds	r3, r7, r3
 980 01b8 2022     		movs	r2, #32
 981 01ba BA18     		adds	r2, r7, r2
 982 01bc 1278     		ldrb	r2, [r2]
ARM GAS  /tmp/ccJywF3l.s 			page 21


 983 01be 1A70     		strb	r2, [r3]
 168:Drivers/u8glib/src/u8g_rect.c ****     hh -= r;
 984              		.loc 1 168 0
 985 01c0 0A23     		movs	r3, #10
 986 01c2 FB18     		adds	r3, r7, r3
 987 01c4 0A22     		movs	r2, #10
 988 01c6 B918     		adds	r1, r7, r2
 989 01c8 2422     		movs	r2, #36
 990 01ca BA18     		adds	r2, r7, r2
 991 01cc 0978     		ldrb	r1, [r1]
 992 01ce 1278     		ldrb	r2, [r2]
 993 01d0 8A1A     		subs	r2, r1, r2
 994 01d2 1A70     		strb	r2, [r3]
 169:Drivers/u8glib/src/u8g_rect.c ****     hh -= r;
 995              		.loc 1 169 0
 996 01d4 0A23     		movs	r3, #10
 997 01d6 FB18     		adds	r3, r7, r3
 998 01d8 0A22     		movs	r2, #10
 999 01da B918     		adds	r1, r7, r2
 1000 01dc 2422     		movs	r2, #36
 1001 01de BA18     		adds	r2, r7, r2
 1002 01e0 0978     		ldrb	r1, [r1]
 1003 01e2 1278     		ldrb	r2, [r2]
 1004 01e4 8A1A     		subs	r2, r1, r2
 1005 01e6 1A70     		strb	r2, [r3]
 170:Drivers/u8glib/src/u8g_rect.c ****     hh -= 2;
 1006              		.loc 1 170 0
 1007 01e8 0A23     		movs	r3, #10
 1008 01ea FB18     		adds	r3, r7, r3
 1009 01ec 0A22     		movs	r2, #10
 1010 01ee BA18     		adds	r2, r7, r2
 1011 01f0 1278     		ldrb	r2, [r2]
 1012 01f2 023A     		subs	r2, r2, #2
 1013 01f4 1A70     		strb	r2, [r3]
 171:Drivers/u8glib/src/u8g_rect.c ****     
 172:Drivers/u8glib/src/u8g_rect.c ****     xl++;
 1014              		.loc 1 172 0
 1015 01f6 0F23     		movs	r3, #15
 1016 01f8 FB18     		adds	r3, r7, r3
 1017 01fa 1A78     		ldrb	r2, [r3]
 1018 01fc 0F23     		movs	r3, #15
 1019 01fe FB18     		adds	r3, r7, r3
 1020 0200 0132     		adds	r2, r2, #1
 1021 0202 1A70     		strb	r2, [r3]
 173:Drivers/u8glib/src/u8g_rect.c ****     yu++;
 1022              		.loc 1 173 0
 1023 0204 0E23     		movs	r3, #14
 1024 0206 FB18     		adds	r3, r7, r3
 1025 0208 1A78     		ldrb	r2, [r3]
 1026 020a 0E23     		movs	r3, #14
 1027 020c FB18     		adds	r3, r7, r3
 1028 020e 0132     		adds	r2, r2, #1
 1029 0210 1A70     		strb	r2, [r3]
 174:Drivers/u8glib/src/u8g_rect.c ****     h--;
 1030              		.loc 1 174 0
 1031 0212 2023     		movs	r3, #32
 1032 0214 FB18     		adds	r3, r7, r3
ARM GAS  /tmp/ccJywF3l.s 			page 22


 1033 0216 1B78     		ldrb	r3, [r3]
 1034 0218 2022     		movs	r2, #32
 1035 021a BA18     		adds	r2, r7, r2
 1036 021c 013B     		subs	r3, r3, #1
 1037 021e 1370     		strb	r3, [r2]
 175:Drivers/u8glib/src/u8g_rect.c ****     w--;
 1038              		.loc 1 175 0
 1039 0220 7B1C     		adds	r3, r7, #1
 1040 0222 1A78     		ldrb	r2, [r3]
 1041 0224 7B1C     		adds	r3, r7, #1
 1042 0226 013A     		subs	r2, r2, #1
 1043 0228 1A70     		strb	r2, [r3]
 176:Drivers/u8glib/src/u8g_rect.c ****     u8g_draw_hline(u8g, xl, y, ww);
 1044              		.loc 1 176 0
 1045 022a 0B23     		movs	r3, #11
 1046 022c FB18     		adds	r3, r7, r3
 1047 022e 1C78     		ldrb	r4, [r3]
 1048 0230 BB1C     		adds	r3, r7, #2
 1049 0232 1A78     		ldrb	r2, [r3]
 1050 0234 0F23     		movs	r3, #15
 1051 0236 FB18     		adds	r3, r7, r3
 1052 0238 1978     		ldrb	r1, [r3]
 1053 023a 7868     		ldr	r0, [r7, #4]
 1054 023c 2300     		movs	r3, r4
 1055 023e FFF7FEFF 		bl	u8g_draw_hline
 177:Drivers/u8glib/src/u8g_rect.c ****     u8g_draw_hline(u8g, xl, y+h, ww);
 1056              		.loc 1 177 0
 1057 0242 BB1C     		adds	r3, r7, #2
 1058 0244 2022     		movs	r2, #32
 1059 0246 B918     		adds	r1, r7, r2
 1060 0248 1A78     		ldrb	r2, [r3]
 1061 024a 0B78     		ldrb	r3, [r1]
 1062 024c D318     		adds	r3, r2, r3
 1063 024e DAB2     		uxtb	r2, r3
 1064 0250 0B23     		movs	r3, #11
 1065 0252 FB18     		adds	r3, r7, r3
 1066 0254 1C78     		ldrb	r4, [r3]
 1067 0256 0F23     		movs	r3, #15
 1068 0258 FB18     		adds	r3, r7, r3
 1069 025a 1978     		ldrb	r1, [r3]
 1070 025c 7868     		ldr	r0, [r7, #4]
 1071 025e 2300     		movs	r3, r4
 1072 0260 FFF7FEFF 		bl	u8g_draw_hline
 178:Drivers/u8glib/src/u8g_rect.c ****     u8g_draw_vline(u8g, x,         yu, hh);
 1073              		.loc 1 178 0
 1074 0264 0A23     		movs	r3, #10
 1075 0266 FB18     		adds	r3, r7, r3
 1076 0268 1C78     		ldrb	r4, [r3]
 1077 026a 0E23     		movs	r3, #14
 1078 026c FB18     		adds	r3, r7, r3
 1079 026e 1A78     		ldrb	r2, [r3]
 1080 0270 FB1C     		adds	r3, r7, #3
 1081 0272 1978     		ldrb	r1, [r3]
 1082 0274 7868     		ldr	r0, [r7, #4]
 1083 0276 2300     		movs	r3, r4
 1084 0278 FFF7FEFF 		bl	u8g_draw_vline
 179:Drivers/u8glib/src/u8g_rect.c ****     u8g_draw_vline(u8g, x+w, yu, hh);
ARM GAS  /tmp/ccJywF3l.s 			page 23


 1085              		.loc 1 179 0
 1086 027c FA1C     		adds	r2, r7, #3
 1087 027e 7B1C     		adds	r3, r7, #1
 1088 0280 1278     		ldrb	r2, [r2]
 1089 0282 1B78     		ldrb	r3, [r3]
 1090 0284 D318     		adds	r3, r2, r3
 1091 0286 D9B2     		uxtb	r1, r3
 1092 0288 0A23     		movs	r3, #10
 1093 028a FB18     		adds	r3, r7, r3
 1094 028c 1C78     		ldrb	r4, [r3]
 1095 028e 0E23     		movs	r3, #14
 1096 0290 FB18     		adds	r3, r7, r3
 1097 0292 1A78     		ldrb	r2, [r3]
 1098 0294 7868     		ldr	r0, [r7, #4]
 1099 0296 2300     		movs	r3, r4
 1100 0298 FFF7FEFF 		bl	u8g_draw_vline
 1101 029c 00E0     		b	.L29
 1102              	.L32:
 1103              	.LBE3:
 134:Drivers/u8glib/src/u8g_rect.c **** 
 1104              		.loc 1 134 0
 1105 029e C046     		nop
 1106              	.L29:
 180:Drivers/u8glib/src/u8g_rect.c ****   }
 181:Drivers/u8glib/src/u8g_rect.c **** }
 1107              		.loc 1 181 0
 1108 02a0 BD46     		mov	sp, r7
 1109 02a2 05B0     		add	sp, sp, #20
 1110              		@ sp needed
 1111 02a4 90BD     		pop	{r4, r7, pc}
 1112              		.cfi_endproc
 1113              	.LFE7:
 1115              		.section	.text.u8g_DrawRBox,"ax",%progbits
 1116              		.align	1
 1117              		.global	u8g_DrawRBox
 1118              		.syntax unified
 1119              		.code	16
 1120              		.thumb_func
 1121              		.fpu softvfp
 1123              	u8g_DrawRBox:
 1124              	.LFB8:
 182:Drivers/u8glib/src/u8g_rect.c **** 
 183:Drivers/u8glib/src/u8g_rect.c **** void u8g_DrawRBox(u8g_t *u8g, u8g_uint_t x, u8g_uint_t y, u8g_uint_t w, u8g_uint_t h, u8g_uint_t r)
 184:Drivers/u8glib/src/u8g_rect.c **** {
 1125              		.loc 1 184 0
 1126              		.cfi_startproc
 1127 0000 B0B5     		push	{r4, r5, r7, lr}
 1128              	.LCFI24:
 1129              		.cfi_def_cfa_offset 16
 1130              		.cfi_offset 4, -16
 1131              		.cfi_offset 5, -12
 1132              		.cfi_offset 7, -8
 1133              		.cfi_offset 14, -4
 1134 0002 86B0     		sub	sp, sp, #24
 1135              	.LCFI25:
 1136              		.cfi_def_cfa_offset 40
 1137 0004 02AF     		add	r7, sp, #8
ARM GAS  /tmp/ccJywF3l.s 			page 24


 1138              	.LCFI26:
 1139              		.cfi_def_cfa 7, 32
 1140 0006 7860     		str	r0, [r7, #4]
 1141 0008 0C00     		movs	r4, r1
 1142 000a 1000     		movs	r0, r2
 1143 000c 1900     		movs	r1, r3
 1144 000e FB1C     		adds	r3, r7, #3
 1145 0010 221C     		adds	r2, r4, #0
 1146 0012 1A70     		strb	r2, [r3]
 1147 0014 BB1C     		adds	r3, r7, #2
 1148 0016 021C     		adds	r2, r0, #0
 1149 0018 1A70     		strb	r2, [r3]
 1150 001a 7B1C     		adds	r3, r7, #1
 1151 001c 0A1C     		adds	r2, r1, #0
 1152 001e 1A70     		strb	r2, [r3]
 185:Drivers/u8glib/src/u8g_rect.c ****   u8g_uint_t xl, yu;
 186:Drivers/u8glib/src/u8g_rect.c ****     u8g_uint_t yl, xr;
 187:Drivers/u8glib/src/u8g_rect.c **** 
 188:Drivers/u8glib/src/u8g_rect.c ****   if ( u8g_IsBBXIntersection(u8g, x, y, w, h) == 0 )
 1153              		.loc 1 188 0
 1154 0020 7B1C     		adds	r3, r7, #1
 1155 0022 1C78     		ldrb	r4, [r3]
 1156 0024 BB1C     		adds	r3, r7, #2
 1157 0026 1A78     		ldrb	r2, [r3]
 1158 0028 FB1C     		adds	r3, r7, #3
 1159 002a 1978     		ldrb	r1, [r3]
 1160 002c 7868     		ldr	r0, [r7, #4]
 1161 002e 2023     		movs	r3, #32
 1162 0030 FB18     		adds	r3, r7, r3
 1163 0032 1B78     		ldrb	r3, [r3]
 1164 0034 0093     		str	r3, [sp]
 1165 0036 2300     		movs	r3, r4
 1166 0038 FFF7FEFF 		bl	u8g_IsBBXIntersection
 1167 003c 031E     		subs	r3, r0, #0
 1168 003e 00D1     		bne	.LCB1043
 1169 0040 25E1     		b	.L36	@long jump
 1170              	.LCB1043:
 189:Drivers/u8glib/src/u8g_rect.c ****     return;
 190:Drivers/u8glib/src/u8g_rect.c **** 
 191:Drivers/u8glib/src/u8g_rect.c ****   xl = x;
 1171              		.loc 1 191 0
 1172 0042 0F23     		movs	r3, #15
 1173 0044 FB18     		adds	r3, r7, r3
 1174 0046 FA1C     		adds	r2, r7, #3
 1175 0048 1278     		ldrb	r2, [r2]
 1176 004a 1A70     		strb	r2, [r3]
 192:Drivers/u8glib/src/u8g_rect.c ****   xl += r;
 1177              		.loc 1 192 0
 1178 004c 0F23     		movs	r3, #15
 1179 004e FB18     		adds	r3, r7, r3
 1180 0050 0F22     		movs	r2, #15
 1181 0052 B918     		adds	r1, r7, r2
 1182 0054 2422     		movs	r2, #36
 1183 0056 BA18     		adds	r2, r7, r2
 1184 0058 0978     		ldrb	r1, [r1]
 1185 005a 1278     		ldrb	r2, [r2]
 1186 005c 8A18     		adds	r2, r1, r2
ARM GAS  /tmp/ccJywF3l.s 			page 25


 1187 005e 1A70     		strb	r2, [r3]
 193:Drivers/u8glib/src/u8g_rect.c ****   yu = y;
 1188              		.loc 1 193 0
 1189 0060 0E23     		movs	r3, #14
 1190 0062 FB18     		adds	r3, r7, r3
 1191 0064 BA1C     		adds	r2, r7, #2
 1192 0066 1278     		ldrb	r2, [r2]
 1193 0068 1A70     		strb	r2, [r3]
 194:Drivers/u8glib/src/u8g_rect.c ****   yu += r;
 1194              		.loc 1 194 0
 1195 006a 0E23     		movs	r3, #14
 1196 006c FB18     		adds	r3, r7, r3
 1197 006e 0E22     		movs	r2, #14
 1198 0070 B918     		adds	r1, r7, r2
 1199 0072 2422     		movs	r2, #36
 1200 0074 BA18     		adds	r2, r7, r2
 1201 0076 0978     		ldrb	r1, [r1]
 1202 0078 1278     		ldrb	r2, [r2]
 1203 007a 8A18     		adds	r2, r1, r2
 1204 007c 1A70     		strb	r2, [r3]
 195:Drivers/u8glib/src/u8g_rect.c ****  
 196:Drivers/u8glib/src/u8g_rect.c ****   xr = x;
 1205              		.loc 1 196 0
 1206 007e 0D23     		movs	r3, #13
 1207 0080 FB18     		adds	r3, r7, r3
 1208 0082 FA1C     		adds	r2, r7, #3
 1209 0084 1278     		ldrb	r2, [r2]
 1210 0086 1A70     		strb	r2, [r3]
 197:Drivers/u8glib/src/u8g_rect.c ****   xr += w;
 1211              		.loc 1 197 0
 1212 0088 0D23     		movs	r3, #13
 1213 008a FB18     		adds	r3, r7, r3
 1214 008c 0D22     		movs	r2, #13
 1215 008e B918     		adds	r1, r7, r2
 1216 0090 7A1C     		adds	r2, r7, #1
 1217 0092 0978     		ldrb	r1, [r1]
 1218 0094 1278     		ldrb	r2, [r2]
 1219 0096 8A18     		adds	r2, r1, r2
 1220 0098 1A70     		strb	r2, [r3]
 198:Drivers/u8glib/src/u8g_rect.c ****   xr -= r;
 1221              		.loc 1 198 0
 1222 009a 0D23     		movs	r3, #13
 1223 009c FB18     		adds	r3, r7, r3
 1224 009e 0D22     		movs	r2, #13
 1225 00a0 B918     		adds	r1, r7, r2
 1226 00a2 2422     		movs	r2, #36
 1227 00a4 BA18     		adds	r2, r7, r2
 1228 00a6 0978     		ldrb	r1, [r1]
 1229 00a8 1278     		ldrb	r2, [r2]
 1230 00aa 8A1A     		subs	r2, r1, r2
 1231 00ac 1A70     		strb	r2, [r3]
 199:Drivers/u8glib/src/u8g_rect.c ****   xr -= 1;
 1232              		.loc 1 199 0
 1233 00ae 0D23     		movs	r3, #13
 1234 00b0 FB18     		adds	r3, r7, r3
 1235 00b2 0D22     		movs	r2, #13
 1236 00b4 BA18     		adds	r2, r7, r2
ARM GAS  /tmp/ccJywF3l.s 			page 26


 1237 00b6 1278     		ldrb	r2, [r2]
 1238 00b8 013A     		subs	r2, r2, #1
 1239 00ba 1A70     		strb	r2, [r3]
 200:Drivers/u8glib/src/u8g_rect.c ****   
 201:Drivers/u8glib/src/u8g_rect.c ****   yl = y;
 1240              		.loc 1 201 0
 1241 00bc 0C23     		movs	r3, #12
 1242 00be FB18     		adds	r3, r7, r3
 1243 00c0 BA1C     		adds	r2, r7, #2
 1244 00c2 1278     		ldrb	r2, [r2]
 1245 00c4 1A70     		strb	r2, [r3]
 202:Drivers/u8glib/src/u8g_rect.c ****   yl += h;
 1246              		.loc 1 202 0
 1247 00c6 0C23     		movs	r3, #12
 1248 00c8 FB18     		adds	r3, r7, r3
 1249 00ca 0C22     		movs	r2, #12
 1250 00cc BA18     		adds	r2, r7, r2
 1251 00ce 2021     		movs	r1, #32
 1252 00d0 7818     		adds	r0, r7, r1
 1253 00d2 1178     		ldrb	r1, [r2]
 1254 00d4 0278     		ldrb	r2, [r0]
 1255 00d6 8A18     		adds	r2, r1, r2
 1256 00d8 1A70     		strb	r2, [r3]
 203:Drivers/u8glib/src/u8g_rect.c ****   yl -= r; 
 1257              		.loc 1 203 0
 1258 00da 0C23     		movs	r3, #12
 1259 00dc FB18     		adds	r3, r7, r3
 1260 00de 0C22     		movs	r2, #12
 1261 00e0 B918     		adds	r1, r7, r2
 1262 00e2 2422     		movs	r2, #36
 1263 00e4 BA18     		adds	r2, r7, r2
 1264 00e6 0978     		ldrb	r1, [r1]
 1265 00e8 1278     		ldrb	r2, [r2]
 1266 00ea 8A1A     		subs	r2, r1, r2
 1267 00ec 1A70     		strb	r2, [r3]
 204:Drivers/u8glib/src/u8g_rect.c ****   yl -= 1;
 1268              		.loc 1 204 0
 1269 00ee 0C23     		movs	r3, #12
 1270 00f0 FB18     		adds	r3, r7, r3
 1271 00f2 0C22     		movs	r2, #12
 1272 00f4 BA18     		adds	r2, r7, r2
 1273 00f6 1278     		ldrb	r2, [r2]
 1274 00f8 013A     		subs	r2, r2, #1
 1275 00fa 1A70     		strb	r2, [r3]
 205:Drivers/u8glib/src/u8g_rect.c **** 
 206:Drivers/u8glib/src/u8g_rect.c ****   u8g_draw_disc(u8g, xl, yu, r, U8G_DRAW_UPPER_LEFT);
 1276              		.loc 1 206 0
 1277 00fc 2423     		movs	r3, #36
 1278 00fe FB18     		adds	r3, r7, r3
 1279 0100 1C78     		ldrb	r4, [r3]
 1280 0102 0E23     		movs	r3, #14
 1281 0104 FB18     		adds	r3, r7, r3
 1282 0106 1A78     		ldrb	r2, [r3]
 1283 0108 0F23     		movs	r3, #15
 1284 010a FB18     		adds	r3, r7, r3
 1285 010c 1978     		ldrb	r1, [r3]
 1286 010e 7868     		ldr	r0, [r7, #4]
ARM GAS  /tmp/ccJywF3l.s 			page 27


 1287 0110 0223     		movs	r3, #2
 1288 0112 0093     		str	r3, [sp]
 1289 0114 2300     		movs	r3, r4
 1290 0116 FFF7FEFF 		bl	u8g_draw_disc
 207:Drivers/u8glib/src/u8g_rect.c ****   u8g_draw_disc(u8g, xr, yu, r, U8G_DRAW_UPPER_RIGHT);
 1291              		.loc 1 207 0
 1292 011a 2423     		movs	r3, #36
 1293 011c FB18     		adds	r3, r7, r3
 1294 011e 1C78     		ldrb	r4, [r3]
 1295 0120 0E23     		movs	r3, #14
 1296 0122 FB18     		adds	r3, r7, r3
 1297 0124 1A78     		ldrb	r2, [r3]
 1298 0126 0D23     		movs	r3, #13
 1299 0128 FB18     		adds	r3, r7, r3
 1300 012a 1978     		ldrb	r1, [r3]
 1301 012c 7868     		ldr	r0, [r7, #4]
 1302 012e 0123     		movs	r3, #1
 1303 0130 0093     		str	r3, [sp]
 1304 0132 2300     		movs	r3, r4
 1305 0134 FFF7FEFF 		bl	u8g_draw_disc
 208:Drivers/u8glib/src/u8g_rect.c ****   u8g_draw_disc(u8g, xl, yl, r, U8G_DRAW_LOWER_LEFT);
 1306              		.loc 1 208 0
 1307 0138 2423     		movs	r3, #36
 1308 013a FB18     		adds	r3, r7, r3
 1309 013c 1C78     		ldrb	r4, [r3]
 1310 013e 0C23     		movs	r3, #12
 1311 0140 FB18     		adds	r3, r7, r3
 1312 0142 1A78     		ldrb	r2, [r3]
 1313 0144 0F23     		movs	r3, #15
 1314 0146 FB18     		adds	r3, r7, r3
 1315 0148 1978     		ldrb	r1, [r3]
 1316 014a 7868     		ldr	r0, [r7, #4]
 1317 014c 0423     		movs	r3, #4
 1318 014e 0093     		str	r3, [sp]
 1319 0150 2300     		movs	r3, r4
 1320 0152 FFF7FEFF 		bl	u8g_draw_disc
 209:Drivers/u8glib/src/u8g_rect.c ****   u8g_draw_disc(u8g, xr, yl, r, U8G_DRAW_LOWER_RIGHT);
 1321              		.loc 1 209 0
 1322 0156 2423     		movs	r3, #36
 1323 0158 FB18     		adds	r3, r7, r3
 1324 015a 1C78     		ldrb	r4, [r3]
 1325 015c 0C23     		movs	r3, #12
 1326 015e FB18     		adds	r3, r7, r3
 1327 0160 1A78     		ldrb	r2, [r3]
 1328 0162 0D23     		movs	r3, #13
 1329 0164 FB18     		adds	r3, r7, r3
 1330 0166 1978     		ldrb	r1, [r3]
 1331 0168 7868     		ldr	r0, [r7, #4]
 1332 016a 0823     		movs	r3, #8
 1333 016c 0093     		str	r3, [sp]
 1334 016e 2300     		movs	r3, r4
 1335 0170 FFF7FEFF 		bl	u8g_draw_disc
 1336              	.LBB4:
 210:Drivers/u8glib/src/u8g_rect.c **** 
 211:Drivers/u8glib/src/u8g_rect.c ****   {
 212:Drivers/u8glib/src/u8g_rect.c ****     u8g_uint_t ww, hh;
 213:Drivers/u8glib/src/u8g_rect.c **** 
ARM GAS  /tmp/ccJywF3l.s 			page 28


 214:Drivers/u8glib/src/u8g_rect.c ****     ww = w;
 1337              		.loc 1 214 0
 1338 0174 0B23     		movs	r3, #11
 1339 0176 FB18     		adds	r3, r7, r3
 1340 0178 7A1C     		adds	r2, r7, #1
 1341 017a 1278     		ldrb	r2, [r2]
 1342 017c 1A70     		strb	r2, [r3]
 215:Drivers/u8glib/src/u8g_rect.c ****     ww -= r;
 1343              		.loc 1 215 0
 1344 017e 0B23     		movs	r3, #11
 1345 0180 FB18     		adds	r3, r7, r3
 1346 0182 0B22     		movs	r2, #11
 1347 0184 B918     		adds	r1, r7, r2
 1348 0186 2422     		movs	r2, #36
 1349 0188 BA18     		adds	r2, r7, r2
 1350 018a 0978     		ldrb	r1, [r1]
 1351 018c 1278     		ldrb	r2, [r2]
 1352 018e 8A1A     		subs	r2, r1, r2
 1353 0190 1A70     		strb	r2, [r3]
 216:Drivers/u8glib/src/u8g_rect.c ****     ww -= r;
 1354              		.loc 1 216 0
 1355 0192 0B23     		movs	r3, #11
 1356 0194 FB18     		adds	r3, r7, r3
 1357 0196 0B22     		movs	r2, #11
 1358 0198 B918     		adds	r1, r7, r2
 1359 019a 2422     		movs	r2, #36
 1360 019c BA18     		adds	r2, r7, r2
 1361 019e 0978     		ldrb	r1, [r1]
 1362 01a0 1278     		ldrb	r2, [r2]
 1363 01a2 8A1A     		subs	r2, r1, r2
 1364 01a4 1A70     		strb	r2, [r3]
 217:Drivers/u8glib/src/u8g_rect.c ****     ww -= 2;
 1365              		.loc 1 217 0
 1366 01a6 0B23     		movs	r3, #11
 1367 01a8 FB18     		adds	r3, r7, r3
 1368 01aa 0B22     		movs	r2, #11
 1369 01ac BA18     		adds	r2, r7, r2
 1370 01ae 1278     		ldrb	r2, [r2]
 1371 01b0 023A     		subs	r2, r2, #2
 1372 01b2 1A70     		strb	r2, [r3]
 218:Drivers/u8glib/src/u8g_rect.c ****     hh = h;
 1373              		.loc 1 218 0
 1374 01b4 0A23     		movs	r3, #10
 1375 01b6 FB18     		adds	r3, r7, r3
 1376 01b8 2022     		movs	r2, #32
 1377 01ba BA18     		adds	r2, r7, r2
 1378 01bc 1278     		ldrb	r2, [r2]
 1379 01be 1A70     		strb	r2, [r3]
 219:Drivers/u8glib/src/u8g_rect.c ****     hh -= r;
 1380              		.loc 1 219 0
 1381 01c0 0A23     		movs	r3, #10
 1382 01c2 FB18     		adds	r3, r7, r3
 1383 01c4 0A22     		movs	r2, #10
 1384 01c6 B918     		adds	r1, r7, r2
 1385 01c8 2422     		movs	r2, #36
 1386 01ca BA18     		adds	r2, r7, r2
 1387 01cc 0978     		ldrb	r1, [r1]
ARM GAS  /tmp/ccJywF3l.s 			page 29


 1388 01ce 1278     		ldrb	r2, [r2]
 1389 01d0 8A1A     		subs	r2, r1, r2
 1390 01d2 1A70     		strb	r2, [r3]
 220:Drivers/u8glib/src/u8g_rect.c ****     hh -= r;
 1391              		.loc 1 220 0
 1392 01d4 0A23     		movs	r3, #10
 1393 01d6 FB18     		adds	r3, r7, r3
 1394 01d8 0A22     		movs	r2, #10
 1395 01da B918     		adds	r1, r7, r2
 1396 01dc 2422     		movs	r2, #36
 1397 01de BA18     		adds	r2, r7, r2
 1398 01e0 0978     		ldrb	r1, [r1]
 1399 01e2 1278     		ldrb	r2, [r2]
 1400 01e4 8A1A     		subs	r2, r1, r2
 1401 01e6 1A70     		strb	r2, [r3]
 221:Drivers/u8glib/src/u8g_rect.c ****     hh -= 2;
 1402              		.loc 1 221 0
 1403 01e8 0A23     		movs	r3, #10
 1404 01ea FB18     		adds	r3, r7, r3
 1405 01ec 0A22     		movs	r2, #10
 1406 01ee BA18     		adds	r2, r7, r2
 1407 01f0 1278     		ldrb	r2, [r2]
 1408 01f2 023A     		subs	r2, r2, #2
 1409 01f4 1A70     		strb	r2, [r3]
 222:Drivers/u8glib/src/u8g_rect.c ****     
 223:Drivers/u8glib/src/u8g_rect.c ****     xl++;
 1410              		.loc 1 223 0
 1411 01f6 0F23     		movs	r3, #15
 1412 01f8 FB18     		adds	r3, r7, r3
 1413 01fa 1A78     		ldrb	r2, [r3]
 1414 01fc 0F23     		movs	r3, #15
 1415 01fe FB18     		adds	r3, r7, r3
 1416 0200 0132     		adds	r2, r2, #1
 1417 0202 1A70     		strb	r2, [r3]
 224:Drivers/u8glib/src/u8g_rect.c ****     yu++;
 1418              		.loc 1 224 0
 1419 0204 0E23     		movs	r3, #14
 1420 0206 FB18     		adds	r3, r7, r3
 1421 0208 1A78     		ldrb	r2, [r3]
 1422 020a 0E23     		movs	r3, #14
 1423 020c FB18     		adds	r3, r7, r3
 1424 020e 0132     		adds	r2, r2, #1
 1425 0210 1A70     		strb	r2, [r3]
 225:Drivers/u8glib/src/u8g_rect.c ****     h--;
 1426              		.loc 1 225 0
 1427 0212 2023     		movs	r3, #32
 1428 0214 FB18     		adds	r3, r7, r3
 1429 0216 1B78     		ldrb	r3, [r3]
 1430 0218 2022     		movs	r2, #32
 1431 021a BA18     		adds	r2, r7, r2
 1432 021c 013B     		subs	r3, r3, #1
 1433 021e 1370     		strb	r3, [r2]
 226:Drivers/u8glib/src/u8g_rect.c ****     u8g_draw_box(u8g, xl, y, ww, r+1);
 1434              		.loc 1 226 0
 1435 0220 2423     		movs	r3, #36
 1436 0222 FB18     		adds	r3, r7, r3
 1437 0224 1B78     		ldrb	r3, [r3]
ARM GAS  /tmp/ccJywF3l.s 			page 30


 1438 0226 0133     		adds	r3, r3, #1
 1439 0228 DBB2     		uxtb	r3, r3
 1440 022a 0B22     		movs	r2, #11
 1441 022c BA18     		adds	r2, r7, r2
 1442 022e 1578     		ldrb	r5, [r2]
 1443 0230 BA1C     		adds	r2, r7, #2
 1444 0232 1478     		ldrb	r4, [r2]
 1445 0234 0F22     		movs	r2, #15
 1446 0236 BA18     		adds	r2, r7, r2
 1447 0238 1178     		ldrb	r1, [r2]
 1448 023a 7868     		ldr	r0, [r7, #4]
 1449 023c 0093     		str	r3, [sp]
 1450 023e 2B00     		movs	r3, r5
 1451 0240 2200     		movs	r2, r4
 1452 0242 FFF7FEFF 		bl	u8g_draw_box
 227:Drivers/u8glib/src/u8g_rect.c ****     u8g_draw_box(u8g, xl, yl, ww, r+1);
 1453              		.loc 1 227 0
 1454 0246 2423     		movs	r3, #36
 1455 0248 FB18     		adds	r3, r7, r3
 1456 024a 1B78     		ldrb	r3, [r3]
 1457 024c 0133     		adds	r3, r3, #1
 1458 024e DBB2     		uxtb	r3, r3
 1459 0250 0B22     		movs	r2, #11
 1460 0252 BA18     		adds	r2, r7, r2
 1461 0254 1578     		ldrb	r5, [r2]
 1462 0256 0C22     		movs	r2, #12
 1463 0258 BA18     		adds	r2, r7, r2
 1464 025a 1478     		ldrb	r4, [r2]
 1465 025c 0F22     		movs	r2, #15
 1466 025e BA18     		adds	r2, r7, r2
 1467 0260 1178     		ldrb	r1, [r2]
 1468 0262 7868     		ldr	r0, [r7, #4]
 1469 0264 0093     		str	r3, [sp]
 1470 0266 2B00     		movs	r3, r5
 1471 0268 2200     		movs	r2, r4
 1472 026a FFF7FEFF 		bl	u8g_draw_box
 228:Drivers/u8glib/src/u8g_rect.c ****     //u8g_draw_hline(u8g, xl, y+h, ww);
 229:Drivers/u8glib/src/u8g_rect.c ****     u8g_draw_box(u8g, x, yu, w, hh);
 1473              		.loc 1 229 0
 1474 026e 7B1C     		adds	r3, r7, #1
 1475 0270 1C78     		ldrb	r4, [r3]
 1476 0272 0E23     		movs	r3, #14
 1477 0274 FB18     		adds	r3, r7, r3
 1478 0276 1A78     		ldrb	r2, [r3]
 1479 0278 FB1C     		adds	r3, r7, #3
 1480 027a 1978     		ldrb	r1, [r3]
 1481 027c 7868     		ldr	r0, [r7, #4]
 1482 027e 0A23     		movs	r3, #10
 1483 0280 FB18     		adds	r3, r7, r3
 1484 0282 1B78     		ldrb	r3, [r3]
 1485 0284 0093     		str	r3, [sp]
 1486 0286 2300     		movs	r3, r4
 1487 0288 FFF7FEFF 		bl	u8g_draw_box
 1488 028c 00E0     		b	.L33
 1489              	.L36:
 1490              	.LBE4:
 189:Drivers/u8glib/src/u8g_rect.c **** 
ARM GAS  /tmp/ccJywF3l.s 			page 31


 1491              		.loc 1 189 0
 1492 028e C046     		nop
 1493              	.L33:
 230:Drivers/u8glib/src/u8g_rect.c ****     //u8g_draw_vline(u8g, x+w, yu, hh);
 231:Drivers/u8glib/src/u8g_rect.c ****   }
 232:Drivers/u8glib/src/u8g_rect.c **** }
 1494              		.loc 1 232 0
 1495 0290 BD46     		mov	sp, r7
 1496 0292 04B0     		add	sp, sp, #16
 1497              		@ sp needed
 1498 0294 B0BD     		pop	{r4, r5, r7, pc}
 1499              		.cfi_endproc
 1500              	.LFE8:
 1502              		.text
 1503              	.Letext0:
 1504              		.file 2 "/usr/arm-none-eabi/include/machine/_default_types.h"
 1505              		.file 3 "/usr/arm-none-eabi/include/sys/_stdint.h"
 1506              		.file 4 "Drivers/u8glib/inc/u8g.h"
ARM GAS  /tmp/ccJywF3l.s 			page 32


DEFINED SYMBOLS
                            *ABS*:0000000000000000 u8g_rect.c
     /tmp/ccJywF3l.s:16     .text.u8g_draw_hline:0000000000000000 $t
     /tmp/ccJywF3l.s:23     .text.u8g_draw_hline:0000000000000000 u8g_draw_hline
     /tmp/ccJywF3l.s:144    .text.u8g_draw_vline:0000000000000000 $t
     /tmp/ccJywF3l.s:151    .text.u8g_draw_vline:0000000000000000 u8g_draw_vline
     /tmp/ccJywF3l.s:271    .text.u8g_DrawHLine:0000000000000000 $t
     /tmp/ccJywF3l.s:278    .text.u8g_DrawHLine:0000000000000000 u8g_DrawHLine
     /tmp/ccJywF3l.s:345    .text.u8g_DrawVLine:0000000000000000 $t
     /tmp/ccJywF3l.s:352    .text.u8g_DrawVLine:0000000000000000 u8g_DrawVLine
     /tmp/ccJywF3l.s:418    .text.u8g_DrawFrame:0000000000000000 $t
     /tmp/ccJywF3l.s:425    .text.u8g_DrawFrame:0000000000000000 u8g_DrawFrame
     /tmp/ccJywF3l.s:562    .text.u8g_draw_box:0000000000000000 $t
     /tmp/ccJywF3l.s:569    .text.u8g_draw_box:0000000000000000 u8g_draw_box
     /tmp/ccJywF3l.s:639    .text.u8g_DrawBox:0000000000000000 $t
     /tmp/ccJywF3l.s:646    .text.u8g_DrawBox:0000000000000000 u8g_DrawBox
     /tmp/ccJywF3l.s:719    .text.u8g_DrawRFrame:0000000000000000 $t
     /tmp/ccJywF3l.s:726    .text.u8g_DrawRFrame:0000000000000000 u8g_DrawRFrame
     /tmp/ccJywF3l.s:1116   .text.u8g_DrawRBox:0000000000000000 $t
     /tmp/ccJywF3l.s:1123   .text.u8g_DrawRBox:0000000000000000 u8g_DrawRBox
                     .debug_frame:0000000000000010 $d

UNDEFINED SYMBOLS
u8g_Draw8Pixel
u8g_IsBBXIntersection
u8g_draw_circle
u8g_draw_disc
