ARM GAS  /tmp/cc7GD8AO.s 			page 1


   1              		.cpu cortex-m0
   2              		.eabi_attribute 20, 1
   3              		.eabi_attribute 21, 1
   4              		.eabi_attribute 23, 3
   5              		.eabi_attribute 24, 1
   6              		.eabi_attribute 25, 1
   7              		.eabi_attribute 26, 1
   8              		.eabi_attribute 30, 6
   9              		.eabi_attribute 34, 0
  10              		.eabi_attribute 18, 4
  11              		.file	"usb_device.c"
  12              		.text
  13              	.Ltext0:
  14              		.cfi_sections	.debug_frame
  15              		.comm	hUsbDeviceFS,548,4
  16              		.section	.text.MX_USB_DEVICE_Init,"ax",%progbits
  17              		.align	1
  18              		.global	MX_USB_DEVICE_Init
  19              		.syntax unified
  20              		.code	16
  21              		.thumb_func
  22              		.fpu softvfp
  24              	MX_USB_DEVICE_Init:
  25              	.LFB35:
  26              		.file 1 "Src/usb_device.c"
   1:Src/usb_device.c **** /**
   2:Src/usb_device.c ****   ******************************************************************************
   3:Src/usb_device.c ****   * @file           : USB_DEVICE  
   4:Src/usb_device.c ****   * @version        : v1.0_Cube
   5:Src/usb_device.c ****   * @brief          : This file implements the USB Device 
   6:Src/usb_device.c ****   ******************************************************************************
   7:Src/usb_device.c ****   *
   8:Src/usb_device.c ****   * Copyright (c) 2016 STMicroelectronics International N.V. 
   9:Src/usb_device.c ****   * All rights reserved.
  10:Src/usb_device.c ****   *
  11:Src/usb_device.c ****   * Redistribution and use in source and binary forms, with or without 
  12:Src/usb_device.c ****   * modification, are permitted, provided that the following conditions are met:
  13:Src/usb_device.c ****   *
  14:Src/usb_device.c ****   * 1. Redistribution of source code must retain the above copyright notice, 
  15:Src/usb_device.c ****   *    this list of conditions and the following disclaimer.
  16:Src/usb_device.c ****   * 2. Redistributions in binary form must reproduce the above copyright notice,
  17:Src/usb_device.c ****   *    this list of conditions and the following disclaimer in the documentation
  18:Src/usb_device.c ****   *    and/or other materials provided with the distribution.
  19:Src/usb_device.c ****   * 3. Neither the name of STMicroelectronics nor the names of other 
  20:Src/usb_device.c ****   *    contributors to this software may be used to endorse or promote products 
  21:Src/usb_device.c ****   *    derived from this software without specific written permission.
  22:Src/usb_device.c ****   * 4. This software, including modifications and/or derivative works of this 
  23:Src/usb_device.c ****   *    software, must execute solely and exclusively on microcontroller or
  24:Src/usb_device.c ****   *    microprocessor devices manufactured by or for STMicroelectronics.
  25:Src/usb_device.c ****   * 5. Redistribution and use of this software other than as permitted under 
  26:Src/usb_device.c ****   *    this license is void and will automatically terminate your rights under 
  27:Src/usb_device.c ****   *    this license. 
  28:Src/usb_device.c ****   *
  29:Src/usb_device.c ****   * THIS SOFTWARE IS PROVIDED BY STMICROELECTRONICS AND CONTRIBUTORS "AS IS" 
  30:Src/usb_device.c ****   * AND ANY EXPRESS, IMPLIED OR STATUTORY WARRANTIES, INCLUDING, BUT NOT 
  31:Src/usb_device.c ****   * LIMITED TO, THE IMPLIED WARRANTIES OF MERCHANTABILITY, FITNESS FOR A 
  32:Src/usb_device.c ****   * PARTICULAR PURPOSE AND NON-INFRINGEMENT OF THIRD PARTY INTELLECTUAL PROPERTY
ARM GAS  /tmp/cc7GD8AO.s 			page 2


  33:Src/usb_device.c ****   * RIGHTS ARE DISCLAIMED TO THE FULLEST EXTENT PERMITTED BY LAW. IN NO EVENT 
  34:Src/usb_device.c ****   * SHALL STMICROELECTRONICS OR CONTRIBUTORS BE LIABLE FOR ANY DIRECT, INDIRECT,
  35:Src/usb_device.c ****   * INCIDENTAL, SPECIAL, EXEMPLARY, OR CONSEQUENTIAL DAMAGES (INCLUDING, BUT NOT
  36:Src/usb_device.c ****   * LIMITED TO, PROCUREMENT OF SUBSTITUTE GOODS OR SERVICES; LOSS OF USE, DATA, 
  37:Src/usb_device.c ****   * OR PROFITS; OR BUSINESS INTERRUPTION) HOWEVER CAUSED AND ON ANY THEORY OF 
  38:Src/usb_device.c ****   * LIABILITY, WHETHER IN CONTRACT, STRICT LIABILITY, OR TORT (INCLUDING 
  39:Src/usb_device.c ****   * NEGLIGENCE OR OTHERWISE) ARISING IN ANY WAY OUT OF THE USE OF THIS SOFTWARE,
  40:Src/usb_device.c ****   * EVEN IF ADVISED OF THE POSSIBILITY OF SUCH DAMAGE.
  41:Src/usb_device.c ****   *
  42:Src/usb_device.c ****   ******************************************************************************
  43:Src/usb_device.c **** */
  44:Src/usb_device.c **** 
  45:Src/usb_device.c **** /* Includes ------------------------------------------------------------------*/
  46:Src/usb_device.c **** 
  47:Src/usb_device.c **** #include "usb_device.h"
  48:Src/usb_device.c **** #include "usbd_core.h"
  49:Src/usb_device.c **** #include "usbd_desc.h"
  50:Src/usb_device.c **** #include "usbd_cdc.h"
  51:Src/usb_device.c **** #include "usbd_cdc_if.h"
  52:Src/usb_device.c **** 
  53:Src/usb_device.c **** /* USB Device Core handle declaration */
  54:Src/usb_device.c **** USBD_HandleTypeDef hUsbDeviceFS;
  55:Src/usb_device.c **** 
  56:Src/usb_device.c **** /* init function */				        
  57:Src/usb_device.c **** void MX_USB_DEVICE_Init(void)
  58:Src/usb_device.c **** {
  27              		.loc 1 58 0
  28              		.cfi_startproc
  29 0000 80B5     		push	{r7, lr}
  30              	.LCFI0:
  31              		.cfi_def_cfa_offset 8
  32              		.cfi_offset 7, -8
  33              		.cfi_offset 14, -4
  34 0002 00AF     		add	r7, sp, #0
  35              	.LCFI1:
  36              		.cfi_def_cfa_register 7
  59:Src/usb_device.c ****   /* Init Device Library,Add Supported Class and Start the library*/
  60:Src/usb_device.c ****   USBD_Init(&hUsbDeviceFS, &FS_Desc, DEVICE_FS);
  37              		.loc 1 60 0
  38 0004 0C49     		ldr	r1, .L2
  39 0006 0D4B     		ldr	r3, .L2+4
  40 0008 0022     		movs	r2, #0
  41 000a 1800     		movs	r0, r3
  42 000c FFF7FEFF 		bl	USBD_Init
  61:Src/usb_device.c **** 
  62:Src/usb_device.c ****   USBD_RegisterClass(&hUsbDeviceFS, &USBD_CDC);
  43              		.loc 1 62 0
  44 0010 0B4A     		ldr	r2, .L2+8
  45 0012 0A4B     		ldr	r3, .L2+4
  46 0014 1100     		movs	r1, r2
  47 0016 1800     		movs	r0, r3
  48 0018 FFF7FEFF 		bl	USBD_RegisterClass
  63:Src/usb_device.c **** 
  64:Src/usb_device.c ****   USBD_CDC_RegisterInterface(&hUsbDeviceFS, &USBD_Interface_fops_FS);
  49              		.loc 1 64 0
  50 001c 094A     		ldr	r2, .L2+12
  51 001e 074B     		ldr	r3, .L2+4
ARM GAS  /tmp/cc7GD8AO.s 			page 3


  52 0020 1100     		movs	r1, r2
  53 0022 1800     		movs	r0, r3
  54 0024 FFF7FEFF 		bl	USBD_CDC_RegisterInterface
  65:Src/usb_device.c **** 
  66:Src/usb_device.c ****   USBD_Start(&hUsbDeviceFS);
  55              		.loc 1 66 0
  56 0028 044B     		ldr	r3, .L2+4
  57 002a 1800     		movs	r0, r3
  58 002c FFF7FEFF 		bl	USBD_Start
  67:Src/usb_device.c **** 
  68:Src/usb_device.c **** }
  59              		.loc 1 68 0
  60 0030 C046     		nop
  61 0032 BD46     		mov	sp, r7
  62              		@ sp needed
  63 0034 80BD     		pop	{r7, pc}
  64              	.L3:
  65 0036 C046     		.align	2
  66              	.L2:
  67 0038 00000000 		.word	FS_Desc
  68 003c 00000000 		.word	hUsbDeviceFS
  69 0040 00000000 		.word	USBD_CDC
  70 0044 00000000 		.word	USBD_Interface_fops_FS
  71              		.cfi_endproc
  72              	.LFE35:
  74              		.text
  75              	.Letext0:
  76              		.file 2 "/usr/arm-none-eabi/include/machine/_default_types.h"
  77              		.file 3 "/usr/arm-none-eabi/include/sys/_stdint.h"
  78              		.file 4 "Drivers/CMSIS/Device/ST/STM32F0xx/Include/system_stm32f0xx.h"
  79              		.file 5 "/usr/arm-none-eabi/include/sys/lock.h"
  80              		.file 6 "/usr/arm-none-eabi/include/sys/_types.h"
  81              		.file 7 "/usr/lib/gcc/arm-none-eabi/6.2.0/include/stddef.h"
  82              		.file 8 "/usr/arm-none-eabi/include/sys/reent.h"
  83              		.file 9 "Middlewares/ST/STM32_USB_Device_Library/Core/Inc/usbd_def.h"
  84              		.file 10 "Inc/usb_device.h"
  85              		.file 11 "Inc/usbd_desc.h"
  86              		.file 12 "Middlewares/ST/STM32_USB_Device_Library/Class/CDC/Inc/usbd_cdc.h"
  87              		.file 13 "Inc/usbd_cdc_if.h"
ARM GAS  /tmp/cc7GD8AO.s 			page 4


DEFINED SYMBOLS
                            *ABS*:0000000000000000 usb_device.c
                            *COM*:0000000000000224 hUsbDeviceFS
     /tmp/cc7GD8AO.s:17     .text.MX_USB_DEVICE_Init:0000000000000000 $t
     /tmp/cc7GD8AO.s:24     .text.MX_USB_DEVICE_Init:0000000000000000 MX_USB_DEVICE_Init
     /tmp/cc7GD8AO.s:67     .text.MX_USB_DEVICE_Init:0000000000000038 $d
                     .debug_frame:0000000000000010 $d

UNDEFINED SYMBOLS
USBD_Init
USBD_RegisterClass
USBD_CDC_RegisterInterface
USBD_Start
FS_Desc
USBD_CDC
USBD_Interface_fops_FS
