ARM GAS  /tmp/cciSP7jw.s 			page 1


   1              		.cpu cortex-m0
   2              		.eabi_attribute 20, 1
   3              		.eabi_attribute 21, 1
   4              		.eabi_attribute 23, 3
   5              		.eabi_attribute 24, 1
   6              		.eabi_attribute 25, 1
   7              		.eabi_attribute 26, 1
   8              		.eabi_attribute 30, 6
   9              		.eabi_attribute 34, 0
  10              		.eabi_attribute 18, 4
  11              		.file	"usbd_ioreq.c"
  12              		.text
  13              	.Ltext0:
  14              		.cfi_sections	.debug_frame
  15              		.section	.text.USBD_CtlSendData,"ax",%progbits
  16              		.align	1
  17              		.global	USBD_CtlSendData
  18              		.syntax unified
  19              		.code	16
  20              		.thumb_func
  21              		.fpu softvfp
  23              	USBD_CtlSendData:
  24              	.LFB35:
  25              		.file 1 "Middlewares/ST/STM32_USB_Device_Library/Core/Src/usbd_ioreq.c"
   1:Middlewares/ST/STM32_USB_Device_Library/Core/Src/usbd_ioreq.c **** /**
   2:Middlewares/ST/STM32_USB_Device_Library/Core/Src/usbd_ioreq.c ****   ******************************************************************************
   3:Middlewares/ST/STM32_USB_Device_Library/Core/Src/usbd_ioreq.c ****   * @file    usbd_ioreq.c
   4:Middlewares/ST/STM32_USB_Device_Library/Core/Src/usbd_ioreq.c ****   * @author  MCD Application Team
   5:Middlewares/ST/STM32_USB_Device_Library/Core/Src/usbd_ioreq.c ****   * @version V2.4.2
   6:Middlewares/ST/STM32_USB_Device_Library/Core/Src/usbd_ioreq.c ****   * @date    11-December-2015
   7:Middlewares/ST/STM32_USB_Device_Library/Core/Src/usbd_ioreq.c ****   * @brief   This file provides the IO requests APIs for control endpoints.
   8:Middlewares/ST/STM32_USB_Device_Library/Core/Src/usbd_ioreq.c ****   ******************************************************************************
   9:Middlewares/ST/STM32_USB_Device_Library/Core/Src/usbd_ioreq.c ****   * @attention
  10:Middlewares/ST/STM32_USB_Device_Library/Core/Src/usbd_ioreq.c ****   *
  11:Middlewares/ST/STM32_USB_Device_Library/Core/Src/usbd_ioreq.c ****   * <h2><center>&copy; COPYRIGHT 2015 STMicroelectronics</center></h2>
  12:Middlewares/ST/STM32_USB_Device_Library/Core/Src/usbd_ioreq.c ****   *
  13:Middlewares/ST/STM32_USB_Device_Library/Core/Src/usbd_ioreq.c ****   * Licensed under MCD-ST Liberty SW License Agreement V2, (the "License");
  14:Middlewares/ST/STM32_USB_Device_Library/Core/Src/usbd_ioreq.c ****   * You may not use this file except in compliance with the License.
  15:Middlewares/ST/STM32_USB_Device_Library/Core/Src/usbd_ioreq.c ****   * You may obtain a copy of the License at:
  16:Middlewares/ST/STM32_USB_Device_Library/Core/Src/usbd_ioreq.c ****   *
  17:Middlewares/ST/STM32_USB_Device_Library/Core/Src/usbd_ioreq.c ****   *        http://www.st.com/software_license_agreement_liberty_v2
  18:Middlewares/ST/STM32_USB_Device_Library/Core/Src/usbd_ioreq.c ****   *
  19:Middlewares/ST/STM32_USB_Device_Library/Core/Src/usbd_ioreq.c ****   * Unless required by applicable law or agreed to in writing, software 
  20:Middlewares/ST/STM32_USB_Device_Library/Core/Src/usbd_ioreq.c ****   * distributed under the License is distributed on an "AS IS" BASIS, 
  21:Middlewares/ST/STM32_USB_Device_Library/Core/Src/usbd_ioreq.c ****   * WITHOUT WARRANTIES OR CONDITIONS OF ANY KIND, either express or implied.
  22:Middlewares/ST/STM32_USB_Device_Library/Core/Src/usbd_ioreq.c ****   * See the License for the specific language governing permissions and
  23:Middlewares/ST/STM32_USB_Device_Library/Core/Src/usbd_ioreq.c ****   * limitations under the License.
  24:Middlewares/ST/STM32_USB_Device_Library/Core/Src/usbd_ioreq.c ****   *
  25:Middlewares/ST/STM32_USB_Device_Library/Core/Src/usbd_ioreq.c ****   ******************************************************************************
  26:Middlewares/ST/STM32_USB_Device_Library/Core/Src/usbd_ioreq.c ****   */ 
  27:Middlewares/ST/STM32_USB_Device_Library/Core/Src/usbd_ioreq.c **** 
  28:Middlewares/ST/STM32_USB_Device_Library/Core/Src/usbd_ioreq.c **** /* Includes ------------------------------------------------------------------*/
  29:Middlewares/ST/STM32_USB_Device_Library/Core/Src/usbd_ioreq.c **** #include "usbd_ioreq.h"
  30:Middlewares/ST/STM32_USB_Device_Library/Core/Src/usbd_ioreq.c **** 
  31:Middlewares/ST/STM32_USB_Device_Library/Core/Src/usbd_ioreq.c **** /** @addtogroup STM32_USB_DEVICE_LIBRARY
  32:Middlewares/ST/STM32_USB_Device_Library/Core/Src/usbd_ioreq.c ****   * @{
  33:Middlewares/ST/STM32_USB_Device_Library/Core/Src/usbd_ioreq.c ****   */
ARM GAS  /tmp/cciSP7jw.s 			page 2


  34:Middlewares/ST/STM32_USB_Device_Library/Core/Src/usbd_ioreq.c **** 
  35:Middlewares/ST/STM32_USB_Device_Library/Core/Src/usbd_ioreq.c **** 
  36:Middlewares/ST/STM32_USB_Device_Library/Core/Src/usbd_ioreq.c **** /** @defgroup USBD_IOREQ 
  37:Middlewares/ST/STM32_USB_Device_Library/Core/Src/usbd_ioreq.c ****   * @brief control I/O requests module
  38:Middlewares/ST/STM32_USB_Device_Library/Core/Src/usbd_ioreq.c ****   * @{
  39:Middlewares/ST/STM32_USB_Device_Library/Core/Src/usbd_ioreq.c ****   */ 
  40:Middlewares/ST/STM32_USB_Device_Library/Core/Src/usbd_ioreq.c **** 
  41:Middlewares/ST/STM32_USB_Device_Library/Core/Src/usbd_ioreq.c **** /** @defgroup USBD_IOREQ_Private_TypesDefinitions
  42:Middlewares/ST/STM32_USB_Device_Library/Core/Src/usbd_ioreq.c ****   * @{
  43:Middlewares/ST/STM32_USB_Device_Library/Core/Src/usbd_ioreq.c ****   */ 
  44:Middlewares/ST/STM32_USB_Device_Library/Core/Src/usbd_ioreq.c **** /**
  45:Middlewares/ST/STM32_USB_Device_Library/Core/Src/usbd_ioreq.c ****   * @}
  46:Middlewares/ST/STM32_USB_Device_Library/Core/Src/usbd_ioreq.c ****   */ 
  47:Middlewares/ST/STM32_USB_Device_Library/Core/Src/usbd_ioreq.c **** 
  48:Middlewares/ST/STM32_USB_Device_Library/Core/Src/usbd_ioreq.c **** 
  49:Middlewares/ST/STM32_USB_Device_Library/Core/Src/usbd_ioreq.c **** /** @defgroup USBD_IOREQ_Private_Defines
  50:Middlewares/ST/STM32_USB_Device_Library/Core/Src/usbd_ioreq.c ****   * @{
  51:Middlewares/ST/STM32_USB_Device_Library/Core/Src/usbd_ioreq.c ****   */ 
  52:Middlewares/ST/STM32_USB_Device_Library/Core/Src/usbd_ioreq.c **** 
  53:Middlewares/ST/STM32_USB_Device_Library/Core/Src/usbd_ioreq.c **** /**
  54:Middlewares/ST/STM32_USB_Device_Library/Core/Src/usbd_ioreq.c ****   * @}
  55:Middlewares/ST/STM32_USB_Device_Library/Core/Src/usbd_ioreq.c ****   */ 
  56:Middlewares/ST/STM32_USB_Device_Library/Core/Src/usbd_ioreq.c **** 
  57:Middlewares/ST/STM32_USB_Device_Library/Core/Src/usbd_ioreq.c **** 
  58:Middlewares/ST/STM32_USB_Device_Library/Core/Src/usbd_ioreq.c **** /** @defgroup USBD_IOREQ_Private_Macros
  59:Middlewares/ST/STM32_USB_Device_Library/Core/Src/usbd_ioreq.c ****   * @{
  60:Middlewares/ST/STM32_USB_Device_Library/Core/Src/usbd_ioreq.c ****   */ 
  61:Middlewares/ST/STM32_USB_Device_Library/Core/Src/usbd_ioreq.c **** /**
  62:Middlewares/ST/STM32_USB_Device_Library/Core/Src/usbd_ioreq.c ****   * @}
  63:Middlewares/ST/STM32_USB_Device_Library/Core/Src/usbd_ioreq.c ****   */ 
  64:Middlewares/ST/STM32_USB_Device_Library/Core/Src/usbd_ioreq.c **** 
  65:Middlewares/ST/STM32_USB_Device_Library/Core/Src/usbd_ioreq.c **** 
  66:Middlewares/ST/STM32_USB_Device_Library/Core/Src/usbd_ioreq.c **** /** @defgroup USBD_IOREQ_Private_Variables
  67:Middlewares/ST/STM32_USB_Device_Library/Core/Src/usbd_ioreq.c ****   * @{
  68:Middlewares/ST/STM32_USB_Device_Library/Core/Src/usbd_ioreq.c ****   */ 
  69:Middlewares/ST/STM32_USB_Device_Library/Core/Src/usbd_ioreq.c **** 
  70:Middlewares/ST/STM32_USB_Device_Library/Core/Src/usbd_ioreq.c **** /**
  71:Middlewares/ST/STM32_USB_Device_Library/Core/Src/usbd_ioreq.c ****   * @}
  72:Middlewares/ST/STM32_USB_Device_Library/Core/Src/usbd_ioreq.c ****   */ 
  73:Middlewares/ST/STM32_USB_Device_Library/Core/Src/usbd_ioreq.c **** 
  74:Middlewares/ST/STM32_USB_Device_Library/Core/Src/usbd_ioreq.c **** 
  75:Middlewares/ST/STM32_USB_Device_Library/Core/Src/usbd_ioreq.c **** /** @defgroup USBD_IOREQ_Private_FunctionPrototypes
  76:Middlewares/ST/STM32_USB_Device_Library/Core/Src/usbd_ioreq.c ****   * @{
  77:Middlewares/ST/STM32_USB_Device_Library/Core/Src/usbd_ioreq.c ****   */ 
  78:Middlewares/ST/STM32_USB_Device_Library/Core/Src/usbd_ioreq.c **** /**
  79:Middlewares/ST/STM32_USB_Device_Library/Core/Src/usbd_ioreq.c ****   * @}
  80:Middlewares/ST/STM32_USB_Device_Library/Core/Src/usbd_ioreq.c ****   */ 
  81:Middlewares/ST/STM32_USB_Device_Library/Core/Src/usbd_ioreq.c **** 
  82:Middlewares/ST/STM32_USB_Device_Library/Core/Src/usbd_ioreq.c **** 
  83:Middlewares/ST/STM32_USB_Device_Library/Core/Src/usbd_ioreq.c **** /** @defgroup USBD_IOREQ_Private_Functions
  84:Middlewares/ST/STM32_USB_Device_Library/Core/Src/usbd_ioreq.c ****   * @{
  85:Middlewares/ST/STM32_USB_Device_Library/Core/Src/usbd_ioreq.c ****   */ 
  86:Middlewares/ST/STM32_USB_Device_Library/Core/Src/usbd_ioreq.c **** 
  87:Middlewares/ST/STM32_USB_Device_Library/Core/Src/usbd_ioreq.c **** /**
  88:Middlewares/ST/STM32_USB_Device_Library/Core/Src/usbd_ioreq.c **** * @brief  USBD_CtlSendData
  89:Middlewares/ST/STM32_USB_Device_Library/Core/Src/usbd_ioreq.c **** *         send data on the ctl pipe
  90:Middlewares/ST/STM32_USB_Device_Library/Core/Src/usbd_ioreq.c **** * @param  pdev: device instance
ARM GAS  /tmp/cciSP7jw.s 			page 3


  91:Middlewares/ST/STM32_USB_Device_Library/Core/Src/usbd_ioreq.c **** * @param  buff: pointer to data buffer
  92:Middlewares/ST/STM32_USB_Device_Library/Core/Src/usbd_ioreq.c **** * @param  len: length of data to be sent
  93:Middlewares/ST/STM32_USB_Device_Library/Core/Src/usbd_ioreq.c **** * @retval status
  94:Middlewares/ST/STM32_USB_Device_Library/Core/Src/usbd_ioreq.c **** */
  95:Middlewares/ST/STM32_USB_Device_Library/Core/Src/usbd_ioreq.c **** USBD_StatusTypeDef  USBD_CtlSendData (USBD_HandleTypeDef  *pdev, 
  96:Middlewares/ST/STM32_USB_Device_Library/Core/Src/usbd_ioreq.c ****                                uint8_t *pbuf,
  97:Middlewares/ST/STM32_USB_Device_Library/Core/Src/usbd_ioreq.c ****                                uint16_t len)
  98:Middlewares/ST/STM32_USB_Device_Library/Core/Src/usbd_ioreq.c **** {
  26              		.loc 1 98 0
  27              		.cfi_startproc
  28 0000 80B5     		push	{r7, lr}
  29              	.LCFI0:
  30              		.cfi_def_cfa_offset 8
  31              		.cfi_offset 7, -8
  32              		.cfi_offset 14, -4
  33 0002 84B0     		sub	sp, sp, #16
  34              	.LCFI1:
  35              		.cfi_def_cfa_offset 24
  36 0004 00AF     		add	r7, sp, #0
  37              	.LCFI2:
  38              		.cfi_def_cfa_register 7
  39 0006 F860     		str	r0, [r7, #12]
  40 0008 B960     		str	r1, [r7, #8]
  41 000a BB1D     		adds	r3, r7, #6
  42 000c 1A80     		strh	r2, [r3]
  99:Middlewares/ST/STM32_USB_Device_Library/Core/Src/usbd_ioreq.c ****   /* Set EP0 State */
 100:Middlewares/ST/STM32_USB_Device_Library/Core/Src/usbd_ioreq.c ****   pdev->ep0_state          = USBD_EP0_DATA_IN;                                      
  43              		.loc 1 100 0
  44 000e FA68     		ldr	r2, [r7, #12]
  45 0010 FA23     		movs	r3, #250
  46 0012 5B00     		lsls	r3, r3, #1
  47 0014 0221     		movs	r1, #2
  48 0016 D150     		str	r1, [r2, r3]
 101:Middlewares/ST/STM32_USB_Device_Library/Core/Src/usbd_ioreq.c ****   pdev->ep_in[0].total_length = len;
  49              		.loc 1 101 0
  50 0018 BB1D     		adds	r3, r7, #6
  51 001a 1A88     		ldrh	r2, [r3]
  52 001c FB68     		ldr	r3, [r7, #12]
  53 001e 9A61     		str	r2, [r3, #24]
 102:Middlewares/ST/STM32_USB_Device_Library/Core/Src/usbd_ioreq.c ****   pdev->ep_in[0].rem_length   = len;
  54              		.loc 1 102 0
  55 0020 BB1D     		adds	r3, r7, #6
  56 0022 1A88     		ldrh	r2, [r3]
  57 0024 FB68     		ldr	r3, [r7, #12]
  58 0026 DA61     		str	r2, [r3, #28]
 103:Middlewares/ST/STM32_USB_Device_Library/Core/Src/usbd_ioreq.c ****  /* Start the transfer */
 104:Middlewares/ST/STM32_USB_Device_Library/Core/Src/usbd_ioreq.c ****   USBD_LL_Transmit (pdev, 0x00, pbuf, len);  
  59              		.loc 1 104 0
  60 0028 BB1D     		adds	r3, r7, #6
  61 002a 1B88     		ldrh	r3, [r3]
  62 002c BA68     		ldr	r2, [r7, #8]
  63 002e F868     		ldr	r0, [r7, #12]
  64 0030 0021     		movs	r1, #0
  65 0032 FFF7FEFF 		bl	USBD_LL_Transmit
 105:Middlewares/ST/STM32_USB_Device_Library/Core/Src/usbd_ioreq.c ****   
 106:Middlewares/ST/STM32_USB_Device_Library/Core/Src/usbd_ioreq.c ****   return USBD_OK;
  66              		.loc 1 106 0
ARM GAS  /tmp/cciSP7jw.s 			page 4


  67 0036 0023     		movs	r3, #0
 107:Middlewares/ST/STM32_USB_Device_Library/Core/Src/usbd_ioreq.c **** }
  68              		.loc 1 107 0
  69 0038 1800     		movs	r0, r3
  70 003a BD46     		mov	sp, r7
  71 003c 04B0     		add	sp, sp, #16
  72              		@ sp needed
  73 003e 80BD     		pop	{r7, pc}
  74              		.cfi_endproc
  75              	.LFE35:
  77              		.section	.text.USBD_CtlContinueSendData,"ax",%progbits
  78              		.align	1
  79              		.global	USBD_CtlContinueSendData
  80              		.syntax unified
  81              		.code	16
  82              		.thumb_func
  83              		.fpu softvfp
  85              	USBD_CtlContinueSendData:
  86              	.LFB36:
 108:Middlewares/ST/STM32_USB_Device_Library/Core/Src/usbd_ioreq.c **** 
 109:Middlewares/ST/STM32_USB_Device_Library/Core/Src/usbd_ioreq.c **** /**
 110:Middlewares/ST/STM32_USB_Device_Library/Core/Src/usbd_ioreq.c **** * @brief  USBD_CtlContinueSendData
 111:Middlewares/ST/STM32_USB_Device_Library/Core/Src/usbd_ioreq.c **** *         continue sending data on the ctl pipe
 112:Middlewares/ST/STM32_USB_Device_Library/Core/Src/usbd_ioreq.c **** * @param  pdev: device instance
 113:Middlewares/ST/STM32_USB_Device_Library/Core/Src/usbd_ioreq.c **** * @param  buff: pointer to data buffer
 114:Middlewares/ST/STM32_USB_Device_Library/Core/Src/usbd_ioreq.c **** * @param  len: length of data to be sent
 115:Middlewares/ST/STM32_USB_Device_Library/Core/Src/usbd_ioreq.c **** * @retval status
 116:Middlewares/ST/STM32_USB_Device_Library/Core/Src/usbd_ioreq.c **** */
 117:Middlewares/ST/STM32_USB_Device_Library/Core/Src/usbd_ioreq.c **** USBD_StatusTypeDef  USBD_CtlContinueSendData (USBD_HandleTypeDef  *pdev, 
 118:Middlewares/ST/STM32_USB_Device_Library/Core/Src/usbd_ioreq.c ****                                        uint8_t *pbuf,
 119:Middlewares/ST/STM32_USB_Device_Library/Core/Src/usbd_ioreq.c ****                                        uint16_t len)
 120:Middlewares/ST/STM32_USB_Device_Library/Core/Src/usbd_ioreq.c **** {
  87              		.loc 1 120 0
  88              		.cfi_startproc
  89 0000 80B5     		push	{r7, lr}
  90              	.LCFI3:
  91              		.cfi_def_cfa_offset 8
  92              		.cfi_offset 7, -8
  93              		.cfi_offset 14, -4
  94 0002 84B0     		sub	sp, sp, #16
  95              	.LCFI4:
  96              		.cfi_def_cfa_offset 24
  97 0004 00AF     		add	r7, sp, #0
  98              	.LCFI5:
  99              		.cfi_def_cfa_register 7
 100 0006 F860     		str	r0, [r7, #12]
 101 0008 B960     		str	r1, [r7, #8]
 102 000a BB1D     		adds	r3, r7, #6
 103 000c 1A80     		strh	r2, [r3]
 121:Middlewares/ST/STM32_USB_Device_Library/Core/Src/usbd_ioreq.c ****  /* Start the next transfer */
 122:Middlewares/ST/STM32_USB_Device_Library/Core/Src/usbd_ioreq.c ****   USBD_LL_Transmit (pdev, 0x00, pbuf, len);   
 104              		.loc 1 122 0
 105 000e BB1D     		adds	r3, r7, #6
 106 0010 1B88     		ldrh	r3, [r3]
 107 0012 BA68     		ldr	r2, [r7, #8]
 108 0014 F868     		ldr	r0, [r7, #12]
 109 0016 0021     		movs	r1, #0
ARM GAS  /tmp/cciSP7jw.s 			page 5


 110 0018 FFF7FEFF 		bl	USBD_LL_Transmit
 123:Middlewares/ST/STM32_USB_Device_Library/Core/Src/usbd_ioreq.c ****   
 124:Middlewares/ST/STM32_USB_Device_Library/Core/Src/usbd_ioreq.c ****   return USBD_OK;
 111              		.loc 1 124 0
 112 001c 0023     		movs	r3, #0
 125:Middlewares/ST/STM32_USB_Device_Library/Core/Src/usbd_ioreq.c **** }
 113              		.loc 1 125 0
 114 001e 1800     		movs	r0, r3
 115 0020 BD46     		mov	sp, r7
 116 0022 04B0     		add	sp, sp, #16
 117              		@ sp needed
 118 0024 80BD     		pop	{r7, pc}
 119              		.cfi_endproc
 120              	.LFE36:
 122              		.section	.text.USBD_CtlPrepareRx,"ax",%progbits
 123              		.align	1
 124              		.global	USBD_CtlPrepareRx
 125              		.syntax unified
 126              		.code	16
 127              		.thumb_func
 128              		.fpu softvfp
 130              	USBD_CtlPrepareRx:
 131              	.LFB37:
 126:Middlewares/ST/STM32_USB_Device_Library/Core/Src/usbd_ioreq.c **** 
 127:Middlewares/ST/STM32_USB_Device_Library/Core/Src/usbd_ioreq.c **** /**
 128:Middlewares/ST/STM32_USB_Device_Library/Core/Src/usbd_ioreq.c **** * @brief  USBD_CtlPrepareRx
 129:Middlewares/ST/STM32_USB_Device_Library/Core/Src/usbd_ioreq.c **** *         receive data on the ctl pipe
 130:Middlewares/ST/STM32_USB_Device_Library/Core/Src/usbd_ioreq.c **** * @param  pdev: device instance
 131:Middlewares/ST/STM32_USB_Device_Library/Core/Src/usbd_ioreq.c **** * @param  buff: pointer to data buffer
 132:Middlewares/ST/STM32_USB_Device_Library/Core/Src/usbd_ioreq.c **** * @param  len: length of data to be received
 133:Middlewares/ST/STM32_USB_Device_Library/Core/Src/usbd_ioreq.c **** * @retval status
 134:Middlewares/ST/STM32_USB_Device_Library/Core/Src/usbd_ioreq.c **** */
 135:Middlewares/ST/STM32_USB_Device_Library/Core/Src/usbd_ioreq.c **** USBD_StatusTypeDef  USBD_CtlPrepareRx (USBD_HandleTypeDef  *pdev,
 136:Middlewares/ST/STM32_USB_Device_Library/Core/Src/usbd_ioreq.c ****                                   uint8_t *pbuf,                                  
 137:Middlewares/ST/STM32_USB_Device_Library/Core/Src/usbd_ioreq.c ****                                   uint16_t len)
 138:Middlewares/ST/STM32_USB_Device_Library/Core/Src/usbd_ioreq.c **** {
 132              		.loc 1 138 0
 133              		.cfi_startproc
 134 0000 80B5     		push	{r7, lr}
 135              	.LCFI6:
 136              		.cfi_def_cfa_offset 8
 137              		.cfi_offset 7, -8
 138              		.cfi_offset 14, -4
 139 0002 84B0     		sub	sp, sp, #16
 140              	.LCFI7:
 141              		.cfi_def_cfa_offset 24
 142 0004 00AF     		add	r7, sp, #0
 143              	.LCFI8:
 144              		.cfi_def_cfa_register 7
 145 0006 F860     		str	r0, [r7, #12]
 146 0008 B960     		str	r1, [r7, #8]
 147 000a BB1D     		adds	r3, r7, #6
 148 000c 1A80     		strh	r2, [r3]
 139:Middlewares/ST/STM32_USB_Device_Library/Core/Src/usbd_ioreq.c ****   /* Set EP0 State */
 140:Middlewares/ST/STM32_USB_Device_Library/Core/Src/usbd_ioreq.c ****   pdev->ep0_state = USBD_EP0_DATA_OUT; 
 149              		.loc 1 140 0
 150 000e FA68     		ldr	r2, [r7, #12]
ARM GAS  /tmp/cciSP7jw.s 			page 6


 151 0010 FA23     		movs	r3, #250
 152 0012 5B00     		lsls	r3, r3, #1
 153 0014 0321     		movs	r1, #3
 154 0016 D150     		str	r1, [r2, r3]
 141:Middlewares/ST/STM32_USB_Device_Library/Core/Src/usbd_ioreq.c ****   pdev->ep_out[0].total_length = len;
 155              		.loc 1 141 0
 156 0018 BB1D     		adds	r3, r7, #6
 157 001a 1988     		ldrh	r1, [r3]
 158 001c FA68     		ldr	r2, [r7, #12]
 159 001e 8423     		movs	r3, #132
 160 0020 5B00     		lsls	r3, r3, #1
 161 0022 D150     		str	r1, [r2, r3]
 142:Middlewares/ST/STM32_USB_Device_Library/Core/Src/usbd_ioreq.c ****   pdev->ep_out[0].rem_length   = len;
 162              		.loc 1 142 0
 163 0024 BB1D     		adds	r3, r7, #6
 164 0026 1988     		ldrh	r1, [r3]
 165 0028 FA68     		ldr	r2, [r7, #12]
 166 002a 8623     		movs	r3, #134
 167 002c 5B00     		lsls	r3, r3, #1
 168 002e D150     		str	r1, [r2, r3]
 143:Middlewares/ST/STM32_USB_Device_Library/Core/Src/usbd_ioreq.c ****   /* Start the transfer */
 144:Middlewares/ST/STM32_USB_Device_Library/Core/Src/usbd_ioreq.c ****   USBD_LL_PrepareReceive (pdev,
 169              		.loc 1 144 0
 170 0030 BB1D     		adds	r3, r7, #6
 171 0032 1B88     		ldrh	r3, [r3]
 172 0034 BA68     		ldr	r2, [r7, #8]
 173 0036 F868     		ldr	r0, [r7, #12]
 174 0038 0021     		movs	r1, #0
 175 003a FFF7FEFF 		bl	USBD_LL_PrepareReceive
 145:Middlewares/ST/STM32_USB_Device_Library/Core/Src/usbd_ioreq.c ****                           0,
 146:Middlewares/ST/STM32_USB_Device_Library/Core/Src/usbd_ioreq.c ****                           pbuf,
 147:Middlewares/ST/STM32_USB_Device_Library/Core/Src/usbd_ioreq.c ****                          len);
 148:Middlewares/ST/STM32_USB_Device_Library/Core/Src/usbd_ioreq.c ****   
 149:Middlewares/ST/STM32_USB_Device_Library/Core/Src/usbd_ioreq.c ****   return USBD_OK;
 176              		.loc 1 149 0
 177 003e 0023     		movs	r3, #0
 150:Middlewares/ST/STM32_USB_Device_Library/Core/Src/usbd_ioreq.c **** }
 178              		.loc 1 150 0
 179 0040 1800     		movs	r0, r3
 180 0042 BD46     		mov	sp, r7
 181 0044 04B0     		add	sp, sp, #16
 182              		@ sp needed
 183 0046 80BD     		pop	{r7, pc}
 184              		.cfi_endproc
 185              	.LFE37:
 187              		.section	.text.USBD_CtlContinueRx,"ax",%progbits
 188              		.align	1
 189              		.global	USBD_CtlContinueRx
 190              		.syntax unified
 191              		.code	16
 192              		.thumb_func
 193              		.fpu softvfp
 195              	USBD_CtlContinueRx:
 196              	.LFB38:
 151:Middlewares/ST/STM32_USB_Device_Library/Core/Src/usbd_ioreq.c **** 
 152:Middlewares/ST/STM32_USB_Device_Library/Core/Src/usbd_ioreq.c **** /**
 153:Middlewares/ST/STM32_USB_Device_Library/Core/Src/usbd_ioreq.c **** * @brief  USBD_CtlContinueRx
ARM GAS  /tmp/cciSP7jw.s 			page 7


 154:Middlewares/ST/STM32_USB_Device_Library/Core/Src/usbd_ioreq.c **** *         continue receive data on the ctl pipe
 155:Middlewares/ST/STM32_USB_Device_Library/Core/Src/usbd_ioreq.c **** * @param  pdev: device instance
 156:Middlewares/ST/STM32_USB_Device_Library/Core/Src/usbd_ioreq.c **** * @param  buff: pointer to data buffer
 157:Middlewares/ST/STM32_USB_Device_Library/Core/Src/usbd_ioreq.c **** * @param  len: length of data to be received
 158:Middlewares/ST/STM32_USB_Device_Library/Core/Src/usbd_ioreq.c **** * @retval status
 159:Middlewares/ST/STM32_USB_Device_Library/Core/Src/usbd_ioreq.c **** */
 160:Middlewares/ST/STM32_USB_Device_Library/Core/Src/usbd_ioreq.c **** USBD_StatusTypeDef  USBD_CtlContinueRx (USBD_HandleTypeDef  *pdev, 
 161:Middlewares/ST/STM32_USB_Device_Library/Core/Src/usbd_ioreq.c ****                                           uint8_t *pbuf,                                          
 162:Middlewares/ST/STM32_USB_Device_Library/Core/Src/usbd_ioreq.c ****                                           uint16_t len)
 163:Middlewares/ST/STM32_USB_Device_Library/Core/Src/usbd_ioreq.c **** {
 197              		.loc 1 163 0
 198              		.cfi_startproc
 199 0000 80B5     		push	{r7, lr}
 200              	.LCFI9:
 201              		.cfi_def_cfa_offset 8
 202              		.cfi_offset 7, -8
 203              		.cfi_offset 14, -4
 204 0002 84B0     		sub	sp, sp, #16
 205              	.LCFI10:
 206              		.cfi_def_cfa_offset 24
 207 0004 00AF     		add	r7, sp, #0
 208              	.LCFI11:
 209              		.cfi_def_cfa_register 7
 210 0006 F860     		str	r0, [r7, #12]
 211 0008 B960     		str	r1, [r7, #8]
 212 000a BB1D     		adds	r3, r7, #6
 213 000c 1A80     		strh	r2, [r3]
 164:Middlewares/ST/STM32_USB_Device_Library/Core/Src/usbd_ioreq.c **** 
 165:Middlewares/ST/STM32_USB_Device_Library/Core/Src/usbd_ioreq.c ****   USBD_LL_PrepareReceive (pdev,
 214              		.loc 1 165 0
 215 000e BB1D     		adds	r3, r7, #6
 216 0010 1B88     		ldrh	r3, [r3]
 217 0012 BA68     		ldr	r2, [r7, #8]
 218 0014 F868     		ldr	r0, [r7, #12]
 219 0016 0021     		movs	r1, #0
 220 0018 FFF7FEFF 		bl	USBD_LL_PrepareReceive
 166:Middlewares/ST/STM32_USB_Device_Library/Core/Src/usbd_ioreq.c ****                           0,                     
 167:Middlewares/ST/STM32_USB_Device_Library/Core/Src/usbd_ioreq.c ****                           pbuf,                         
 168:Middlewares/ST/STM32_USB_Device_Library/Core/Src/usbd_ioreq.c ****                           len);
 169:Middlewares/ST/STM32_USB_Device_Library/Core/Src/usbd_ioreq.c ****   return USBD_OK;
 221              		.loc 1 169 0
 222 001c 0023     		movs	r3, #0
 170:Middlewares/ST/STM32_USB_Device_Library/Core/Src/usbd_ioreq.c **** }
 223              		.loc 1 170 0
 224 001e 1800     		movs	r0, r3
 225 0020 BD46     		mov	sp, r7
 226 0022 04B0     		add	sp, sp, #16
 227              		@ sp needed
 228 0024 80BD     		pop	{r7, pc}
 229              		.cfi_endproc
 230              	.LFE38:
 232              		.section	.text.USBD_CtlSendStatus,"ax",%progbits
 233              		.align	1
 234              		.global	USBD_CtlSendStatus
 235              		.syntax unified
 236              		.code	16
 237              		.thumb_func
ARM GAS  /tmp/cciSP7jw.s 			page 8


 238              		.fpu softvfp
 240              	USBD_CtlSendStatus:
 241              	.LFB39:
 171:Middlewares/ST/STM32_USB_Device_Library/Core/Src/usbd_ioreq.c **** /**
 172:Middlewares/ST/STM32_USB_Device_Library/Core/Src/usbd_ioreq.c **** * @brief  USBD_CtlSendStatus
 173:Middlewares/ST/STM32_USB_Device_Library/Core/Src/usbd_ioreq.c **** *         send zero lzngth packet on the ctl pipe
 174:Middlewares/ST/STM32_USB_Device_Library/Core/Src/usbd_ioreq.c **** * @param  pdev: device instance
 175:Middlewares/ST/STM32_USB_Device_Library/Core/Src/usbd_ioreq.c **** * @retval status
 176:Middlewares/ST/STM32_USB_Device_Library/Core/Src/usbd_ioreq.c **** */
 177:Middlewares/ST/STM32_USB_Device_Library/Core/Src/usbd_ioreq.c **** USBD_StatusTypeDef  USBD_CtlSendStatus (USBD_HandleTypeDef  *pdev)
 178:Middlewares/ST/STM32_USB_Device_Library/Core/Src/usbd_ioreq.c **** {
 242              		.loc 1 178 0
 243              		.cfi_startproc
 244 0000 80B5     		push	{r7, lr}
 245              	.LCFI12:
 246              		.cfi_def_cfa_offset 8
 247              		.cfi_offset 7, -8
 248              		.cfi_offset 14, -4
 249 0002 82B0     		sub	sp, sp, #8
 250              	.LCFI13:
 251              		.cfi_def_cfa_offset 16
 252 0004 00AF     		add	r7, sp, #0
 253              	.LCFI14:
 254              		.cfi_def_cfa_register 7
 255 0006 7860     		str	r0, [r7, #4]
 179:Middlewares/ST/STM32_USB_Device_Library/Core/Src/usbd_ioreq.c **** 
 180:Middlewares/ST/STM32_USB_Device_Library/Core/Src/usbd_ioreq.c ****   /* Set EP0 State */
 181:Middlewares/ST/STM32_USB_Device_Library/Core/Src/usbd_ioreq.c ****   pdev->ep0_state = USBD_EP0_STATUS_IN;
 256              		.loc 1 181 0
 257 0008 7A68     		ldr	r2, [r7, #4]
 258 000a FA23     		movs	r3, #250
 259 000c 5B00     		lsls	r3, r3, #1
 260 000e 0421     		movs	r1, #4
 261 0010 D150     		str	r1, [r2, r3]
 182:Middlewares/ST/STM32_USB_Device_Library/Core/Src/usbd_ioreq.c ****   
 183:Middlewares/ST/STM32_USB_Device_Library/Core/Src/usbd_ioreq.c ****  /* Start the transfer */
 184:Middlewares/ST/STM32_USB_Device_Library/Core/Src/usbd_ioreq.c ****   USBD_LL_Transmit (pdev, 0x00, NULL, 0);   
 262              		.loc 1 184 0
 263 0012 7868     		ldr	r0, [r7, #4]
 264 0014 0023     		movs	r3, #0
 265 0016 0022     		movs	r2, #0
 266 0018 0021     		movs	r1, #0
 267 001a FFF7FEFF 		bl	USBD_LL_Transmit
 185:Middlewares/ST/STM32_USB_Device_Library/Core/Src/usbd_ioreq.c ****   
 186:Middlewares/ST/STM32_USB_Device_Library/Core/Src/usbd_ioreq.c ****   return USBD_OK;
 268              		.loc 1 186 0
 269 001e 0023     		movs	r3, #0
 187:Middlewares/ST/STM32_USB_Device_Library/Core/Src/usbd_ioreq.c **** }
 270              		.loc 1 187 0
 271 0020 1800     		movs	r0, r3
 272 0022 BD46     		mov	sp, r7
 273 0024 02B0     		add	sp, sp, #8
 274              		@ sp needed
 275 0026 80BD     		pop	{r7, pc}
 276              		.cfi_endproc
 277              	.LFE39:
 279              		.section	.text.USBD_CtlReceiveStatus,"ax",%progbits
ARM GAS  /tmp/cciSP7jw.s 			page 9


 280              		.align	1
 281              		.global	USBD_CtlReceiveStatus
 282              		.syntax unified
 283              		.code	16
 284              		.thumb_func
 285              		.fpu softvfp
 287              	USBD_CtlReceiveStatus:
 288              	.LFB40:
 188:Middlewares/ST/STM32_USB_Device_Library/Core/Src/usbd_ioreq.c **** 
 189:Middlewares/ST/STM32_USB_Device_Library/Core/Src/usbd_ioreq.c **** /**
 190:Middlewares/ST/STM32_USB_Device_Library/Core/Src/usbd_ioreq.c **** * @brief  USBD_CtlReceiveStatus
 191:Middlewares/ST/STM32_USB_Device_Library/Core/Src/usbd_ioreq.c **** *         receive zero lzngth packet on the ctl pipe
 192:Middlewares/ST/STM32_USB_Device_Library/Core/Src/usbd_ioreq.c **** * @param  pdev: device instance
 193:Middlewares/ST/STM32_USB_Device_Library/Core/Src/usbd_ioreq.c **** * @retval status
 194:Middlewares/ST/STM32_USB_Device_Library/Core/Src/usbd_ioreq.c **** */
 195:Middlewares/ST/STM32_USB_Device_Library/Core/Src/usbd_ioreq.c **** USBD_StatusTypeDef  USBD_CtlReceiveStatus (USBD_HandleTypeDef  *pdev)
 196:Middlewares/ST/STM32_USB_Device_Library/Core/Src/usbd_ioreq.c **** {
 289              		.loc 1 196 0
 290              		.cfi_startproc
 291 0000 80B5     		push	{r7, lr}
 292              	.LCFI15:
 293              		.cfi_def_cfa_offset 8
 294              		.cfi_offset 7, -8
 295              		.cfi_offset 14, -4
 296 0002 82B0     		sub	sp, sp, #8
 297              	.LCFI16:
 298              		.cfi_def_cfa_offset 16
 299 0004 00AF     		add	r7, sp, #0
 300              	.LCFI17:
 301              		.cfi_def_cfa_register 7
 302 0006 7860     		str	r0, [r7, #4]
 197:Middlewares/ST/STM32_USB_Device_Library/Core/Src/usbd_ioreq.c ****   /* Set EP0 State */
 198:Middlewares/ST/STM32_USB_Device_Library/Core/Src/usbd_ioreq.c ****   pdev->ep0_state = USBD_EP0_STATUS_OUT; 
 303              		.loc 1 198 0
 304 0008 7A68     		ldr	r2, [r7, #4]
 305 000a FA23     		movs	r3, #250
 306 000c 5B00     		lsls	r3, r3, #1
 307 000e 0521     		movs	r1, #5
 308 0010 D150     		str	r1, [r2, r3]
 199:Middlewares/ST/STM32_USB_Device_Library/Core/Src/usbd_ioreq.c ****   
 200:Middlewares/ST/STM32_USB_Device_Library/Core/Src/usbd_ioreq.c ****  /* Start the transfer */  
 201:Middlewares/ST/STM32_USB_Device_Library/Core/Src/usbd_ioreq.c ****   USBD_LL_PrepareReceive ( pdev,
 309              		.loc 1 201 0
 310 0012 7868     		ldr	r0, [r7, #4]
 311 0014 0023     		movs	r3, #0
 312 0016 0022     		movs	r2, #0
 313 0018 0021     		movs	r1, #0
 314 001a FFF7FEFF 		bl	USBD_LL_PrepareReceive
 202:Middlewares/ST/STM32_USB_Device_Library/Core/Src/usbd_ioreq.c ****                     0,
 203:Middlewares/ST/STM32_USB_Device_Library/Core/Src/usbd_ioreq.c ****                     NULL,
 204:Middlewares/ST/STM32_USB_Device_Library/Core/Src/usbd_ioreq.c ****                     0);  
 205:Middlewares/ST/STM32_USB_Device_Library/Core/Src/usbd_ioreq.c **** 
 206:Middlewares/ST/STM32_USB_Device_Library/Core/Src/usbd_ioreq.c ****   return USBD_OK;
 315              		.loc 1 206 0
 316 001e 0023     		movs	r3, #0
 207:Middlewares/ST/STM32_USB_Device_Library/Core/Src/usbd_ioreq.c **** }
 317              		.loc 1 207 0
ARM GAS  /tmp/cciSP7jw.s 			page 10


 318 0020 1800     		movs	r0, r3
 319 0022 BD46     		mov	sp, r7
 320 0024 02B0     		add	sp, sp, #8
 321              		@ sp needed
 322 0026 80BD     		pop	{r7, pc}
 323              		.cfi_endproc
 324              	.LFE40:
 326              		.section	.text.USBD_GetRxCount,"ax",%progbits
 327              		.align	1
 328              		.global	USBD_GetRxCount
 329              		.syntax unified
 330              		.code	16
 331              		.thumb_func
 332              		.fpu softvfp
 334              	USBD_GetRxCount:
 335              	.LFB41:
 208:Middlewares/ST/STM32_USB_Device_Library/Core/Src/usbd_ioreq.c **** 
 209:Middlewares/ST/STM32_USB_Device_Library/Core/Src/usbd_ioreq.c **** 
 210:Middlewares/ST/STM32_USB_Device_Library/Core/Src/usbd_ioreq.c **** /**
 211:Middlewares/ST/STM32_USB_Device_Library/Core/Src/usbd_ioreq.c **** * @brief  USBD_GetRxCount
 212:Middlewares/ST/STM32_USB_Device_Library/Core/Src/usbd_ioreq.c **** *         returns the received data length
 213:Middlewares/ST/STM32_USB_Device_Library/Core/Src/usbd_ioreq.c **** * @param  pdev: device instance
 214:Middlewares/ST/STM32_USB_Device_Library/Core/Src/usbd_ioreq.c **** * @param  ep_addr: endpoint address
 215:Middlewares/ST/STM32_USB_Device_Library/Core/Src/usbd_ioreq.c **** * @retval Rx Data blength
 216:Middlewares/ST/STM32_USB_Device_Library/Core/Src/usbd_ioreq.c **** */
 217:Middlewares/ST/STM32_USB_Device_Library/Core/Src/usbd_ioreq.c **** uint16_t  USBD_GetRxCount (USBD_HandleTypeDef  *pdev , uint8_t ep_addr)
 218:Middlewares/ST/STM32_USB_Device_Library/Core/Src/usbd_ioreq.c **** {
 336              		.loc 1 218 0
 337              		.cfi_startproc
 338 0000 80B5     		push	{r7, lr}
 339              	.LCFI18:
 340              		.cfi_def_cfa_offset 8
 341              		.cfi_offset 7, -8
 342              		.cfi_offset 14, -4
 343 0002 82B0     		sub	sp, sp, #8
 344              	.LCFI19:
 345              		.cfi_def_cfa_offset 16
 346 0004 00AF     		add	r7, sp, #0
 347              	.LCFI20:
 348              		.cfi_def_cfa_register 7
 349 0006 7860     		str	r0, [r7, #4]
 350 0008 0A00     		movs	r2, r1
 351 000a FB1C     		adds	r3, r7, #3
 352 000c 1A70     		strb	r2, [r3]
 219:Middlewares/ST/STM32_USB_Device_Library/Core/Src/usbd_ioreq.c ****   return USBD_LL_GetRxDataSize(pdev, ep_addr);
 353              		.loc 1 219 0
 354 000e FB1C     		adds	r3, r7, #3
 355 0010 1A78     		ldrb	r2, [r3]
 356 0012 7B68     		ldr	r3, [r7, #4]
 357 0014 1100     		movs	r1, r2
 358 0016 1800     		movs	r0, r3
 359 0018 FFF7FEFF 		bl	USBD_LL_GetRxDataSize
 360 001c 0300     		movs	r3, r0
 361 001e 9BB2     		uxth	r3, r3
 220:Middlewares/ST/STM32_USB_Device_Library/Core/Src/usbd_ioreq.c **** }
 362              		.loc 1 220 0
 363 0020 1800     		movs	r0, r3
ARM GAS  /tmp/cciSP7jw.s 			page 11


 364 0022 BD46     		mov	sp, r7
 365 0024 02B0     		add	sp, sp, #8
 366              		@ sp needed
 367 0026 80BD     		pop	{r7, pc}
 368              		.cfi_endproc
 369              	.LFE41:
 371              		.text
 372              	.Letext0:
 373              		.file 2 "/usr/arm-none-eabi/include/machine/_default_types.h"
 374              		.file 3 "/usr/arm-none-eabi/include/sys/lock.h"
 375              		.file 4 "/usr/arm-none-eabi/include/sys/_types.h"
 376              		.file 5 "/usr/lib/gcc/arm-none-eabi/6.2.0/include/stddef.h"
 377              		.file 6 "/usr/arm-none-eabi/include/sys/reent.h"
 378              		.file 7 "/usr/arm-none-eabi/include/sys/_stdint.h"
 379              		.file 8 "Drivers/CMSIS/Device/ST/STM32F0xx/Include/system_stm32f0xx.h"
 380              		.file 9 "Middlewares/ST/STM32_USB_Device_Library/Core/Inc/usbd_def.h"
ARM GAS  /tmp/cciSP7jw.s 			page 12


DEFINED SYMBOLS
                            *ABS*:0000000000000000 usbd_ioreq.c
     /tmp/cciSP7jw.s:16     .text.USBD_CtlSendData:0000000000000000 $t
     /tmp/cciSP7jw.s:23     .text.USBD_CtlSendData:0000000000000000 USBD_CtlSendData
     /tmp/cciSP7jw.s:78     .text.USBD_CtlContinueSendData:0000000000000000 $t
     /tmp/cciSP7jw.s:85     .text.USBD_CtlContinueSendData:0000000000000000 USBD_CtlContinueSendData
     /tmp/cciSP7jw.s:123    .text.USBD_CtlPrepareRx:0000000000000000 $t
     /tmp/cciSP7jw.s:130    .text.USBD_CtlPrepareRx:0000000000000000 USBD_CtlPrepareRx
     /tmp/cciSP7jw.s:188    .text.USBD_CtlContinueRx:0000000000000000 $t
     /tmp/cciSP7jw.s:195    .text.USBD_CtlContinueRx:0000000000000000 USBD_CtlContinueRx
     /tmp/cciSP7jw.s:233    .text.USBD_CtlSendStatus:0000000000000000 $t
     /tmp/cciSP7jw.s:240    .text.USBD_CtlSendStatus:0000000000000000 USBD_CtlSendStatus
     /tmp/cciSP7jw.s:280    .text.USBD_CtlReceiveStatus:0000000000000000 $t
     /tmp/cciSP7jw.s:287    .text.USBD_CtlReceiveStatus:0000000000000000 USBD_CtlReceiveStatus
     /tmp/cciSP7jw.s:327    .text.USBD_GetRxCount:0000000000000000 $t
     /tmp/cciSP7jw.s:334    .text.USBD_GetRxCount:0000000000000000 USBD_GetRxCount
                     .debug_frame:0000000000000010 $d

UNDEFINED SYMBOLS
USBD_LL_Transmit
USBD_LL_PrepareReceive
USBD_LL_GetRxDataSize
