ARM GAS  /tmp/ccK6Bp5P.s 			page 1


   1              		.cpu cortex-m0
   2              		.eabi_attribute 20, 1
   3              		.eabi_attribute 21, 1
   4              		.eabi_attribute 23, 3
   5              		.eabi_attribute 24, 1
   6              		.eabi_attribute 25, 1
   7              		.eabi_attribute 26, 1
   8              		.eabi_attribute 30, 4
   9              		.eabi_attribute 34, 0
  10              		.eabi_attribute 18, 4
  11              		.file	"stm32f0xx_hal_pwr_ex.c"
  12              		.text
  13              	.Ltext0:
  14              		.cfi_sections	.debug_frame
  15              		.section	.text.HAL_PWR_ConfigPVD,"ax",%progbits
  16              		.align	1
  17              		.global	HAL_PWR_ConfigPVD
  18              		.syntax unified
  19              		.code	16
  20              		.thumb_func
  21              		.fpu softvfp
  23              	HAL_PWR_ConfigPVD:
  24              	.LFB35:
  25              		.file 1 "Drivers/STM32F0xx_HAL_Driver/Src/stm32f0xx_hal_pwr_ex.c"
   1:Drivers/STM32F0xx_HAL_Driver/Src/stm32f0xx_hal_pwr_ex.c **** /**
   2:Drivers/STM32F0xx_HAL_Driver/Src/stm32f0xx_hal_pwr_ex.c ****   ******************************************************************************
   3:Drivers/STM32F0xx_HAL_Driver/Src/stm32f0xx_hal_pwr_ex.c ****   * @file    stm32f0xx_hal_pwr_ex.c
   4:Drivers/STM32F0xx_HAL_Driver/Src/stm32f0xx_hal_pwr_ex.c ****   * @author  MCD Application Team
   5:Drivers/STM32F0xx_HAL_Driver/Src/stm32f0xx_hal_pwr_ex.c ****   * @version V1.4.0
   6:Drivers/STM32F0xx_HAL_Driver/Src/stm32f0xx_hal_pwr_ex.c ****   * @date    27-May-2016
   7:Drivers/STM32F0xx_HAL_Driver/Src/stm32f0xx_hal_pwr_ex.c ****   * @brief   Extended PWR HAL module driver.
   8:Drivers/STM32F0xx_HAL_Driver/Src/stm32f0xx_hal_pwr_ex.c ****   *          This file provides firmware functions to manage the following
   9:Drivers/STM32F0xx_HAL_Driver/Src/stm32f0xx_hal_pwr_ex.c ****   *          functionalities of the Power Controller (PWR) peripheral:
  10:Drivers/STM32F0xx_HAL_Driver/Src/stm32f0xx_hal_pwr_ex.c ****   *           + Extended Initialization and de-initialization functions
  11:Drivers/STM32F0xx_HAL_Driver/Src/stm32f0xx_hal_pwr_ex.c ****   *           + Extended Peripheral Control functions
  12:Drivers/STM32F0xx_HAL_Driver/Src/stm32f0xx_hal_pwr_ex.c ****   *         
  13:Drivers/STM32F0xx_HAL_Driver/Src/stm32f0xx_hal_pwr_ex.c ****   ******************************************************************************
  14:Drivers/STM32F0xx_HAL_Driver/Src/stm32f0xx_hal_pwr_ex.c ****   * @attention
  15:Drivers/STM32F0xx_HAL_Driver/Src/stm32f0xx_hal_pwr_ex.c ****   *
  16:Drivers/STM32F0xx_HAL_Driver/Src/stm32f0xx_hal_pwr_ex.c ****   * <h2><center>&copy; COPYRIGHT(c) 2016 STMicroelectronics</center></h2>
  17:Drivers/STM32F0xx_HAL_Driver/Src/stm32f0xx_hal_pwr_ex.c ****   *
  18:Drivers/STM32F0xx_HAL_Driver/Src/stm32f0xx_hal_pwr_ex.c ****   * Redistribution and use in source and binary forms, with or without modification,
  19:Drivers/STM32F0xx_HAL_Driver/Src/stm32f0xx_hal_pwr_ex.c ****   * are permitted provided that the following conditions are met:
  20:Drivers/STM32F0xx_HAL_Driver/Src/stm32f0xx_hal_pwr_ex.c ****   *   1. Redistributions of source code must retain the above copyright notice,
  21:Drivers/STM32F0xx_HAL_Driver/Src/stm32f0xx_hal_pwr_ex.c ****   *      this list of conditions and the following disclaimer.
  22:Drivers/STM32F0xx_HAL_Driver/Src/stm32f0xx_hal_pwr_ex.c ****   *   2. Redistributions in binary form must reproduce the above copyright notice,
  23:Drivers/STM32F0xx_HAL_Driver/Src/stm32f0xx_hal_pwr_ex.c ****   *      this list of conditions and the following disclaimer in the documentation
  24:Drivers/STM32F0xx_HAL_Driver/Src/stm32f0xx_hal_pwr_ex.c ****   *      and/or other materials provided with the distribution.
  25:Drivers/STM32F0xx_HAL_Driver/Src/stm32f0xx_hal_pwr_ex.c ****   *   3. Neither the name of STMicroelectronics nor the names of its contributors
  26:Drivers/STM32F0xx_HAL_Driver/Src/stm32f0xx_hal_pwr_ex.c ****   *      may be used to endorse or promote products derived from this software
  27:Drivers/STM32F0xx_HAL_Driver/Src/stm32f0xx_hal_pwr_ex.c ****   *      without specific prior written permission.
  28:Drivers/STM32F0xx_HAL_Driver/Src/stm32f0xx_hal_pwr_ex.c ****   *
  29:Drivers/STM32F0xx_HAL_Driver/Src/stm32f0xx_hal_pwr_ex.c ****   * THIS SOFTWARE IS PROVIDED BY THE COPYRIGHT HOLDERS AND CONTRIBUTORS "AS IS"
  30:Drivers/STM32F0xx_HAL_Driver/Src/stm32f0xx_hal_pwr_ex.c ****   * AND ANY EXPRESS OR IMPLIED WARRANTIES, INCLUDING, BUT NOT LIMITED TO, THE
  31:Drivers/STM32F0xx_HAL_Driver/Src/stm32f0xx_hal_pwr_ex.c ****   * IMPLIED WARRANTIES OF MERCHANTABILITY AND FITNESS FOR A PARTICULAR PURPOSE ARE
  32:Drivers/STM32F0xx_HAL_Driver/Src/stm32f0xx_hal_pwr_ex.c ****   * DISCLAIMED. IN NO EVENT SHALL THE COPYRIGHT HOLDER OR CONTRIBUTORS BE LIABLE
  33:Drivers/STM32F0xx_HAL_Driver/Src/stm32f0xx_hal_pwr_ex.c ****   * FOR ANY DIRECT, INDIRECT, INCIDENTAL, SPECIAL, EXEMPLARY, OR CONSEQUENTIAL
ARM GAS  /tmp/ccK6Bp5P.s 			page 2


  34:Drivers/STM32F0xx_HAL_Driver/Src/stm32f0xx_hal_pwr_ex.c ****   * DAMAGES (INCLUDING, BUT NOT LIMITED TO, PROCUREMENT OF SUBSTITUTE GOODS OR
  35:Drivers/STM32F0xx_HAL_Driver/Src/stm32f0xx_hal_pwr_ex.c ****   * SERVICES; LOSS OF USE, DATA, OR PROFITS; OR BUSINESS INTERRUPTION) HOWEVER
  36:Drivers/STM32F0xx_HAL_Driver/Src/stm32f0xx_hal_pwr_ex.c ****   * CAUSED AND ON ANY THEORY OF LIABILITY, WHETHER IN CONTRACT, STRICT LIABILITY,
  37:Drivers/STM32F0xx_HAL_Driver/Src/stm32f0xx_hal_pwr_ex.c ****   * OR TORT (INCLUDING NEGLIGENCE OR OTHERWISE) ARISING IN ANY WAY OUT OF THE USE
  38:Drivers/STM32F0xx_HAL_Driver/Src/stm32f0xx_hal_pwr_ex.c ****   * OF THIS SOFTWARE, EVEN IF ADVISED OF THE POSSIBILITY OF SUCH DAMAGE.
  39:Drivers/STM32F0xx_HAL_Driver/Src/stm32f0xx_hal_pwr_ex.c ****   *
  40:Drivers/STM32F0xx_HAL_Driver/Src/stm32f0xx_hal_pwr_ex.c ****   ******************************************************************************  
  41:Drivers/STM32F0xx_HAL_Driver/Src/stm32f0xx_hal_pwr_ex.c ****   */
  42:Drivers/STM32F0xx_HAL_Driver/Src/stm32f0xx_hal_pwr_ex.c **** 
  43:Drivers/STM32F0xx_HAL_Driver/Src/stm32f0xx_hal_pwr_ex.c **** /* Includes ------------------------------------------------------------------*/
  44:Drivers/STM32F0xx_HAL_Driver/Src/stm32f0xx_hal_pwr_ex.c **** #include "stm32f0xx_hal.h"
  45:Drivers/STM32F0xx_HAL_Driver/Src/stm32f0xx_hal_pwr_ex.c **** 
  46:Drivers/STM32F0xx_HAL_Driver/Src/stm32f0xx_hal_pwr_ex.c **** /** @addtogroup STM32F0xx_HAL_Driver
  47:Drivers/STM32F0xx_HAL_Driver/Src/stm32f0xx_hal_pwr_ex.c ****   * @{
  48:Drivers/STM32F0xx_HAL_Driver/Src/stm32f0xx_hal_pwr_ex.c ****   */
  49:Drivers/STM32F0xx_HAL_Driver/Src/stm32f0xx_hal_pwr_ex.c **** 
  50:Drivers/STM32F0xx_HAL_Driver/Src/stm32f0xx_hal_pwr_ex.c **** /** @defgroup PWREx PWREx
  51:Drivers/STM32F0xx_HAL_Driver/Src/stm32f0xx_hal_pwr_ex.c ****   * @brief    PWREx HAL module driver
  52:Drivers/STM32F0xx_HAL_Driver/Src/stm32f0xx_hal_pwr_ex.c ****   * @{
  53:Drivers/STM32F0xx_HAL_Driver/Src/stm32f0xx_hal_pwr_ex.c ****   */
  54:Drivers/STM32F0xx_HAL_Driver/Src/stm32f0xx_hal_pwr_ex.c **** 
  55:Drivers/STM32F0xx_HAL_Driver/Src/stm32f0xx_hal_pwr_ex.c **** #ifdef HAL_PWR_MODULE_ENABLED
  56:Drivers/STM32F0xx_HAL_Driver/Src/stm32f0xx_hal_pwr_ex.c **** 
  57:Drivers/STM32F0xx_HAL_Driver/Src/stm32f0xx_hal_pwr_ex.c **** /* Private typedef -----------------------------------------------------------*/
  58:Drivers/STM32F0xx_HAL_Driver/Src/stm32f0xx_hal_pwr_ex.c **** /* Private define ------------------------------------------------------------*/
  59:Drivers/STM32F0xx_HAL_Driver/Src/stm32f0xx_hal_pwr_ex.c **** /** @defgroup PWREx_Private_Constants PWREx Private Constants
  60:Drivers/STM32F0xx_HAL_Driver/Src/stm32f0xx_hal_pwr_ex.c ****   * @{
  61:Drivers/STM32F0xx_HAL_Driver/Src/stm32f0xx_hal_pwr_ex.c ****   */
  62:Drivers/STM32F0xx_HAL_Driver/Src/stm32f0xx_hal_pwr_ex.c **** #define PVD_MODE_IT               ((uint32_t)0x00010000)
  63:Drivers/STM32F0xx_HAL_Driver/Src/stm32f0xx_hal_pwr_ex.c **** #define PVD_MODE_EVT              ((uint32_t)0x00020000)
  64:Drivers/STM32F0xx_HAL_Driver/Src/stm32f0xx_hal_pwr_ex.c **** #define PVD_RISING_EDGE           ((uint32_t)0x00000001)
  65:Drivers/STM32F0xx_HAL_Driver/Src/stm32f0xx_hal_pwr_ex.c **** #define PVD_FALLING_EDGE          ((uint32_t)0x00000002)
  66:Drivers/STM32F0xx_HAL_Driver/Src/stm32f0xx_hal_pwr_ex.c **** /**
  67:Drivers/STM32F0xx_HAL_Driver/Src/stm32f0xx_hal_pwr_ex.c ****   * @}
  68:Drivers/STM32F0xx_HAL_Driver/Src/stm32f0xx_hal_pwr_ex.c ****   */
  69:Drivers/STM32F0xx_HAL_Driver/Src/stm32f0xx_hal_pwr_ex.c ****  
  70:Drivers/STM32F0xx_HAL_Driver/Src/stm32f0xx_hal_pwr_ex.c **** /* Private macro -------------------------------------------------------------*/
  71:Drivers/STM32F0xx_HAL_Driver/Src/stm32f0xx_hal_pwr_ex.c **** /* Private variables ---------------------------------------------------------*/
  72:Drivers/STM32F0xx_HAL_Driver/Src/stm32f0xx_hal_pwr_ex.c **** /* Private function prototypes -----------------------------------------------*/
  73:Drivers/STM32F0xx_HAL_Driver/Src/stm32f0xx_hal_pwr_ex.c **** /* Exported functions ---------------------------------------------------------*/
  74:Drivers/STM32F0xx_HAL_Driver/Src/stm32f0xx_hal_pwr_ex.c **** 
  75:Drivers/STM32F0xx_HAL_Driver/Src/stm32f0xx_hal_pwr_ex.c **** /** @defgroup PWREx_Exported_Functions PWREx Exported Functions
  76:Drivers/STM32F0xx_HAL_Driver/Src/stm32f0xx_hal_pwr_ex.c ****   * @{
  77:Drivers/STM32F0xx_HAL_Driver/Src/stm32f0xx_hal_pwr_ex.c ****   */
  78:Drivers/STM32F0xx_HAL_Driver/Src/stm32f0xx_hal_pwr_ex.c **** 
  79:Drivers/STM32F0xx_HAL_Driver/Src/stm32f0xx_hal_pwr_ex.c **** /** @defgroup PWREx_Exported_Functions_Group1 Peripheral Extended Control Functions
  80:Drivers/STM32F0xx_HAL_Driver/Src/stm32f0xx_hal_pwr_ex.c ****   *  @brief   Extended Peripheral Control functions
  81:Drivers/STM32F0xx_HAL_Driver/Src/stm32f0xx_hal_pwr_ex.c ****   *
  82:Drivers/STM32F0xx_HAL_Driver/Src/stm32f0xx_hal_pwr_ex.c **** @verbatim
  83:Drivers/STM32F0xx_HAL_Driver/Src/stm32f0xx_hal_pwr_ex.c **** 
  84:Drivers/STM32F0xx_HAL_Driver/Src/stm32f0xx_hal_pwr_ex.c ****  ===============================================================================
  85:Drivers/STM32F0xx_HAL_Driver/Src/stm32f0xx_hal_pwr_ex.c ****                  ##### Peripheral extended control functions #####
  86:Drivers/STM32F0xx_HAL_Driver/Src/stm32f0xx_hal_pwr_ex.c ****  ===============================================================================
  87:Drivers/STM32F0xx_HAL_Driver/Src/stm32f0xx_hal_pwr_ex.c ****     
  88:Drivers/STM32F0xx_HAL_Driver/Src/stm32f0xx_hal_pwr_ex.c ****     *** PVD configuration ***
  89:Drivers/STM32F0xx_HAL_Driver/Src/stm32f0xx_hal_pwr_ex.c ****     =========================
  90:Drivers/STM32F0xx_HAL_Driver/Src/stm32f0xx_hal_pwr_ex.c ****     [..]
ARM GAS  /tmp/ccK6Bp5P.s 			page 3


  91:Drivers/STM32F0xx_HAL_Driver/Src/stm32f0xx_hal_pwr_ex.c ****       (+) The PVD is used to monitor the VDD power supply by comparing it to a
  92:Drivers/STM32F0xx_HAL_Driver/Src/stm32f0xx_hal_pwr_ex.c ****           threshold selected by the PVD Level (PLS[2:0] bits in the PWR_CR).
  93:Drivers/STM32F0xx_HAL_Driver/Src/stm32f0xx_hal_pwr_ex.c ****       (+) A PVDO flag is available to indicate if VDD/VDDA is higher or lower
  94:Drivers/STM32F0xx_HAL_Driver/Src/stm32f0xx_hal_pwr_ex.c ****           than the PVD threshold. This event is internally connected to the EXTI
  95:Drivers/STM32F0xx_HAL_Driver/Src/stm32f0xx_hal_pwr_ex.c ****           line16 and can generate an interrupt if enabled. This is done through
  96:Drivers/STM32F0xx_HAL_Driver/Src/stm32f0xx_hal_pwr_ex.c ****           HAL_PWR_ConfigPVD(), HAL_PWR_EnablePVD() functions.
  97:Drivers/STM32F0xx_HAL_Driver/Src/stm32f0xx_hal_pwr_ex.c ****       (+) The PVD is stopped in Standby mode.
  98:Drivers/STM32F0xx_HAL_Driver/Src/stm32f0xx_hal_pwr_ex.c ****       -@- PVD is not available on STM32F030x4/x6/x8
  99:Drivers/STM32F0xx_HAL_Driver/Src/stm32f0xx_hal_pwr_ex.c **** 
 100:Drivers/STM32F0xx_HAL_Driver/Src/stm32f0xx_hal_pwr_ex.c ****     *** VDDIO2 Monitor Configuration ***
 101:Drivers/STM32F0xx_HAL_Driver/Src/stm32f0xx_hal_pwr_ex.c ****     ====================================
 102:Drivers/STM32F0xx_HAL_Driver/Src/stm32f0xx_hal_pwr_ex.c ****     [..]
 103:Drivers/STM32F0xx_HAL_Driver/Src/stm32f0xx_hal_pwr_ex.c ****       (+) VDDIO2 monitor is used to monitor the VDDIO2 power supply by comparing it 
 104:Drivers/STM32F0xx_HAL_Driver/Src/stm32f0xx_hal_pwr_ex.c ****           to VREFInt Voltage
 105:Drivers/STM32F0xx_HAL_Driver/Src/stm32f0xx_hal_pwr_ex.c ****       (+) This monitor is internally connected to the EXTI line31
 106:Drivers/STM32F0xx_HAL_Driver/Src/stm32f0xx_hal_pwr_ex.c ****           and can generate an interrupt if enabled. This is done through
 107:Drivers/STM32F0xx_HAL_Driver/Src/stm32f0xx_hal_pwr_ex.c ****           HAL_PWREx_EnableVddio2Monitor() function.
 108:Drivers/STM32F0xx_HAL_Driver/Src/stm32f0xx_hal_pwr_ex.c ****       -@- VDDIO2 is available on STM32F07x/09x/04x
 109:Drivers/STM32F0xx_HAL_Driver/Src/stm32f0xx_hal_pwr_ex.c ****                     
 110:Drivers/STM32F0xx_HAL_Driver/Src/stm32f0xx_hal_pwr_ex.c **** @endverbatim
 111:Drivers/STM32F0xx_HAL_Driver/Src/stm32f0xx_hal_pwr_ex.c ****   * @{
 112:Drivers/STM32F0xx_HAL_Driver/Src/stm32f0xx_hal_pwr_ex.c ****   */
 113:Drivers/STM32F0xx_HAL_Driver/Src/stm32f0xx_hal_pwr_ex.c **** 
 114:Drivers/STM32F0xx_HAL_Driver/Src/stm32f0xx_hal_pwr_ex.c **** #if defined (STM32F031x6) || defined (STM32F051x8) || \
 115:Drivers/STM32F0xx_HAL_Driver/Src/stm32f0xx_hal_pwr_ex.c ****     defined (STM32F071xB) || defined (STM32F091xC) || \
 116:Drivers/STM32F0xx_HAL_Driver/Src/stm32f0xx_hal_pwr_ex.c ****     defined (STM32F042x6) || defined (STM32F072xB)
 117:Drivers/STM32F0xx_HAL_Driver/Src/stm32f0xx_hal_pwr_ex.c **** /**
 118:Drivers/STM32F0xx_HAL_Driver/Src/stm32f0xx_hal_pwr_ex.c ****   * @brief Configures the voltage threshold detected by the Power Voltage Detector(PVD).
 119:Drivers/STM32F0xx_HAL_Driver/Src/stm32f0xx_hal_pwr_ex.c ****   * @param sConfigPVD: pointer to an PWR_PVDTypeDef structure that contains the configuration
 120:Drivers/STM32F0xx_HAL_Driver/Src/stm32f0xx_hal_pwr_ex.c ****   *        information for the PVD.
 121:Drivers/STM32F0xx_HAL_Driver/Src/stm32f0xx_hal_pwr_ex.c ****   * @note Refer to the electrical characteristics of your device datasheet for
 122:Drivers/STM32F0xx_HAL_Driver/Src/stm32f0xx_hal_pwr_ex.c ****   *         more details about the voltage threshold corresponding to each
 123:Drivers/STM32F0xx_HAL_Driver/Src/stm32f0xx_hal_pwr_ex.c ****   *         detection level.
 124:Drivers/STM32F0xx_HAL_Driver/Src/stm32f0xx_hal_pwr_ex.c ****   * @retval None
 125:Drivers/STM32F0xx_HAL_Driver/Src/stm32f0xx_hal_pwr_ex.c ****   */
 126:Drivers/STM32F0xx_HAL_Driver/Src/stm32f0xx_hal_pwr_ex.c **** void HAL_PWR_ConfigPVD(PWR_PVDTypeDef *sConfigPVD)
 127:Drivers/STM32F0xx_HAL_Driver/Src/stm32f0xx_hal_pwr_ex.c **** {
  26              		.loc 1 127 0
  27              		.cfi_startproc
  28              	.LVL0:
 128:Drivers/STM32F0xx_HAL_Driver/Src/stm32f0xx_hal_pwr_ex.c ****   /* Check the parameters */
 129:Drivers/STM32F0xx_HAL_Driver/Src/stm32f0xx_hal_pwr_ex.c ****   assert_param(IS_PWR_PVD_LEVEL(sConfigPVD->PVDLevel));
 130:Drivers/STM32F0xx_HAL_Driver/Src/stm32f0xx_hal_pwr_ex.c ****   assert_param(IS_PWR_PVD_MODE(sConfigPVD->Mode));
 131:Drivers/STM32F0xx_HAL_Driver/Src/stm32f0xx_hal_pwr_ex.c **** 
 132:Drivers/STM32F0xx_HAL_Driver/Src/stm32f0xx_hal_pwr_ex.c ****   /* Set PLS[7:5] bits according to PVDLevel value */
 133:Drivers/STM32F0xx_HAL_Driver/Src/stm32f0xx_hal_pwr_ex.c ****   MODIFY_REG(PWR->CR, PWR_CR_PLS, sConfigPVD->PVDLevel);
  29              		.loc 1 133 0
  30 0000 E021     		movs	r1, #224
  31 0002 194A     		ldr	r2, .L18
  32 0004 1368     		ldr	r3, [r2]
  33 0006 8B43     		bics	r3, r1
  34 0008 0168     		ldr	r1, [r0]
  35 000a 0B43     		orrs	r3, r1
  36 000c 1360     		str	r3, [r2]
 134:Drivers/STM32F0xx_HAL_Driver/Src/stm32f0xx_hal_pwr_ex.c ****   
 135:Drivers/STM32F0xx_HAL_Driver/Src/stm32f0xx_hal_pwr_ex.c ****   /* Clear any previous config. Keep it clear if no event or IT mode is selected */
 136:Drivers/STM32F0xx_HAL_Driver/Src/stm32f0xx_hal_pwr_ex.c ****   __HAL_PWR_PVD_EXTI_DISABLE_EVENT();
ARM GAS  /tmp/ccK6Bp5P.s 			page 4


  37              		.loc 1 136 0
  38 000e 174B     		ldr	r3, .L18+4
  39 0010 174A     		ldr	r2, .L18+8
  40 0012 5968     		ldr	r1, [r3, #4]
  41 0014 1140     		ands	r1, r2
  42 0016 5960     		str	r1, [r3, #4]
 137:Drivers/STM32F0xx_HAL_Driver/Src/stm32f0xx_hal_pwr_ex.c ****   __HAL_PWR_PVD_EXTI_DISABLE_IT();
  43              		.loc 1 137 0
  44 0018 1968     		ldr	r1, [r3]
  45 001a 1140     		ands	r1, r2
  46 001c 1960     		str	r1, [r3]
 138:Drivers/STM32F0xx_HAL_Driver/Src/stm32f0xx_hal_pwr_ex.c ****   __HAL_PWR_PVD_EXTI_DISABLE_RISING_EDGE();__HAL_PWR_PVD_EXTI_DISABLE_FALLING_EDGE();
  47              		.loc 1 138 0
  48 001e 9968     		ldr	r1, [r3, #8]
  49 0020 1140     		ands	r1, r2
  50 0022 9960     		str	r1, [r3, #8]
  51 0024 D968     		ldr	r1, [r3, #12]
  52 0026 0A40     		ands	r2, r1
 139:Drivers/STM32F0xx_HAL_Driver/Src/stm32f0xx_hal_pwr_ex.c **** 
 140:Drivers/STM32F0xx_HAL_Driver/Src/stm32f0xx_hal_pwr_ex.c ****   /* Configure interrupt mode */
 141:Drivers/STM32F0xx_HAL_Driver/Src/stm32f0xx_hal_pwr_ex.c ****   if((sConfigPVD->Mode & PVD_MODE_IT) == PVD_MODE_IT)
  53              		.loc 1 141 0
  54 0028 8021     		movs	r1, #128
 138:Drivers/STM32F0xx_HAL_Driver/Src/stm32f0xx_hal_pwr_ex.c ****   __HAL_PWR_PVD_EXTI_DISABLE_RISING_EDGE();__HAL_PWR_PVD_EXTI_DISABLE_FALLING_EDGE();
  55              		.loc 1 138 0
  56 002a DA60     		str	r2, [r3, #12]
  57              		.loc 1 141 0
  58 002c 4268     		ldr	r2, [r0, #4]
  59 002e 4902     		lsls	r1, r1, #9
  60 0030 0A42     		tst	r2, r1
  61 0032 02D0     		beq	.L2
 142:Drivers/STM32F0xx_HAL_Driver/Src/stm32f0xx_hal_pwr_ex.c ****   {
 143:Drivers/STM32F0xx_HAL_Driver/Src/stm32f0xx_hal_pwr_ex.c ****     __HAL_PWR_PVD_EXTI_ENABLE_IT();
  62              		.loc 1 143 0
  63 0034 1868     		ldr	r0, [r3]
  64              	.LVL1:
  65 0036 0143     		orrs	r1, r0
  66 0038 1960     		str	r1, [r3]
  67              	.L2:
 144:Drivers/STM32F0xx_HAL_Driver/Src/stm32f0xx_hal_pwr_ex.c ****   }
 145:Drivers/STM32F0xx_HAL_Driver/Src/stm32f0xx_hal_pwr_ex.c ****   
 146:Drivers/STM32F0xx_HAL_Driver/Src/stm32f0xx_hal_pwr_ex.c ****   /* Configure event mode */
 147:Drivers/STM32F0xx_HAL_Driver/Src/stm32f0xx_hal_pwr_ex.c ****   if((sConfigPVD->Mode & PVD_MODE_EVT) == PVD_MODE_EVT)
  68              		.loc 1 147 0
  69 003a 9103     		lsls	r1, r2, #14
  70 003c 04D5     		bpl	.L3
 148:Drivers/STM32F0xx_HAL_Driver/Src/stm32f0xx_hal_pwr_ex.c ****   {
 149:Drivers/STM32F0xx_HAL_Driver/Src/stm32f0xx_hal_pwr_ex.c ****     __HAL_PWR_PVD_EXTI_ENABLE_EVENT();
  71              		.loc 1 149 0
  72 003e 8021     		movs	r1, #128
  73 0040 5868     		ldr	r0, [r3, #4]
  74 0042 4902     		lsls	r1, r1, #9
  75 0044 0143     		orrs	r1, r0
  76 0046 5960     		str	r1, [r3, #4]
  77              	.L3:
 150:Drivers/STM32F0xx_HAL_Driver/Src/stm32f0xx_hal_pwr_ex.c ****   }
 151:Drivers/STM32F0xx_HAL_Driver/Src/stm32f0xx_hal_pwr_ex.c ****   
ARM GAS  /tmp/ccK6Bp5P.s 			page 5


 152:Drivers/STM32F0xx_HAL_Driver/Src/stm32f0xx_hal_pwr_ex.c ****   /* Configure the edge */
 153:Drivers/STM32F0xx_HAL_Driver/Src/stm32f0xx_hal_pwr_ex.c ****   if((sConfigPVD->Mode & PVD_RISING_EDGE) == PVD_RISING_EDGE)
  78              		.loc 1 153 0
  79 0048 D107     		lsls	r1, r2, #31
  80 004a 04D5     		bpl	.L4
 154:Drivers/STM32F0xx_HAL_Driver/Src/stm32f0xx_hal_pwr_ex.c ****   {
 155:Drivers/STM32F0xx_HAL_Driver/Src/stm32f0xx_hal_pwr_ex.c ****     __HAL_PWR_PVD_EXTI_ENABLE_RISING_EDGE();
  81              		.loc 1 155 0
  82 004c 8021     		movs	r1, #128
  83 004e 9868     		ldr	r0, [r3, #8]
  84 0050 4902     		lsls	r1, r1, #9
  85 0052 0143     		orrs	r1, r0
  86 0054 9960     		str	r1, [r3, #8]
  87              	.L4:
 156:Drivers/STM32F0xx_HAL_Driver/Src/stm32f0xx_hal_pwr_ex.c ****   }
 157:Drivers/STM32F0xx_HAL_Driver/Src/stm32f0xx_hal_pwr_ex.c ****   
 158:Drivers/STM32F0xx_HAL_Driver/Src/stm32f0xx_hal_pwr_ex.c ****   if((sConfigPVD->Mode & PVD_FALLING_EDGE) == PVD_FALLING_EDGE)
  88              		.loc 1 158 0
  89 0056 9207     		lsls	r2, r2, #30
  90 0058 04D5     		bpl	.L1
 159:Drivers/STM32F0xx_HAL_Driver/Src/stm32f0xx_hal_pwr_ex.c ****   {
 160:Drivers/STM32F0xx_HAL_Driver/Src/stm32f0xx_hal_pwr_ex.c ****     __HAL_PWR_PVD_EXTI_ENABLE_FALLING_EDGE();
  91              		.loc 1 160 0
  92 005a 8022     		movs	r2, #128
  93 005c D968     		ldr	r1, [r3, #12]
  94 005e 5202     		lsls	r2, r2, #9
  95 0060 0A43     		orrs	r2, r1
  96 0062 DA60     		str	r2, [r3, #12]
  97              	.L1:
 161:Drivers/STM32F0xx_HAL_Driver/Src/stm32f0xx_hal_pwr_ex.c ****   }
 162:Drivers/STM32F0xx_HAL_Driver/Src/stm32f0xx_hal_pwr_ex.c **** }
  98              		.loc 1 162 0
  99              		@ sp needed
 100 0064 7047     		bx	lr
 101              	.L19:
 102 0066 C046     		.align	2
 103              	.L18:
 104 0068 00700040 		.word	1073770496
 105 006c 00040140 		.word	1073808384
 106 0070 FFFFFEFF 		.word	-65537
 107              		.cfi_endproc
 108              	.LFE35:
 110              		.section	.text.HAL_PWR_EnablePVD,"ax",%progbits
 111              		.align	1
 112              		.global	HAL_PWR_EnablePVD
 113              		.syntax unified
 114              		.code	16
 115              		.thumb_func
 116              		.fpu softvfp
 118              	HAL_PWR_EnablePVD:
 119              	.LFB36:
 163:Drivers/STM32F0xx_HAL_Driver/Src/stm32f0xx_hal_pwr_ex.c **** 
 164:Drivers/STM32F0xx_HAL_Driver/Src/stm32f0xx_hal_pwr_ex.c **** /**
 165:Drivers/STM32F0xx_HAL_Driver/Src/stm32f0xx_hal_pwr_ex.c ****   * @brief Enables the Power Voltage Detector(PVD).
 166:Drivers/STM32F0xx_HAL_Driver/Src/stm32f0xx_hal_pwr_ex.c ****   * @retval None
 167:Drivers/STM32F0xx_HAL_Driver/Src/stm32f0xx_hal_pwr_ex.c ****   */
 168:Drivers/STM32F0xx_HAL_Driver/Src/stm32f0xx_hal_pwr_ex.c **** void HAL_PWR_EnablePVD(void)
ARM GAS  /tmp/ccK6Bp5P.s 			page 6


 169:Drivers/STM32F0xx_HAL_Driver/Src/stm32f0xx_hal_pwr_ex.c **** {
 120              		.loc 1 169 0
 121              		.cfi_startproc
 170:Drivers/STM32F0xx_HAL_Driver/Src/stm32f0xx_hal_pwr_ex.c ****   PWR->CR |= (uint32_t)PWR_CR_PVDE;
 122              		.loc 1 170 0
 123 0000 1023     		movs	r3, #16
 124 0002 024A     		ldr	r2, .L21
 171:Drivers/STM32F0xx_HAL_Driver/Src/stm32f0xx_hal_pwr_ex.c **** }
 125              		.loc 1 171 0
 126              		@ sp needed
 170:Drivers/STM32F0xx_HAL_Driver/Src/stm32f0xx_hal_pwr_ex.c ****   PWR->CR |= (uint32_t)PWR_CR_PVDE;
 127              		.loc 1 170 0
 128 0004 1168     		ldr	r1, [r2]
 129 0006 0B43     		orrs	r3, r1
 130 0008 1360     		str	r3, [r2]
 131              		.loc 1 171 0
 132 000a 7047     		bx	lr
 133              	.L22:
 134              		.align	2
 135              	.L21:
 136 000c 00700040 		.word	1073770496
 137              		.cfi_endproc
 138              	.LFE36:
 140              		.section	.text.HAL_PWR_DisablePVD,"ax",%progbits
 141              		.align	1
 142              		.global	HAL_PWR_DisablePVD
 143              		.syntax unified
 144              		.code	16
 145              		.thumb_func
 146              		.fpu softvfp
 148              	HAL_PWR_DisablePVD:
 149              	.LFB37:
 172:Drivers/STM32F0xx_HAL_Driver/Src/stm32f0xx_hal_pwr_ex.c **** 
 173:Drivers/STM32F0xx_HAL_Driver/Src/stm32f0xx_hal_pwr_ex.c **** /**
 174:Drivers/STM32F0xx_HAL_Driver/Src/stm32f0xx_hal_pwr_ex.c ****   * @brief Disables the Power Voltage Detector(PVD).
 175:Drivers/STM32F0xx_HAL_Driver/Src/stm32f0xx_hal_pwr_ex.c ****   * @retval None
 176:Drivers/STM32F0xx_HAL_Driver/Src/stm32f0xx_hal_pwr_ex.c ****   */
 177:Drivers/STM32F0xx_HAL_Driver/Src/stm32f0xx_hal_pwr_ex.c **** void HAL_PWR_DisablePVD(void)
 178:Drivers/STM32F0xx_HAL_Driver/Src/stm32f0xx_hal_pwr_ex.c **** {
 150              		.loc 1 178 0
 151              		.cfi_startproc
 179:Drivers/STM32F0xx_HAL_Driver/Src/stm32f0xx_hal_pwr_ex.c ****   PWR->CR &= ~((uint32_t)PWR_CR_PVDE);
 152              		.loc 1 179 0
 153 0000 1021     		movs	r1, #16
 154 0002 024A     		ldr	r2, .L24
 180:Drivers/STM32F0xx_HAL_Driver/Src/stm32f0xx_hal_pwr_ex.c **** }
 155              		.loc 1 180 0
 156              		@ sp needed
 179:Drivers/STM32F0xx_HAL_Driver/Src/stm32f0xx_hal_pwr_ex.c ****   PWR->CR &= ~((uint32_t)PWR_CR_PVDE);
 157              		.loc 1 179 0
 158 0004 1368     		ldr	r3, [r2]
 159 0006 8B43     		bics	r3, r1
 160 0008 1360     		str	r3, [r2]
 161              		.loc 1 180 0
 162 000a 7047     		bx	lr
 163              	.L25:
 164              		.align	2
ARM GAS  /tmp/ccK6Bp5P.s 			page 7


 165              	.L24:
 166 000c 00700040 		.word	1073770496
 167              		.cfi_endproc
 168              	.LFE37:
 170              		.section	.text.HAL_PWR_PVDCallback,"ax",%progbits
 171              		.align	1
 172              		.weak	HAL_PWR_PVDCallback
 173              		.syntax unified
 174              		.code	16
 175              		.thumb_func
 176              		.fpu softvfp
 178              	HAL_PWR_PVDCallback:
 179              	.LFB45:
 180              		.cfi_startproc
 181              		@ sp needed
 182 0000 7047     		bx	lr
 183              		.cfi_endproc
 184              	.LFE45:
 186              		.section	.text.HAL_PWR_PVD_IRQHandler,"ax",%progbits
 187              		.align	1
 188              		.global	HAL_PWR_PVD_IRQHandler
 189              		.syntax unified
 190              		.code	16
 191              		.thumb_func
 192              		.fpu softvfp
 194              	HAL_PWR_PVD_IRQHandler:
 195              	.LFB38:
 181:Drivers/STM32F0xx_HAL_Driver/Src/stm32f0xx_hal_pwr_ex.c **** 
 182:Drivers/STM32F0xx_HAL_Driver/Src/stm32f0xx_hal_pwr_ex.c **** /**
 183:Drivers/STM32F0xx_HAL_Driver/Src/stm32f0xx_hal_pwr_ex.c ****   * @brief This function handles the PWR PVD interrupt request.
 184:Drivers/STM32F0xx_HAL_Driver/Src/stm32f0xx_hal_pwr_ex.c ****   * @note This API should be called under the  PVD_IRQHandler() or PVD_VDDIO2_IRQHandler().
 185:Drivers/STM32F0xx_HAL_Driver/Src/stm32f0xx_hal_pwr_ex.c ****   * @retval None
 186:Drivers/STM32F0xx_HAL_Driver/Src/stm32f0xx_hal_pwr_ex.c ****   */
 187:Drivers/STM32F0xx_HAL_Driver/Src/stm32f0xx_hal_pwr_ex.c **** void HAL_PWR_PVD_IRQHandler(void)
 188:Drivers/STM32F0xx_HAL_Driver/Src/stm32f0xx_hal_pwr_ex.c **** {
 196              		.loc 1 188 0
 197              		.cfi_startproc
 198              		.loc 1 188 0
 199 0000 70B5     		push	{r4, r5, r6, lr}
 200              	.LCFI0:
 201              		.cfi_def_cfa_offset 16
 202              		.cfi_offset 4, -16
 203              		.cfi_offset 5, -12
 204              		.cfi_offset 6, -8
 205              		.cfi_offset 14, -4
 189:Drivers/STM32F0xx_HAL_Driver/Src/stm32f0xx_hal_pwr_ex.c ****   /* Check PWR exti flag */
 190:Drivers/STM32F0xx_HAL_Driver/Src/stm32f0xx_hal_pwr_ex.c ****   if(__HAL_PWR_PVD_EXTI_GET_FLAG() != RESET)
 206              		.loc 1 190 0
 207 0002 8025     		movs	r5, #128
 208 0004 044C     		ldr	r4, .L32
 209 0006 6D02     		lsls	r5, r5, #9
 210 0008 6369     		ldr	r3, [r4, #20]
 211 000a 2B42     		tst	r3, r5
 212 000c 02D0     		beq	.L27
 191:Drivers/STM32F0xx_HAL_Driver/Src/stm32f0xx_hal_pwr_ex.c ****   {
 192:Drivers/STM32F0xx_HAL_Driver/Src/stm32f0xx_hal_pwr_ex.c ****     /* PWR PVD interrupt user callback */
 193:Drivers/STM32F0xx_HAL_Driver/Src/stm32f0xx_hal_pwr_ex.c ****     HAL_PWR_PVDCallback();
ARM GAS  /tmp/ccK6Bp5P.s 			page 8


 213              		.loc 1 193 0
 214 000e FFF7FEFF 		bl	HAL_PWR_PVDCallback
 215              	.LVL2:
 194:Drivers/STM32F0xx_HAL_Driver/Src/stm32f0xx_hal_pwr_ex.c **** 
 195:Drivers/STM32F0xx_HAL_Driver/Src/stm32f0xx_hal_pwr_ex.c ****     /* Clear PWR Exti pending bit */
 196:Drivers/STM32F0xx_HAL_Driver/Src/stm32f0xx_hal_pwr_ex.c ****     __HAL_PWR_PVD_EXTI_CLEAR_FLAG();
 216              		.loc 1 196 0
 217 0012 6561     		str	r5, [r4, #20]
 218              	.L27:
 197:Drivers/STM32F0xx_HAL_Driver/Src/stm32f0xx_hal_pwr_ex.c ****   }
 198:Drivers/STM32F0xx_HAL_Driver/Src/stm32f0xx_hal_pwr_ex.c **** }
 219              		.loc 1 198 0
 220              		@ sp needed
 221 0014 70BD     		pop	{r4, r5, r6, pc}
 222              	.L33:
 223 0016 C046     		.align	2
 224              	.L32:
 225 0018 00040140 		.word	1073808384
 226              		.cfi_endproc
 227              	.LFE38:
 229              		.section	.text.HAL_PWREx_EnableVddio2Monitor,"ax",%progbits
 230              		.align	1
 231              		.global	HAL_PWREx_EnableVddio2Monitor
 232              		.syntax unified
 233              		.code	16
 234              		.thumb_func
 235              		.fpu softvfp
 237              	HAL_PWREx_EnableVddio2Monitor:
 238              	.LFB40:
 199:Drivers/STM32F0xx_HAL_Driver/Src/stm32f0xx_hal_pwr_ex.c **** 
 200:Drivers/STM32F0xx_HAL_Driver/Src/stm32f0xx_hal_pwr_ex.c **** /**
 201:Drivers/STM32F0xx_HAL_Driver/Src/stm32f0xx_hal_pwr_ex.c ****   * @brief PWR PVD interrupt callback
 202:Drivers/STM32F0xx_HAL_Driver/Src/stm32f0xx_hal_pwr_ex.c ****   * @retval None
 203:Drivers/STM32F0xx_HAL_Driver/Src/stm32f0xx_hal_pwr_ex.c ****   */
 204:Drivers/STM32F0xx_HAL_Driver/Src/stm32f0xx_hal_pwr_ex.c **** __weak void HAL_PWR_PVDCallback(void)
 205:Drivers/STM32F0xx_HAL_Driver/Src/stm32f0xx_hal_pwr_ex.c **** {
 206:Drivers/STM32F0xx_HAL_Driver/Src/stm32f0xx_hal_pwr_ex.c ****   /* NOTE : This function Should not be modified, when the callback is needed,
 207:Drivers/STM32F0xx_HAL_Driver/Src/stm32f0xx_hal_pwr_ex.c ****             the HAL_PWR_PVDCallback could be implemented in the user file
 208:Drivers/STM32F0xx_HAL_Driver/Src/stm32f0xx_hal_pwr_ex.c ****    */
 209:Drivers/STM32F0xx_HAL_Driver/Src/stm32f0xx_hal_pwr_ex.c **** }
 210:Drivers/STM32F0xx_HAL_Driver/Src/stm32f0xx_hal_pwr_ex.c **** 
 211:Drivers/STM32F0xx_HAL_Driver/Src/stm32f0xx_hal_pwr_ex.c **** #endif /* defined (STM32F031x6) || defined (STM32F051x8) || */
 212:Drivers/STM32F0xx_HAL_Driver/Src/stm32f0xx_hal_pwr_ex.c ****        /* defined (STM32F071xB) || defined (STM32F091xC) || */
 213:Drivers/STM32F0xx_HAL_Driver/Src/stm32f0xx_hal_pwr_ex.c ****        /* defined (STM32F042x6) || defined (STM32F072xB)    */
 214:Drivers/STM32F0xx_HAL_Driver/Src/stm32f0xx_hal_pwr_ex.c **** 
 215:Drivers/STM32F0xx_HAL_Driver/Src/stm32f0xx_hal_pwr_ex.c **** #if defined (STM32F042x6) || defined (STM32F048xx) || \
 216:Drivers/STM32F0xx_HAL_Driver/Src/stm32f0xx_hal_pwr_ex.c ****     defined (STM32F071xB) || defined (STM32F072xB) || defined (STM32F078xx) || \
 217:Drivers/STM32F0xx_HAL_Driver/Src/stm32f0xx_hal_pwr_ex.c ****     defined (STM32F091xC) || defined (STM32F098xx)
 218:Drivers/STM32F0xx_HAL_Driver/Src/stm32f0xx_hal_pwr_ex.c **** /**
 219:Drivers/STM32F0xx_HAL_Driver/Src/stm32f0xx_hal_pwr_ex.c ****   * @brief Enable VDDIO2 monitor: enable Exti 31 and falling edge detection.
 220:Drivers/STM32F0xx_HAL_Driver/Src/stm32f0xx_hal_pwr_ex.c ****   * @note If Exti 31 is enable correlty and VDDIO2 voltage goes below Vrefint,
 221:Drivers/STM32F0xx_HAL_Driver/Src/stm32f0xx_hal_pwr_ex.c ****           an interrupt is generated Irq line 1.
 222:Drivers/STM32F0xx_HAL_Driver/Src/stm32f0xx_hal_pwr_ex.c ****           NVIS has to be enable by user.
 223:Drivers/STM32F0xx_HAL_Driver/Src/stm32f0xx_hal_pwr_ex.c ****   * @retval None
 224:Drivers/STM32F0xx_HAL_Driver/Src/stm32f0xx_hal_pwr_ex.c ****   */
 225:Drivers/STM32F0xx_HAL_Driver/Src/stm32f0xx_hal_pwr_ex.c **** void HAL_PWREx_EnableVddio2Monitor(void)
 226:Drivers/STM32F0xx_HAL_Driver/Src/stm32f0xx_hal_pwr_ex.c **** {
ARM GAS  /tmp/ccK6Bp5P.s 			page 9


 239              		.loc 1 226 0
 240              		.cfi_startproc
 227:Drivers/STM32F0xx_HAL_Driver/Src/stm32f0xx_hal_pwr_ex.c ****   __HAL_PWR_VDDIO2_EXTI_ENABLE_IT();
 241              		.loc 1 227 0
 242 0000 8022     		movs	r2, #128
 243 0002 044B     		ldr	r3, .L35
 244 0004 1206     		lsls	r2, r2, #24
 245 0006 1968     		ldr	r1, [r3]
 228:Drivers/STM32F0xx_HAL_Driver/Src/stm32f0xx_hal_pwr_ex.c ****   __HAL_PWR_VDDIO2_EXTI_ENABLE_FALLING_EDGE();
 229:Drivers/STM32F0xx_HAL_Driver/Src/stm32f0xx_hal_pwr_ex.c **** }
 246              		.loc 1 229 0
 247              		@ sp needed
 227:Drivers/STM32F0xx_HAL_Driver/Src/stm32f0xx_hal_pwr_ex.c ****   __HAL_PWR_VDDIO2_EXTI_ENABLE_IT();
 248              		.loc 1 227 0
 249 0008 1143     		orrs	r1, r2
 250 000a 1960     		str	r1, [r3]
 228:Drivers/STM32F0xx_HAL_Driver/Src/stm32f0xx_hal_pwr_ex.c ****   __HAL_PWR_VDDIO2_EXTI_ENABLE_FALLING_EDGE();
 251              		.loc 1 228 0
 252 000c D968     		ldr	r1, [r3, #12]
 253 000e 0A43     		orrs	r2, r1
 254 0010 DA60     		str	r2, [r3, #12]
 255              		.loc 1 229 0
 256 0012 7047     		bx	lr
 257              	.L36:
 258              		.align	2
 259              	.L35:
 260 0014 00040140 		.word	1073808384
 261              		.cfi_endproc
 262              	.LFE40:
 264              		.section	.text.HAL_PWREx_DisableVddio2Monitor,"ax",%progbits
 265              		.align	1
 266              		.global	HAL_PWREx_DisableVddio2Monitor
 267              		.syntax unified
 268              		.code	16
 269              		.thumb_func
 270              		.fpu softvfp
 272              	HAL_PWREx_DisableVddio2Monitor:
 273              	.LFB41:
 230:Drivers/STM32F0xx_HAL_Driver/Src/stm32f0xx_hal_pwr_ex.c **** 
 231:Drivers/STM32F0xx_HAL_Driver/Src/stm32f0xx_hal_pwr_ex.c **** /**
 232:Drivers/STM32F0xx_HAL_Driver/Src/stm32f0xx_hal_pwr_ex.c ****   * @brief Disable the Vddio2 Monitor.
 233:Drivers/STM32F0xx_HAL_Driver/Src/stm32f0xx_hal_pwr_ex.c ****   * @retval None
 234:Drivers/STM32F0xx_HAL_Driver/Src/stm32f0xx_hal_pwr_ex.c ****   */
 235:Drivers/STM32F0xx_HAL_Driver/Src/stm32f0xx_hal_pwr_ex.c **** void HAL_PWREx_DisableVddio2Monitor(void)
 236:Drivers/STM32F0xx_HAL_Driver/Src/stm32f0xx_hal_pwr_ex.c **** {
 274              		.loc 1 236 0
 275              		.cfi_startproc
 237:Drivers/STM32F0xx_HAL_Driver/Src/stm32f0xx_hal_pwr_ex.c ****   __HAL_PWR_VDDIO2_EXTI_DISABLE_IT();
 276              		.loc 1 237 0
 277 0000 064B     		ldr	r3, .L38
 238:Drivers/STM32F0xx_HAL_Driver/Src/stm32f0xx_hal_pwr_ex.c ****   __HAL_PWR_VDDIO2_EXTI_DISABLE_FALLING_EDGE();
 239:Drivers/STM32F0xx_HAL_Driver/Src/stm32f0xx_hal_pwr_ex.c **** 
 240:Drivers/STM32F0xx_HAL_Driver/Src/stm32f0xx_hal_pwr_ex.c **** }
 278              		.loc 1 240 0
 279              		@ sp needed
 237:Drivers/STM32F0xx_HAL_Driver/Src/stm32f0xx_hal_pwr_ex.c ****   __HAL_PWR_VDDIO2_EXTI_DISABLE_IT();
 280              		.loc 1 237 0
ARM GAS  /tmp/ccK6Bp5P.s 			page 10


 281 0002 1A68     		ldr	r2, [r3]
 282 0004 5200     		lsls	r2, r2, #1
 283 0006 5208     		lsrs	r2, r2, #1
 284 0008 1A60     		str	r2, [r3]
 238:Drivers/STM32F0xx_HAL_Driver/Src/stm32f0xx_hal_pwr_ex.c ****   __HAL_PWR_VDDIO2_EXTI_DISABLE_FALLING_EDGE();
 285              		.loc 1 238 0
 286 000a DA68     		ldr	r2, [r3, #12]
 287 000c 5200     		lsls	r2, r2, #1
 288 000e 5208     		lsrs	r2, r2, #1
 289 0010 DA60     		str	r2, [r3, #12]
 290 0012 9A68     		ldr	r2, [r3, #8]
 291 0014 5200     		lsls	r2, r2, #1
 292 0016 5208     		lsrs	r2, r2, #1
 293 0018 9A60     		str	r2, [r3, #8]
 294              		.loc 1 240 0
 295 001a 7047     		bx	lr
 296              	.L39:
 297              		.align	2
 298              	.L38:
 299 001c 00040140 		.word	1073808384
 300              		.cfi_endproc
 301              	.LFE41:
 303              		.section	.text.HAL_PWREx_Vddio2MonitorCallback,"ax",%progbits
 304              		.align	1
 305              		.weak	HAL_PWREx_Vddio2MonitorCallback
 306              		.syntax unified
 307              		.code	16
 308              		.thumb_func
 309              		.fpu softvfp
 311              	HAL_PWREx_Vddio2MonitorCallback:
 312              	.LFB43:
 241:Drivers/STM32F0xx_HAL_Driver/Src/stm32f0xx_hal_pwr_ex.c **** 
 242:Drivers/STM32F0xx_HAL_Driver/Src/stm32f0xx_hal_pwr_ex.c **** /**
 243:Drivers/STM32F0xx_HAL_Driver/Src/stm32f0xx_hal_pwr_ex.c ****   * @brief This function handles the PWR Vddio2 monitor interrupt request.
 244:Drivers/STM32F0xx_HAL_Driver/Src/stm32f0xx_hal_pwr_ex.c ****   * @note This API should be called under the VDDIO2_IRQHandler() PVD_VDDIO2_IRQHandler().
 245:Drivers/STM32F0xx_HAL_Driver/Src/stm32f0xx_hal_pwr_ex.c ****   * @retval None
 246:Drivers/STM32F0xx_HAL_Driver/Src/stm32f0xx_hal_pwr_ex.c ****   */
 247:Drivers/STM32F0xx_HAL_Driver/Src/stm32f0xx_hal_pwr_ex.c **** void HAL_PWREx_Vddio2Monitor_IRQHandler(void)
 248:Drivers/STM32F0xx_HAL_Driver/Src/stm32f0xx_hal_pwr_ex.c **** {
 249:Drivers/STM32F0xx_HAL_Driver/Src/stm32f0xx_hal_pwr_ex.c ****   /* Check PWR exti flag */
 250:Drivers/STM32F0xx_HAL_Driver/Src/stm32f0xx_hal_pwr_ex.c ****   if(__HAL_PWR_VDDIO2_EXTI_GET_FLAG() != RESET)
 251:Drivers/STM32F0xx_HAL_Driver/Src/stm32f0xx_hal_pwr_ex.c ****   {
 252:Drivers/STM32F0xx_HAL_Driver/Src/stm32f0xx_hal_pwr_ex.c ****     /* PWR Vddio2 monitor interrupt user callback */
 253:Drivers/STM32F0xx_HAL_Driver/Src/stm32f0xx_hal_pwr_ex.c ****     HAL_PWREx_Vddio2MonitorCallback();
 254:Drivers/STM32F0xx_HAL_Driver/Src/stm32f0xx_hal_pwr_ex.c **** 
 255:Drivers/STM32F0xx_HAL_Driver/Src/stm32f0xx_hal_pwr_ex.c ****     /* Clear PWR Exti pending bit */
 256:Drivers/STM32F0xx_HAL_Driver/Src/stm32f0xx_hal_pwr_ex.c ****     __HAL_PWR_VDDIO2_EXTI_CLEAR_FLAG();
 257:Drivers/STM32F0xx_HAL_Driver/Src/stm32f0xx_hal_pwr_ex.c ****   }
 258:Drivers/STM32F0xx_HAL_Driver/Src/stm32f0xx_hal_pwr_ex.c **** }
 259:Drivers/STM32F0xx_HAL_Driver/Src/stm32f0xx_hal_pwr_ex.c **** 
 260:Drivers/STM32F0xx_HAL_Driver/Src/stm32f0xx_hal_pwr_ex.c **** /**
 261:Drivers/STM32F0xx_HAL_Driver/Src/stm32f0xx_hal_pwr_ex.c ****   * @brief PWR Vddio2 Monitor interrupt callback
 262:Drivers/STM32F0xx_HAL_Driver/Src/stm32f0xx_hal_pwr_ex.c ****   * @retval None
 263:Drivers/STM32F0xx_HAL_Driver/Src/stm32f0xx_hal_pwr_ex.c ****   */
 264:Drivers/STM32F0xx_HAL_Driver/Src/stm32f0xx_hal_pwr_ex.c **** __weak void HAL_PWREx_Vddio2MonitorCallback(void)
 265:Drivers/STM32F0xx_HAL_Driver/Src/stm32f0xx_hal_pwr_ex.c **** {
 313              		.loc 1 265 0
ARM GAS  /tmp/ccK6Bp5P.s 			page 11


 314              		.cfi_startproc
 266:Drivers/STM32F0xx_HAL_Driver/Src/stm32f0xx_hal_pwr_ex.c ****   /* NOTE : This function Should not be modified, when the callback is needed,
 267:Drivers/STM32F0xx_HAL_Driver/Src/stm32f0xx_hal_pwr_ex.c ****             the HAL_PWREx_Vddio2MonitorCallback could be implemented in the user file
 268:Drivers/STM32F0xx_HAL_Driver/Src/stm32f0xx_hal_pwr_ex.c ****    */
 269:Drivers/STM32F0xx_HAL_Driver/Src/stm32f0xx_hal_pwr_ex.c **** }
 315              		.loc 1 269 0
 316              		@ sp needed
 317 0000 7047     		bx	lr
 318              		.cfi_endproc
 319              	.LFE43:
 321              		.section	.text.HAL_PWREx_Vddio2Monitor_IRQHandler,"ax",%progbits
 322              		.align	1
 323              		.global	HAL_PWREx_Vddio2Monitor_IRQHandler
 324              		.syntax unified
 325              		.code	16
 326              		.thumb_func
 327              		.fpu softvfp
 329              	HAL_PWREx_Vddio2Monitor_IRQHandler:
 330              	.LFB42:
 248:Drivers/STM32F0xx_HAL_Driver/Src/stm32f0xx_hal_pwr_ex.c ****   /* Check PWR exti flag */
 331              		.loc 1 248 0
 332              		.cfi_startproc
 333 0000 10B5     		push	{r4, lr}
 334              	.LCFI1:
 335              		.cfi_def_cfa_offset 8
 336              		.cfi_offset 4, -8
 337              		.cfi_offset 14, -4
 250:Drivers/STM32F0xx_HAL_Driver/Src/stm32f0xx_hal_pwr_ex.c ****   {
 338              		.loc 1 250 0
 339 0002 054C     		ldr	r4, .L43
 340 0004 6369     		ldr	r3, [r4, #20]
 341 0006 002B     		cmp	r3, #0
 342 0008 04DA     		bge	.L41
 253:Drivers/STM32F0xx_HAL_Driver/Src/stm32f0xx_hal_pwr_ex.c **** 
 343              		.loc 1 253 0
 344 000a FFF7FEFF 		bl	HAL_PWREx_Vddio2MonitorCallback
 345              	.LVL3:
 256:Drivers/STM32F0xx_HAL_Driver/Src/stm32f0xx_hal_pwr_ex.c ****   }
 346              		.loc 1 256 0
 347 000e 8023     		movs	r3, #128
 348 0010 1B06     		lsls	r3, r3, #24
 349 0012 6361     		str	r3, [r4, #20]
 350              	.L41:
 258:Drivers/STM32F0xx_HAL_Driver/Src/stm32f0xx_hal_pwr_ex.c **** 
 351              		.loc 1 258 0
 352              		@ sp needed
 353 0014 10BD     		pop	{r4, pc}
 354              	.L44:
 355 0016 C046     		.align	2
 356              	.L43:
 357 0018 00040140 		.word	1073808384
 358              		.cfi_endproc
 359              	.LFE42:
 361              		.text
 362              	.Letext0:
 363              		.file 2 "/usr/arm-none-eabi/include/machine/_default_types.h"
 364              		.file 3 "/usr/arm-none-eabi/include/sys/_stdint.h"
ARM GAS  /tmp/ccK6Bp5P.s 			page 12


 365              		.file 4 "Drivers/CMSIS/Device/ST/STM32F0xx/Include/system_stm32f0xx.h"
 366              		.file 5 "Drivers/CMSIS/Device/ST/STM32F0xx/Include/stm32f072xb.h"
 367              		.file 6 "/usr/arm-none-eabi/include/sys/lock.h"
 368              		.file 7 "/usr/arm-none-eabi/include/sys/_types.h"
 369              		.file 8 "/usr/lib/gcc/arm-none-eabi/6.2.0/include/stddef.h"
 370              		.file 9 "/usr/arm-none-eabi/include/sys/reent.h"
 371              		.file 10 "Drivers/STM32F0xx_HAL_Driver/Inc/stm32f0xx_hal_pwr_ex.h"
 372              		.file 11 "Drivers/CMSIS/Device/ST/STM32F0xx/Include/stm32f0xx.h"
ARM GAS  /tmp/ccK6Bp5P.s 			page 13


DEFINED SYMBOLS
                            *ABS*:0000000000000000 stm32f0xx_hal_pwr_ex.c
     /tmp/ccK6Bp5P.s:16     .text.HAL_PWR_ConfigPVD:0000000000000000 $t
     /tmp/ccK6Bp5P.s:23     .text.HAL_PWR_ConfigPVD:0000000000000000 HAL_PWR_ConfigPVD
     /tmp/ccK6Bp5P.s:104    .text.HAL_PWR_ConfigPVD:0000000000000068 $d
     /tmp/ccK6Bp5P.s:111    .text.HAL_PWR_EnablePVD:0000000000000000 $t
     /tmp/ccK6Bp5P.s:118    .text.HAL_PWR_EnablePVD:0000000000000000 HAL_PWR_EnablePVD
     /tmp/ccK6Bp5P.s:136    .text.HAL_PWR_EnablePVD:000000000000000c $d
     /tmp/ccK6Bp5P.s:141    .text.HAL_PWR_DisablePVD:0000000000000000 $t
     /tmp/ccK6Bp5P.s:148    .text.HAL_PWR_DisablePVD:0000000000000000 HAL_PWR_DisablePVD
     /tmp/ccK6Bp5P.s:166    .text.HAL_PWR_DisablePVD:000000000000000c $d
     /tmp/ccK6Bp5P.s:171    .text.HAL_PWR_PVDCallback:0000000000000000 $t
     /tmp/ccK6Bp5P.s:178    .text.HAL_PWR_PVDCallback:0000000000000000 HAL_PWR_PVDCallback
     /tmp/ccK6Bp5P.s:187    .text.HAL_PWR_PVD_IRQHandler:0000000000000000 $t
     /tmp/ccK6Bp5P.s:194    .text.HAL_PWR_PVD_IRQHandler:0000000000000000 HAL_PWR_PVD_IRQHandler
     /tmp/ccK6Bp5P.s:225    .text.HAL_PWR_PVD_IRQHandler:0000000000000018 $d
     /tmp/ccK6Bp5P.s:230    .text.HAL_PWREx_EnableVddio2Monitor:0000000000000000 $t
     /tmp/ccK6Bp5P.s:237    .text.HAL_PWREx_EnableVddio2Monitor:0000000000000000 HAL_PWREx_EnableVddio2Monitor
     /tmp/ccK6Bp5P.s:260    .text.HAL_PWREx_EnableVddio2Monitor:0000000000000014 $d
     /tmp/ccK6Bp5P.s:265    .text.HAL_PWREx_DisableVddio2Monitor:0000000000000000 $t
     /tmp/ccK6Bp5P.s:272    .text.HAL_PWREx_DisableVddio2Monitor:0000000000000000 HAL_PWREx_DisableVddio2Monitor
     /tmp/ccK6Bp5P.s:299    .text.HAL_PWREx_DisableVddio2Monitor:000000000000001c $d
     /tmp/ccK6Bp5P.s:304    .text.HAL_PWREx_Vddio2MonitorCallback:0000000000000000 $t
     /tmp/ccK6Bp5P.s:311    .text.HAL_PWREx_Vddio2MonitorCallback:0000000000000000 HAL_PWREx_Vddio2MonitorCallback
     /tmp/ccK6Bp5P.s:322    .text.HAL_PWREx_Vddio2Monitor_IRQHandler:0000000000000000 $t
     /tmp/ccK6Bp5P.s:329    .text.HAL_PWREx_Vddio2Monitor_IRQHandler:0000000000000000 HAL_PWREx_Vddio2Monitor_IRQHandler
     /tmp/ccK6Bp5P.s:357    .text.HAL_PWREx_Vddio2Monitor_IRQHandler:0000000000000018 $d
                     .debug_frame:0000000000000010 $d

NO UNDEFINED SYMBOLS
