ARM GAS  /tmp/cciapR5p.s 			page 1


   1              		.cpu cortex-m0
   2              		.eabi_attribute 20, 1
   3              		.eabi_attribute 21, 1
   4              		.eabi_attribute 23, 3
   5              		.eabi_attribute 24, 1
   6              		.eabi_attribute 25, 1
   7              		.eabi_attribute 26, 1
   8              		.eabi_attribute 30, 4
   9              		.eabi_attribute 34, 0
  10              		.eabi_attribute 18, 4
  11              		.file	"utils.c"
  12              		.text
  13              	.Ltext0:
  14              		.cfi_sections	.debug_frame
  15              		.section	.text.uart_printf,"ax",%progbits
  16              		.align	1
  17              		.global	uart_printf
  18              		.syntax unified
  19              		.code	16
  20              		.thumb_func
  21              		.fpu softvfp
  23              	uart_printf:
  24              	.LFB35:
  25              		.file 1 "Src/utils.c"
   1:Src/utils.c   **** #include "main.h"
   2:Src/utils.c   **** #include "stm32f0xx_hal.h"
   3:Src/utils.c   **** #include <stdio.h>      /* vsprintf */
   4:Src/utils.c   **** #include <stdarg.h>     /* va_list, va_start, va_end */
   5:Src/utils.c   **** 
   6:Src/utils.c   **** extern UART_HandleTypeDef huart1;
   7:Src/utils.c   **** 
   8:Src/utils.c   **** void uart_printf(const char* format, ...) {
  26              		.loc 1 8 0
  27              		.cfi_startproc
  28              	.LVL0:
  29 0000 0FB4     		push	{r0, r1, r2, r3}
  30              	.LCFI0:
  31              		.cfi_def_cfa_offset 16
  32 0002 00B5     		push	{lr}
  33              	.LCFI1:
  34              		.cfi_def_cfa_offset 20
  35              		.cfi_offset 14, -20
  36 0004 A3B0     		sub	sp, sp, #140
  37              	.LCFI2:
  38              		.cfi_def_cfa_offset 160
  39              		.loc 1 8 0
  40 0006 24AA     		add	r2, sp, #144
  41 0008 02CA     		ldmia	r2!, {r1}
   9:Src/utils.c   ****     va_list arglist;
  10:Src/utils.c   ****     va_start(arglist, format);
  11:Src/utils.c   ****     char data[128];
  12:Src/utils.c   ****     int len = vsprintf(data, format, arglist);
  42              		.loc 1 12 0
  43 000a 02A8     		add	r0, sp, #8
  10:Src/utils.c   ****     char data[128];
  44              		.loc 1 10 0
  45 000c 0192     		str	r2, [sp, #4]
ARM GAS  /tmp/cciapR5p.s 			page 2


  46              		.loc 1 12 0
  47 000e FFF7FEFF 		bl	vsprintf
  48              	.LVL1:
  13:Src/utils.c   ****     va_end(arglist);
  14:Src/utils.c   ****     HAL_UART_Transmit(&huart1, (uint8_t*) data, len, 10);
  49              		.loc 1 14 0
  50 0012 0A23     		movs	r3, #10
  51 0014 82B2     		uxth	r2, r0
  52 0016 02A9     		add	r1, sp, #8
  53 0018 0348     		ldr	r0, .L2
  54              	.LVL2:
  55 001a FFF7FEFF 		bl	HAL_UART_Transmit
  56              	.LVL3:
  15:Src/utils.c   **** }
  57              		.loc 1 15 0
  58 001e 23B0     		add	sp, sp, #140
  59              		@ sp needed
  60 0020 08BC     		pop	{r3}
  61 0022 04B0     		add	sp, sp, #16
  62 0024 1847     		bx	r3
  63              	.L3:
  64 0026 C046     		.align	2
  65              	.L2:
  66 0028 00000000 		.word	huart1
  67              		.cfi_endproc
  68              	.LFE35:
  70              		.text
  71              	.Letext0:
  72              		.file 2 "/usr/arm-none-eabi/include/machine/_default_types.h"
  73              		.file 3 "/usr/arm-none-eabi/include/sys/_stdint.h"
  74              		.file 4 "Drivers/CMSIS/Device/ST/STM32F0xx/Include/system_stm32f0xx.h"
  75              		.file 5 "Drivers/CMSIS/Device/ST/STM32F0xx/Include/stm32f072xb.h"
  76              		.file 6 "/usr/lib/gcc/arm-none-eabi/6.2.0/include/stdarg.h"
  77              		.file 7 "/usr/arm-none-eabi/include/sys/lock.h"
  78              		.file 8 "/usr/arm-none-eabi/include/sys/_types.h"
  79              		.file 9 "/usr/lib/gcc/arm-none-eabi/6.2.0/include/stddef.h"
  80              		.file 10 "/usr/arm-none-eabi/include/sys/reent.h"
  81              		.file 11 "<built-in>"
  82              		.file 12 "Drivers/STM32F0xx_HAL_Driver/Inc/stm32f0xx_hal_def.h"
  83              		.file 13 "Drivers/STM32F0xx_HAL_Driver/Inc/stm32f0xx_hal_dma.h"
  84              		.file 14 "Drivers/STM32F0xx_HAL_Driver/Inc/stm32f0xx_hal_uart.h"
  85              		.file 15 "/usr/arm-none-eabi/include/stdio.h"
ARM GAS  /tmp/cciapR5p.s 			page 3


DEFINED SYMBOLS
                            *ABS*:0000000000000000 utils.c
     /tmp/cciapR5p.s:16     .text.uart_printf:0000000000000000 $t
     /tmp/cciapR5p.s:23     .text.uart_printf:0000000000000000 uart_printf
     /tmp/cciapR5p.s:66     .text.uart_printf:0000000000000028 $d
                     .debug_frame:0000000000000010 $d

UNDEFINED SYMBOLS
vsprintf
HAL_UART_Transmit
huart1
